[0.182s] DEBUG:colcon:Command line arguments: ['/usr/bin/colcon', 'build', '--packages-select', 'gazebo_ros2_control', '--parallel-workers', '4']
[0.182s] DEBUG:colcon:Parsed command line arguments: Namespace(log_base=None, log_level=None, verb_name='build', build_base='build', install_base='install', merge_install=False, symlink_install=False, test_result_base=None, continue_on_error=False, executor='parallel', parallel_workers=4, event_handlers=None, ignore_user_meta=False, metas=['./colcon.meta'], base_paths=['.'], packages_ignore=None, packages_ignore_regex=None, paths=None, packages_up_to=None, packages_up_to_regex=None, packages_above=None, packages_above_and_dependencies=None, packages_above_depth=None, packages_select_by_dep=None, packages_skip_by_dep=None, packages_skip_up_to=None, packages_select_build_failed=False, packages_skip_build_finished=False, packages_select_test_failures=False, packages_skip_test_passed=False, packages_select=['gazebo_ros2_control'], packages_skip=None, packages_select_regex=None, packages_skip_regex=None, packages_start=None, packages_end=None, allow_overriding=[], cmake_args=None, cmake_target=None, cmake_target_skip_unavailable=False, cmake_clean_cache=False, cmake_clean_first=False, cmake_force_configure=False, ament_cmake_args=None, catkin_cmake_args=None, catkin_skip_building_tests=False, mixin_files=None, mixin=None, verb_parser=<colcon_mixin.mixin.mixin_argument.MixinArgumentDecorator object at 0x7505115a5e40>, verb_extension=<colcon_core.verb.build.BuildVerb object at 0x75051169b460>, main=<bound method BuildVerb.main of <colcon_core.verb.build.BuildVerb object at 0x75051169b460>>, mixin_verb=('build',))
[0.449s] Level 1:colcon.colcon_core.package_discovery:discover_packages(colcon_meta) check parameters
[0.450s] Level 1:colcon.colcon_core.package_discovery:discover_packages(recursive) check parameters
[0.450s] Level 1:colcon.colcon_core.package_discovery:discover_packages(ignore) check parameters
[0.450s] Level 1:colcon.colcon_core.package_discovery:discover_packages(path) check parameters
[0.450s] Level 1:colcon.colcon_core.package_discovery:discover_packages(colcon_meta) discover
[0.450s] Level 1:colcon.colcon_core.package_discovery:discover_packages(recursive) discover
[0.450s] INFO:colcon.colcon_core.package_discovery:Crawling recursively for packages in '/home/kangsoonhyuk/drl_ws'
[0.450s] Level 1:colcon.colcon_core.package_identification:_identify(.) by extensions ['ignore', 'ignore_ament_install']
[0.450s] Level 1:colcon.colcon_core.package_identification:_identify(.) by extension 'ignore'
[0.450s] Level 1:colcon.colcon_core.package_identification:_identify(.) by extension 'ignore_ament_install'
[0.450s] Level 1:colcon.colcon_core.package_identification:_identify(.) by extensions ['colcon_pkg']
[0.450s] Level 1:colcon.colcon_core.package_identification:_identify(.) by extension 'colcon_pkg'
[0.450s] Level 1:colcon.colcon_core.package_identification:_identify(.) by extensions ['colcon_meta']
[0.450s] Level 1:colcon.colcon_core.package_identification:_identify(.) by extension 'colcon_meta'
[0.450s] Level 1:colcon.colcon_core.package_identification:_identify(.) by extensions ['ros']
[0.450s] Level 1:colcon.colcon_core.package_identification:_identify(.) by extension 'ros'
[0.484s] Level 1:colcon.colcon_core.package_identification:_identify(.) by extensions ['cmake', 'python']
[0.484s] Level 1:colcon.colcon_core.package_identification:_identify(.) by extension 'cmake'
[0.484s] Level 1:colcon.colcon_core.package_identification:_identify(.) by extension 'python'
[0.484s] Level 1:colcon.colcon_core.package_identification:_identify(.) by extensions ['python_setup_py']
[0.484s] Level 1:colcon.colcon_core.package_identification:_identify(.) by extension 'python_setup_py'
[0.484s] Level 1:colcon.colcon_core.package_identification:_identify(build) by extensions ['ignore', 'ignore_ament_install']
[0.484s] Level 1:colcon.colcon_core.package_identification:_identify(build) by extension 'ignore'
[0.484s] Level 1:colcon.colcon_core.package_identification:_identify(build) ignored
[0.484s] Level 1:colcon.colcon_core.package_identification:_identify(install) by extensions ['ignore', 'ignore_ament_install']
[0.484s] Level 1:colcon.colcon_core.package_identification:_identify(install) by extension 'ignore'
[0.484s] Level 1:colcon.colcon_core.package_identification:_identify(install) ignored
[0.484s] Level 1:colcon.colcon_core.package_identification:_identify(log) by extensions ['ignore', 'ignore_ament_install']
[0.485s] Level 1:colcon.colcon_core.package_identification:_identify(log) by extension 'ignore'
[0.485s] Level 1:colcon.colcon_core.package_identification:_identify(log) ignored
[0.485s] Level 1:colcon.colcon_core.package_identification:_identify(src) by extensions ['ignore', 'ignore_ament_install']
[0.485s] Level 1:colcon.colcon_core.package_identification:_identify(src) by extension 'ignore'
[0.485s] Level 1:colcon.colcon_core.package_identification:_identify(src) by extension 'ignore_ament_install'
[0.485s] Level 1:colcon.colcon_core.package_identification:_identify(src) by extensions ['colcon_pkg']
[0.485s] Level 1:colcon.colcon_core.package_identification:_identify(src) by extension 'colcon_pkg'
[0.485s] Level 1:colcon.colcon_core.package_identification:_identify(src) by extensions ['colcon_meta']
[0.485s] Level 1:colcon.colcon_core.package_identification:_identify(src) by extension 'colcon_meta'
[0.485s] Level 1:colcon.colcon_core.package_identification:_identify(src) by extensions ['ros']
[0.485s] Level 1:colcon.colcon_core.package_identification:_identify(src) by extension 'ros'
[0.485s] Level 1:colcon.colcon_core.package_identification:_identify(src) by extensions ['cmake', 'python']
[0.485s] Level 1:colcon.colcon_core.package_identification:_identify(src) by extension 'cmake'
[0.485s] Level 1:colcon.colcon_core.package_identification:_identify(src) by extension 'python'
[0.485s] Level 1:colcon.colcon_core.package_identification:_identify(src) by extensions ['python_setup_py']
[0.485s] Level 1:colcon.colcon_core.package_identification:_identify(src) by extension 'python_setup_py'
[0.485s] Level 1:colcon.colcon_core.package_identification:_identify(src/ackermann_car_description) by extensions ['ignore', 'ignore_ament_install']
[0.485s] Level 1:colcon.colcon_core.package_identification:_identify(src/ackermann_car_description) by extension 'ignore'
[0.485s] Level 1:colcon.colcon_core.package_identification:_identify(src/ackermann_car_description) by extension 'ignore_ament_install'
[0.486s] Level 1:colcon.colcon_core.package_identification:_identify(src/ackermann_car_description) by extensions ['colcon_pkg']
[0.486s] Level 1:colcon.colcon_core.package_identification:_identify(src/ackermann_car_description) by extension 'colcon_pkg'
[0.486s] Level 1:colcon.colcon_core.package_identification:_identify(src/ackermann_car_description) by extensions ['colcon_meta']
[0.486s] Level 1:colcon.colcon_core.package_identification:_identify(src/ackermann_car_description) by extension 'colcon_meta'
[0.486s] Level 1:colcon.colcon_core.package_identification:_identify(src/ackermann_car_description) by extensions ['ros']
[0.486s] Level 1:colcon.colcon_core.package_identification:_identify(src/ackermann_car_description) by extension 'ros'
[0.490s] DEBUG:colcon.colcon_core.package_identification:Package 'src/ackermann_car_description' with type 'ros.ament_cmake' and name 'ackermann_car_description'
[0.490s] Level 1:colcon.colcon_core.package_identification:_identify(src/gazebo_ros2_control) by extensions ['ignore', 'ignore_ament_install']
[0.490s] Level 1:colcon.colcon_core.package_identification:_identify(src/gazebo_ros2_control) by extension 'ignore'
[0.490s] Level 1:colcon.colcon_core.package_identification:_identify(src/gazebo_ros2_control) by extension 'ignore_ament_install'
[0.490s] Level 1:colcon.colcon_core.package_identification:_identify(src/gazebo_ros2_control) by extensions ['colcon_pkg']
[0.490s] Level 1:colcon.colcon_core.package_identification:_identify(src/gazebo_ros2_control) by extension 'colcon_pkg'
[0.490s] Level 1:colcon.colcon_core.package_identification:_identify(src/gazebo_ros2_control) by extensions ['colcon_meta']
[0.490s] Level 1:colcon.colcon_core.package_identification:_identify(src/gazebo_ros2_control) by extension 'colcon_meta'
[0.490s] Level 1:colcon.colcon_core.package_identification:_identify(src/gazebo_ros2_control) by extensions ['ros']
[0.491s] Level 1:colcon.colcon_core.package_identification:_identify(src/gazebo_ros2_control) by extension 'ros'
[0.491s] Level 1:colcon.colcon_core.package_identification:_identify(src/gazebo_ros2_control) by extensions ['cmake', 'python']
[0.491s] Level 1:colcon.colcon_core.package_identification:_identify(src/gazebo_ros2_control) by extension 'cmake'
[0.491s] Level 1:colcon.colcon_core.package_identification:_identify(src/gazebo_ros2_control) by extension 'python'
[0.491s] Level 1:colcon.colcon_core.package_identification:_identify(src/gazebo_ros2_control) by extensions ['python_setup_py']
[0.491s] Level 1:colcon.colcon_core.package_identification:_identify(src/gazebo_ros2_control) by extension 'python_setup_py'
[0.491s] Level 1:colcon.colcon_core.package_identification:_identify(src/gazebo_ros2_control/Docker) by extensions ['ignore', 'ignore_ament_install']
[0.491s] Level 1:colcon.colcon_core.package_identification:_identify(src/gazebo_ros2_control/Docker) by extension 'ignore'
[0.491s] Level 1:colcon.colcon_core.package_identification:_identify(src/gazebo_ros2_control/Docker) by extension 'ignore_ament_install'
[0.491s] Level 1:colcon.colcon_core.package_identification:_identify(src/gazebo_ros2_control/Docker) by extensions ['colcon_pkg']
[0.491s] Level 1:colcon.colcon_core.package_identification:_identify(src/gazebo_ros2_control/Docker) by extension 'colcon_pkg'
[0.491s] Level 1:colcon.colcon_core.package_identification:_identify(src/gazebo_ros2_control/Docker) by extensions ['colcon_meta']
[0.491s] Level 1:colcon.colcon_core.package_identification:_identify(src/gazebo_ros2_control/Docker) by extension 'colcon_meta'
[0.491s] Level 1:colcon.colcon_core.package_identification:_identify(src/gazebo_ros2_control/Docker) by extensions ['ros']
[0.491s] Level 1:colcon.colcon_core.package_identification:_identify(src/gazebo_ros2_control/Docker) by extension 'ros'
[0.491s] Level 1:colcon.colcon_core.package_identification:_identify(src/gazebo_ros2_control/Docker) by extensions ['cmake', 'python']
[0.491s] Level 1:colcon.colcon_core.package_identification:_identify(src/gazebo_ros2_control/Docker) by extension 'cmake'
[0.491s] Level 1:colcon.colcon_core.package_identification:_identify(src/gazebo_ros2_control/Docker) by extension 'python'
[0.491s] Level 1:colcon.colcon_core.package_identification:_identify(src/gazebo_ros2_control/Docker) by extensions ['python_setup_py']
[0.491s] Level 1:colcon.colcon_core.package_identification:_identify(src/gazebo_ros2_control/Docker) by extension 'python_setup_py'
[0.491s] Level 1:colcon.colcon_core.package_identification:_identify(src/gazebo_ros2_control/doc) by extensions ['ignore', 'ignore_ament_install']
[0.492s] Level 1:colcon.colcon_core.package_identification:_identify(src/gazebo_ros2_control/doc) by extension 'ignore'
[0.492s] Level 1:colcon.colcon_core.package_identification:_identify(src/gazebo_ros2_control/doc) by extension 'ignore_ament_install'
[0.492s] Level 1:colcon.colcon_core.package_identification:_identify(src/gazebo_ros2_control/doc) by extensions ['colcon_pkg']
[0.492s] Level 1:colcon.colcon_core.package_identification:_identify(src/gazebo_ros2_control/doc) by extension 'colcon_pkg'
[0.492s] Level 1:colcon.colcon_core.package_identification:_identify(src/gazebo_ros2_control/doc) by extensions ['colcon_meta']
[0.492s] Level 1:colcon.colcon_core.package_identification:_identify(src/gazebo_ros2_control/doc) by extension 'colcon_meta'
[0.492s] Level 1:colcon.colcon_core.package_identification:_identify(src/gazebo_ros2_control/doc) by extensions ['ros']
[0.492s] Level 1:colcon.colcon_core.package_identification:_identify(src/gazebo_ros2_control/doc) by extension 'ros'
[0.492s] Level 1:colcon.colcon_core.package_identification:_identify(src/gazebo_ros2_control/doc) by extensions ['cmake', 'python']
[0.492s] Level 1:colcon.colcon_core.package_identification:_identify(src/gazebo_ros2_control/doc) by extension 'cmake'
[0.492s] Level 1:colcon.colcon_core.package_identification:_identify(src/gazebo_ros2_control/doc) by extension 'python'
[0.492s] Level 1:colcon.colcon_core.package_identification:_identify(src/gazebo_ros2_control/doc) by extensions ['python_setup_py']
[0.492s] Level 1:colcon.colcon_core.package_identification:_identify(src/gazebo_ros2_control/doc) by extension 'python_setup_py'
[0.492s] Level 1:colcon.colcon_core.package_identification:_identify(src/gazebo_ros2_control/doc/img) by extensions ['ignore', 'ignore_ament_install']
[0.492s] Level 1:colcon.colcon_core.package_identification:_identify(src/gazebo_ros2_control/doc/img) by extension 'ignore'
[0.492s] Level 1:colcon.colcon_core.package_identification:_identify(src/gazebo_ros2_control/doc/img) by extension 'ignore_ament_install'
[0.492s] Level 1:colcon.colcon_core.package_identification:_identify(src/gazebo_ros2_control/doc/img) by extensions ['colcon_pkg']
[0.492s] Level 1:colcon.colcon_core.package_identification:_identify(src/gazebo_ros2_control/doc/img) by extension 'colcon_pkg'
[0.492s] Level 1:colcon.colcon_core.package_identification:_identify(src/gazebo_ros2_control/doc/img) by extensions ['colcon_meta']
[0.492s] Level 1:colcon.colcon_core.package_identification:_identify(src/gazebo_ros2_control/doc/img) by extension 'colcon_meta'
[0.492s] Level 1:colcon.colcon_core.package_identification:_identify(src/gazebo_ros2_control/doc/img) by extensions ['ros']
[0.493s] Level 1:colcon.colcon_core.package_identification:_identify(src/gazebo_ros2_control/doc/img) by extension 'ros'
[0.493s] Level 1:colcon.colcon_core.package_identification:_identify(src/gazebo_ros2_control/doc/img) by extensions ['cmake', 'python']
[0.493s] Level 1:colcon.colcon_core.package_identification:_identify(src/gazebo_ros2_control/doc/img) by extension 'cmake'
[0.493s] Level 1:colcon.colcon_core.package_identification:_identify(src/gazebo_ros2_control/doc/img) by extension 'python'
[0.493s] Level 1:colcon.colcon_core.package_identification:_identify(src/gazebo_ros2_control/doc/img) by extensions ['python_setup_py']
[0.493s] Level 1:colcon.colcon_core.package_identification:_identify(src/gazebo_ros2_control/doc/img) by extension 'python_setup_py'
[0.493s] Level 1:colcon.colcon_core.package_identification:_identify(src/gazebo_ros2_control/gazebo_ros2_control) by extensions ['ignore', 'ignore_ament_install']
[0.493s] Level 1:colcon.colcon_core.package_identification:_identify(src/gazebo_ros2_control/gazebo_ros2_control) by extension 'ignore'
[0.493s] Level 1:colcon.colcon_core.package_identification:_identify(src/gazebo_ros2_control/gazebo_ros2_control) by extension 'ignore_ament_install'
[0.493s] Level 1:colcon.colcon_core.package_identification:_identify(src/gazebo_ros2_control/gazebo_ros2_control) by extensions ['colcon_pkg']
[0.493s] Level 1:colcon.colcon_core.package_identification:_identify(src/gazebo_ros2_control/gazebo_ros2_control) by extension 'colcon_pkg'
[0.493s] Level 1:colcon.colcon_core.package_identification:_identify(src/gazebo_ros2_control/gazebo_ros2_control) by extensions ['colcon_meta']
[0.493s] Level 1:colcon.colcon_core.package_identification:_identify(src/gazebo_ros2_control/gazebo_ros2_control) by extension 'colcon_meta'
[0.493s] Level 1:colcon.colcon_core.package_identification:_identify(src/gazebo_ros2_control/gazebo_ros2_control) by extensions ['ros']
[0.493s] Level 1:colcon.colcon_core.package_identification:_identify(src/gazebo_ros2_control/gazebo_ros2_control) by extension 'ros'
[0.494s] DEBUG:colcon.colcon_core.package_identification:Package 'src/gazebo_ros2_control/gazebo_ros2_control' with type 'ros.ament_cmake' and name 'gazebo_ros2_control'
[0.494s] Level 1:colcon.colcon_core.package_identification:_identify(src/gazebo_ros2_control/gazebo_ros2_control_demos) by extensions ['ignore', 'ignore_ament_install']
[0.494s] Level 1:colcon.colcon_core.package_identification:_identify(src/gazebo_ros2_control/gazebo_ros2_control_demos) by extension 'ignore'
[0.495s] Level 1:colcon.colcon_core.package_identification:_identify(src/gazebo_ros2_control/gazebo_ros2_control_demos) by extension 'ignore_ament_install'
[0.495s] Level 1:colcon.colcon_core.package_identification:_identify(src/gazebo_ros2_control/gazebo_ros2_control_demos) by extensions ['colcon_pkg']
[0.495s] Level 1:colcon.colcon_core.package_identification:_identify(src/gazebo_ros2_control/gazebo_ros2_control_demos) by extension 'colcon_pkg'
[0.495s] Level 1:colcon.colcon_core.package_identification:_identify(src/gazebo_ros2_control/gazebo_ros2_control_demos) by extensions ['colcon_meta']
[0.495s] Level 1:colcon.colcon_core.package_identification:_identify(src/gazebo_ros2_control/gazebo_ros2_control_demos) by extension 'colcon_meta'
[0.495s] Level 1:colcon.colcon_core.package_identification:_identify(src/gazebo_ros2_control/gazebo_ros2_control_demos) by extensions ['ros']
[0.495s] Level 1:colcon.colcon_core.package_identification:_identify(src/gazebo_ros2_control/gazebo_ros2_control_demos) by extension 'ros'
[0.496s] DEBUG:colcon.colcon_core.package_identification:Package 'src/gazebo_ros2_control/gazebo_ros2_control_demos' with type 'ros.ament_cmake' and name 'gazebo_ros2_control_demos'
[0.496s] Level 1:colcon.colcon_core.package_identification:_identify(src/turtlebot3_drlnav) by extensions ['ignore', 'ignore_ament_install']
[0.496s] Level 1:colcon.colcon_core.package_identification:_identify(src/turtlebot3_drlnav) by extension 'ignore'
[0.496s] Level 1:colcon.colcon_core.package_identification:_identify(src/turtlebot3_drlnav) by extension 'ignore_ament_install'
[0.496s] Level 1:colcon.colcon_core.package_identification:_identify(src/turtlebot3_drlnav) by extensions ['colcon_pkg']
[0.496s] Level 1:colcon.colcon_core.package_identification:_identify(src/turtlebot3_drlnav) by extension 'colcon_pkg'
[0.496s] Level 1:colcon.colcon_core.package_identification:_identify(src/turtlebot3_drlnav) by extensions ['colcon_meta']
[0.496s] Level 1:colcon.colcon_core.package_identification:_identify(src/turtlebot3_drlnav) by extension 'colcon_meta'
[0.496s] Level 1:colcon.colcon_core.package_identification:_identify(src/turtlebot3_drlnav) by extensions ['ros']
[0.496s] Level 1:colcon.colcon_core.package_identification:_identify(src/turtlebot3_drlnav) by extension 'ros'
[0.496s] Level 1:colcon.colcon_core.package_identification:_identify(src/turtlebot3_drlnav) by extensions ['cmake', 'python']
[0.496s] Level 1:colcon.colcon_core.package_identification:_identify(src/turtlebot3_drlnav) by extension 'cmake'
[0.496s] Level 1:colcon.colcon_core.package_identification:_identify(src/turtlebot3_drlnav) by extension 'python'
[0.496s] Level 1:colcon.colcon_core.package_identification:_identify(src/turtlebot3_drlnav) by extensions ['python_setup_py']
[0.496s] Level 1:colcon.colcon_core.package_identification:_identify(src/turtlebot3_drlnav) by extension 'python_setup_py'
[0.496s] Level 1:colcon.colcon_core.package_identification:_identify(src/turtlebot3_drlnav/src) by extensions ['ignore', 'ignore_ament_install']
[0.496s] Level 1:colcon.colcon_core.package_identification:_identify(src/turtlebot3_drlnav/src) by extension 'ignore'
[0.496s] Level 1:colcon.colcon_core.package_identification:_identify(src/turtlebot3_drlnav/src) by extension 'ignore_ament_install'
[0.496s] Level 1:colcon.colcon_core.package_identification:_identify(src/turtlebot3_drlnav/src) by extensions ['colcon_pkg']
[0.497s] Level 1:colcon.colcon_core.package_identification:_identify(src/turtlebot3_drlnav/src) by extension 'colcon_pkg'
[0.497s] Level 1:colcon.colcon_core.package_identification:_identify(src/turtlebot3_drlnav/src) by extensions ['colcon_meta']
[0.497s] Level 1:colcon.colcon_core.package_identification:_identify(src/turtlebot3_drlnav/src) by extension 'colcon_meta'
[0.497s] Level 1:colcon.colcon_core.package_identification:_identify(src/turtlebot3_drlnav/src) by extensions ['ros']
[0.497s] Level 1:colcon.colcon_core.package_identification:_identify(src/turtlebot3_drlnav/src) by extension 'ros'
[0.497s] Level 1:colcon.colcon_core.package_identification:_identify(src/turtlebot3_drlnav/src) by extensions ['cmake', 'python']
[0.497s] Level 1:colcon.colcon_core.package_identification:_identify(src/turtlebot3_drlnav/src) by extension 'cmake'
[0.497s] Level 1:colcon.colcon_core.package_identification:_identify(src/turtlebot3_drlnav/src) by extension 'python'
[0.497s] Level 1:colcon.colcon_core.package_identification:_identify(src/turtlebot3_drlnav/src) by extensions ['python_setup_py']
[0.497s] Level 1:colcon.colcon_core.package_identification:_identify(src/turtlebot3_drlnav/src) by extension 'python_setup_py'
[0.497s] Level 1:colcon.colcon_core.package_identification:_identify(src/turtlebot3_drlnav/src/turtlebot3_simulations) by extensions ['ignore', 'ignore_ament_install']
[0.497s] Level 1:colcon.colcon_core.package_identification:_identify(src/turtlebot3_drlnav/src/turtlebot3_simulations) by extension 'ignore'
[0.497s] Level 1:colcon.colcon_core.package_identification:_identify(src/turtlebot3_drlnav/src/turtlebot3_simulations) by extension 'ignore_ament_install'
[0.497s] Level 1:colcon.colcon_core.package_identification:_identify(src/turtlebot3_drlnav/src/turtlebot3_simulations) by extensions ['colcon_pkg']
[0.497s] Level 1:colcon.colcon_core.package_identification:_identify(src/turtlebot3_drlnav/src/turtlebot3_simulations) by extension 'colcon_pkg'
[0.497s] Level 1:colcon.colcon_core.package_identification:_identify(src/turtlebot3_drlnav/src/turtlebot3_simulations) by extensions ['colcon_meta']
[0.497s] Level 1:colcon.colcon_core.package_identification:_identify(src/turtlebot3_drlnav/src/turtlebot3_simulations) by extension 'colcon_meta'
[0.497s] Level 1:colcon.colcon_core.package_identification:_identify(src/turtlebot3_drlnav/src/turtlebot3_simulations) by extensions ['ros']
[0.497s] Level 1:colcon.colcon_core.package_identification:_identify(src/turtlebot3_drlnav/src/turtlebot3_simulations) by extension 'ros'
[0.497s] Level 1:colcon.colcon_core.package_identification:_identify(src/turtlebot3_drlnav/src/turtlebot3_simulations) by extensions ['cmake', 'python']
[0.497s] Level 1:colcon.colcon_core.package_identification:_identify(src/turtlebot3_drlnav/src/turtlebot3_simulations) by extension 'cmake'
[0.497s] Level 1:colcon.colcon_core.package_identification:_identify(src/turtlebot3_drlnav/src/turtlebot3_simulations) by extension 'python'
[0.498s] Level 1:colcon.colcon_core.package_identification:_identify(src/turtlebot3_drlnav/src/turtlebot3_simulations) by extensions ['python_setup_py']
[0.498s] Level 1:colcon.colcon_core.package_identification:_identify(src/turtlebot3_drlnav/src/turtlebot3_simulations) by extension 'python_setup_py'
[0.498s] Level 1:colcon.colcon_core.package_identification:_identify(src/turtlebot3_gazebo) by extensions ['ignore', 'ignore_ament_install']
[0.498s] Level 1:colcon.colcon_core.package_identification:_identify(src/turtlebot3_gazebo) by extension 'ignore'
[0.498s] Level 1:colcon.colcon_core.package_identification:_identify(src/turtlebot3_gazebo) by extension 'ignore_ament_install'
[0.498s] Level 1:colcon.colcon_core.package_identification:_identify(src/turtlebot3_gazebo) by extensions ['colcon_pkg']
[0.498s] Level 1:colcon.colcon_core.package_identification:_identify(src/turtlebot3_gazebo) by extension 'colcon_pkg'
[0.498s] Level 1:colcon.colcon_core.package_identification:_identify(src/turtlebot3_gazebo) by extensions ['colcon_meta']
[0.498s] Level 1:colcon.colcon_core.package_identification:_identify(src/turtlebot3_gazebo) by extension 'colcon_meta'
[0.498s] Level 1:colcon.colcon_core.package_identification:_identify(src/turtlebot3_gazebo) by extensions ['ros']
[0.498s] Level 1:colcon.colcon_core.package_identification:_identify(src/turtlebot3_gazebo) by extension 'ros'
[0.499s] DEBUG:colcon.colcon_core.package_identification:Package 'src/turtlebot3_gazebo' with type 'ros.ament_cmake' and name 'turtlebot3_gazebo'
[0.499s] Level 1:colcon.colcon_core.package_discovery:discover_packages(recursive) using defaults
[0.499s] Level 1:colcon.colcon_core.package_discovery:discover_packages(ignore) discover
[0.499s] Level 1:colcon.colcon_core.package_discovery:discover_packages(ignore) using defaults
[0.499s] Level 1:colcon.colcon_core.package_discovery:discover_packages(path) discover
[0.499s] Level 1:colcon.colcon_core.package_discovery:discover_packages(path) using defaults
[0.523s] INFO:colcon.colcon_core.package_selection:Skipping not selected package 'turtlebot3_gazebo' in 'src/turtlebot3_gazebo'
[0.523s] INFO:colcon.colcon_core.package_selection:Skipping not selected package 'ackermann_car_description' in 'src/ackermann_car_description'
[0.523s] INFO:colcon.colcon_core.package_selection:Skipping not selected package 'gazebo_ros2_control_demos' in 'src/gazebo_ros2_control/gazebo_ros2_control_demos'
[0.523s] Level 1:colcon.colcon_core.package_discovery:discover_packages(prefix_path) check parameters
[0.523s] Level 1:colcon.colcon_core.package_discovery:discover_packages(prefix_path) discover
[0.526s] DEBUG:colcon.colcon_installed_package_information.package_discovery:Found 2 installed packages in /home/kangsoonhyuk/drl_ws/install
[0.528s] DEBUG:colcon.colcon_installed_package_information.package_discovery:Found 518 installed packages in /opt/ros/humble
[0.531s] Level 1:colcon.colcon_core.package_discovery:discover_packages(prefix_path) using defaults
[0.586s] WARNING:colcon.colcon_core.package_selection:Some selected packages are already built in one or more underlay workspaces:
	'gazebo_ros2_control' is in: /opt/ros/humble
If a package in a merged underlay workspace is overridden and it installs headers, then all packages in the overlay must sort their include directories by workspace order. Failure to do so may result in build failures or undefined behavior at run time.
If the overridden package is used by another package in any underlay, then the overriding package in the overlay must be API and ABI compatible or undefined behavior at run time may occur.

If you understand the risks and want to override a package anyways, add the following to the command line:
	--allow-overriding gazebo_ros2_control

This may be promoted to an error in a future release of colcon-override-check.
[0.587s] Level 5:colcon.colcon_core.verb:set package 'gazebo_ros2_control' build argument 'cmake_args' from command line to 'None'
[0.587s] Level 5:colcon.colcon_core.verb:set package 'gazebo_ros2_control' build argument 'cmake_target' from command line to 'None'
[0.588s] Level 5:colcon.colcon_core.verb:set package 'gazebo_ros2_control' build argument 'cmake_target_skip_unavailable' from command line to 'False'
[0.588s] Level 5:colcon.colcon_core.verb:set package 'gazebo_ros2_control' build argument 'cmake_clean_cache' from command line to 'False'
[0.588s] Level 5:colcon.colcon_core.verb:set package 'gazebo_ros2_control' build argument 'cmake_clean_first' from command line to 'False'
[0.588s] Level 5:colcon.colcon_core.verb:set package 'gazebo_ros2_control' build argument 'cmake_force_configure' from command line to 'False'
[0.588s] Level 5:colcon.colcon_core.verb:set package 'gazebo_ros2_control' build argument 'ament_cmake_args' from command line to 'None'
[0.588s] Level 5:colcon.colcon_core.verb:set package 'gazebo_ros2_control' build argument 'catkin_cmake_args' from command line to 'None'
[0.588s] Level 5:colcon.colcon_core.verb:set package 'gazebo_ros2_control' build argument 'catkin_skip_building_tests' from command line to 'False'
[0.588s] DEBUG:colcon.colcon_core.verb:Building package 'gazebo_ros2_control' with the following arguments: {'ament_cmake_args': None, 'build_base': '/home/kangsoonhyuk/drl_ws/build/gazebo_ros2_control', 'catkin_cmake_args': None, 'catkin_skip_building_tests': False, 'cmake_args': None, 'cmake_clean_cache': False, 'cmake_clean_first': False, 'cmake_force_configure': False, 'cmake_target': None, 'cmake_target_skip_unavailable': False, 'install_base': '/home/kangsoonhyuk/drl_ws/install/gazebo_ros2_control', 'merge_install': False, 'path': '/home/kangsoonhyuk/drl_ws/src/gazebo_ros2_control/gazebo_ros2_control', 'symlink_install': False, 'test_result_base': None}
[0.588s] INFO:colcon.colcon_core.executor:Executing jobs using 'parallel' executor
[0.589s] DEBUG:colcon.colcon_parallel_executor.executor.parallel:run_until_complete
[0.589s] INFO:colcon.colcon_ros.task.ament_cmake.build:Building ROS package in '/home/kangsoonhyuk/drl_ws/src/gazebo_ros2_control/gazebo_ros2_control' with build type 'ament_cmake'
[0.589s] INFO:colcon.colcon_cmake.task.cmake.build:Building CMake package in '/home/kangsoonhyuk/drl_ws/src/gazebo_ros2_control/gazebo_ros2_control'
[0.592s] INFO:colcon.colcon_core.plugin_system:Skipping extension 'colcon_core.shell.bat': Not used on non-Windows systems
[0.593s] INFO:colcon.colcon_core.shell:Skip shell extension 'powershell' for command environment: Not usable outside of PowerShell
[0.593s] DEBUG:colcon.colcon_core.shell:Skip shell extension 'dsv' for command environment
[0.600s] DEBUG:colcon.colcon_core.event_handler.log_command:Invoking command in '/home/kangsoonhyuk/drl_ws/build/gazebo_ros2_control': CMAKE_PREFIX_PATH=${CMAKE_PREFIX_PATH}:/opt/ros/humble /usr/bin/cmake /home/kangsoonhyuk/drl_ws/src/gazebo_ros2_control/gazebo_ros2_control -DCMAKE_INSTALL_PREFIX=/home/kangsoonhyuk/drl_ws/install/gazebo_ros2_control
[3.418s] DEBUG:colcon.colcon_core.event_handler.log_command:Invoked command in '/home/kangsoonhyuk/drl_ws/build/gazebo_ros2_control' returned '0': CMAKE_PREFIX_PATH=${CMAKE_PREFIX_PATH}:/opt/ros/humble /usr/bin/cmake /home/kangsoonhyuk/drl_ws/src/gazebo_ros2_control/gazebo_ros2_control -DCMAKE_INSTALL_PREFIX=/home/kangsoonhyuk/drl_ws/install/gazebo_ros2_control
[3.420s] DEBUG:colcon.colcon_core.event_handler.log_command:Invoking command in '/home/kangsoonhyuk/drl_ws/build/gazebo_ros2_control': CMAKE_PREFIX_PATH=${CMAKE_PREFIX_PATH}:/opt/ros/humble /usr/bin/cmake --build /home/kangsoonhyuk/drl_ws/build/gazebo_ros2_control -- -j12 -l12
[19.642s] DEBUG:colcon.colcon_core.event_handler.log_command:Invoked command in '/home/kangsoonhyuk/drl_ws/build/gazebo_ros2_control' returned '0': CMAKE_PREFIX_PATH=${CMAKE_PREFIX_PATH}:/opt/ros/humble /usr/bin/cmake --build /home/kangsoonhyuk/drl_ws/build/gazebo_ros2_control -- -j12 -l12
[19.650s] DEBUG:colcon.colcon_core.event_handler.log_command:Invoking command in '/home/kangsoonhyuk/drl_ws/build/gazebo_ros2_control': CMAKE_PREFIX_PATH=${CMAKE_PREFIX_PATH}:/opt/ros/humble /usr/bin/cmake --install /home/kangsoonhyuk/drl_ws/build/gazebo_ros2_control
[19.668s] Level 1:colcon.colcon_core.environment:create_environment_scripts_only(gazebo_ros2_control)
[19.668s] DEBUG:colcon.colcon_core.event_handler.log_command:Invoked command in '/home/kangsoonhyuk/drl_ws/build/gazebo_ros2_control' returned '0': CMAKE_PREFIX_PATH=${CMAKE_PREFIX_PATH}:/opt/ros/humble /usr/bin/cmake --install /home/kangsoonhyuk/drl_ws/build/gazebo_ros2_control
[19.674s] Level 1:colcon.colcon_core.environment:checking '/home/kangsoonhyuk/drl_ws/install/gazebo_ros2_control' for CMake module files
[19.675s] Level 1:colcon.colcon_core.environment:checking '/home/kangsoonhyuk/drl_ws/install/gazebo_ros2_control' for CMake config files
[19.675s] Level 1:colcon.colcon_core.shell:create_environment_hook('gazebo_ros2_control', 'cmake_prefix_path')
[19.675s] INFO:colcon.colcon_core.shell:Creating environment hook '/home/kangsoonhyuk/drl_ws/install/gazebo_ros2_control/share/gazebo_ros2_control/hook/cmake_prefix_path.ps1'
[19.676s] INFO:colcon.colcon_core.shell:Creating environment descriptor '/home/kangsoonhyuk/drl_ws/install/gazebo_ros2_control/share/gazebo_ros2_control/hook/cmake_prefix_path.dsv'
[19.677s] INFO:colcon.colcon_core.shell:Creating environment hook '/home/kangsoonhyuk/drl_ws/install/gazebo_ros2_control/share/gazebo_ros2_control/hook/cmake_prefix_path.sh'
[19.677s] Level 1:colcon.colcon_core.environment:checking '/home/kangsoonhyuk/drl_ws/install/gazebo_ros2_control/lib'
[19.678s] Level 1:colcon.colcon_core.shell:create_environment_hook('gazebo_ros2_control', 'ld_library_path_lib')
[19.678s] INFO:colcon.colcon_core.shell:Creating environment hook '/home/kangsoonhyuk/drl_ws/install/gazebo_ros2_control/share/gazebo_ros2_control/hook/ld_library_path_lib.ps1'
[19.678s] INFO:colcon.colcon_core.shell:Creating environment descriptor '/home/kangsoonhyuk/drl_ws/install/gazebo_ros2_control/share/gazebo_ros2_control/hook/ld_library_path_lib.dsv'
[19.678s] INFO:colcon.colcon_core.shell:Creating environment hook '/home/kangsoonhyuk/drl_ws/install/gazebo_ros2_control/share/gazebo_ros2_control/hook/ld_library_path_lib.sh'
[19.679s] Level 1:colcon.colcon_core.environment:checking '/home/kangsoonhyuk/drl_ws/install/gazebo_ros2_control/bin'
[19.679s] Level 1:colcon.colcon_core.environment:checking '/home/kangsoonhyuk/drl_ws/install/gazebo_ros2_control/lib/pkgconfig/gazebo_ros2_control.pc'
[19.679s] Level 1:colcon.colcon_core.environment:checking '/home/kangsoonhyuk/drl_ws/install/gazebo_ros2_control/lib/python3.10/site-packages'
[19.679s] Level 1:colcon.colcon_core.environment:checking '/home/kangsoonhyuk/drl_ws/install/gazebo_ros2_control/bin'
[19.679s] INFO:colcon.colcon_core.shell:Creating package script '/home/kangsoonhyuk/drl_ws/install/gazebo_ros2_control/share/gazebo_ros2_control/package.ps1'
[19.680s] INFO:colcon.colcon_core.shell:Creating package descriptor '/home/kangsoonhyuk/drl_ws/install/gazebo_ros2_control/share/gazebo_ros2_control/package.dsv'
[19.681s] INFO:colcon.colcon_core.shell:Creating package script '/home/kangsoonhyuk/drl_ws/install/gazebo_ros2_control/share/gazebo_ros2_control/package.sh'
[19.682s] INFO:colcon.colcon_core.shell:Creating package script '/home/kangsoonhyuk/drl_ws/install/gazebo_ros2_control/share/gazebo_ros2_control/package.bash'
[19.683s] INFO:colcon.colcon_core.shell:Creating package script '/home/kangsoonhyuk/drl_ws/install/gazebo_ros2_control/share/gazebo_ros2_control/package.zsh'
[19.683s] Level 1:colcon.colcon_core.environment:create_file_with_runtime_dependencies(/home/kangsoonhyuk/drl_ws/install/gazebo_ros2_control/share/colcon-core/packages/gazebo_ros2_control)
[19.684s] Level 1:colcon.colcon_core.environment:create_environment_scripts_only(gazebo_ros2_control)
[19.684s] Level 1:colcon.colcon_core.environment:checking '/home/kangsoonhyuk/drl_ws/install/gazebo_ros2_control' for CMake module files
[19.684s] Level 1:colcon.colcon_core.environment:checking '/home/kangsoonhyuk/drl_ws/install/gazebo_ros2_control' for CMake config files
[19.685s] Level 1:colcon.colcon_core.shell:create_environment_hook('gazebo_ros2_control', 'cmake_prefix_path')
[19.685s] INFO:colcon.colcon_core.shell:Creating environment hook '/home/kangsoonhyuk/drl_ws/install/gazebo_ros2_control/share/gazebo_ros2_control/hook/cmake_prefix_path.ps1'
[19.685s] INFO:colcon.colcon_core.shell:Creating environment descriptor '/home/kangsoonhyuk/drl_ws/install/gazebo_ros2_control/share/gazebo_ros2_control/hook/cmake_prefix_path.dsv'
[19.685s] INFO:colcon.colcon_core.shell:Creating environment hook '/home/kangsoonhyuk/drl_ws/install/gazebo_ros2_control/share/gazebo_ros2_control/hook/cmake_prefix_path.sh'
[19.686s] Level 1:colcon.colcon_core.environment:checking '/home/kangsoonhyuk/drl_ws/install/gazebo_ros2_control/lib'
[19.686s] Level 1:colcon.colcon_core.shell:create_environment_hook('gazebo_ros2_control', 'ld_library_path_lib')
[19.686s] INFO:colcon.colcon_core.shell:Creating environment hook '/home/kangsoonhyuk/drl_ws/install/gazebo_ros2_control/share/gazebo_ros2_control/hook/ld_library_path_lib.ps1'
[19.686s] INFO:colcon.colcon_core.shell:Creating environment descriptor '/home/kangsoonhyuk/drl_ws/install/gazebo_ros2_control/share/gazebo_ros2_control/hook/ld_library_path_lib.dsv'
[19.687s] INFO:colcon.colcon_core.shell:Creating environment hook '/home/kangsoonhyuk/drl_ws/install/gazebo_ros2_control/share/gazebo_ros2_control/hook/ld_library_path_lib.sh'
[19.687s] Level 1:colcon.colcon_core.environment:checking '/home/kangsoonhyuk/drl_ws/install/gazebo_ros2_control/bin'
[19.687s] Level 1:colcon.colcon_core.environment:checking '/home/kangsoonhyuk/drl_ws/install/gazebo_ros2_control/lib/pkgconfig/gazebo_ros2_control.pc'
[19.687s] Level 1:colcon.colcon_core.environment:checking '/home/kangsoonhyuk/drl_ws/install/gazebo_ros2_control/lib/python3.10/site-packages'
[19.687s] Level 1:colcon.colcon_core.environment:checking '/home/kangsoonhyuk/drl_ws/install/gazebo_ros2_control/bin'
[19.688s] INFO:colcon.colcon_core.shell:Creating package script '/home/kangsoonhyuk/drl_ws/install/gazebo_ros2_control/share/gazebo_ros2_control/package.ps1'
[19.688s] INFO:colcon.colcon_core.shell:Creating package descriptor '/home/kangsoonhyuk/drl_ws/install/gazebo_ros2_control/share/gazebo_ros2_control/package.dsv'
[19.689s] INFO:colcon.colcon_core.shell:Creating package script '/home/kangsoonhyuk/drl_ws/install/gazebo_ros2_control/share/gazebo_ros2_control/package.sh'
[19.689s] INFO:colcon.colcon_core.shell:Creating package script '/home/kangsoonhyuk/drl_ws/install/gazebo_ros2_control/share/gazebo_ros2_control/package.bash'
[19.689s] INFO:colcon.colcon_core.shell:Creating package script '/home/kangsoonhyuk/drl_ws/install/gazebo_ros2_control/share/gazebo_ros2_control/package.zsh'
[19.690s] Level 1:colcon.colcon_core.environment:create_file_with_runtime_dependencies(/home/kangsoonhyuk/drl_ws/install/gazebo_ros2_control/share/colcon-core/packages/gazebo_ros2_control)
[19.690s] DEBUG:colcon.colcon_parallel_executor.executor.parallel:closing loop
[19.690s] DEBUG:colcon.colcon_parallel_executor.executor.parallel:loop closed
[19.690s] DEBUG:colcon.colcon_parallel_executor.executor.parallel:run_until_complete finished with '0'
[19.690s] DEBUG:colcon.colcon_core.event_reactor:joining thread
[19.700s] INFO:colcon.colcon_core.plugin_system:Skipping extension 'colcon_notification.desktop_notification.terminal_notifier': Not used on non-Darwin systems
[19.700s] INFO:colcon.colcon_core.plugin_system:Skipping extension 'colcon_notification.desktop_notification.win32': Not used on non-Windows systems
[19.700s] INFO:colcon.colcon_notification.desktop_notification:Sending desktop notification using 'notify2'
[19.812s] DEBUG:colcon.colcon_core.event_reactor:joined thread
[19.813s] INFO:colcon.colcon_core.shell:Creating prefix script '/home/kangsoonhyuk/drl_ws/install/local_setup.ps1'
[19.814s] INFO:colcon.colcon_core.shell:Creating prefix util module '/home/kangsoonhyuk/drl_ws/install/_local_setup_util_ps1.py'
[19.816s] INFO:colcon.colcon_core.shell:Creating prefix chain script '/home/kangsoonhyuk/drl_ws/install/setup.ps1'
[19.817s] INFO:colcon.colcon_core.shell:Creating prefix script '/home/kangsoonhyuk/drl_ws/install/local_setup.sh'
[19.818s] INFO:colcon.colcon_core.shell:Creating prefix util module '/home/kangsoonhyuk/drl_ws/install/_local_setup_util_sh.py'
[19.818s] INFO:colcon.colcon_core.shell:Creating prefix chain script '/home/kangsoonhyuk/drl_ws/install/setup.sh'
[19.819s] INFO:colcon.colcon_core.shell:Creating prefix script '/home/kangsoonhyuk/drl_ws/install/local_setup.bash'
[19.820s] INFO:colcon.colcon_core.shell:Creating prefix chain script '/home/kangsoonhyuk/drl_ws/install/setup.bash'
[19.821s] INFO:colcon.colcon_core.shell:Creating prefix script '/home/kangsoonhyuk/drl_ws/install/local_setup.zsh'
[19.822s] INFO:colcon.colcon_core.shell:Creating prefix chain script '/home/kangsoonhyuk/drl_ws/install/setup.zsh'
