[0.013s] Invoking command in '/home/kangsoonhyuk/drl_ws/build/ackermann_car_description': CMAKE_PREFIX_PATH=/home/kangsoonhyuk/drl_ws/install/turtlebot3_gazebo:/home/kangsoonhyuk/drl_ws/install/ackermann_car_description:/opt/ros/humble /usr/bin/cmake /home/kangsoonhyuk/drl_ws/src/ackermann_car_description -DCMAKE_INSTALL_PREFIX=/home/kangsoonhyuk/drl_ws/install/ackermann_car_description
[0.033s] -- Found ament_cmake: 1.3.12 (/opt/ros/humble/share/ament_cmake/cmake)
[0.154s] -- Override CMake install command with custom implementation using symlinks instead of copying resources
[0.259s] -- Configuring done
[0.264s] -- Generating done
[0.265s] -- Build files have been written to: /home/kangsoonhyuk/drl_ws/build/ackermann_car_description
[0.269s] Invoked command in '/home/kangsoonhyuk/drl_ws/build/ackermann_car_description' returned '0': CMAKE_PREFIX_PATH=/home/kangsoonhyuk/drl_ws/install/turtlebot3_gazebo:/home/kangsoonhyuk/drl_ws/install/ackermann_car_description:/opt/ros/humble /usr/bin/cmake /home/kangsoonhyuk/drl_ws/src/ackermann_car_description -DCMAKE_INSTALL_PREFIX=/home/kangsoonhyuk/drl_ws/install/ackermann_car_description
[0.270s] Invoking command in '/home/kangsoonhyuk/drl_ws/build/ackermann_car_description': CMAKE_PREFIX_PATH=/home/kangsoonhyuk/drl_ws/install/turtlebot3_gazebo:/home/kangsoonhyuk/drl_ws/install/ackermann_car_description:/opt/ros/humble /usr/bin/cmake --build /home/kangsoonhyuk/drl_ws/build/ackermann_car_description -- -j12 -l12
[0.303s] Invoked command in '/home/kangsoonhyuk/drl_ws/build/ackermann_car_description' returned '0': CMAKE_PREFIX_PATH=/home/kangsoonhyuk/drl_ws/install/turtlebot3_gazebo:/home/kangsoonhyuk/drl_ws/install/ackermann_car_description:/opt/ros/humble /usr/bin/cmake --build /home/kangsoonhyuk/drl_ws/build/ackermann_car_description -- -j12 -l12
[0.310s] Invoking command in '/home/kangsoonhyuk/drl_ws/build/ackermann_car_description': CMAKE_PREFIX_PATH=/home/kangsoonhyuk/drl_ws/install/turtlebot3_gazebo:/home/kangsoonhyuk/drl_ws/install/ackermann_car_description:/opt/ros/humble /usr/bin/cmake --install /home/kangsoonhyuk/drl_ws/build/ackermann_car_description
[0.317s] -- Install configuration: ""
[0.317s] -- Execute custom install script
[0.317s] -- Up-to-date symlink: /home/kangsoonhyuk/drl_ws/install/ackermann_car_description/share/ackermann_car_description//urdf/ackermann_car.urdf.xacro
[0.318s] -- Up-to-date symlink: /home/kangsoonhyuk/drl_ws/install/ackermann_car_description/share/ackermann_car_description//launch/stage5_up_with_car.launch.py
[0.318s] -- Up-to-date symlink: /home/kangsoonhyuk/drl_ws/install/ackermann_car_description/share/ackermann_car_description//launch/test_car.launch.py
[0.318s] -- Up-to-date symlink: /home/kangsoonhyuk/drl_ws/install/ackermann_car_description/share/ackermann_car_description//launch/test_car.rviz
[0.318s] -- Up-to-date symlink: /home/kangsoonhyuk/drl_ws/install/ackermann_car_description/share/ament_index/resource_index/package_run_dependencies/ackermann_car_description
[0.318s] -- Up-to-date symlink: /home/kangsoonhyuk/drl_ws/install/ackermann_car_description/share/ament_index/resource_index/parent_prefix_path/ackermann_car_description
[0.318s] -- Up-to-date symlink: /home/kangsoonhyuk/drl_ws/install/ackermann_car_description/share/ackermann_car_description/environment/ament_prefix_path.sh
[0.318s] -- Up-to-date symlink: /home/kangsoonhyuk/drl_ws/install/ackermann_car_description/share/ackermann_car_description/environment/ament_prefix_path.dsv
[0.319s] -- Up-to-date symlink: /home/kangsoonhyuk/drl_ws/install/ackermann_car_description/share/ackermann_car_description/environment/path.sh
[0.319s] -- Up-to-date symlink: /home/kangsoonhyuk/drl_ws/install/ackermann_car_description/share/ackermann_car_description/environment/path.dsv
[0.319s] -- Up-to-date symlink: /home/kangsoonhyuk/drl_ws/install/ackermann_car_description/share/ackermann_car_description/local_setup.bash
[0.319s] -- Up-to-date symlink: /home/kangsoonhyuk/drl_ws/install/ackermann_car_description/share/ackermann_car_description/local_setup.sh
[0.319s] -- Up-to-date symlink: /home/kangsoonhyuk/drl_ws/install/ackermann_car_description/share/ackermann_car_description/local_setup.zsh
[0.319s] -- Up-to-date symlink: /home/kangsoonhyuk/drl_ws/install/ackermann_car_description/share/ackermann_car_description/local_setup.dsv
[0.319s] -- Symlinking: /home/kangsoonhyuk/drl_ws/install/ackermann_car_description/share/ackermann_car_description/package.dsv
[0.326s] -- Up-to-date symlink: /home/kangsoonhyuk/drl_ws/install/ackermann_car_description/share/ament_index/resource_index/packages/ackermann_car_description
[0.327s] -- Up-to-date symlink: /home/kangsoonhyuk/drl_ws/install/ackermann_car_description/share/ackermann_car_description/cmake/ackermann_car_descriptionConfig.cmake
[0.327s] -- Up-to-date symlink: /home/kangsoonhyuk/drl_ws/install/ackermann_car_description/share/ackermann_car_description/cmake/ackermann_car_descriptionConfig-version.cmake
[0.327s] -- Up-to-date symlink: /home/kangsoonhyuk/drl_ws/install/ackermann_car_description/share/ackermann_car_description/package.xml
[0.328s] Invoked command in '/home/kangsoonhyuk/drl_ws/build/ackermann_car_description' returned '0': CMAKE_PREFIX_PATH=/home/kangsoonhyuk/drl_ws/install/turtlebot3_gazebo:/home/kangsoonhyuk/drl_ws/install/ackermann_car_description:/opt/ros/humble /usr/bin/cmake --install /home/kangsoonhyuk/drl_ws/build/ackermann_car_description
