-- Found ament_cmake: 1.3.12 (/opt/ros/humble/share/ament_cmake/cmake)
-- Override CMake install command with custom implementation using symlinks instead of copying resources
[33mCMake Warning (dev) at /usr/share/cmake-3.22/Modules/FindPackageHandleStandardArgs.cmake:438 (message):
  The package name passed to `find_package_handle_standard_args` (PkgConfig)
  does not match the name of the calling package (gazebo).  This can lead to
  problems in calling code that expects `find_package` result variables
  (e.g., `_FOUND`) to follow a certain pattern.
Call Stack (most recent call first):
  /usr/share/cmake-3.22/Modules/FindPkgConfig.cmake:99 (find_package_handle_standard_args)
  /usr/lib/x86_64-linux-gnu/cmake/gazebo/gazebo-config.cmake:72 (include)
  CMakeLists.txt:23 (find_package)
This warning is for project developers.  Use -Wno-dev to suppress it.
[0m
-- Found DART: /usr/include (Required is at least version "6.6") found components: dart 
-- Found Protobuf: /usr/lib/x86_64-linux-gnu/libprotobuf.so (found version "3.12.4") 
-- Looking for ignition-math6 -- found version 6.15.1
-- Searching for dependencies of ignition-math6
-- Looking for OGRE...
-- Found Ogre Ghadamon (1.9.0)
-- Found OGRE: optimized;/usr/lib/x86_64-linux-gnu/libOgreMain.so;debug;/usr/lib/x86_64-linux-gnu/libOgreMain.so
-- Looking for OGRE_Paging...
-- Found OGRE_Paging: optimized;/usr/lib/x86_64-linux-gnu/libOgrePaging.so;debug;/usr/lib/x86_64-linux-gnu/libOgrePaging.so
-- Looking for OGRE_Terrain...
-- Found OGRE_Terrain: optimized;/usr/lib/x86_64-linux-gnu/libOgreTerrain.so;debug;/usr/lib/x86_64-linux-gnu/libOgreTerrain.so
-- Looking for OGRE_Property...
-- Found OGRE_Property: optimized;/usr/lib/x86_64-linux-gnu/libOgreProperty.so;debug;/usr/lib/x86_64-linux-gnu/libOgreProperty.so
-- Looking for OGRE_RTShaderSystem...
-- Found OGRE_RTShaderSystem: optimized;/usr/lib/x86_64-linux-gnu/libOgreRTShaderSystem.so;debug;/usr/lib/x86_64-linux-gnu/libOgreRTShaderSystem.so
-- Looking for OGRE_Volume...
-- Found OGRE_Volume: optimized;/usr/lib/x86_64-linux-gnu/libOgreVolume.so;debug;/usr/lib/x86_64-linux-gnu/libOgreVolume.so
-- Looking for OGRE_Overlay...
-- Found OGRE_Overlay: optimized;/usr/lib/x86_64-linux-gnu/libOgreOverlay.so;debug;/usr/lib/x86_64-linux-gnu/libOgreOverlay.so
-- Looking for ignition-math6 -- found version 6.15.1
-- Looking for ignition-transport8 -- found version 8.2.1
-- Searching for dependencies of ignition-transport8
-- Found Protobuf: /usr/lib/x86_64-linux-gnu/libprotobuf.so (found suitable version "3.12.4", minimum required is "3") 
-- Config-file not installed for ZeroMQ -- checking for pkg-config
-- Checking for module 'libzmq >= 4'
--   Found libzmq , version 4.3.4
-- Checking for module 'uuid'
--   Found uuid, version 2.37.2
-- Looking for ignition-msgs5 -- found version 5.8.1
-- Searching for dependencies of ignition-msgs5
-- Looking for ignition-math6 -- found version 6.15.1
-- Checking for module 'tinyxml2'
--   Found tinyxml2, version 9.0.0
-- Looking for ignition-msgs5 -- found version 5.8.1
-- Looking for ignition-common3 -- found version 3.14.0
-- Searching for dependencies of ignition-common3
-- Looking for dlfcn.h - found
-- Looking for libdl - found
-- Searching for <ignition-common3> component [graphics]
-- Looking for ignition-common3-graphics -- found version 3.14.0
-- Searching for dependencies of ignition-common3-graphics
-- Looking for ignition-math6 -- found version 6.15.1
-- Looking for ignition-fuel_tools4 -- found version 4.4.0
-- Searching for dependencies of ignition-fuel_tools4
-- Checking for module 'jsoncpp'
--   Found jsoncpp, version 1.9.5
-- Checking for module 'libzip'
--   Found libzip, version 1.7.3
-- Looking for ignition-common3 -- found version 3.14.0
-- Looking for ignition-math6 -- found version 6.15.1
-- Looking for ignition-msgs5 -- found version 5.8.1
-- Found gazebo_ros_pkgs: 3.9.0 (/opt/ros/humble/share/gazebo_ros_pkgs/cmake)
-- Found geometry_msgs: 4.9.0 (/opt/ros/humble/share/geometry_msgs/cmake)
-- Found rosidl_generator_c: 3.1.7 (/opt/ros/humble/share/rosidl_generator_c/cmake)
-- Found rosidl_adapter: 3.1.7 (/opt/ros/humble/share/rosidl_adapter/cmake)
-- Found rosidl_generator_cpp: 3.1.7 (/opt/ros/humble/share/rosidl_generator_cpp/cmake)
-- Using all available rosidl_typesupport_c: rosidl_typesupport_fastrtps_c;rosidl_typesupport_introspection_c
-- Using all available rosidl_typesupport_cpp: rosidl_typesupport_fastrtps_cpp;rosidl_typesupport_introspection_cpp
-- Found nav_msgs: 4.9.0 (/opt/ros/humble/share/nav_msgs/cmake)
-- Found rclcpp: 16.0.16 (/opt/ros/humble/share/rclcpp/cmake)
-- Found rmw_implementation_cmake: 6.1.2 (/opt/ros/humble/share/rmw_implementation_cmake/cmake)
-- Found rmw_fastrtps_cpp: 6.2.9 (/opt/ros/humble/share/rmw_fastrtps_cpp/cmake)
-- Using RMW implementation 'rmw_fastrtps_cpp' as default
-- Found sensor_msgs: 4.9.0 (/opt/ros/humble/share/sensor_msgs/cmake)
-- Found tf2: 0.25.17 (/opt/ros/humble/share/tf2/cmake)
-- Configuring done
-- Generating done
[33mCMake Warning:
  Manually-specified variables were not used by the project:

    HUMBLE_ROS
    ROS_EDITION

[0m
-- Build files have been written to: /home/kangsoonhyuk/drl_ws/build/turtlebot3_gazebo
[35m[1mConsolidate compiler generated dependencies of target turtlebot3_drive[0m
[35m[1mConsolidate compiler generated dependencies of target obstacle1[0m
[35m[1mConsolidate compiler generated dependencies of target obstacles[0m
[35m[1mConsolidate compiler generated dependencies of target obstacle2[0m
[ 12%] [32m[1mLinking CXX executable turtlebot3_drive[0m
[ 87%] Built target obstacles
[ 87%] Built target obstacle2
[ 87%] Built target obstacle1
[100%] Built target turtlebot3_drive
-- Install configuration: ""
-- Execute custom install script
-- Symlinking: /home/kangsoonhyuk/drl_ws/install/turtlebot3_gazebo/lib/turtlebot3_gazebo/turtlebot3_drive
-- Symlinking: /home/kangsoonhyuk/drl_ws/install/turtlebot3_gazebo/share/turtlebot3_gazebo//launch/robot_state_publisher.launch.py
-- Symlinking: /home/kangsoonhyuk/drl_ws/install/turtlebot3_gazebo/share/turtlebot3_gazebo//launch/turtlebot3_drl_stage1.launch.py
-- Symlinking: /home/kangsoonhyuk/drl_ws/install/turtlebot3_gazebo/share/turtlebot3_gazebo//launch/turtlebot3_drl_stage10.launch.py
-- Symlinking: /home/kangsoonhyuk/drl_ws/install/turtlebot3_gazebo/share/turtlebot3_gazebo//launch/turtlebot3_drl_stage2.launch.py
-- Symlinking: /home/kangsoonhyuk/drl_ws/install/turtlebot3_gazebo/share/turtlebot3_gazebo//launch/turtlebot3_drl_stage3.launch.py
-- Symlinking: /home/kangsoonhyuk/drl_ws/install/turtlebot3_gazebo/share/turtlebot3_gazebo//launch/turtlebot3_drl_stage4.launch.py
-- Symlinking: /home/kangsoonhyuk/drl_ws/install/turtlebot3_gazebo/share/turtlebot3_gazebo//launch/turtlebot3_drl_stage5.launch.py
-- Symlinking: /home/kangsoonhyuk/drl_ws/install/turtlebot3_gazebo/share/turtlebot3_gazebo//launch/turtlebot3_drl_stage6.launch.py
-- Symlinking: /home/kangsoonhyuk/drl_ws/install/turtlebot3_gazebo/share/turtlebot3_gazebo//launch/turtlebot3_drl_stage7.launch.py
-- Symlinking: /home/kangsoonhyuk/drl_ws/install/turtlebot3_gazebo/share/turtlebot3_gazebo//launch/turtlebot3_drl_stage8.launch.py
-- Symlinking: /home/kangsoonhyuk/drl_ws/install/turtlebot3_gazebo/share/turtlebot3_gazebo//launch/turtlebot3_drl_stage9.launch.py
-- Symlinking: /home/kangsoonhyuk/drl_ws/install/turtlebot3_gazebo/share/turtlebot3_gazebo//launch/turtlebot3_house.launch.py
-- Symlinking: /home/kangsoonhyuk/drl_ws/install/turtlebot3_gazebo/share/turtlebot3_gazebo//launch/turtlebot3_world.launch.py
-- Symlinking: /home/kangsoonhyuk/drl_ws/install/turtlebot3_gazebo/share/turtlebot3_gazebo//models/turtlebot3_burger/meshes/burger_base.dae
-- Symlinking: /home/kangsoonhyuk/drl_ws/install/turtlebot3_gazebo/share/turtlebot3_gazebo//models/turtlebot3_burger/meshes/lds.dae
-- Symlinking: /home/kangsoonhyuk/drl_ws/install/turtlebot3_gazebo/share/turtlebot3_gazebo//models/turtlebot3_burger/meshes/tire.dae
-- Symlinking: /home/kangsoonhyuk/drl_ws/install/turtlebot3_gazebo/share/turtlebot3_gazebo//models/turtlebot3_burger/model-1_4.sdf
-- Symlinking: /home/kangsoonhyuk/drl_ws/install/turtlebot3_gazebo/share/turtlebot3_gazebo//models/turtlebot3_burger/model.config
-- Symlinking: /home/kangsoonhyuk/drl_ws/install/turtlebot3_gazebo/share/turtlebot3_gazebo//models/turtlebot3_burger/model.sdf
-- Symlinking: /home/kangsoonhyuk/drl_ws/install/turtlebot3_gazebo/share/turtlebot3_gazebo//models/turtlebot3_drl_world/goal_box/model.config
-- Symlinking: /home/kangsoonhyuk/drl_ws/install/turtlebot3_gazebo/share/turtlebot3_gazebo//models/turtlebot3_drl_world/goal_box/model.sdf
-- Symlinking: /home/kangsoonhyuk/drl_ws/install/turtlebot3_gazebo/share/turtlebot3_gazebo//models/turtlebot3_drl_world/inner_obstacles/model.config
-- Symlinking: /home/kangsoonhyuk/drl_ws/install/turtlebot3_gazebo/share/turtlebot3_gazebo//models/turtlebot3_drl_world/inner_obstacles/model.sdf
-- Symlinking: /home/kangsoonhyuk/drl_ws/install/turtlebot3_gazebo/share/turtlebot3_gazebo//models/turtlebot3_drl_world/inner_walls/model.config
-- Symlinking: /home/kangsoonhyuk/drl_ws/install/turtlebot3_gazebo/share/turtlebot3_gazebo//models/turtlebot3_drl_world/inner_walls/model.sdf
-- Symlinking: /home/kangsoonhyuk/drl_ws/install/turtlebot3_gazebo/share/turtlebot3_gazebo//models/turtlebot3_drl_world/inner_walls_large/model.config
-- Symlinking: /home/kangsoonhyuk/drl_ws/install/turtlebot3_gazebo/share/turtlebot3_gazebo//models/turtlebot3_drl_world/inner_walls_large/model.sdf
-- Symlinking: /home/kangsoonhyuk/drl_ws/install/turtlebot3_gazebo/share/turtlebot3_gazebo//models/turtlebot3_drl_world/long_wall/model.config
-- Symlinking: /home/kangsoonhyuk/drl_ws/install/turtlebot3_gazebo/share/turtlebot3_gazebo//models/turtlebot3_drl_world/long_wall/model.sdf
-- Symlinking: /home/kangsoonhyuk/drl_ws/install/turtlebot3_gazebo/share/turtlebot3_gazebo//models/turtlebot3_drl_world/model.config
-- Symlinking: /home/kangsoonhyuk/drl_ws/install/turtlebot3_gazebo/share/turtlebot3_gazebo//models/turtlebot3_drl_world/model.sdf
-- Symlinking: /home/kangsoonhyuk/drl_ws/install/turtlebot3_gazebo/share/turtlebot3_gazebo//models/turtlebot3_drl_world/obstacle1/model.config
-- Symlinking: /home/kangsoonhyuk/drl_ws/install/turtlebot3_gazebo/share/turtlebot3_gazebo//models/turtlebot3_drl_world/obstacle1/model.sdf
-- Symlinking: /home/kangsoonhyuk/drl_ws/install/turtlebot3_gazebo/share/turtlebot3_gazebo//models/turtlebot3_drl_world/obstacle10/model.config
-- Symlinking: /home/kangsoonhyuk/drl_ws/install/turtlebot3_gazebo/share/turtlebot3_gazebo//models/turtlebot3_drl_world/obstacle10/model.sdf
-- Symlinking: /home/kangsoonhyuk/drl_ws/install/turtlebot3_gazebo/share/turtlebot3_gazebo//models/turtlebot3_drl_world/obstacle11/model.config
-- Symlinking: /home/kangsoonhyuk/drl_ws/install/turtlebot3_gazebo/share/turtlebot3_gazebo//models/turtlebot3_drl_world/obstacle11/model.sdf
-- Symlinking: /home/kangsoonhyuk/drl_ws/install/turtlebot3_gazebo/share/turtlebot3_gazebo//models/turtlebot3_drl_world/obstacle12/model.config
-- Symlinking: /home/kangsoonhyuk/drl_ws/install/turtlebot3_gazebo/share/turtlebot3_gazebo//models/turtlebot3_drl_world/obstacle12/model.sdf
-- Symlinking: /home/kangsoonhyuk/drl_ws/install/turtlebot3_gazebo/share/turtlebot3_gazebo//models/turtlebot3_drl_world/obstacle2/model.config
-- Symlinking: /home/kangsoonhyuk/drl_ws/install/turtlebot3_gazebo/share/turtlebot3_gazebo//models/turtlebot3_drl_world/obstacle2/model.sdf
-- Symlinking: /home/kangsoonhyuk/drl_ws/install/turtlebot3_gazebo/share/turtlebot3_gazebo//models/turtlebot3_drl_world/obstacle3/model.config
-- Symlinking: /home/kangsoonhyuk/drl_ws/install/turtlebot3_gazebo/share/turtlebot3_gazebo//models/turtlebot3_drl_world/obstacle3/model.sdf
-- Symlinking: /home/kangsoonhyuk/drl_ws/install/turtlebot3_gazebo/share/turtlebot3_gazebo//models/turtlebot3_drl_world/obstacle4/model.config
-- Symlinking: /home/kangsoonhyuk/drl_ws/install/turtlebot3_gazebo/share/turtlebot3_gazebo//models/turtlebot3_drl_world/obstacle4/model.sdf
-- Symlinking: /home/kangsoonhyuk/drl_ws/install/turtlebot3_gazebo/share/turtlebot3_gazebo//models/turtlebot3_drl_world/obstacle5/model.config
-- Symlinking: /home/kangsoonhyuk/drl_ws/install/turtlebot3_gazebo/share/turtlebot3_gazebo//models/turtlebot3_drl_world/obstacle5/model.sdf
-- Symlinking: /home/kangsoonhyuk/drl_ws/install/turtlebot3_gazebo/share/turtlebot3_gazebo//models/turtlebot3_drl_world/obstacle6/model.config
-- Symlinking: /home/kangsoonhyuk/drl_ws/install/turtlebot3_gazebo/share/turtlebot3_gazebo//models/turtlebot3_drl_world/obstacle6/model.sdf
-- Symlinking: /home/kangsoonhyuk/drl_ws/install/turtlebot3_gazebo/share/turtlebot3_gazebo//models/turtlebot3_drl_world/obstacle7/model.config
-- Symlinking: /home/kangsoonhyuk/drl_ws/install/turtlebot3_gazebo/share/turtlebot3_gazebo//models/turtlebot3_drl_world/obstacle7/model.sdf
-- Symlinking: /home/kangsoonhyuk/drl_ws/install/turtlebot3_gazebo/share/turtlebot3_gazebo//models/turtlebot3_drl_world/obstacle8/model.config
-- Symlinking: /home/kangsoonhyuk/drl_ws/install/turtlebot3_gazebo/share/turtlebot3_gazebo//models/turtlebot3_drl_world/obstacle8/model.sdf
-- Symlinking: /home/kangsoonhyuk/drl_ws/install/turtlebot3_gazebo/share/turtlebot3_gazebo//models/turtlebot3_drl_world/obstacle9/model.config
-- Symlinking: /home/kangsoonhyuk/drl_ws/install/turtlebot3_gazebo/share/turtlebot3_gazebo//models/turtlebot3_drl_world/obstacle9/model.sdf
-- Symlinking: /home/kangsoonhyuk/drl_ws/install/turtlebot3_gazebo/share/turtlebot3_gazebo//models/turtlebot3_drl_world/obstacle_plugin/CMakeLists.txt
-- Symlinking: /home/kangsoonhyuk/drl_ws/install/turtlebot3_gazebo/share/turtlebot3_gazebo//models/turtlebot3_drl_world/obstacle_plugin/build/CMakeCache.txt
-- Symlinking: /home/kangsoonhyuk/drl_ws/install/turtlebot3_gazebo/share/turtlebot3_gazebo//models/turtlebot3_drl_world/obstacle_plugin/build/CMakeFiles/3.22.1/CMakeCCompiler.cmake
-- Symlinking: /home/kangsoonhyuk/drl_ws/install/turtlebot3_gazebo/share/turtlebot3_gazebo//models/turtlebot3_drl_world/obstacle_plugin/build/CMakeFiles/3.22.1/CMakeCXXCompiler.cmake
-- Symlinking: /home/kangsoonhyuk/drl_ws/install/turtlebot3_gazebo/share/turtlebot3_gazebo//models/turtlebot3_drl_world/obstacle_plugin/build/CMakeFiles/3.22.1/CMakeDetermineCompilerABI_C.bin
-- Symlinking: /home/kangsoonhyuk/drl_ws/install/turtlebot3_gazebo/share/turtlebot3_gazebo//models/turtlebot3_drl_world/obstacle_plugin/build/CMakeFiles/3.22.1/CMakeDetermineCompilerABI_CXX.bin
-- Symlinking: /home/kangsoonhyuk/drl_ws/install/turtlebot3_gazebo/share/turtlebot3_gazebo//models/turtlebot3_drl_world/obstacle_plugin/build/CMakeFiles/3.22.1/CMakeSystem.cmake
-- Symlinking: /home/kangsoonhyuk/drl_ws/install/turtlebot3_gazebo/share/turtlebot3_gazebo//models/turtlebot3_drl_world/obstacle_plugin/build/CMakeFiles/3.22.1/CompilerIdC/CMakeCCompilerId.c
-- Symlinking: /home/kangsoonhyuk/drl_ws/install/turtlebot3_gazebo/share/turtlebot3_gazebo//models/turtlebot3_drl_world/obstacle_plugin/build/CMakeFiles/3.22.1/CompilerIdC/a.out
-- Symlinking: /home/kangsoonhyuk/drl_ws/install/turtlebot3_gazebo/share/turtlebot3_gazebo//models/turtlebot3_drl_world/obstacle_plugin/build/CMakeFiles/3.22.1/CompilerIdCXX/CMakeCXXCompilerId.cpp
-- Symlinking: /home/kangsoonhyuk/drl_ws/install/turtlebot3_gazebo/share/turtlebot3_gazebo//models/turtlebot3_drl_world/obstacle_plugin/build/CMakeFiles/3.22.1/CompilerIdCXX/a.out
-- Symlinking: /home/kangsoonhyuk/drl_ws/install/turtlebot3_gazebo/share/turtlebot3_gazebo//models/turtlebot3_drl_world/obstacle_plugin/build/CMakeFiles/CMakeDirectoryInformation.cmake
-- Symlinking: /home/kangsoonhyuk/drl_ws/install/turtlebot3_gazebo/share/turtlebot3_gazebo//models/turtlebot3_drl_world/obstacle_plugin/build/CMakeFiles/CMakeOutput.log
-- Symlinking: /home/kangsoonhyuk/drl_ws/install/turtlebot3_gazebo/share/turtlebot3_gazebo//models/turtlebot3_drl_world/obstacle_plugin/build/CMakeFiles/Makefile.cmake
-- Symlinking: /home/kangsoonhyuk/drl_ws/install/turtlebot3_gazebo/share/turtlebot3_gazebo//models/turtlebot3_drl_world/obstacle_plugin/build/CMakeFiles/Makefile2
-- Symlinking: /home/kangsoonhyuk/drl_ws/install/turtlebot3_gazebo/share/turtlebot3_gazebo//models/turtlebot3_drl_world/obstacle_plugin/build/CMakeFiles/TargetDirectories.txt
-- Symlinking: /home/kangsoonhyuk/drl_ws/install/turtlebot3_gazebo/share/turtlebot3_gazebo//models/turtlebot3_drl_world/obstacle_plugin/build/CMakeFiles/cmake.check_cache
-- Symlinking: /home/kangsoonhyuk/drl_ws/install/turtlebot3_gazebo/share/turtlebot3_gazebo//models/turtlebot3_drl_world/obstacle_plugin/build/CMakeFiles/obstacle1.dir/DependInfo.cmake
-- Symlinking: /home/kangsoonhyuk/drl_ws/install/turtlebot3_gazebo/share/turtlebot3_gazebo//models/turtlebot3_drl_world/obstacle_plugin/build/CMakeFiles/obstacle1.dir/build.make
-- Symlinking: /home/kangsoonhyuk/drl_ws/install/turtlebot3_gazebo/share/turtlebot3_gazebo//models/turtlebot3_drl_world/obstacle_plugin/build/CMakeFiles/obstacle1.dir/cmake_clean.cmake
-- Symlinking: /home/kangsoonhyuk/drl_ws/install/turtlebot3_gazebo/share/turtlebot3_gazebo//models/turtlebot3_drl_world/obstacle_plugin/build/CMakeFiles/obstacle1.dir/compiler_depend.make
-- Symlinking: /home/kangsoonhyuk/drl_ws/install/turtlebot3_gazebo/share/turtlebot3_gazebo//models/turtlebot3_drl_world/obstacle_plugin/build/CMakeFiles/obstacle1.dir/compiler_depend.ts
-- Symlinking: /home/kangsoonhyuk/drl_ws/install/turtlebot3_gazebo/share/turtlebot3_gazebo//models/turtlebot3_drl_world/obstacle_plugin/build/CMakeFiles/obstacle1.dir/depend.make
-- Symlinking: /home/kangsoonhyuk/drl_ws/install/turtlebot3_gazebo/share/turtlebot3_gazebo//models/turtlebot3_drl_world/obstacle_plugin/build/CMakeFiles/obstacle1.dir/flags.make
-- Symlinking: /home/kangsoonhyuk/drl_ws/install/turtlebot3_gazebo/share/turtlebot3_gazebo//models/turtlebot3_drl_world/obstacle_plugin/build/CMakeFiles/obstacle1.dir/link.txt
-- Symlinking: /home/kangsoonhyuk/drl_ws/install/turtlebot3_gazebo/share/turtlebot3_gazebo//models/turtlebot3_drl_world/obstacle_plugin/build/CMakeFiles/obstacle1.dir/obstacle1.cc.o
-- Symlinking: /home/kangsoonhyuk/drl_ws/install/turtlebot3_gazebo/share/turtlebot3_gazebo//models/turtlebot3_drl_world/obstacle_plugin/build/CMakeFiles/obstacle1.dir/obstacle1.cc.o.d
-- Symlinking: /home/kangsoonhyuk/drl_ws/install/turtlebot3_gazebo/share/turtlebot3_gazebo//models/turtlebot3_drl_world/obstacle_plugin/build/CMakeFiles/obstacle1.dir/progress.make
-- Symlinking: /home/kangsoonhyuk/drl_ws/install/turtlebot3_gazebo/share/turtlebot3_gazebo//models/turtlebot3_drl_world/obstacle_plugin/build/CMakeFiles/obstacle10.dir/DependInfo.cmake
-- Symlinking: /home/kangsoonhyuk/drl_ws/install/turtlebot3_gazebo/share/turtlebot3_gazebo//models/turtlebot3_drl_world/obstacle_plugin/build/CMakeFiles/obstacle10.dir/build.make
-- Symlinking: /home/kangsoonhyuk/drl_ws/install/turtlebot3_gazebo/share/turtlebot3_gazebo//models/turtlebot3_drl_world/obstacle_plugin/build/CMakeFiles/obstacle10.dir/cmake_clean.cmake
-- Symlinking: /home/kangsoonhyuk/drl_ws/install/turtlebot3_gazebo/share/turtlebot3_gazebo//models/turtlebot3_drl_world/obstacle_plugin/build/CMakeFiles/obstacle10.dir/compiler_depend.make
-- Symlinking: /home/kangsoonhyuk/drl_ws/install/turtlebot3_gazebo/share/turtlebot3_gazebo//models/turtlebot3_drl_world/obstacle_plugin/build/CMakeFiles/obstacle10.dir/compiler_depend.ts
-- Symlinking: /home/kangsoonhyuk/drl_ws/install/turtlebot3_gazebo/share/turtlebot3_gazebo//models/turtlebot3_drl_world/obstacle_plugin/build/CMakeFiles/obstacle10.dir/depend.make
-- Symlinking: /home/kangsoonhyuk/drl_ws/install/turtlebot3_gazebo/share/turtlebot3_gazebo//models/turtlebot3_drl_world/obstacle_plugin/build/CMakeFiles/obstacle10.dir/flags.make
-- Symlinking: /home/kangsoonhyuk/drl_ws/install/turtlebot3_gazebo/share/turtlebot3_gazebo//models/turtlebot3_drl_world/obstacle_plugin/build/CMakeFiles/obstacle10.dir/link.txt
-- Symlinking: /home/kangsoonhyuk/drl_ws/install/turtlebot3_gazebo/share/turtlebot3_gazebo//models/turtlebot3_drl_world/obstacle_plugin/build/CMakeFiles/obstacle10.dir/obstacle10.cc.o
-- Symlinking: /home/kangsoonhyuk/drl_ws/install/turtlebot3_gazebo/share/turtlebot3_gazebo//models/turtlebot3_drl_world/obstacle_plugin/build/CMakeFiles/obstacle10.dir/obstacle10.cc.o.d
-- Symlinking: /home/kangsoonhyuk/drl_ws/install/turtlebot3_gazebo/share/turtlebot3_gazebo//models/turtlebot3_drl_world/obstacle_plugin/build/CMakeFiles/obstacle10.dir/progress.make
-- Symlinking: /home/kangsoonhyuk/drl_ws/install/turtlebot3_gazebo/share/turtlebot3_gazebo//models/turtlebot3_drl_world/obstacle_plugin/build/CMakeFiles/obstacle11.dir/DependInfo.cmake
-- Symlinking: /home/kangsoonhyuk/drl_ws/install/turtlebot3_gazebo/share/turtlebot3_gazebo//models/turtlebot3_drl_world/obstacle_plugin/build/CMakeFiles/obstacle11.dir/build.make
-- Symlinking: /home/kangsoonhyuk/drl_ws/install/turtlebot3_gazebo/share/turtlebot3_gazebo//models/turtlebot3_drl_world/obstacle_plugin/build/CMakeFiles/obstacle11.dir/cmake_clean.cmake
-- Symlinking: /home/kangsoonhyuk/drl_ws/install/turtlebot3_gazebo/share/turtlebot3_gazebo//models/turtlebot3_drl_world/obstacle_plugin/build/CMakeFiles/obstacle11.dir/compiler_depend.make
-- Symlinking: /home/kangsoonhyuk/drl_ws/install/turtlebot3_gazebo/share/turtlebot3_gazebo//models/turtlebot3_drl_world/obstacle_plugin/build/CMakeFiles/obstacle11.dir/compiler_depend.ts
-- Symlinking: /home/kangsoonhyuk/drl_ws/install/turtlebot3_gazebo/share/turtlebot3_gazebo//models/turtlebot3_drl_world/obstacle_plugin/build/CMakeFiles/obstacle11.dir/depend.make
-- Symlinking: /home/kangsoonhyuk/drl_ws/install/turtlebot3_gazebo/share/turtlebot3_gazebo//models/turtlebot3_drl_world/obstacle_plugin/build/CMakeFiles/obstacle11.dir/flags.make
-- Symlinking: /home/kangsoonhyuk/drl_ws/install/turtlebot3_gazebo/share/turtlebot3_gazebo//models/turtlebot3_drl_world/obstacle_plugin/build/CMakeFiles/obstacle11.dir/link.txt
-- Symlinking: /home/kangsoonhyuk/drl_ws/install/turtlebot3_gazebo/share/turtlebot3_gazebo//models/turtlebot3_drl_world/obstacle_plugin/build/CMakeFiles/obstacle11.dir/obstacle11.cc.o
-- Symlinking: /home/kangsoonhyuk/drl_ws/install/turtlebot3_gazebo/share/turtlebot3_gazebo//models/turtlebot3_drl_world/obstacle_plugin/build/CMakeFiles/obstacle11.dir/obstacle11.cc.o.d
-- Symlinking: /home/kangsoonhyuk/drl_ws/install/turtlebot3_gazebo/share/turtlebot3_gazebo//models/turtlebot3_drl_world/obstacle_plugin/build/CMakeFiles/obstacle11.dir/progress.make
-- Symlinking: /home/kangsoonhyuk/drl_ws/install/turtlebot3_gazebo/share/turtlebot3_gazebo//models/turtlebot3_drl_world/obstacle_plugin/build/CMakeFiles/obstacle12.dir/DependInfo.cmake
-- Symlinking: /home/kangsoonhyuk/drl_ws/install/turtlebot3_gazebo/share/turtlebot3_gazebo//models/turtlebot3_drl_world/obstacle_plugin/build/CMakeFiles/obstacle12.dir/build.make
-- Symlinking: /home/kangsoonhyuk/drl_ws/install/turtlebot3_gazebo/share/turtlebot3_gazebo//models/turtlebot3_drl_world/obstacle_plugin/build/CMakeFiles/obstacle12.dir/cmake_clean.cmake
-- Symlinking: /home/kangsoonhyuk/drl_ws/install/turtlebot3_gazebo/share/turtlebot3_gazebo//models/turtlebot3_drl_world/obstacle_plugin/build/CMakeFiles/obstacle12.dir/compiler_depend.make
-- Symlinking: /home/kangsoonhyuk/drl_ws/install/turtlebot3_gazebo/share/turtlebot3_gazebo//models/turtlebot3_drl_world/obstacle_plugin/build/CMakeFiles/obstacle12.dir/compiler_depend.ts
-- Symlinking: /home/kangsoonhyuk/drl_ws/install/turtlebot3_gazebo/share/turtlebot3_gazebo//models/turtlebot3_drl_world/obstacle_plugin/build/CMakeFiles/obstacle12.dir/depend.make
-- Symlinking: /home/kangsoonhyuk/drl_ws/install/turtlebot3_gazebo/share/turtlebot3_gazebo//models/turtlebot3_drl_world/obstacle_plugin/build/CMakeFiles/obstacle12.dir/flags.make
-- Symlinking: /home/kangsoonhyuk/drl_ws/install/turtlebot3_gazebo/share/turtlebot3_gazebo//models/turtlebot3_drl_world/obstacle_plugin/build/CMakeFiles/obstacle12.dir/link.txt
-- Symlinking: /home/kangsoonhyuk/drl_ws/install/turtlebot3_gazebo/share/turtlebot3_gazebo//models/turtlebot3_drl_world/obstacle_plugin/build/CMakeFiles/obstacle12.dir/obstacle12.cc.o
-- Symlinking: /home/kangsoonhyuk/drl_ws/install/turtlebot3_gazebo/share/turtlebot3_gazebo//models/turtlebot3_drl_world/obstacle_plugin/build/CMakeFiles/obstacle12.dir/obstacle12.cc.o.d
-- Symlinking: /home/kangsoonhyuk/drl_ws/install/turtlebot3_gazebo/share/turtlebot3_gazebo//models/turtlebot3_drl_world/obstacle_plugin/build/CMakeFiles/obstacle12.dir/progress.make
-- Symlinking: /home/kangsoonhyuk/drl_ws/install/turtlebot3_gazebo/share/turtlebot3_gazebo//models/turtlebot3_drl_world/obstacle_plugin/build/CMakeFiles/obstacle2.dir/DependInfo.cmake
-- Symlinking: /home/kangsoonhyuk/drl_ws/install/turtlebot3_gazebo/share/turtlebot3_gazebo//models/turtlebot3_drl_world/obstacle_plugin/build/CMakeFiles/obstacle2.dir/build.make
-- Symlinking: /home/kangsoonhyuk/drl_ws/install/turtlebot3_gazebo/share/turtlebot3_gazebo//models/turtlebot3_drl_world/obstacle_plugin/build/CMakeFiles/obstacle2.dir/cmake_clean.cmake
-- Symlinking: /home/kangsoonhyuk/drl_ws/install/turtlebot3_gazebo/share/turtlebot3_gazebo//models/turtlebot3_drl_world/obstacle_plugin/build/CMakeFiles/obstacle2.dir/compiler_depend.make
-- Symlinking: /home/kangsoonhyuk/drl_ws/install/turtlebot3_gazebo/share/turtlebot3_gazebo//models/turtlebot3_drl_world/obstacle_plugin/build/CMakeFiles/obstacle2.dir/compiler_depend.ts
-- Symlinking: /home/kangsoonhyuk/drl_ws/install/turtlebot3_gazebo/share/turtlebot3_gazebo//models/turtlebot3_drl_world/obstacle_plugin/build/CMakeFiles/obstacle2.dir/depend.make
-- Symlinking: /home/kangsoonhyuk/drl_ws/install/turtlebot3_gazebo/share/turtlebot3_gazebo//models/turtlebot3_drl_world/obstacle_plugin/build/CMakeFiles/obstacle2.dir/flags.make
-- Symlinking: /home/kangsoonhyuk/drl_ws/install/turtlebot3_gazebo/share/turtlebot3_gazebo//models/turtlebot3_drl_world/obstacle_plugin/build/CMakeFiles/obstacle2.dir/link.txt
-- Symlinking: /home/kangsoonhyuk/drl_ws/install/turtlebot3_gazebo/share/turtlebot3_gazebo//models/turtlebot3_drl_world/obstacle_plugin/build/CMakeFiles/obstacle2.dir/obstacle2.cc.o
-- Symlinking: /home/kangsoonhyuk/drl_ws/install/turtlebot3_gazebo/share/turtlebot3_gazebo//models/turtlebot3_drl_world/obstacle_plugin/build/CMakeFiles/obstacle2.dir/obstacle2.cc.o.d
-- Symlinking: /home/kangsoonhyuk/drl_ws/install/turtlebot3_gazebo/share/turtlebot3_gazebo//models/turtlebot3_drl_world/obstacle_plugin/build/CMakeFiles/obstacle2.dir/progress.make
-- Symlinking: /home/kangsoonhyuk/drl_ws/install/turtlebot3_gazebo/share/turtlebot3_gazebo//models/turtlebot3_drl_world/obstacle_plugin/build/CMakeFiles/obstacle3.dir/DependInfo.cmake
-- Symlinking: /home/kangsoonhyuk/drl_ws/install/turtlebot3_gazebo/share/turtlebot3_gazebo//models/turtlebot3_drl_world/obstacle_plugin/build/CMakeFiles/obstacle3.dir/build.make
-- Symlinking: /home/kangsoonhyuk/drl_ws/install/turtlebot3_gazebo/share/turtlebot3_gazebo//models/turtlebot3_drl_world/obstacle_plugin/build/CMakeFiles/obstacle3.dir/cmake_clean.cmake
-- Symlinking: /home/kangsoonhyuk/drl_ws/install/turtlebot3_gazebo/share/turtlebot3_gazebo//models/turtlebot3_drl_world/obstacle_plugin/build/CMakeFiles/obstacle3.dir/compiler_depend.make
-- Symlinking: /home/kangsoonhyuk/drl_ws/install/turtlebot3_gazebo/share/turtlebot3_gazebo//models/turtlebot3_drl_world/obstacle_plugin/build/CMakeFiles/obstacle3.dir/compiler_depend.ts
-- Symlinking: /home/kangsoonhyuk/drl_ws/install/turtlebot3_gazebo/share/turtlebot3_gazebo//models/turtlebot3_drl_world/obstacle_plugin/build/CMakeFiles/obstacle3.dir/depend.make
-- Symlinking: /home/kangsoonhyuk/drl_ws/install/turtlebot3_gazebo/share/turtlebot3_gazebo//models/turtlebot3_drl_world/obstacle_plugin/build/CMakeFiles/obstacle3.dir/flags.make
-- Symlinking: /home/kangsoonhyuk/drl_ws/install/turtlebot3_gazebo/share/turtlebot3_gazebo//models/turtlebot3_drl_world/obstacle_plugin/build/CMakeFiles/obstacle3.dir/link.txt
-- Symlinking: /home/kangsoonhyuk/drl_ws/install/turtlebot3_gazebo/share/turtlebot3_gazebo//models/turtlebot3_drl_world/obstacle_plugin/build/CMakeFiles/obstacle3.dir/obstacle3.cc.o
-- Symlinking: /home/kangsoonhyuk/drl_ws/install/turtlebot3_gazebo/share/turtlebot3_gazebo//models/turtlebot3_drl_world/obstacle_plugin/build/CMakeFiles/obstacle3.dir/obstacle3.cc.o.d
-- Symlinking: /home/kangsoonhyuk/drl_ws/install/turtlebot3_gazebo/share/turtlebot3_gazebo//models/turtlebot3_drl_world/obstacle_plugin/build/CMakeFiles/obstacle3.dir/progress.make
-- Symlinking: /home/kangsoonhyuk/drl_ws/install/turtlebot3_gazebo/share/turtlebot3_gazebo//models/turtlebot3_drl_world/obstacle_plugin/build/CMakeFiles/obstacle4.dir/DependInfo.cmake
-- Symlinking: /home/kangsoonhyuk/drl_ws/install/turtlebot3_gazebo/share/turtlebot3_gazebo//models/turtlebot3_drl_world/obstacle_plugin/build/CMakeFiles/obstacle4.dir/build.make
-- Symlinking: /home/kangsoonhyuk/drl_ws/install/turtlebot3_gazebo/share/turtlebot3_gazebo//models/turtlebot3_drl_world/obstacle_plugin/build/CMakeFiles/obstacle4.dir/cmake_clean.cmake
-- Symlinking: /home/kangsoonhyuk/drl_ws/install/turtlebot3_gazebo/share/turtlebot3_gazebo//models/turtlebot3_drl_world/obstacle_plugin/build/CMakeFiles/obstacle4.dir/compiler_depend.make
-- Symlinking: /home/kangsoonhyuk/drl_ws/install/turtlebot3_gazebo/share/turtlebot3_gazebo//models/turtlebot3_drl_world/obstacle_plugin/build/CMakeFiles/obstacle4.dir/compiler_depend.ts
-- Symlinking: /home/kangsoonhyuk/drl_ws/install/turtlebot3_gazebo/share/turtlebot3_gazebo//models/turtlebot3_drl_world/obstacle_plugin/build/CMakeFiles/obstacle4.dir/depend.make
-- Symlinking: /home/kangsoonhyuk/drl_ws/install/turtlebot3_gazebo/share/turtlebot3_gazebo//models/turtlebot3_drl_world/obstacle_plugin/build/CMakeFiles/obstacle4.dir/flags.make
-- Symlinking: /home/kangsoonhyuk/drl_ws/install/turtlebot3_gazebo/share/turtlebot3_gazebo//models/turtlebot3_drl_world/obstacle_plugin/build/CMakeFiles/obstacle4.dir/link.txt
-- Symlinking: /home/kangsoonhyuk/drl_ws/install/turtlebot3_gazebo/share/turtlebot3_gazebo//models/turtlebot3_drl_world/obstacle_plugin/build/CMakeFiles/obstacle4.dir/obstacle4.cc.o
-- Symlinking: /home/kangsoonhyuk/drl_ws/install/turtlebot3_gazebo/share/turtlebot3_gazebo//models/turtlebot3_drl_world/obstacle_plugin/build/CMakeFiles/obstacle4.dir/obstacle4.cc.o.d
-- Symlinking: /home/kangsoonhyuk/drl_ws/install/turtlebot3_gazebo/share/turtlebot3_gazebo//models/turtlebot3_drl_world/obstacle_plugin/build/CMakeFiles/obstacle4.dir/progress.make
-- Symlinking: /home/kangsoonhyuk/drl_ws/install/turtlebot3_gazebo/share/turtlebot3_gazebo//models/turtlebot3_drl_world/obstacle_plugin/build/CMakeFiles/obstacle5.dir/DependInfo.cmake
-- Symlinking: /home/kangsoonhyuk/drl_ws/install/turtlebot3_gazebo/share/turtlebot3_gazebo//models/turtlebot3_drl_world/obstacle_plugin/build/CMakeFiles/obstacle5.dir/build.make
-- Symlinking: /home/kangsoonhyuk/drl_ws/install/turtlebot3_gazebo/share/turtlebot3_gazebo//models/turtlebot3_drl_world/obstacle_plugin/build/CMakeFiles/obstacle5.dir/cmake_clean.cmake
-- Symlinking: /home/kangsoonhyuk/drl_ws/install/turtlebot3_gazebo/share/turtlebot3_gazebo//models/turtlebot3_drl_world/obstacle_plugin/build/CMakeFiles/obstacle5.dir/compiler_depend.make
-- Symlinking: /home/kangsoonhyuk/drl_ws/install/turtlebot3_gazebo/share/turtlebot3_gazebo//models/turtlebot3_drl_world/obstacle_plugin/build/CMakeFiles/obstacle5.dir/compiler_depend.ts
-- Symlinking: /home/kangsoonhyuk/drl_ws/install/turtlebot3_gazebo/share/turtlebot3_gazebo//models/turtlebot3_drl_world/obstacle_plugin/build/CMakeFiles/obstacle5.dir/depend.make
-- Symlinking: /home/kangsoonhyuk/drl_ws/install/turtlebot3_gazebo/share/turtlebot3_gazebo//models/turtlebot3_drl_world/obstacle_plugin/build/CMakeFiles/obstacle5.dir/flags.make
-- Symlinking: /home/kangsoonhyuk/drl_ws/install/turtlebot3_gazebo/share/turtlebot3_gazebo//models/turtlebot3_drl_world/obstacle_plugin/build/CMakeFiles/obstacle5.dir/link.txt
-- Symlinking: /home/kangsoonhyuk/drl_ws/install/turtlebot3_gazebo/share/turtlebot3_gazebo//models/turtlebot3_drl_world/obstacle_plugin/build/CMakeFiles/obstacle5.dir/obstacle5.cc.o
-- Symlinking: /home/kangsoonhyuk/drl_ws/install/turtlebot3_gazebo/share/turtlebot3_gazebo//models/turtlebot3_drl_world/obstacle_plugin/build/CMakeFiles/obstacle5.dir/obstacle5.cc.o.d
-- Symlinking: /home/kangsoonhyuk/drl_ws/install/turtlebot3_gazebo/share/turtlebot3_gazebo//models/turtlebot3_drl_world/obstacle_plugin/build/CMakeFiles/obstacle5.dir/progress.make
-- Symlinking: /home/kangsoonhyuk/drl_ws/install/turtlebot3_gazebo/share/turtlebot3_gazebo//models/turtlebot3_drl_world/obstacle_plugin/build/CMakeFiles/obstacle6.dir/DependInfo.cmake
-- Symlinking: /home/kangsoonhyuk/drl_ws/install/turtlebot3_gazebo/share/turtlebot3_gazebo//models/turtlebot3_drl_world/obstacle_plugin/build/CMakeFiles/obstacle6.dir/build.make
-- Symlinking: /home/kangsoonhyuk/drl_ws/install/turtlebot3_gazebo/share/turtlebot3_gazebo//models/turtlebot3_drl_world/obstacle_plugin/build/CMakeFiles/obstacle6.dir/cmake_clean.cmake
-- Symlinking: /home/kangsoonhyuk/drl_ws/install/turtlebot3_gazebo/share/turtlebot3_gazebo//models/turtlebot3_drl_world/obstacle_plugin/build/CMakeFiles/obstacle6.dir/compiler_depend.make
-- Symlinking: /home/kangsoonhyuk/drl_ws/install/turtlebot3_gazebo/share/turtlebot3_gazebo//models/turtlebot3_drl_world/obstacle_plugin/build/CMakeFiles/obstacle6.dir/compiler_depend.ts
-- Symlinking: /home/kangsoonhyuk/drl_ws/install/turtlebot3_gazebo/share/turtlebot3_gazebo//models/turtlebot3_drl_world/obstacle_plugin/build/CMakeFiles/obstacle6.dir/depend.make
-- Symlinking: /home/kangsoonhyuk/drl_ws/install/turtlebot3_gazebo/share/turtlebot3_gazebo//models/turtlebot3_drl_world/obstacle_plugin/build/CMakeFiles/obstacle6.dir/flags.make
-- Symlinking: /home/kangsoonhyuk/drl_ws/install/turtlebot3_gazebo/share/turtlebot3_gazebo//models/turtlebot3_drl_world/obstacle_plugin/build/CMakeFiles/obstacle6.dir/link.txt
-- Symlinking: /home/kangsoonhyuk/drl_ws/install/turtlebot3_gazebo/share/turtlebot3_gazebo//models/turtlebot3_drl_world/obstacle_plugin/build/CMakeFiles/obstacle6.dir/obstacle6.cc.o
-- Symlinking: /home/kangsoonhyuk/drl_ws/install/turtlebot3_gazebo/share/turtlebot3_gazebo//models/turtlebot3_drl_world/obstacle_plugin/build/CMakeFiles/obstacle6.dir/obstacle6.cc.o.d
-- Symlinking: /home/kangsoonhyuk/drl_ws/install/turtlebot3_gazebo/share/turtlebot3_gazebo//models/turtlebot3_drl_world/obstacle_plugin/build/CMakeFiles/obstacle6.dir/progress.make
-- Symlinking: /home/kangsoonhyuk/drl_ws/install/turtlebot3_gazebo/share/turtlebot3_gazebo//models/turtlebot3_drl_world/obstacle_plugin/build/CMakeFiles/obstacle7.dir/DependInfo.cmake
-- Symlinking: /home/kangsoonhyuk/drl_ws/install/turtlebot3_gazebo/share/turtlebot3_gazebo//models/turtlebot3_drl_world/obstacle_plugin/build/CMakeFiles/obstacle7.dir/build.make
-- Symlinking: /home/kangsoonhyuk/drl_ws/install/turtlebot3_gazebo/share/turtlebot3_gazebo//models/turtlebot3_drl_world/obstacle_plugin/build/CMakeFiles/obstacle7.dir/cmake_clean.cmake
-- Symlinking: /home/kangsoonhyuk/drl_ws/install/turtlebot3_gazebo/share/turtlebot3_gazebo//models/turtlebot3_drl_world/obstacle_plugin/build/CMakeFiles/obstacle7.dir/compiler_depend.make
-- Symlinking: /home/kangsoonhyuk/drl_ws/install/turtlebot3_gazebo/share/turtlebot3_gazebo//models/turtlebot3_drl_world/obstacle_plugin/build/CMakeFiles/obstacle7.dir/compiler_depend.ts
-- Symlinking: /home/kangsoonhyuk/drl_ws/install/turtlebot3_gazebo/share/turtlebot3_gazebo//models/turtlebot3_drl_world/obstacle_plugin/build/CMakeFiles/obstacle7.dir/depend.make
-- Symlinking: /home/kangsoonhyuk/drl_ws/install/turtlebot3_gazebo/share/turtlebot3_gazebo//models/turtlebot3_drl_world/obstacle_plugin/build/CMakeFiles/obstacle7.dir/flags.make
-- Symlinking: /home/kangsoonhyuk/drl_ws/install/turtlebot3_gazebo/share/turtlebot3_gazebo//models/turtlebot3_drl_world/obstacle_plugin/build/CMakeFiles/obstacle7.dir/link.txt
-- Symlinking: /home/kangsoonhyuk/drl_ws/install/turtlebot3_gazebo/share/turtlebot3_gazebo//models/turtlebot3_drl_world/obstacle_plugin/build/CMakeFiles/obstacle7.dir/obstacle7.cc.o
-- Symlinking: /home/kangsoonhyuk/drl_ws/install/turtlebot3_gazebo/share/turtlebot3_gazebo//models/turtlebot3_drl_world/obstacle_plugin/build/CMakeFiles/obstacle7.dir/obstacle7.cc.o.d
-- Symlinking: /home/kangsoonhyuk/drl_ws/install/turtlebot3_gazebo/share/turtlebot3_gazebo//models/turtlebot3_drl_world/obstacle_plugin/build/CMakeFiles/obstacle7.dir/progress.make
-- Symlinking: /home/kangsoonhyuk/drl_ws/install/turtlebot3_gazebo/share/turtlebot3_gazebo//models/turtlebot3_drl_world/obstacle_plugin/build/CMakeFiles/obstacle8.dir/DependInfo.cmake
-- Symlinking: /home/kangsoonhyuk/drl_ws/install/turtlebot3_gazebo/share/turtlebot3_gazebo//models/turtlebot3_drl_world/obstacle_plugin/build/CMakeFiles/obstacle8.dir/build.make
-- Symlinking: /home/kangsoonhyuk/drl_ws/install/turtlebot3_gazebo/share/turtlebot3_gazebo//models/turtlebot3_drl_world/obstacle_plugin/build/CMakeFiles/obstacle8.dir/cmake_clean.cmake
-- Symlinking: /home/kangsoonhyuk/drl_ws/install/turtlebot3_gazebo/share/turtlebot3_gazebo//models/turtlebot3_drl_world/obstacle_plugin/build/CMakeFiles/obstacle8.dir/compiler_depend.make
-- Symlinking: /home/kangsoonhyuk/drl_ws/install/turtlebot3_gazebo/share/turtlebot3_gazebo//models/turtlebot3_drl_world/obstacle_plugin/build/CMakeFiles/obstacle8.dir/compiler_depend.ts
-- Symlinking: /home/kangsoonhyuk/drl_ws/install/turtlebot3_gazebo/share/turtlebot3_gazebo//models/turtlebot3_drl_world/obstacle_plugin/build/CMakeFiles/obstacle8.dir/depend.make
-- Symlinking: /home/kangsoonhyuk/drl_ws/install/turtlebot3_gazebo/share/turtlebot3_gazebo//models/turtlebot3_drl_world/obstacle_plugin/build/CMakeFiles/obstacle8.dir/flags.make
-- Symlinking: /home/kangsoonhyuk/drl_ws/install/turtlebot3_gazebo/share/turtlebot3_gazebo//models/turtlebot3_drl_world/obstacle_plugin/build/CMakeFiles/obstacle8.dir/link.txt
-- Symlinking: /home/kangsoonhyuk/drl_ws/install/turtlebot3_gazebo/share/turtlebot3_gazebo//models/turtlebot3_drl_world/obstacle_plugin/build/CMakeFiles/obstacle8.dir/obstacle8.cc.o
-- Symlinking: /home/kangsoonhyuk/drl_ws/install/turtlebot3_gazebo/share/turtlebot3_gazebo//models/turtlebot3_drl_world/obstacle_plugin/build/CMakeFiles/obstacle8.dir/obstacle8.cc.o.d
-- Symlinking: /home/kangsoonhyuk/drl_ws/install/turtlebot3_gazebo/share/turtlebot3_gazebo//models/turtlebot3_drl_world/obstacle_plugin/build/CMakeFiles/obstacle8.dir/progress.make
-- Symlinking: /home/kangsoonhyuk/drl_ws/install/turtlebot3_gazebo/share/turtlebot3_gazebo//models/turtlebot3_drl_world/obstacle_plugin/build/CMakeFiles/obstacle9.dir/DependInfo.cmake
-- Symlinking: /home/kangsoonhyuk/drl_ws/install/turtlebot3_gazebo/share/turtlebot3_gazebo//models/turtlebot3_drl_world/obstacle_plugin/build/CMakeFiles/obstacle9.dir/build.make
-- Symlinking: /home/kangsoonhyuk/drl_ws/install/turtlebot3_gazebo/share/turtlebot3_gazebo//models/turtlebot3_drl_world/obstacle_plugin/build/CMakeFiles/obstacle9.dir/cmake_clean.cmake
-- Symlinking: /home/kangsoonhyuk/drl_ws/install/turtlebot3_gazebo/share/turtlebot3_gazebo//models/turtlebot3_drl_world/obstacle_plugin/build/CMakeFiles/obstacle9.dir/compiler_depend.make
-- Symlinking: /home/kangsoonhyuk/drl_ws/install/turtlebot3_gazebo/share/turtlebot3_gazebo//models/turtlebot3_drl_world/obstacle_plugin/build/CMakeFiles/obstacle9.dir/compiler_depend.ts
-- Symlinking: /home/kangsoonhyuk/drl_ws/install/turtlebot3_gazebo/share/turtlebot3_gazebo//models/turtlebot3_drl_world/obstacle_plugin/build/CMakeFiles/obstacle9.dir/depend.make
-- Symlinking: /home/kangsoonhyuk/drl_ws/install/turtlebot3_gazebo/share/turtlebot3_gazebo//models/turtlebot3_drl_world/obstacle_plugin/build/CMakeFiles/obstacle9.dir/flags.make
-- Symlinking: /home/kangsoonhyuk/drl_ws/install/turtlebot3_gazebo/share/turtlebot3_gazebo//models/turtlebot3_drl_world/obstacle_plugin/build/CMakeFiles/obstacle9.dir/link.txt
-- Symlinking: /home/kangsoonhyuk/drl_ws/install/turtlebot3_gazebo/share/turtlebot3_gazebo//models/turtlebot3_drl_world/obstacle_plugin/build/CMakeFiles/obstacle9.dir/obstacle9.cc.o
-- Symlinking: /home/kangsoonhyuk/drl_ws/install/turtlebot3_gazebo/share/turtlebot3_gazebo//models/turtlebot3_drl_world/obstacle_plugin/build/CMakeFiles/obstacle9.dir/obstacle9.cc.o.d
-- Symlinking: /home/kangsoonhyuk/drl_ws/install/turtlebot3_gazebo/share/turtlebot3_gazebo//models/turtlebot3_drl_world/obstacle_plugin/build/CMakeFiles/obstacle9.dir/progress.make
-- Symlinking: /home/kangsoonhyuk/drl_ws/install/turtlebot3_gazebo/share/turtlebot3_gazebo//models/turtlebot3_drl_world/obstacle_plugin/build/CMakeFiles/obstacles.dir/DependInfo.cmake
-- Symlinking: /home/kangsoonhyuk/drl_ws/install/turtlebot3_gazebo/share/turtlebot3_gazebo//models/turtlebot3_drl_world/obstacle_plugin/build/CMakeFiles/obstacles.dir/build.make
-- Symlinking: /home/kangsoonhyuk/drl_ws/install/turtlebot3_gazebo/share/turtlebot3_gazebo//models/turtlebot3_drl_world/obstacle_plugin/build/CMakeFiles/obstacles.dir/cmake_clean.cmake
-- Symlinking: /home/kangsoonhyuk/drl_ws/install/turtlebot3_gazebo/share/turtlebot3_gazebo//models/turtlebot3_drl_world/obstacle_plugin/build/CMakeFiles/obstacles.dir/compiler_depend.make
-- Symlinking: /home/kangsoonhyuk/drl_ws/install/turtlebot3_gazebo/share/turtlebot3_gazebo//models/turtlebot3_drl_world/obstacle_plugin/build/CMakeFiles/obstacles.dir/compiler_depend.ts
-- Symlinking: /home/kangsoonhyuk/drl_ws/install/turtlebot3_gazebo/share/turtlebot3_gazebo//models/turtlebot3_drl_world/obstacle_plugin/build/CMakeFiles/obstacles.dir/depend.make
-- Symlinking: /home/kangsoonhyuk/drl_ws/install/turtlebot3_gazebo/share/turtlebot3_gazebo//models/turtlebot3_drl_world/obstacle_plugin/build/CMakeFiles/obstacles.dir/flags.make
-- Symlinking: /home/kangsoonhyuk/drl_ws/install/turtlebot3_gazebo/share/turtlebot3_gazebo//models/turtlebot3_drl_world/obstacle_plugin/build/CMakeFiles/obstacles.dir/link.txt
-- Symlinking: /home/kangsoonhyuk/drl_ws/install/turtlebot3_gazebo/share/turtlebot3_gazebo//models/turtlebot3_drl_world/obstacle_plugin/build/CMakeFiles/obstacles.dir/obstacles.cc.o
-- Symlinking: /home/kangsoonhyuk/drl_ws/install/turtlebot3_gazebo/share/turtlebot3_gazebo//models/turtlebot3_drl_world/obstacle_plugin/build/CMakeFiles/obstacles.dir/obstacles.cc.o.d
-- Symlinking: /home/kangsoonhyuk/drl_ws/install/turtlebot3_gazebo/share/turtlebot3_gazebo//models/turtlebot3_drl_world/obstacle_plugin/build/CMakeFiles/obstacles.dir/progress.make
-- Symlinking: /home/kangsoonhyuk/drl_ws/install/turtlebot3_gazebo/share/turtlebot3_gazebo//models/turtlebot3_drl_world/obstacle_plugin/build/CMakeFiles/progress.marks
-- Symlinking: /home/kangsoonhyuk/drl_ws/install/turtlebot3_gazebo/share/turtlebot3_gazebo//models/turtlebot3_drl_world/obstacle_plugin/build/Makefile
-- Symlinking: /home/kangsoonhyuk/drl_ws/install/turtlebot3_gazebo/share/turtlebot3_gazebo//models/turtlebot3_drl_world/obstacle_plugin/build/cmake_install.cmake
-- Symlinking: /home/kangsoonhyuk/drl_ws/install/turtlebot3_gazebo/share/turtlebot3_gazebo//models/turtlebot3_drl_world/obstacle_plugin/build/libobstacle1.so
-- Symlinking: /home/kangsoonhyuk/drl_ws/install/turtlebot3_gazebo/share/turtlebot3_gazebo//models/turtlebot3_drl_world/obstacle_plugin/build/libobstacle10.so
-- Symlinking: /home/kangsoonhyuk/drl_ws/install/turtlebot3_gazebo/share/turtlebot3_gazebo//models/turtlebot3_drl_world/obstacle_plugin/build/libobstacle11.so
-- Symlinking: /home/kangsoonhyuk/drl_ws/install/turtlebot3_gazebo/share/turtlebot3_gazebo//models/turtlebot3_drl_world/obstacle_plugin/build/libobstacle12.so
-- Symlinking: /home/kangsoonhyuk/drl_ws/install/turtlebot3_gazebo/share/turtlebot3_gazebo//models/turtlebot3_drl_world/obstacle_plugin/build/libobstacle2.so
-- Symlinking: /home/kangsoonhyuk/drl_ws/install/turtlebot3_gazebo/share/turtlebot3_gazebo//models/turtlebot3_drl_world/obstacle_plugin/build/libobstacle3.so
-- Symlinking: /home/kangsoonhyuk/drl_ws/install/turtlebot3_gazebo/share/turtlebot3_gazebo//models/turtlebot3_drl_world/obstacle_plugin/build/libobstacle4.so
-- Symlinking: /home/kangsoonhyuk/drl_ws/install/turtlebot3_gazebo/share/turtlebot3_gazebo//models/turtlebot3_drl_world/obstacle_plugin/build/libobstacle5.so
-- Symlinking: /home/kangsoonhyuk/drl_ws/install/turtlebot3_gazebo/share/turtlebot3_gazebo//models/turtlebot3_drl_world/obstacle_plugin/build/libobstacle6.so
-- Symlinking: /home/kangsoonhyuk/drl_ws/install/turtlebot3_gazebo/share/turtlebot3_gazebo//models/turtlebot3_drl_world/obstacle_plugin/build/libobstacle7.so
-- Symlinking: /home/kangsoonhyuk/drl_ws/install/turtlebot3_gazebo/share/turtlebot3_gazebo//models/turtlebot3_drl_world/obstacle_plugin/build/libobstacle8.so
-- Symlinking: /home/kangsoonhyuk/drl_ws/install/turtlebot3_gazebo/share/turtlebot3_gazebo//models/turtlebot3_drl_world/obstacle_plugin/build/libobstacle9.so
-- Symlinking: /home/kangsoonhyuk/drl_ws/install/turtlebot3_gazebo/share/turtlebot3_gazebo//models/turtlebot3_drl_world/obstacle_plugin/build/libobstacles.so
-- Symlinking: /home/kangsoonhyuk/drl_ws/install/turtlebot3_gazebo/share/turtlebot3_gazebo//models/turtlebot3_drl_world/obstacle_plugin/lib/CMakeCache.txt
-- Symlinking: /home/kangsoonhyuk/drl_ws/install/turtlebot3_gazebo/share/turtlebot3_gazebo//models/turtlebot3_drl_world/obstacle_plugin/lib/CMakeFiles/3.16.3/CMakeCCompiler.cmake
-- Symlinking: /home/kangsoonhyuk/drl_ws/install/turtlebot3_gazebo/share/turtlebot3_gazebo//models/turtlebot3_drl_world/obstacle_plugin/lib/CMakeFiles/3.16.3/CMakeCXXCompiler.cmake
-- Symlinking: /home/kangsoonhyuk/drl_ws/install/turtlebot3_gazebo/share/turtlebot3_gazebo//models/turtlebot3_drl_world/obstacle_plugin/lib/CMakeFiles/3.16.3/CMakeDetermineCompilerABI_C.bin
-- Symlinking: /home/kangsoonhyuk/drl_ws/install/turtlebot3_gazebo/share/turtlebot3_gazebo//models/turtlebot3_drl_world/obstacle_plugin/lib/CMakeFiles/3.16.3/CMakeDetermineCompilerABI_CXX.bin
-- Symlinking: /home/kangsoonhyuk/drl_ws/install/turtlebot3_gazebo/share/turtlebot3_gazebo//models/turtlebot3_drl_world/obstacle_plugin/lib/CMakeFiles/3.16.3/CMakeSystem.cmake
-- Symlinking: /home/kangsoonhyuk/drl_ws/install/turtlebot3_gazebo/share/turtlebot3_gazebo//models/turtlebot3_drl_world/obstacle_plugin/lib/CMakeFiles/3.16.3/CompilerIdC/CMakeCCompilerId.c
-- Symlinking: /home/kangsoonhyuk/drl_ws/install/turtlebot3_gazebo/share/turtlebot3_gazebo//models/turtlebot3_drl_world/obstacle_plugin/lib/CMakeFiles/3.16.3/CompilerIdC/a.out
-- Symlinking: /home/kangsoonhyuk/drl_ws/install/turtlebot3_gazebo/share/turtlebot3_gazebo//models/turtlebot3_drl_world/obstacle_plugin/lib/CMakeFiles/3.16.3/CompilerIdCXX/CMakeCXXCompilerId.cpp
-- Symlinking: /home/kangsoonhyuk/drl_ws/install/turtlebot3_gazebo/share/turtlebot3_gazebo//models/turtlebot3_drl_world/obstacle_plugin/lib/CMakeFiles/3.16.3/CompilerIdCXX/a.out
-- Symlinking: /home/kangsoonhyuk/drl_ws/install/turtlebot3_gazebo/share/turtlebot3_gazebo//models/turtlebot3_drl_world/obstacle_plugin/lib/CMakeFiles/CMakeDirectoryInformation.cmake
-- Symlinking: /home/kangsoonhyuk/drl_ws/install/turtlebot3_gazebo/share/turtlebot3_gazebo//models/turtlebot3_drl_world/obstacle_plugin/lib/CMakeFiles/CMakeError.log
-- Symlinking: /home/kangsoonhyuk/drl_ws/install/turtlebot3_gazebo/share/turtlebot3_gazebo//models/turtlebot3_drl_world/obstacle_plugin/lib/CMakeFiles/CMakeOutput.log
-- Symlinking: /home/kangsoonhyuk/drl_ws/install/turtlebot3_gazebo/share/turtlebot3_gazebo//models/turtlebot3_drl_world/obstacle_plugin/lib/CMakeFiles/Makefile.cmake
-- Symlinking: /home/kangsoonhyuk/drl_ws/install/turtlebot3_gazebo/share/turtlebot3_gazebo//models/turtlebot3_drl_world/obstacle_plugin/lib/CMakeFiles/Makefile2
-- Symlinking: /home/kangsoonhyuk/drl_ws/install/turtlebot3_gazebo/share/turtlebot3_gazebo//models/turtlebot3_drl_world/obstacle_plugin/lib/CMakeFiles/TargetDirectories.txt
-- Symlinking: /home/kangsoonhyuk/drl_ws/install/turtlebot3_gazebo/share/turtlebot3_gazebo//models/turtlebot3_drl_world/obstacle_plugin/lib/CMakeFiles/cmake.check_cache
-- Symlinking: /home/kangsoonhyuk/drl_ws/install/turtlebot3_gazebo/share/turtlebot3_gazebo//models/turtlebot3_drl_world/obstacle_plugin/lib/CMakeFiles/obstacle1.dir/CXX.includecache
-- Symlinking: /home/kangsoonhyuk/drl_ws/install/turtlebot3_gazebo/share/turtlebot3_gazebo//models/turtlebot3_drl_world/obstacle_plugin/lib/CMakeFiles/obstacle1.dir/DependInfo.cmake
-- Symlinking: /home/kangsoonhyuk/drl_ws/install/turtlebot3_gazebo/share/turtlebot3_gazebo//models/turtlebot3_drl_world/obstacle_plugin/lib/CMakeFiles/obstacle1.dir/build.make
-- Symlinking: /home/kangsoonhyuk/drl_ws/install/turtlebot3_gazebo/share/turtlebot3_gazebo//models/turtlebot3_drl_world/obstacle_plugin/lib/CMakeFiles/obstacle1.dir/cmake_clean.cmake
-- Symlinking: /home/kangsoonhyuk/drl_ws/install/turtlebot3_gazebo/share/turtlebot3_gazebo//models/turtlebot3_drl_world/obstacle_plugin/lib/CMakeFiles/obstacle1.dir/depend.internal
-- Symlinking: /home/kangsoonhyuk/drl_ws/install/turtlebot3_gazebo/share/turtlebot3_gazebo//models/turtlebot3_drl_world/obstacle_plugin/lib/CMakeFiles/obstacle1.dir/depend.make
-- Symlinking: /home/kangsoonhyuk/drl_ws/install/turtlebot3_gazebo/share/turtlebot3_gazebo//models/turtlebot3_drl_world/obstacle_plugin/lib/CMakeFiles/obstacle1.dir/flags.make
-- Symlinking: /home/kangsoonhyuk/drl_ws/install/turtlebot3_gazebo/share/turtlebot3_gazebo//models/turtlebot3_drl_world/obstacle_plugin/lib/CMakeFiles/obstacle1.dir/link.txt
-- Symlinking: /home/kangsoonhyuk/drl_ws/install/turtlebot3_gazebo/share/turtlebot3_gazebo//models/turtlebot3_drl_world/obstacle_plugin/lib/CMakeFiles/obstacle1.dir/obstacle1.cc.o
-- Symlinking: /home/kangsoonhyuk/drl_ws/install/turtlebot3_gazebo/share/turtlebot3_gazebo//models/turtlebot3_drl_world/obstacle_plugin/lib/CMakeFiles/obstacle1.dir/progress.make
-- Symlinking: /home/kangsoonhyuk/drl_ws/install/turtlebot3_gazebo/share/turtlebot3_gazebo//models/turtlebot3_drl_world/obstacle_plugin/lib/CMakeFiles/obstacle10.dir/CXX.includecache
-- Symlinking: /home/kangsoonhyuk/drl_ws/install/turtlebot3_gazebo/share/turtlebot3_gazebo//models/turtlebot3_drl_world/obstacle_plugin/lib/CMakeFiles/obstacle10.dir/DependInfo.cmake
-- Symlinking: /home/kangsoonhyuk/drl_ws/install/turtlebot3_gazebo/share/turtlebot3_gazebo//models/turtlebot3_drl_world/obstacle_plugin/lib/CMakeFiles/obstacle10.dir/build.make
-- Symlinking: /home/kangsoonhyuk/drl_ws/install/turtlebot3_gazebo/share/turtlebot3_gazebo//models/turtlebot3_drl_world/obstacle_plugin/lib/CMakeFiles/obstacle10.dir/cmake_clean.cmake
-- Symlinking: /home/kangsoonhyuk/drl_ws/install/turtlebot3_gazebo/share/turtlebot3_gazebo//models/turtlebot3_drl_world/obstacle_plugin/lib/CMakeFiles/obstacle10.dir/depend.internal
-- Symlinking: /home/kangsoonhyuk/drl_ws/install/turtlebot3_gazebo/share/turtlebot3_gazebo//models/turtlebot3_drl_world/obstacle_plugin/lib/CMakeFiles/obstacle10.dir/depend.make
-- Symlinking: /home/kangsoonhyuk/drl_ws/install/turtlebot3_gazebo/share/turtlebot3_gazebo//models/turtlebot3_drl_world/obstacle_plugin/lib/CMakeFiles/obstacle10.dir/flags.make
-- Symlinking: /home/kangsoonhyuk/drl_ws/install/turtlebot3_gazebo/share/turtlebot3_gazebo//models/turtlebot3_drl_world/obstacle_plugin/lib/CMakeFiles/obstacle10.dir/link.txt
-- Symlinking: /home/kangsoonhyuk/drl_ws/install/turtlebot3_gazebo/share/turtlebot3_gazebo//models/turtlebot3_drl_world/obstacle_plugin/lib/CMakeFiles/obstacle10.dir/obstacle10.cc.o
-- Symlinking: /home/kangsoonhyuk/drl_ws/install/turtlebot3_gazebo/share/turtlebot3_gazebo//models/turtlebot3_drl_world/obstacle_plugin/lib/CMakeFiles/obstacle10.dir/progress.make
-- Symlinking: /home/kangsoonhyuk/drl_ws/install/turtlebot3_gazebo/share/turtlebot3_gazebo//models/turtlebot3_drl_world/obstacle_plugin/lib/CMakeFiles/obstacle11.dir/CXX.includecache
-- Symlinking: /home/kangsoonhyuk/drl_ws/install/turtlebot3_gazebo/share/turtlebot3_gazebo//models/turtlebot3_drl_world/obstacle_plugin/lib/CMakeFiles/obstacle11.dir/DependInfo.cmake
-- Symlinking: /home/kangsoonhyuk/drl_ws/install/turtlebot3_gazebo/share/turtlebot3_gazebo//models/turtlebot3_drl_world/obstacle_plugin/lib/CMakeFiles/obstacle11.dir/build.make
-- Symlinking: /home/kangsoonhyuk/drl_ws/install/turtlebot3_gazebo/share/turtlebot3_gazebo//models/turtlebot3_drl_world/obstacle_plugin/lib/CMakeFiles/obstacle11.dir/cmake_clean.cmake
-- Symlinking: /home/kangsoonhyuk/drl_ws/install/turtlebot3_gazebo/share/turtlebot3_gazebo//models/turtlebot3_drl_world/obstacle_plugin/lib/CMakeFiles/obstacle11.dir/depend.internal
-- Symlinking: /home/kangsoonhyuk/drl_ws/install/turtlebot3_gazebo/share/turtlebot3_gazebo//models/turtlebot3_drl_world/obstacle_plugin/lib/CMakeFiles/obstacle11.dir/depend.make
-- Symlinking: /home/kangsoonhyuk/drl_ws/install/turtlebot3_gazebo/share/turtlebot3_gazebo//models/turtlebot3_drl_world/obstacle_plugin/lib/CMakeFiles/obstacle11.dir/flags.make
-- Symlinking: /home/kangsoonhyuk/drl_ws/install/turtlebot3_gazebo/share/turtlebot3_gazebo//models/turtlebot3_drl_world/obstacle_plugin/lib/CMakeFiles/obstacle11.dir/link.txt
-- Symlinking: /home/kangsoonhyuk/drl_ws/install/turtlebot3_gazebo/share/turtlebot3_gazebo//models/turtlebot3_drl_world/obstacle_plugin/lib/CMakeFiles/obstacle11.dir/obstacle11.cc.o
-- Symlinking: /home/kangsoonhyuk/drl_ws/install/turtlebot3_gazebo/share/turtlebot3_gazebo//models/turtlebot3_drl_world/obstacle_plugin/lib/CMakeFiles/obstacle11.dir/progress.make
-- Symlinking: /home/kangsoonhyuk/drl_ws/install/turtlebot3_gazebo/share/turtlebot3_gazebo//models/turtlebot3_drl_world/obstacle_plugin/lib/CMakeFiles/obstacle12.dir/CXX.includecache
-- Symlinking: /home/kangsoonhyuk/drl_ws/install/turtlebot3_gazebo/share/turtlebot3_gazebo//models/turtlebot3_drl_world/obstacle_plugin/lib/CMakeFiles/obstacle12.dir/DependInfo.cmake
-- Symlinking: /home/kangsoonhyuk/drl_ws/install/turtlebot3_gazebo/share/turtlebot3_gazebo//models/turtlebot3_drl_world/obstacle_plugin/lib/CMakeFiles/obstacle12.dir/build.make
-- Symlinking: /home/kangsoonhyuk/drl_ws/install/turtlebot3_gazebo/share/turtlebot3_gazebo//models/turtlebot3_drl_world/obstacle_plugin/lib/CMakeFiles/obstacle12.dir/cmake_clean.cmake
-- Symlinking: /home/kangsoonhyuk/drl_ws/install/turtlebot3_gazebo/share/turtlebot3_gazebo//models/turtlebot3_drl_world/obstacle_plugin/lib/CMakeFiles/obstacle12.dir/depend.internal
-- Symlinking: /home/kangsoonhyuk/drl_ws/install/turtlebot3_gazebo/share/turtlebot3_gazebo//models/turtlebot3_drl_world/obstacle_plugin/lib/CMakeFiles/obstacle12.dir/depend.make
-- Symlinking: /home/kangsoonhyuk/drl_ws/install/turtlebot3_gazebo/share/turtlebot3_gazebo//models/turtlebot3_drl_world/obstacle_plugin/lib/CMakeFiles/obstacle12.dir/flags.make
-- Symlinking: /home/kangsoonhyuk/drl_ws/install/turtlebot3_gazebo/share/turtlebot3_gazebo//models/turtlebot3_drl_world/obstacle_plugin/lib/CMakeFiles/obstacle12.dir/link.txt
-- Symlinking: /home/kangsoonhyuk/drl_ws/install/turtlebot3_gazebo/share/turtlebot3_gazebo//models/turtlebot3_drl_world/obstacle_plugin/lib/CMakeFiles/obstacle12.dir/obstacle12.cc.o
-- Symlinking: /home/kangsoonhyuk/drl_ws/install/turtlebot3_gazebo/share/turtlebot3_gazebo//models/turtlebot3_drl_world/obstacle_plugin/lib/CMakeFiles/obstacle12.dir/progress.make
-- Symlinking: /home/kangsoonhyuk/drl_ws/install/turtlebot3_gazebo/share/turtlebot3_gazebo//models/turtlebot3_drl_world/obstacle_plugin/lib/CMakeFiles/obstacle2.dir/CXX.includecache
-- Symlinking: /home/kangsoonhyuk/drl_ws/install/turtlebot3_gazebo/share/turtlebot3_gazebo//models/turtlebot3_drl_world/obstacle_plugin/lib/CMakeFiles/obstacle2.dir/DependInfo.cmake
-- Symlinking: /home/kangsoonhyuk/drl_ws/install/turtlebot3_gazebo/share/turtlebot3_gazebo//models/turtlebot3_drl_world/obstacle_plugin/lib/CMakeFiles/obstacle2.dir/build.make
-- Symlinking: /home/kangsoonhyuk/drl_ws/install/turtlebot3_gazebo/share/turtlebot3_gazebo//models/turtlebot3_drl_world/obstacle_plugin/lib/CMakeFiles/obstacle2.dir/cmake_clean.cmake
-- Symlinking: /home/kangsoonhyuk/drl_ws/install/turtlebot3_gazebo/share/turtlebot3_gazebo//models/turtlebot3_drl_world/obstacle_plugin/lib/CMakeFiles/obstacle2.dir/depend.internal
-- Symlinking: /home/kangsoonhyuk/drl_ws/install/turtlebot3_gazebo/share/turtlebot3_gazebo//models/turtlebot3_drl_world/obstacle_plugin/lib/CMakeFiles/obstacle2.dir/depend.make
-- Symlinking: /home/kangsoonhyuk/drl_ws/install/turtlebot3_gazebo/share/turtlebot3_gazebo//models/turtlebot3_drl_world/obstacle_plugin/lib/CMakeFiles/obstacle2.dir/flags.make
-- Symlinking: /home/kangsoonhyuk/drl_ws/install/turtlebot3_gazebo/share/turtlebot3_gazebo//models/turtlebot3_drl_world/obstacle_plugin/lib/CMakeFiles/obstacle2.dir/link.txt
-- Symlinking: /home/kangsoonhyuk/drl_ws/install/turtlebot3_gazebo/share/turtlebot3_gazebo//models/turtlebot3_drl_world/obstacle_plugin/lib/CMakeFiles/obstacle2.dir/obstacle2.cc.o
-- Symlinking: /home/kangsoonhyuk/drl_ws/install/turtlebot3_gazebo/share/turtlebot3_gazebo//models/turtlebot3_drl_world/obstacle_plugin/lib/CMakeFiles/obstacle2.dir/progress.make
-- Symlinking: /home/kangsoonhyuk/drl_ws/install/turtlebot3_gazebo/share/turtlebot3_gazebo//models/turtlebot3_drl_world/obstacle_plugin/lib/CMakeFiles/obstacle3.dir/CXX.includecache
-- Symlinking: /home/kangsoonhyuk/drl_ws/install/turtlebot3_gazebo/share/turtlebot3_gazebo//models/turtlebot3_drl_world/obstacle_plugin/lib/CMakeFiles/obstacle3.dir/DependInfo.cmake
-- Symlinking: /home/kangsoonhyuk/drl_ws/install/turtlebot3_gazebo/share/turtlebot3_gazebo//models/turtlebot3_drl_world/obstacle_plugin/lib/CMakeFiles/obstacle3.dir/build.make
-- Symlinking: /home/kangsoonhyuk/drl_ws/install/turtlebot3_gazebo/share/turtlebot3_gazebo//models/turtlebot3_drl_world/obstacle_plugin/lib/CMakeFiles/obstacle3.dir/cmake_clean.cmake
-- Symlinking: /home/kangsoonhyuk/drl_ws/install/turtlebot3_gazebo/share/turtlebot3_gazebo//models/turtlebot3_drl_world/obstacle_plugin/lib/CMakeFiles/obstacle3.dir/depend.internal
-- Symlinking: /home/kangsoonhyuk/drl_ws/install/turtlebot3_gazebo/share/turtlebot3_gazebo//models/turtlebot3_drl_world/obstacle_plugin/lib/CMakeFiles/obstacle3.dir/depend.make
-- Symlinking: /home/kangsoonhyuk/drl_ws/install/turtlebot3_gazebo/share/turtlebot3_gazebo//models/turtlebot3_drl_world/obstacle_plugin/lib/CMakeFiles/obstacle3.dir/flags.make
-- Symlinking: /home/kangsoonhyuk/drl_ws/install/turtlebot3_gazebo/share/turtlebot3_gazebo//models/turtlebot3_drl_world/obstacle_plugin/lib/CMakeFiles/obstacle3.dir/link.txt
-- Symlinking: /home/kangsoonhyuk/drl_ws/install/turtlebot3_gazebo/share/turtlebot3_gazebo//models/turtlebot3_drl_world/obstacle_plugin/lib/CMakeFiles/obstacle3.dir/obstacle3.cc.o
-- Symlinking: /home/kangsoonhyuk/drl_ws/install/turtlebot3_gazebo/share/turtlebot3_gazebo//models/turtlebot3_drl_world/obstacle_plugin/lib/CMakeFiles/obstacle3.dir/progress.make
-- Symlinking: /home/kangsoonhyuk/drl_ws/install/turtlebot3_gazebo/share/turtlebot3_gazebo//models/turtlebot3_drl_world/obstacle_plugin/lib/CMakeFiles/obstacle4.dir/CXX.includecache
-- Symlinking: /home/kangsoonhyuk/drl_ws/install/turtlebot3_gazebo/share/turtlebot3_gazebo//models/turtlebot3_drl_world/obstacle_plugin/lib/CMakeFiles/obstacle4.dir/DependInfo.cmake
-- Symlinking: /home/kangsoonhyuk/drl_ws/install/turtlebot3_gazebo/share/turtlebot3_gazebo//models/turtlebot3_drl_world/obstacle_plugin/lib/CMakeFiles/obstacle4.dir/build.make
-- Symlinking: /home/kangsoonhyuk/drl_ws/install/turtlebot3_gazebo/share/turtlebot3_gazebo//models/turtlebot3_drl_world/obstacle_plugin/lib/CMakeFiles/obstacle4.dir/cmake_clean.cmake
-- Symlinking: /home/kangsoonhyuk/drl_ws/install/turtlebot3_gazebo/share/turtlebot3_gazebo//models/turtlebot3_drl_world/obstacle_plugin/lib/CMakeFiles/obstacle4.dir/depend.internal
-- Symlinking: /home/kangsoonhyuk/drl_ws/install/turtlebot3_gazebo/share/turtlebot3_gazebo//models/turtlebot3_drl_world/obstacle_plugin/lib/CMakeFiles/obstacle4.dir/depend.make
-- Symlinking: /home/kangsoonhyuk/drl_ws/install/turtlebot3_gazebo/share/turtlebot3_gazebo//models/turtlebot3_drl_world/obstacle_plugin/lib/CMakeFiles/obstacle4.dir/flags.make
-- Symlinking: /home/kangsoonhyuk/drl_ws/install/turtlebot3_gazebo/share/turtlebot3_gazebo//models/turtlebot3_drl_world/obstacle_plugin/lib/CMakeFiles/obstacle4.dir/link.txt
-- Symlinking: /home/kangsoonhyuk/drl_ws/install/turtlebot3_gazebo/share/turtlebot3_gazebo//models/turtlebot3_drl_world/obstacle_plugin/lib/CMakeFiles/obstacle4.dir/obstacle4.cc.o
-- Symlinking: /home/kangsoonhyuk/drl_ws/install/turtlebot3_gazebo/share/turtlebot3_gazebo//models/turtlebot3_drl_world/obstacle_plugin/lib/CMakeFiles/obstacle4.dir/progress.make
-- Symlinking: /home/kangsoonhyuk/drl_ws/install/turtlebot3_gazebo/share/turtlebot3_gazebo//models/turtlebot3_drl_world/obstacle_plugin/lib/CMakeFiles/obstacle5.dir/CXX.includecache
-- Symlinking: /home/kangsoonhyuk/drl_ws/install/turtlebot3_gazebo/share/turtlebot3_gazebo//models/turtlebot3_drl_world/obstacle_plugin/lib/CMakeFiles/obstacle5.dir/DependInfo.cmake
-- Symlinking: /home/kangsoonhyuk/drl_ws/install/turtlebot3_gazebo/share/turtlebot3_gazebo//models/turtlebot3_drl_world/obstacle_plugin/lib/CMakeFiles/obstacle5.dir/build.make
-- Symlinking: /home/kangsoonhyuk/drl_ws/install/turtlebot3_gazebo/share/turtlebot3_gazebo//models/turtlebot3_drl_world/obstacle_plugin/lib/CMakeFiles/obstacle5.dir/cmake_clean.cmake
-- Symlinking: /home/kangsoonhyuk/drl_ws/install/turtlebot3_gazebo/share/turtlebot3_gazebo//models/turtlebot3_drl_world/obstacle_plugin/lib/CMakeFiles/obstacle5.dir/depend.internal
-- Symlinking: /home/kangsoonhyuk/drl_ws/install/turtlebot3_gazebo/share/turtlebot3_gazebo//models/turtlebot3_drl_world/obstacle_plugin/lib/CMakeFiles/obstacle5.dir/depend.make
-- Symlinking: /home/kangsoonhyuk/drl_ws/install/turtlebot3_gazebo/share/turtlebot3_gazebo//models/turtlebot3_drl_world/obstacle_plugin/lib/CMakeFiles/obstacle5.dir/flags.make
-- Symlinking: /home/kangsoonhyuk/drl_ws/install/turtlebot3_gazebo/share/turtlebot3_gazebo//models/turtlebot3_drl_world/obstacle_plugin/lib/CMakeFiles/obstacle5.dir/link.txt
-- Symlinking: /home/kangsoonhyuk/drl_ws/install/turtlebot3_gazebo/share/turtlebot3_gazebo//models/turtlebot3_drl_world/obstacle_plugin/lib/CMakeFiles/obstacle5.dir/obstacle5.cc.o
-- Symlinking: /home/kangsoonhyuk/drl_ws/install/turtlebot3_gazebo/share/turtlebot3_gazebo//models/turtlebot3_drl_world/obstacle_plugin/lib/CMakeFiles/obstacle5.dir/progress.make
-- Symlinking: /home/kangsoonhyuk/drl_ws/install/turtlebot3_gazebo/share/turtlebot3_gazebo//models/turtlebot3_drl_world/obstacle_plugin/lib/CMakeFiles/obstacle6.dir/CXX.includecache
-- Symlinking: /home/kangsoonhyuk/drl_ws/install/turtlebot3_gazebo/share/turtlebot3_gazebo//models/turtlebot3_drl_world/obstacle_plugin/lib/CMakeFiles/obstacle6.dir/DependInfo.cmake
-- Symlinking: /home/kangsoonhyuk/drl_ws/install/turtlebot3_gazebo/share/turtlebot3_gazebo//models/turtlebot3_drl_world/obstacle_plugin/lib/CMakeFiles/obstacle6.dir/build.make
-- Symlinking: /home/kangsoonhyuk/drl_ws/install/turtlebot3_gazebo/share/turtlebot3_gazebo//models/turtlebot3_drl_world/obstacle_plugin/lib/CMakeFiles/obstacle6.dir/cmake_clean.cmake
-- Symlinking: /home/kangsoonhyuk/drl_ws/install/turtlebot3_gazebo/share/turtlebot3_gazebo//models/turtlebot3_drl_world/obstacle_plugin/lib/CMakeFiles/obstacle6.dir/depend.internal
-- Symlinking: /home/kangsoonhyuk/drl_ws/install/turtlebot3_gazebo/share/turtlebot3_gazebo//models/turtlebot3_drl_world/obstacle_plugin/lib/CMakeFiles/obstacle6.dir/depend.make
-- Symlinking: /home/kangsoonhyuk/drl_ws/install/turtlebot3_gazebo/share/turtlebot3_gazebo//models/turtlebot3_drl_world/obstacle_plugin/lib/CMakeFiles/obstacle6.dir/flags.make
-- Symlinking: /home/kangsoonhyuk/drl_ws/install/turtlebot3_gazebo/share/turtlebot3_gazebo//models/turtlebot3_drl_world/obstacle_plugin/lib/CMakeFiles/obstacle6.dir/link.txt
-- Symlinking: /home/kangsoonhyuk/drl_ws/install/turtlebot3_gazebo/share/turtlebot3_gazebo//models/turtlebot3_drl_world/obstacle_plugin/lib/CMakeFiles/obstacle6.dir/obstacle6.cc.o
-- Symlinking: /home/kangsoonhyuk/drl_ws/install/turtlebot3_gazebo/share/turtlebot3_gazebo//models/turtlebot3_drl_world/obstacle_plugin/lib/CMakeFiles/obstacle6.dir/progress.make
-- Symlinking: /home/kangsoonhyuk/drl_ws/install/turtlebot3_gazebo/share/turtlebot3_gazebo//models/turtlebot3_drl_world/obstacle_plugin/lib/CMakeFiles/obstacle7.dir/CXX.includecache
-- Symlinking: /home/kangsoonhyuk/drl_ws/install/turtlebot3_gazebo/share/turtlebot3_gazebo//models/turtlebot3_drl_world/obstacle_plugin/lib/CMakeFiles/obstacle7.dir/DependInfo.cmake
-- Symlinking: /home/kangsoonhyuk/drl_ws/install/turtlebot3_gazebo/share/turtlebot3_gazebo//models/turtlebot3_drl_world/obstacle_plugin/lib/CMakeFiles/obstacle7.dir/build.make
-- Symlinking: /home/kangsoonhyuk/drl_ws/install/turtlebot3_gazebo/share/turtlebot3_gazebo//models/turtlebot3_drl_world/obstacle_plugin/lib/CMakeFiles/obstacle7.dir/cmake_clean.cmake
-- Symlinking: /home/kangsoonhyuk/drl_ws/install/turtlebot3_gazebo/share/turtlebot3_gazebo//models/turtlebot3_drl_world/obstacle_plugin/lib/CMakeFiles/obstacle7.dir/depend.internal
-- Symlinking: /home/kangsoonhyuk/drl_ws/install/turtlebot3_gazebo/share/turtlebot3_gazebo//models/turtlebot3_drl_world/obstacle_plugin/lib/CMakeFiles/obstacle7.dir/depend.make
-- Symlinking: /home/kangsoonhyuk/drl_ws/install/turtlebot3_gazebo/share/turtlebot3_gazebo//models/turtlebot3_drl_world/obstacle_plugin/lib/CMakeFiles/obstacle7.dir/flags.make
-- Symlinking: /home/kangsoonhyuk/drl_ws/install/turtlebot3_gazebo/share/turtlebot3_gazebo//models/turtlebot3_drl_world/obstacle_plugin/lib/CMakeFiles/obstacle7.dir/link.txt
-- Symlinking: /home/kangsoonhyuk/drl_ws/install/turtlebot3_gazebo/share/turtlebot3_gazebo//models/turtlebot3_drl_world/obstacle_plugin/lib/CMakeFiles/obstacle7.dir/obstacle7.cc.o
-- Symlinking: /home/kangsoonhyuk/drl_ws/install/turtlebot3_gazebo/share/turtlebot3_gazebo//models/turtlebot3_drl_world/obstacle_plugin/lib/CMakeFiles/obstacle7.dir/progress.make
-- Symlinking: /home/kangsoonhyuk/drl_ws/install/turtlebot3_gazebo/share/turtlebot3_gazebo//models/turtlebot3_drl_world/obstacle_plugin/lib/CMakeFiles/obstacle8.dir/CXX.includecache
-- Symlinking: /home/kangsoonhyuk/drl_ws/install/turtlebot3_gazebo/share/turtlebot3_gazebo//models/turtlebot3_drl_world/obstacle_plugin/lib/CMakeFiles/obstacle8.dir/DependInfo.cmake
-- Symlinking: /home/kangsoonhyuk/drl_ws/install/turtlebot3_gazebo/share/turtlebot3_gazebo//models/turtlebot3_drl_world/obstacle_plugin/lib/CMakeFiles/obstacle8.dir/build.make
-- Symlinking: /home/kangsoonhyuk/drl_ws/install/turtlebot3_gazebo/share/turtlebot3_gazebo//models/turtlebot3_drl_world/obstacle_plugin/lib/CMakeFiles/obstacle8.dir/cmake_clean.cmake
-- Symlinking: /home/kangsoonhyuk/drl_ws/install/turtlebot3_gazebo/share/turtlebot3_gazebo//models/turtlebot3_drl_world/obstacle_plugin/lib/CMakeFiles/obstacle8.dir/depend.internal
-- Symlinking: /home/kangsoonhyuk/drl_ws/install/turtlebot3_gazebo/share/turtlebot3_gazebo//models/turtlebot3_drl_world/obstacle_plugin/lib/CMakeFiles/obstacle8.dir/depend.make
-- Symlinking: /home/kangsoonhyuk/drl_ws/install/turtlebot3_gazebo/share/turtlebot3_gazebo//models/turtlebot3_drl_world/obstacle_plugin/lib/CMakeFiles/obstacle8.dir/flags.make
-- Symlinking: /home/kangsoonhyuk/drl_ws/install/turtlebot3_gazebo/share/turtlebot3_gazebo//models/turtlebot3_drl_world/obstacle_plugin/lib/CMakeFiles/obstacle8.dir/link.txt
-- Symlinking: /home/kangsoonhyuk/drl_ws/install/turtlebot3_gazebo/share/turtlebot3_gazebo//models/turtlebot3_drl_world/obstacle_plugin/lib/CMakeFiles/obstacle8.dir/obstacle8.cc.o
-- Symlinking: /home/kangsoonhyuk/drl_ws/install/turtlebot3_gazebo/share/turtlebot3_gazebo//models/turtlebot3_drl_world/obstacle_plugin/lib/CMakeFiles/obstacle8.dir/progress.make
-- Symlinking: /home/kangsoonhyuk/drl_ws/install/turtlebot3_gazebo/share/turtlebot3_gazebo//models/turtlebot3_drl_world/obstacle_plugin/lib/CMakeFiles/obstacle9.dir/CXX.includecache
-- Symlinking: /home/kangsoonhyuk/drl_ws/install/turtlebot3_gazebo/share/turtlebot3_gazebo//models/turtlebot3_drl_world/obstacle_plugin/lib/CMakeFiles/obstacle9.dir/DependInfo.cmake
-- Symlinking: /home/kangsoonhyuk/drl_ws/install/turtlebot3_gazebo/share/turtlebot3_gazebo//models/turtlebot3_drl_world/obstacle_plugin/lib/CMakeFiles/obstacle9.dir/build.make
-- Symlinking: /home/kangsoonhyuk/drl_ws/install/turtlebot3_gazebo/share/turtlebot3_gazebo//models/turtlebot3_drl_world/obstacle_plugin/lib/CMakeFiles/obstacle9.dir/cmake_clean.cmake
-- Symlinking: /home/kangsoonhyuk/drl_ws/install/turtlebot3_gazebo/share/turtlebot3_gazebo//models/turtlebot3_drl_world/obstacle_plugin/lib/CMakeFiles/obstacle9.dir/depend.internal
-- Symlinking: /home/kangsoonhyuk/drl_ws/install/turtlebot3_gazebo/share/turtlebot3_gazebo//models/turtlebot3_drl_world/obstacle_plugin/lib/CMakeFiles/obstacle9.dir/depend.make
-- Symlinking: /home/kangsoonhyuk/drl_ws/install/turtlebot3_gazebo/share/turtlebot3_gazebo//models/turtlebot3_drl_world/obstacle_plugin/lib/CMakeFiles/obstacle9.dir/flags.make
-- Symlinking: /home/kangsoonhyuk/drl_ws/install/turtlebot3_gazebo/share/turtlebot3_gazebo//models/turtlebot3_drl_world/obstacle_plugin/lib/CMakeFiles/obstacle9.dir/link.txt
-- Symlinking: /home/kangsoonhyuk/drl_ws/install/turtlebot3_gazebo/share/turtlebot3_gazebo//models/turtlebot3_drl_world/obstacle_plugin/lib/CMakeFiles/obstacle9.dir/obstacle9.cc.o
-- Symlinking: /home/kangsoonhyuk/drl_ws/install/turtlebot3_gazebo/share/turtlebot3_gazebo//models/turtlebot3_drl_world/obstacle_plugin/lib/CMakeFiles/obstacle9.dir/progress.make
-- Symlinking: /home/kangsoonhyuk/drl_ws/install/turtlebot3_gazebo/share/turtlebot3_gazebo//models/turtlebot3_drl_world/obstacle_plugin/lib/CMakeFiles/obstacles.dir/CXX.includecache
-- Symlinking: /home/kangsoonhyuk/drl_ws/install/turtlebot3_gazebo/share/turtlebot3_gazebo//models/turtlebot3_drl_world/obstacle_plugin/lib/CMakeFiles/obstacles.dir/DependInfo.cmake
-- Symlinking: /home/kangsoonhyuk/drl_ws/install/turtlebot3_gazebo/share/turtlebot3_gazebo//models/turtlebot3_drl_world/obstacle_plugin/lib/CMakeFiles/obstacles.dir/build.make
-- Symlinking: /home/kangsoonhyuk/drl_ws/install/turtlebot3_gazebo/share/turtlebot3_gazebo//models/turtlebot3_drl_world/obstacle_plugin/lib/CMakeFiles/obstacles.dir/cmake_clean.cmake
-- Symlinking: /home/kangsoonhyuk/drl_ws/install/turtlebot3_gazebo/share/turtlebot3_gazebo//models/turtlebot3_drl_world/obstacle_plugin/lib/CMakeFiles/obstacles.dir/depend.internal
-- Symlinking: /home/kangsoonhyuk/drl_ws/install/turtlebot3_gazebo/share/turtlebot3_gazebo//models/turtlebot3_drl_world/obstacle_plugin/lib/CMakeFiles/obstacles.dir/depend.make
-- Symlinking: /home/kangsoonhyuk/drl_ws/install/turtlebot3_gazebo/share/turtlebot3_gazebo//models/turtlebot3_drl_world/obstacle_plugin/lib/CMakeFiles/obstacles.dir/flags.make
-- Symlinking: /home/kangsoonhyuk/drl_ws/install/turtlebot3_gazebo/share/turtlebot3_gazebo//models/turtlebot3_drl_world/obstacle_plugin/lib/CMakeFiles/obstacles.dir/link.txt
-- Symlinking: /home/kangsoonhyuk/drl_ws/install/turtlebot3_gazebo/share/turtlebot3_gazebo//models/turtlebot3_drl_world/obstacle_plugin/lib/CMakeFiles/obstacles.dir/obstacles.cc.o
-- Symlinking: /home/kangsoonhyuk/drl_ws/install/turtlebot3_gazebo/share/turtlebot3_gazebo//models/turtlebot3_drl_world/obstacle_plugin/lib/CMakeFiles/obstacles.dir/progress.make
-- Symlinking: /home/kangsoonhyuk/drl_ws/install/turtlebot3_gazebo/share/turtlebot3_gazebo//models/turtlebot3_drl_world/obstacle_plugin/lib/CMakeFiles/progress.marks
-- Symlinking: /home/kangsoonhyuk/drl_ws/install/turtlebot3_gazebo/share/turtlebot3_gazebo//models/turtlebot3_drl_world/obstacle_plugin/lib/Makefile
-- Symlinking: /home/kangsoonhyuk/drl_ws/install/turtlebot3_gazebo/share/turtlebot3_gazebo//models/turtlebot3_drl_world/obstacle_plugin/lib/cmake_install.cmake
-- Symlinking: /home/kangsoonhyuk/drl_ws/install/turtlebot3_gazebo/share/turtlebot3_gazebo//models/turtlebot3_drl_world/obstacle_plugin/lib/libobstacle1.so
-- Symlinking: /home/kangsoonhyuk/drl_ws/install/turtlebot3_gazebo/share/turtlebot3_gazebo//models/turtlebot3_drl_world/obstacle_plugin/lib/libobstacle10.so
-- Symlinking: /home/kangsoonhyuk/drl_ws/install/turtlebot3_gazebo/share/turtlebot3_gazebo//models/turtlebot3_drl_world/obstacle_plugin/lib/libobstacle11.so
-- Symlinking: /home/kangsoonhyuk/drl_ws/install/turtlebot3_gazebo/share/turtlebot3_gazebo//models/turtlebot3_drl_world/obstacle_plugin/lib/libobstacle12.so
-- Symlinking: /home/kangsoonhyuk/drl_ws/install/turtlebot3_gazebo/share/turtlebot3_gazebo//models/turtlebot3_drl_world/obstacle_plugin/lib/libobstacle2.so
-- Symlinking: /home/kangsoonhyuk/drl_ws/install/turtlebot3_gazebo/share/turtlebot3_gazebo//models/turtlebot3_drl_world/obstacle_plugin/lib/libobstacle3.so
-- Symlinking: /home/kangsoonhyuk/drl_ws/install/turtlebot3_gazebo/share/turtlebot3_gazebo//models/turtlebot3_drl_world/obstacle_plugin/lib/libobstacle4.so
-- Symlinking: /home/kangsoonhyuk/drl_ws/install/turtlebot3_gazebo/share/turtlebot3_gazebo//models/turtlebot3_drl_world/obstacle_plugin/lib/libobstacle5.so
-- Symlinking: /home/kangsoonhyuk/drl_ws/install/turtlebot3_gazebo/share/turtlebot3_gazebo//models/turtlebot3_drl_world/obstacle_plugin/lib/libobstacle6.so
-- Symlinking: /home/kangsoonhyuk/drl_ws/install/turtlebot3_gazebo/share/turtlebot3_gazebo//models/turtlebot3_drl_world/obstacle_plugin/lib/libobstacle7.so
-- Symlinking: /home/kangsoonhyuk/drl_ws/install/turtlebot3_gazebo/share/turtlebot3_gazebo//models/turtlebot3_drl_world/obstacle_plugin/lib/libobstacle8.so
-- Symlinking: /home/kangsoonhyuk/drl_ws/install/turtlebot3_gazebo/share/turtlebot3_gazebo//models/turtlebot3_drl_world/obstacle_plugin/lib/libobstacle9.so
-- Symlinking: /home/kangsoonhyuk/drl_ws/install/turtlebot3_gazebo/share/turtlebot3_gazebo//models/turtlebot3_drl_world/obstacle_plugin/lib/libobstacles.so
-- Symlinking: /home/kangsoonhyuk/drl_ws/install/turtlebot3_gazebo/share/turtlebot3_gazebo//models/turtlebot3_drl_world/obstacle_plugin/obstacle1.cc
-- Symlinking: /home/kangsoonhyuk/drl_ws/install/turtlebot3_gazebo/share/turtlebot3_gazebo//models/turtlebot3_drl_world/obstacle_plugin/obstacle10.cc
-- Symlinking: /home/kangsoonhyuk/drl_ws/install/turtlebot3_gazebo/share/turtlebot3_gazebo//models/turtlebot3_drl_world/obstacle_plugin/obstacle11.cc
-- Symlinking: /home/kangsoonhyuk/drl_ws/install/turtlebot3_gazebo/share/turtlebot3_gazebo//models/turtlebot3_drl_world/obstacle_plugin/obstacle12.cc
-- Symlinking: /home/kangsoonhyuk/drl_ws/install/turtlebot3_gazebo/share/turtlebot3_gazebo//models/turtlebot3_drl_world/obstacle_plugin/obstacle13.cc
-- Symlinking: /home/kangsoonhyuk/drl_ws/install/turtlebot3_gazebo/share/turtlebot3_gazebo//models/turtlebot3_drl_world/obstacle_plugin/obstacle2.cc
-- Symlinking: /home/kangsoonhyuk/drl_ws/install/turtlebot3_gazebo/share/turtlebot3_gazebo//models/turtlebot3_drl_world/obstacle_plugin/obstacle3.cc
-- Symlinking: /home/kangsoonhyuk/drl_ws/install/turtlebot3_gazebo/share/turtlebot3_gazebo//models/turtlebot3_drl_world/obstacle_plugin/obstacle4.cc
-- Symlinking: /home/kangsoonhyuk/drl_ws/install/turtlebot3_gazebo/share/turtlebot3_gazebo//models/turtlebot3_drl_world/obstacle_plugin/obstacle5.cc
-- Symlinking: /home/kangsoonhyuk/drl_ws/install/turtlebot3_gazebo/share/turtlebot3_gazebo//models/turtlebot3_drl_world/obstacle_plugin/obstacle6.cc
-- Symlinking: /home/kangsoonhyuk/drl_ws/install/turtlebot3_gazebo/share/turtlebot3_gazebo//models/turtlebot3_drl_world/obstacle_plugin/obstacle7.cc
-- Symlinking: /home/kangsoonhyuk/drl_ws/install/turtlebot3_gazebo/share/turtlebot3_gazebo//models/turtlebot3_drl_world/obstacle_plugin/obstacle8.cc
-- Symlinking: /home/kangsoonhyuk/drl_ws/install/turtlebot3_gazebo/share/turtlebot3_gazebo//models/turtlebot3_drl_world/obstacle_plugin/obstacle9.cc
-- Symlinking: /home/kangsoonhyuk/drl_ws/install/turtlebot3_gazebo/share/turtlebot3_gazebo//models/turtlebot3_drl_world/obstacle_plugin/obstacles.cc
-- Symlinking: /home/kangsoonhyuk/drl_ws/install/turtlebot3_gazebo/share/turtlebot3_gazebo//models/turtlebot3_drl_world/obstacles/model.config
-- Symlinking: /home/kangsoonhyuk/drl_ws/install/turtlebot3_gazebo/share/turtlebot3_gazebo//models/turtlebot3_drl_world/obstacles/model.sdf
-- Symlinking: /home/kangsoonhyuk/drl_ws/install/turtlebot3_gazebo/share/turtlebot3_gazebo//models/turtlebot3_drl_world/outer_walls/model.config
-- Symlinking: /home/kangsoonhyuk/drl_ws/install/turtlebot3_gazebo/share/turtlebot3_gazebo//models/turtlebot3_drl_world/outer_walls/model.sdf
-- Symlinking: /home/kangsoonhyuk/drl_ws/install/turtlebot3_gazebo/share/turtlebot3_gazebo//models/turtlebot3_drl_world/outer_walls_large/model.config
-- Symlinking: /home/kangsoonhyuk/drl_ws/install/turtlebot3_gazebo/share/turtlebot3_gazebo//models/turtlebot3_drl_world/outer_walls_large/model.sdf
-- Symlinking: /home/kangsoonhyuk/drl_ws/install/turtlebot3_gazebo/share/turtlebot3_gazebo//models/turtlebot3_drl_world/triangle/model.config
-- Symlinking: /home/kangsoonhyuk/drl_ws/install/turtlebot3_gazebo/share/turtlebot3_gazebo//models/turtlebot3_drl_world/triangle/model.sdf
-- Symlinking: /home/kangsoonhyuk/drl_ws/install/turtlebot3_gazebo/share/turtlebot3_gazebo//models/turtlebot3_drl_world/turtlebot3_house_tomas/model.config
-- Symlinking: /home/kangsoonhyuk/drl_ws/install/turtlebot3_gazebo/share/turtlebot3_gazebo//models/turtlebot3_drl_world/turtlebot3_house_tomas/model.sdf
-- Symlinking: /home/kangsoonhyuk/drl_ws/install/turtlebot3_gazebo/share/turtlebot3_gazebo//models/turtlebot3_house/model.config
-- Symlinking: /home/kangsoonhyuk/drl_ws/install/turtlebot3_gazebo/share/turtlebot3_gazebo//models/turtlebot3_house/model.sdf
-- Symlinking: /home/kangsoonhyuk/drl_ws/install/turtlebot3_gazebo/share/turtlebot3_gazebo//models/turtlebot3_waffle/meshes/lds.dae
-- Symlinking: /home/kangsoonhyuk/drl_ws/install/turtlebot3_gazebo/share/turtlebot3_gazebo//models/turtlebot3_waffle/meshes/r200.dae
-- Symlinking: /home/kangsoonhyuk/drl_ws/install/turtlebot3_gazebo/share/turtlebot3_gazebo//models/turtlebot3_waffle/meshes/tire.dae
-- Symlinking: /home/kangsoonhyuk/drl_ws/install/turtlebot3_gazebo/share/turtlebot3_gazebo//models/turtlebot3_waffle/meshes/waffle_base.dae
-- Symlinking: /home/kangsoonhyuk/drl_ws/install/turtlebot3_gazebo/share/turtlebot3_gazebo//models/turtlebot3_waffle/model-1_4.sdf
-- Symlinking: /home/kangsoonhyuk/drl_ws/install/turtlebot3_gazebo/share/turtlebot3_gazebo//models/turtlebot3_waffle/model.config
-- Symlinking: /home/kangsoonhyuk/drl_ws/install/turtlebot3_gazebo/share/turtlebot3_gazebo//models/turtlebot3_waffle/model.sdf
-- Symlinking: /home/kangsoonhyuk/drl_ws/install/turtlebot3_gazebo/share/turtlebot3_gazebo//models/turtlebot3_waffle_pi/meshes/lds.dae
-- Symlinking: /home/kangsoonhyuk/drl_ws/install/turtlebot3_gazebo/share/turtlebot3_gazebo//models/turtlebot3_waffle_pi/meshes/tire.dae
-- Symlinking: /home/kangsoonhyuk/drl_ws/install/turtlebot3_gazebo/share/turtlebot3_gazebo//models/turtlebot3_waffle_pi/meshes/waffle_pi_base.dae
-- Symlinking: /home/kangsoonhyuk/drl_ws/install/turtlebot3_gazebo/share/turtlebot3_gazebo//models/turtlebot3_waffle_pi/model-1_4_.sdf
-- Symlinking: /home/kangsoonhyuk/drl_ws/install/turtlebot3_gazebo/share/turtlebot3_gazebo//models/turtlebot3_waffle_pi/model.config
-- Symlinking: /home/kangsoonhyuk/drl_ws/install/turtlebot3_gazebo/share/turtlebot3_gazebo//models/turtlebot3_waffle_pi/model.sdf
-- Symlinking: /home/kangsoonhyuk/drl_ws/install/turtlebot3_gazebo/share/turtlebot3_gazebo//models/turtlebot3_world/meshes/hexagon.dae
-- Symlinking: /home/kangsoonhyuk/drl_ws/install/turtlebot3_gazebo/share/turtlebot3_gazebo//models/turtlebot3_world/meshes/wall.dae
-- Symlinking: /home/kangsoonhyuk/drl_ws/install/turtlebot3_gazebo/share/turtlebot3_gazebo//models/turtlebot3_world/model-1_4.sdf
-- Symlinking: /home/kangsoonhyuk/drl_ws/install/turtlebot3_gazebo/share/turtlebot3_gazebo//models/turtlebot3_world/model.config
-- Symlinking: /home/kangsoonhyuk/drl_ws/install/turtlebot3_gazebo/share/turtlebot3_gazebo//models/turtlebot3_world/model.sdf
-- Symlinking: /home/kangsoonhyuk/drl_ws/install/turtlebot3_gazebo/share/turtlebot3_gazebo//rviz/tb3_gazebo.rviz
-- Symlinking: /home/kangsoonhyuk/drl_ws/install/turtlebot3_gazebo/share/turtlebot3_gazebo//worlds/empty_worlds/burger.model
-- Symlinking: /home/kangsoonhyuk/drl_ws/install/turtlebot3_gazebo/share/turtlebot3_gazebo//worlds/empty_worlds/waffle.model
-- Symlinking: /home/kangsoonhyuk/drl_ws/install/turtlebot3_gazebo/share/turtlebot3_gazebo//worlds/empty_worlds/waffle_pi.model
-- Symlinking: /home/kangsoonhyuk/drl_ws/install/turtlebot3_gazebo/share/turtlebot3_gazebo//worlds/turtlebot3_drl_stage1/burger.model
-- Symlinking: /home/kangsoonhyuk/drl_ws/install/turtlebot3_gazebo/share/turtlebot3_gazebo//worlds/turtlebot3_drl_stage1/waffle.model
-- Symlinking: /home/kangsoonhyuk/drl_ws/install/turtlebot3_gazebo/share/turtlebot3_gazebo//worlds/turtlebot3_drl_stage1/waffle_pi.model
-- Symlinking: /home/kangsoonhyuk/drl_ws/install/turtlebot3_gazebo/share/turtlebot3_gazebo//worlds/turtlebot3_drl_stage10/burger.model
-- Symlinking: /home/kangsoonhyuk/drl_ws/install/turtlebot3_gazebo/share/turtlebot3_gazebo//worlds/turtlebot3_drl_stage10/waffle.model
-- Symlinking: /home/kangsoonhyuk/drl_ws/install/turtlebot3_gazebo/share/turtlebot3_gazebo//worlds/turtlebot3_drl_stage10/waffle_pi.model
-- Symlinking: /home/kangsoonhyuk/drl_ws/install/turtlebot3_gazebo/share/turtlebot3_gazebo//worlds/turtlebot3_drl_stage2/burger.model
-- Symlinking: /home/kangsoonhyuk/drl_ws/install/turtlebot3_gazebo/share/turtlebot3_gazebo//worlds/turtlebot3_drl_stage2/waffle.model
-- Symlinking: /home/kangsoonhyuk/drl_ws/install/turtlebot3_gazebo/share/turtlebot3_gazebo//worlds/turtlebot3_drl_stage2/waffle_pi.model
-- Symlinking: /home/kangsoonhyuk/drl_ws/install/turtlebot3_gazebo/share/turtlebot3_gazebo//worlds/turtlebot3_drl_stage3/burger.model
-- Symlinking: /home/kangsoonhyuk/drl_ws/install/turtlebot3_gazebo/share/turtlebot3_gazebo//worlds/turtlebot3_drl_stage3/waffle.model
-- Symlinking: /home/kangsoonhyuk/drl_ws/install/turtlebot3_gazebo/share/turtlebot3_gazebo//worlds/turtlebot3_drl_stage3/waffle_pi.model
-- Symlinking: /home/kangsoonhyuk/drl_ws/install/turtlebot3_gazebo/share/turtlebot3_gazebo//worlds/turtlebot3_drl_stage4/burger.model
-- Symlinking: /home/kangsoonhyuk/drl_ws/install/turtlebot3_gazebo/share/turtlebot3_gazebo//worlds/turtlebot3_drl_stage4/waffle.model
-- Symlinking: /home/kangsoonhyuk/drl_ws/install/turtlebot3_gazebo/share/turtlebot3_gazebo//worlds/turtlebot3_drl_stage4/waffle_pi.model
-- Symlinking: /home/kangsoonhyuk/drl_ws/install/turtlebot3_gazebo/share/turtlebot3_gazebo//worlds/turtlebot3_drl_stage5/burger.model
-- Symlinking: /home/kangsoonhyuk/drl_ws/install/turtlebot3_gazebo/share/turtlebot3_gazebo//worlds/turtlebot3_drl_stage5/waffle.model
-- Symlinking: /home/kangsoonhyuk/drl_ws/install/turtlebot3_gazebo/share/turtlebot3_gazebo//worlds/turtlebot3_drl_stage5/waffle_pi.model
-- Symlinking: /home/kangsoonhyuk/drl_ws/install/turtlebot3_gazebo/share/turtlebot3_gazebo//worlds/turtlebot3_drl_stage6/burger.model
-- Symlinking: /home/kangsoonhyuk/drl_ws/install/turtlebot3_gazebo/share/turtlebot3_gazebo//worlds/turtlebot3_drl_stage6/waffle.model
-- Symlinking: /home/kangsoonhyuk/drl_ws/install/turtlebot3_gazebo/share/turtlebot3_gazebo//worlds/turtlebot3_drl_stage6/waffle_pi.model
-- Symlinking: /home/kangsoonhyuk/drl_ws/install/turtlebot3_gazebo/share/turtlebot3_gazebo//worlds/turtlebot3_drl_stage7/burger.model
-- Symlinking: /home/kangsoonhyuk/drl_ws/install/turtlebot3_gazebo/share/turtlebot3_gazebo//worlds/turtlebot3_drl_stage7/waffle.model
-- Symlinking: /home/kangsoonhyuk/drl_ws/install/turtlebot3_gazebo/share/turtlebot3_gazebo//worlds/turtlebot3_drl_stage7/waffle_pi.model
-- Symlinking: /home/kangsoonhyuk/drl_ws/install/turtlebot3_gazebo/share/turtlebot3_gazebo//worlds/turtlebot3_drl_stage8/burger.model
-- Symlinking: /home/kangsoonhyuk/drl_ws/install/turtlebot3_gazebo/share/turtlebot3_gazebo//worlds/turtlebot3_drl_stage8/waffle.model
-- Symlinking: /home/kangsoonhyuk/drl_ws/install/turtlebot3_gazebo/share/turtlebot3_gazebo//worlds/turtlebot3_drl_stage8/waffle_pi.model
-- Symlinking: /home/kangsoonhyuk/drl_ws/install/turtlebot3_gazebo/share/turtlebot3_gazebo//worlds/turtlebot3_drl_stage9/burger.model
-- Symlinking: /home/kangsoonhyuk/drl_ws/install/turtlebot3_gazebo/share/turtlebot3_gazebo//worlds/turtlebot3_drl_stage9/waffle.model
-- Symlinking: /home/kangsoonhyuk/drl_ws/install/turtlebot3_gazebo/share/turtlebot3_gazebo//worlds/turtlebot3_drl_stage9/waffle_pi.model
-- Symlinking: /home/kangsoonhyuk/drl_ws/install/turtlebot3_gazebo/share/turtlebot3_gazebo//worlds/turtlebot3_houses/burger.model
-- Symlinking: /home/kangsoonhyuk/drl_ws/install/turtlebot3_gazebo/share/turtlebot3_gazebo//worlds/turtlebot3_houses/waffle.model
-- Symlinking: /home/kangsoonhyuk/drl_ws/install/turtlebot3_gazebo/share/turtlebot3_gazebo//worlds/turtlebot3_houses/waffle_pi.model
-- Symlinking: /home/kangsoonhyuk/drl_ws/install/turtlebot3_gazebo/share/turtlebot3_gazebo//worlds/turtlebot3_worlds/burger.model
-- Symlinking: /home/kangsoonhyuk/drl_ws/install/turtlebot3_gazebo/share/turtlebot3_gazebo//worlds/turtlebot3_worlds/waffle.model
-- Symlinking: /home/kangsoonhyuk/drl_ws/install/turtlebot3_gazebo/share/turtlebot3_gazebo//worlds/turtlebot3_worlds/waffle_pi.model
-- Symlinking: /home/kangsoonhyuk/drl_ws/install/turtlebot3_gazebo/share/turtlebot3_gazebo//worlds/world_test
-- Symlinking: /home/kangsoonhyuk/drl_ws/install/turtlebot3_gazebo/include//turtlebot3_gazebo/turtlebot3_drive.hpp
-- Symlinking: /home/kangsoonhyuk/drl_ws/install/turtlebot3_gazebo/share/ament_index/resource_index/package_run_dependencies/turtlebot3_gazebo
-- Symlinking: /home/kangsoonhyuk/drl_ws/install/turtlebot3_gazebo/share/ament_index/resource_index/parent_prefix_path/turtlebot3_gazebo
-- Symlinking: /home/kangsoonhyuk/drl_ws/install/turtlebot3_gazebo/share/turtlebot3_gazebo/environment/ament_prefix_path.sh
-- Symlinking: /home/kangsoonhyuk/drl_ws/install/turtlebot3_gazebo/share/turtlebot3_gazebo/environment/ament_prefix_path.dsv
-- Symlinking: /home/kangsoonhyuk/drl_ws/install/turtlebot3_gazebo/share/turtlebot3_gazebo/environment/path.sh
-- Symlinking: /home/kangsoonhyuk/drl_ws/install/turtlebot3_gazebo/share/turtlebot3_gazebo/environment/path.dsv
-- Symlinking: /home/kangsoonhyuk/drl_ws/install/turtlebot3_gazebo/share/turtlebot3_gazebo/local_setup.bash
-- Symlinking: /home/kangsoonhyuk/drl_ws/install/turtlebot3_gazebo/share/turtlebot3_gazebo/local_setup.sh
-- Symlinking: /home/kangsoonhyuk/drl_ws/install/turtlebot3_gazebo/share/turtlebot3_gazebo/local_setup.zsh
-- Symlinking: /home/kangsoonhyuk/drl_ws/install/turtlebot3_gazebo/share/turtlebot3_gazebo/local_setup.dsv
-- Symlinking: /home/kangsoonhyuk/drl_ws/install/turtlebot3_gazebo/share/turtlebot3_gazebo/package.dsv
-- Symlinking: /home/kangsoonhyuk/drl_ws/install/turtlebot3_gazebo/share/ament_index/resource_index/packages/turtlebot3_gazebo
-- Symlinking: /home/kangsoonhyuk/drl_ws/install/turtlebot3_gazebo/share/turtlebot3_gazebo/cmake/ament_cmake_export_include_directories-extras.cmake
-- Symlinking: /home/kangsoonhyuk/drl_ws/install/turtlebot3_gazebo/share/turtlebot3_gazebo/cmake/ament_cmake_export_dependencies-extras.cmake
-- Symlinking: /home/kangsoonhyuk/drl_ws/install/turtlebot3_gazebo/share/turtlebot3_gazebo/cmake/turtlebot3_gazeboConfig.cmake
-- Symlinking: /home/kangsoonhyuk/drl_ws/install/turtlebot3_gazebo/share/turtlebot3_gazebo/cmake/turtlebot3_gazeboConfig-version.cmake
-- Symlinking: /home/kangsoonhyuk/drl_ws/install/turtlebot3_gazebo/share/turtlebot3_gazebo/package.xml
