[0.011s] Invoking command in '/home/kangsoonhyuk/drl_ws/build/turtlebot3_gazebo': CMAKE_PREFIX_PATH=${CMAKE_PREFIX_PATH}:/opt/ros/humble /usr/bin/cmake /home/kangsoonhyuk/drl_ws/src/turtlebot3_gazebo -DROS_EDITION=ROS2 -DHUMBLE_ROS=humble -DAMENT_CMAKE_SYMLINK_INSTALL=1 -DCMAKE_INSTALL_PREFIX=/home/kangsoonhyuk/drl_ws/install/turtlebot3_gazebo
[0.034s] -- Found ament_cmake: 1.3.12 (/opt/ros/humble/share/ament_cmake/cmake)
[0.149s] -- Override CMake install command with custom implementation using symlinks instead of copying resources
[0.175s] [33mCMake Warning (dev) at /usr/share/cmake-3.22/Modules/FindPackageHandleStandardArgs.cmake:438 (message):
[0.175s]   The package name passed to `find_package_handle_standard_args` (PkgConfig)
[0.175s]   does not match the name of the calling package (gazebo).  This can lead to
[0.175s]   problems in calling code that expects `find_package` result variables
[0.175s]   (e.g., `_FOUND`) to follow a certain pattern.
[0.175s] Call Stack (most recent call first):
[0.175s]   /usr/share/cmake-3.22/Modules/FindPkgConfig.cmake:99 (find_package_handle_standard_args)
[0.175s]   /usr/lib/x86_64-linux-gnu/cmake/gazebo/gazebo-config.cmake:72 (include)
[0.175s]   CMakeLists.txt:23 (find_package)
[0.175s] This warning is for project developers.  Use -Wno-dev to suppress it.
[0.175s] [0m
[0.208s] -- Found DART: /usr/include (Required is at least version "6.6") found components: dart 
[0.256s] -- Found Protobuf: /usr/lib/x86_64-linux-gnu/libprotobuf.so (found version "3.12.4") 
[0.258s] -- Looking for ignition-math6 -- found version 6.15.1
[0.266s] -- Searching for dependencies of ignition-math6
[0.268s] -- Looking for OGRE...
[0.273s] -- Found Ogre Ghadamon (1.9.0)
[0.274s] -- Found OGRE: optimized;/usr/lib/x86_64-linux-gnu/libOgreMain.so;debug;/usr/lib/x86_64-linux-gnu/libOgreMain.so
[0.282s] -- Looking for OGRE_Paging...
[0.282s] -- Found OGRE_Paging: optimized;/usr/lib/x86_64-linux-gnu/libOgrePaging.so;debug;/usr/lib/x86_64-linux-gnu/libOgrePaging.so
[0.282s] -- Looking for OGRE_Terrain...
[0.282s] -- Found OGRE_Terrain: optimized;/usr/lib/x86_64-linux-gnu/libOgreTerrain.so;debug;/usr/lib/x86_64-linux-gnu/libOgreTerrain.so
[0.283s] -- Looking for OGRE_Property...
[0.283s] -- Found OGRE_Property: optimized;/usr/lib/x86_64-linux-gnu/libOgreProperty.so;debug;/usr/lib/x86_64-linux-gnu/libOgreProperty.so
[0.283s] -- Looking for OGRE_RTShaderSystem...
[0.283s] -- Found OGRE_RTShaderSystem: optimized;/usr/lib/x86_64-linux-gnu/libOgreRTShaderSystem.so;debug;/usr/lib/x86_64-linux-gnu/libOgreRTShaderSystem.so
[0.283s] -- Looking for OGRE_Volume...
[0.283s] -- Found OGRE_Volume: optimized;/usr/lib/x86_64-linux-gnu/libOgreVolume.so;debug;/usr/lib/x86_64-linux-gnu/libOgreVolume.so
[0.283s] -- Looking for OGRE_Overlay...
[0.283s] -- Found OGRE_Overlay: optimized;/usr/lib/x86_64-linux-gnu/libOgreOverlay.so;debug;/usr/lib/x86_64-linux-gnu/libOgreOverlay.so
[0.392s] -- Looking for ignition-math6 -- found version 6.15.1
[0.393s] -- Looking for ignition-transport8 -- found version 8.2.1
[0.393s] -- Searching for dependencies of ignition-transport8
[0.410s] -- Found Protobuf: /usr/lib/x86_64-linux-gnu/libprotobuf.so (found suitable version "3.12.4", minimum required is "3") 
[0.421s] -- Config-file not installed for ZeroMQ -- checking for pkg-config
[0.426s] -- Checking for module 'libzmq >= 4'
[0.441s] --   Found libzmq , version 4.3.4
[0.474s] -- Checking for module 'uuid'
[0.485s] --   Found uuid, version 2.37.2
[0.512s] -- Looking for ignition-msgs5 -- found version 5.8.1
[0.512s] -- Searching for dependencies of ignition-msgs5
[0.531s] -- Looking for ignition-math6 -- found version 6.15.1
[0.536s] -- Checking for module 'tinyxml2'
[0.547s] --   Found tinyxml2, version 9.0.0
[0.575s] -- Looking for ignition-msgs5 -- found version 5.8.1
[0.576s] -- Looking for ignition-common3 -- found version 3.14.0
[0.576s] -- Searching for dependencies of ignition-common3
[0.577s] -- Looking for dlfcn.h - found
[0.577s] -- Looking for libdl - found
[0.588s] -- Searching for <ignition-common3> component [graphics]
[0.589s] -- Looking for ignition-common3-graphics -- found version 3.14.0
[0.590s] -- Searching for dependencies of ignition-common3-graphics
[0.590s] -- Looking for ignition-math6 -- found version 6.15.1
[0.592s] -- Looking for ignition-fuel_tools4 -- found version 4.4.0
[0.592s] -- Searching for dependencies of ignition-fuel_tools4
[0.629s] -- Checking for module 'jsoncpp'
[0.640s] --   Found jsoncpp, version 1.9.5
[0.674s] -- Checking for module 'libzip'
[0.684s] --   Found libzip, version 1.7.3
[0.712s] -- Looking for ignition-common3 -- found version 3.14.0
[0.712s] -- Looking for ignition-math6 -- found version 6.15.1
[0.712s] -- Looking for ignition-msgs5 -- found version 5.8.1
[0.716s] -- Found gazebo_ros_pkgs: 3.9.0 (/opt/ros/humble/share/gazebo_ros_pkgs/cmake)
[0.717s] -- Found geometry_msgs: 4.9.0 (/opt/ros/humble/share/geometry_msgs/cmake)
[0.747s] -- Found rosidl_generator_c: 3.1.7 (/opt/ros/humble/share/rosidl_generator_c/cmake)
[0.751s] -- Found rosidl_adapter: 3.1.7 (/opt/ros/humble/share/rosidl_adapter/cmake)
[0.759s] -- Found rosidl_generator_cpp: 3.1.7 (/opt/ros/humble/share/rosidl_generator_cpp/cmake)
[0.772s] -- Using all available rosidl_typesupport_c: rosidl_typesupport_fastrtps_c;rosidl_typesupport_introspection_c
[0.788s] -- Using all available rosidl_typesupport_cpp: rosidl_typesupport_fastrtps_cpp;rosidl_typesupport_introspection_cpp
[0.832s] -- Found nav_msgs: 4.9.0 (/opt/ros/humble/share/nav_msgs/cmake)
[0.852s] -- Found rclcpp: 16.0.16 (/opt/ros/humble/share/rclcpp/cmake)
[0.888s] -- Found rmw_implementation_cmake: 6.1.2 (/opt/ros/humble/share/rmw_implementation_cmake/cmake)
[0.890s] -- Found rmw_fastrtps_cpp: 6.2.9 (/opt/ros/humble/share/rmw_fastrtps_cpp/cmake)
[1.000s] -- Using RMW implementation 'rmw_fastrtps_cpp' as default
[1.051s] -- Found sensor_msgs: 4.9.0 (/opt/ros/humble/share/sensor_msgs/cmake)
[1.070s] -- Found tf2: 0.25.17 (/opt/ros/humble/share/tf2/cmake)
[1.167s] -- Configuring done
[1.231s] -- Generating done
[1.233s] [33mCMake Warning:
[1.233s]   Manually-specified variables were not used by the project:
[1.233s] 
[1.233s]     HUMBLE_ROS
[1.233s]     ROS_EDITION
[1.233s] 
[1.233s] [0m
[1.238s] -- Build files have been written to: /home/kangsoonhyuk/drl_ws/build/turtlebot3_gazebo
[1.248s] Invoked command in '/home/kangsoonhyuk/drl_ws/build/turtlebot3_gazebo' returned '0': CMAKE_PREFIX_PATH=${CMAKE_PREFIX_PATH}:/opt/ros/humble /usr/bin/cmake /home/kangsoonhyuk/drl_ws/src/turtlebot3_gazebo -DROS_EDITION=ROS2 -DHUMBLE_ROS=humble -DAMENT_CMAKE_SYMLINK_INSTALL=1 -DCMAKE_INSTALL_PREFIX=/home/kangsoonhyuk/drl_ws/install/turtlebot3_gazebo
[1.250s] Invoking command in '/home/kangsoonhyuk/drl_ws/build/turtlebot3_gazebo': CMAKE_PREFIX_PATH=${CMAKE_PREFIX_PATH}:/opt/ros/humble /usr/bin/cmake --build /home/kangsoonhyuk/drl_ws/build/turtlebot3_gazebo -- -j12 -l12
[1.289s] [35m[1mConsolidate compiler generated dependencies of target turtlebot3_drive[0m
[1.290s] [35m[1mConsolidate compiler generated dependencies of target obstacle1[0m
[1.290s] [35m[1mConsolidate compiler generated dependencies of target obstacles[0m
[1.290s] [35m[1mConsolidate compiler generated dependencies of target obstacle2[0m
[1.333s] [ 12%] [32m[1mLinking CXX executable turtlebot3_drive[0m
[1.379s] [ 87%] Built target obstacles
[1.379s] [ 87%] Built target obstacle2
[1.379s] [ 87%] Built target obstacle1
[1.919s] [100%] Built target turtlebot3_drive
[1.930s] Invoked command in '/home/kangsoonhyuk/drl_ws/build/turtlebot3_gazebo' returned '0': CMAKE_PREFIX_PATH=${CMAKE_PREFIX_PATH}:/opt/ros/humble /usr/bin/cmake --build /home/kangsoonhyuk/drl_ws/build/turtlebot3_gazebo -- -j12 -l12
[1.939s] Invoking command in '/home/kangsoonhyuk/drl_ws/build/turtlebot3_gazebo': CMAKE_PREFIX_PATH=${CMAKE_PREFIX_PATH}:/opt/ros/humble /usr/bin/cmake --install /home/kangsoonhyuk/drl_ws/build/turtlebot3_gazebo
[1.946s] -- Install configuration: ""
[1.947s] -- Execute custom install script
[1.947s] -- Symlinking: /home/kangsoonhyuk/drl_ws/install/turtlebot3_gazebo/lib/turtlebot3_gazebo/turtlebot3_drive
[1.955s] -- Symlinking: /home/kangsoonhyuk/drl_ws/install/turtlebot3_gazebo/share/turtlebot3_gazebo//launch/robot_state_publisher.launch.py
[1.963s] -- Symlinking: /home/kangsoonhyuk/drl_ws/install/turtlebot3_gazebo/share/turtlebot3_gazebo//launch/turtlebot3_drl_stage1.launch.py
[1.971s] -- Symlinking: /home/kangsoonhyuk/drl_ws/install/turtlebot3_gazebo/share/turtlebot3_gazebo//launch/turtlebot3_drl_stage10.launch.py
[1.978s] -- Symlinking: /home/kangsoonhyuk/drl_ws/install/turtlebot3_gazebo/share/turtlebot3_gazebo//launch/turtlebot3_drl_stage2.launch.py
[1.987s] -- Symlinking: /home/kangsoonhyuk/drl_ws/install/turtlebot3_gazebo/share/turtlebot3_gazebo//launch/turtlebot3_drl_stage3.launch.py
[1.995s] -- Symlinking: /home/kangsoonhyuk/drl_ws/install/turtlebot3_gazebo/share/turtlebot3_gazebo//launch/turtlebot3_drl_stage4.launch.py
[2.002s] -- Symlinking: /home/kangsoonhyuk/drl_ws/install/turtlebot3_gazebo/share/turtlebot3_gazebo//launch/turtlebot3_drl_stage5.launch.py
[2.010s] -- Symlinking: /home/kangsoonhyuk/drl_ws/install/turtlebot3_gazebo/share/turtlebot3_gazebo//launch/turtlebot3_drl_stage6.launch.py
[2.018s] -- Symlinking: /home/kangsoonhyuk/drl_ws/install/turtlebot3_gazebo/share/turtlebot3_gazebo//launch/turtlebot3_drl_stage7.launch.py
[2.026s] -- Symlinking: /home/kangsoonhyuk/drl_ws/install/turtlebot3_gazebo/share/turtlebot3_gazebo//launch/turtlebot3_drl_stage8.launch.py
[2.034s] -- Symlinking: /home/kangsoonhyuk/drl_ws/install/turtlebot3_gazebo/share/turtlebot3_gazebo//launch/turtlebot3_drl_stage9.launch.py
[2.042s] -- Symlinking: /home/kangsoonhyuk/drl_ws/install/turtlebot3_gazebo/share/turtlebot3_gazebo//launch/turtlebot3_house.launch.py
[2.050s] -- Symlinking: /home/kangsoonhyuk/drl_ws/install/turtlebot3_gazebo/share/turtlebot3_gazebo//launch/turtlebot3_world.launch.py
[2.062s] -- Symlinking: /home/kangsoonhyuk/drl_ws/install/turtlebot3_gazebo/share/turtlebot3_gazebo//models/turtlebot3_burger/meshes/burger_base.dae
[2.070s] -- Symlinking: /home/kangsoonhyuk/drl_ws/install/turtlebot3_gazebo/share/turtlebot3_gazebo//models/turtlebot3_burger/meshes/lds.dae
[2.079s] -- Symlinking: /home/kangsoonhyuk/drl_ws/install/turtlebot3_gazebo/share/turtlebot3_gazebo//models/turtlebot3_burger/meshes/tire.dae
[2.087s] -- Symlinking: /home/kangsoonhyuk/drl_ws/install/turtlebot3_gazebo/share/turtlebot3_gazebo//models/turtlebot3_burger/model-1_4.sdf
[2.095s] -- Symlinking: /home/kangsoonhyuk/drl_ws/install/turtlebot3_gazebo/share/turtlebot3_gazebo//models/turtlebot3_burger/model.config
[2.103s] -- Symlinking: /home/kangsoonhyuk/drl_ws/install/turtlebot3_gazebo/share/turtlebot3_gazebo//models/turtlebot3_burger/model.sdf
[2.112s] -- Symlinking: /home/kangsoonhyuk/drl_ws/install/turtlebot3_gazebo/share/turtlebot3_gazebo//models/turtlebot3_drl_world/goal_box/model.config
[2.120s] -- Symlinking: /home/kangsoonhyuk/drl_ws/install/turtlebot3_gazebo/share/turtlebot3_gazebo//models/turtlebot3_drl_world/goal_box/model.sdf
[2.128s] -- Symlinking: /home/kangsoonhyuk/drl_ws/install/turtlebot3_gazebo/share/turtlebot3_gazebo//models/turtlebot3_drl_world/inner_obstacles/model.config
[2.136s] -- Symlinking: /home/kangsoonhyuk/drl_ws/install/turtlebot3_gazebo/share/turtlebot3_gazebo//models/turtlebot3_drl_world/inner_obstacles/model.sdf
[2.145s] -- Symlinking: /home/kangsoonhyuk/drl_ws/install/turtlebot3_gazebo/share/turtlebot3_gazebo//models/turtlebot3_drl_world/inner_walls/model.config
[2.153s] -- Symlinking: /home/kangsoonhyuk/drl_ws/install/turtlebot3_gazebo/share/turtlebot3_gazebo//models/turtlebot3_drl_world/inner_walls/model.sdf
[2.162s] -- Symlinking: /home/kangsoonhyuk/drl_ws/install/turtlebot3_gazebo/share/turtlebot3_gazebo//models/turtlebot3_drl_world/inner_walls_large/model.config
[2.170s] -- Symlinking: /home/kangsoonhyuk/drl_ws/install/turtlebot3_gazebo/share/turtlebot3_gazebo//models/turtlebot3_drl_world/inner_walls_large/model.sdf
[2.178s] -- Symlinking: /home/kangsoonhyuk/drl_ws/install/turtlebot3_gazebo/share/turtlebot3_gazebo//models/turtlebot3_drl_world/long_wall/model.config
[2.187s] -- Symlinking: /home/kangsoonhyuk/drl_ws/install/turtlebot3_gazebo/share/turtlebot3_gazebo//models/turtlebot3_drl_world/long_wall/model.sdf
[2.195s] -- Symlinking: /home/kangsoonhyuk/drl_ws/install/turtlebot3_gazebo/share/turtlebot3_gazebo//models/turtlebot3_drl_world/model.config
[2.203s] -- Symlinking: /home/kangsoonhyuk/drl_ws/install/turtlebot3_gazebo/share/turtlebot3_gazebo//models/turtlebot3_drl_world/model.sdf
[2.211s] -- Symlinking: /home/kangsoonhyuk/drl_ws/install/turtlebot3_gazebo/share/turtlebot3_gazebo//models/turtlebot3_drl_world/obstacle1/model.config
[2.219s] -- Symlinking: /home/kangsoonhyuk/drl_ws/install/turtlebot3_gazebo/share/turtlebot3_gazebo//models/turtlebot3_drl_world/obstacle1/model.sdf
[2.228s] -- Symlinking: /home/kangsoonhyuk/drl_ws/install/turtlebot3_gazebo/share/turtlebot3_gazebo//models/turtlebot3_drl_world/obstacle10/model.config
[2.236s] -- Symlinking: /home/kangsoonhyuk/drl_ws/install/turtlebot3_gazebo/share/turtlebot3_gazebo//models/turtlebot3_drl_world/obstacle10/model.sdf
[2.245s] -- Symlinking: /home/kangsoonhyuk/drl_ws/install/turtlebot3_gazebo/share/turtlebot3_gazebo//models/turtlebot3_drl_world/obstacle11/model.config
[2.253s] -- Symlinking: /home/kangsoonhyuk/drl_ws/install/turtlebot3_gazebo/share/turtlebot3_gazebo//models/turtlebot3_drl_world/obstacle11/model.sdf
[2.262s] -- Symlinking: /home/kangsoonhyuk/drl_ws/install/turtlebot3_gazebo/share/turtlebot3_gazebo//models/turtlebot3_drl_world/obstacle12/model.config
[2.270s] -- Symlinking: /home/kangsoonhyuk/drl_ws/install/turtlebot3_gazebo/share/turtlebot3_gazebo//models/turtlebot3_drl_world/obstacle12/model.sdf
[2.279s] -- Symlinking: /home/kangsoonhyuk/drl_ws/install/turtlebot3_gazebo/share/turtlebot3_gazebo//models/turtlebot3_drl_world/obstacle2/model.config
[2.287s] -- Symlinking: /home/kangsoonhyuk/drl_ws/install/turtlebot3_gazebo/share/turtlebot3_gazebo//models/turtlebot3_drl_world/obstacle2/model.sdf
[2.295s] -- Symlinking: /home/kangsoonhyuk/drl_ws/install/turtlebot3_gazebo/share/turtlebot3_gazebo//models/turtlebot3_drl_world/obstacle3/model.config
[2.304s] -- Symlinking: /home/kangsoonhyuk/drl_ws/install/turtlebot3_gazebo/share/turtlebot3_gazebo//models/turtlebot3_drl_world/obstacle3/model.sdf
[2.312s] -- Symlinking: /home/kangsoonhyuk/drl_ws/install/turtlebot3_gazebo/share/turtlebot3_gazebo//models/turtlebot3_drl_world/obstacle4/model.config
[2.320s] -- Symlinking: /home/kangsoonhyuk/drl_ws/install/turtlebot3_gazebo/share/turtlebot3_gazebo//models/turtlebot3_drl_world/obstacle4/model.sdf
[2.329s] -- Symlinking: /home/kangsoonhyuk/drl_ws/install/turtlebot3_gazebo/share/turtlebot3_gazebo//models/turtlebot3_drl_world/obstacle5/model.config
[2.337s] -- Symlinking: /home/kangsoonhyuk/drl_ws/install/turtlebot3_gazebo/share/turtlebot3_gazebo//models/turtlebot3_drl_world/obstacle5/model.sdf
[2.346s] -- Symlinking: /home/kangsoonhyuk/drl_ws/install/turtlebot3_gazebo/share/turtlebot3_gazebo//models/turtlebot3_drl_world/obstacle6/model.config
[2.354s] -- Symlinking: /home/kangsoonhyuk/drl_ws/install/turtlebot3_gazebo/share/turtlebot3_gazebo//models/turtlebot3_drl_world/obstacle6/model.sdf
[2.362s] -- Symlinking: /home/kangsoonhyuk/drl_ws/install/turtlebot3_gazebo/share/turtlebot3_gazebo//models/turtlebot3_drl_world/obstacle7/model.config
[2.371s] -- Symlinking: /home/kangsoonhyuk/drl_ws/install/turtlebot3_gazebo/share/turtlebot3_gazebo//models/turtlebot3_drl_world/obstacle7/model.sdf
[2.379s] -- Symlinking: /home/kangsoonhyuk/drl_ws/install/turtlebot3_gazebo/share/turtlebot3_gazebo//models/turtlebot3_drl_world/obstacle8/model.config
[2.387s] -- Symlinking: /home/kangsoonhyuk/drl_ws/install/turtlebot3_gazebo/share/turtlebot3_gazebo//models/turtlebot3_drl_world/obstacle8/model.sdf
[2.396s] -- Symlinking: /home/kangsoonhyuk/drl_ws/install/turtlebot3_gazebo/share/turtlebot3_gazebo//models/turtlebot3_drl_world/obstacle9/model.config
[2.404s] -- Symlinking: /home/kangsoonhyuk/drl_ws/install/turtlebot3_gazebo/share/turtlebot3_gazebo//models/turtlebot3_drl_world/obstacle9/model.sdf
[2.413s] -- Symlinking: /home/kangsoonhyuk/drl_ws/install/turtlebot3_gazebo/share/turtlebot3_gazebo//models/turtlebot3_drl_world/obstacle_plugin/CMakeLists.txt
[2.421s] -- Symlinking: /home/kangsoonhyuk/drl_ws/install/turtlebot3_gazebo/share/turtlebot3_gazebo//models/turtlebot3_drl_world/obstacle_plugin/build/CMakeCache.txt
[2.430s] -- Symlinking: /home/kangsoonhyuk/drl_ws/install/turtlebot3_gazebo/share/turtlebot3_gazebo//models/turtlebot3_drl_world/obstacle_plugin/build/CMakeFiles/3.22.1/CMakeCCompiler.cmake
[2.438s] -- Symlinking: /home/kangsoonhyuk/drl_ws/install/turtlebot3_gazebo/share/turtlebot3_gazebo//models/turtlebot3_drl_world/obstacle_plugin/build/CMakeFiles/3.22.1/CMakeCXXCompiler.cmake
[2.446s] -- Symlinking: /home/kangsoonhyuk/drl_ws/install/turtlebot3_gazebo/share/turtlebot3_gazebo//models/turtlebot3_drl_world/obstacle_plugin/build/CMakeFiles/3.22.1/CMakeDetermineCompilerABI_C.bin
[2.455s] -- Symlinking: /home/kangsoonhyuk/drl_ws/install/turtlebot3_gazebo/share/turtlebot3_gazebo//models/turtlebot3_drl_world/obstacle_plugin/build/CMakeFiles/3.22.1/CMakeDetermineCompilerABI_CXX.bin
[2.463s] -- Symlinking: /home/kangsoonhyuk/drl_ws/install/turtlebot3_gazebo/share/turtlebot3_gazebo//models/turtlebot3_drl_world/obstacle_plugin/build/CMakeFiles/3.22.1/CMakeSystem.cmake
[2.471s] -- Symlinking: /home/kangsoonhyuk/drl_ws/install/turtlebot3_gazebo/share/turtlebot3_gazebo//models/turtlebot3_drl_world/obstacle_plugin/build/CMakeFiles/3.22.1/CompilerIdC/CMakeCCompilerId.c
[2.480s] -- Symlinking: /home/kangsoonhyuk/drl_ws/install/turtlebot3_gazebo/share/turtlebot3_gazebo//models/turtlebot3_drl_world/obstacle_plugin/build/CMakeFiles/3.22.1/CompilerIdC/a.out
[2.488s] -- Symlinking: /home/kangsoonhyuk/drl_ws/install/turtlebot3_gazebo/share/turtlebot3_gazebo//models/turtlebot3_drl_world/obstacle_plugin/build/CMakeFiles/3.22.1/CompilerIdCXX/CMakeCXXCompilerId.cpp
[2.497s] -- Symlinking: /home/kangsoonhyuk/drl_ws/install/turtlebot3_gazebo/share/turtlebot3_gazebo//models/turtlebot3_drl_world/obstacle_plugin/build/CMakeFiles/3.22.1/CompilerIdCXX/a.out
[2.505s] -- Symlinking: /home/kangsoonhyuk/drl_ws/install/turtlebot3_gazebo/share/turtlebot3_gazebo//models/turtlebot3_drl_world/obstacle_plugin/build/CMakeFiles/CMakeDirectoryInformation.cmake
[2.514s] -- Symlinking: /home/kangsoonhyuk/drl_ws/install/turtlebot3_gazebo/share/turtlebot3_gazebo//models/turtlebot3_drl_world/obstacle_plugin/build/CMakeFiles/CMakeOutput.log
[2.522s] -- Symlinking: /home/kangsoonhyuk/drl_ws/install/turtlebot3_gazebo/share/turtlebot3_gazebo//models/turtlebot3_drl_world/obstacle_plugin/build/CMakeFiles/Makefile.cmake
[2.531s] -- Symlinking: /home/kangsoonhyuk/drl_ws/install/turtlebot3_gazebo/share/turtlebot3_gazebo//models/turtlebot3_drl_world/obstacle_plugin/build/CMakeFiles/Makefile2
[2.539s] -- Symlinking: /home/kangsoonhyuk/drl_ws/install/turtlebot3_gazebo/share/turtlebot3_gazebo//models/turtlebot3_drl_world/obstacle_plugin/build/CMakeFiles/TargetDirectories.txt
[2.547s] -- Symlinking: /home/kangsoonhyuk/drl_ws/install/turtlebot3_gazebo/share/turtlebot3_gazebo//models/turtlebot3_drl_world/obstacle_plugin/build/CMakeFiles/cmake.check_cache
[2.556s] -- Symlinking: /home/kangsoonhyuk/drl_ws/install/turtlebot3_gazebo/share/turtlebot3_gazebo//models/turtlebot3_drl_world/obstacle_plugin/build/CMakeFiles/obstacle1.dir/DependInfo.cmake
[2.564s] -- Symlinking: /home/kangsoonhyuk/drl_ws/install/turtlebot3_gazebo/share/turtlebot3_gazebo//models/turtlebot3_drl_world/obstacle_plugin/build/CMakeFiles/obstacle1.dir/build.make
[2.572s] -- Symlinking: /home/kangsoonhyuk/drl_ws/install/turtlebot3_gazebo/share/turtlebot3_gazebo//models/turtlebot3_drl_world/obstacle_plugin/build/CMakeFiles/obstacle1.dir/cmake_clean.cmake
[2.581s] -- Symlinking: /home/kangsoonhyuk/drl_ws/install/turtlebot3_gazebo/share/turtlebot3_gazebo//models/turtlebot3_drl_world/obstacle_plugin/build/CMakeFiles/obstacle1.dir/compiler_depend.make
[2.590s] -- Symlinking: /home/kangsoonhyuk/drl_ws/install/turtlebot3_gazebo/share/turtlebot3_gazebo//models/turtlebot3_drl_world/obstacle_plugin/build/CMakeFiles/obstacle1.dir/compiler_depend.ts
[2.598s] -- Symlinking: /home/kangsoonhyuk/drl_ws/install/turtlebot3_gazebo/share/turtlebot3_gazebo//models/turtlebot3_drl_world/obstacle_plugin/build/CMakeFiles/obstacle1.dir/depend.make
[2.607s] -- Symlinking: /home/kangsoonhyuk/drl_ws/install/turtlebot3_gazebo/share/turtlebot3_gazebo//models/turtlebot3_drl_world/obstacle_plugin/build/CMakeFiles/obstacle1.dir/flags.make
[2.615s] -- Symlinking: /home/kangsoonhyuk/drl_ws/install/turtlebot3_gazebo/share/turtlebot3_gazebo//models/turtlebot3_drl_world/obstacle_plugin/build/CMakeFiles/obstacle1.dir/link.txt
[2.624s] -- Symlinking: /home/kangsoonhyuk/drl_ws/install/turtlebot3_gazebo/share/turtlebot3_gazebo//models/turtlebot3_drl_world/obstacle_plugin/build/CMakeFiles/obstacle1.dir/obstacle1.cc.o
[2.632s] -- Symlinking: /home/kangsoonhyuk/drl_ws/install/turtlebot3_gazebo/share/turtlebot3_gazebo//models/turtlebot3_drl_world/obstacle_plugin/build/CMakeFiles/obstacle1.dir/obstacle1.cc.o.d
[2.641s] -- Symlinking: /home/kangsoonhyuk/drl_ws/install/turtlebot3_gazebo/share/turtlebot3_gazebo//models/turtlebot3_drl_world/obstacle_plugin/build/CMakeFiles/obstacle1.dir/progress.make
[2.649s] -- Symlinking: /home/kangsoonhyuk/drl_ws/install/turtlebot3_gazebo/share/turtlebot3_gazebo//models/turtlebot3_drl_world/obstacle_plugin/build/CMakeFiles/obstacle10.dir/DependInfo.cmake
[2.658s] -- Symlinking: /home/kangsoonhyuk/drl_ws/install/turtlebot3_gazebo/share/turtlebot3_gazebo//models/turtlebot3_drl_world/obstacle_plugin/build/CMakeFiles/obstacle10.dir/build.make
[2.666s] -- Symlinking: /home/kangsoonhyuk/drl_ws/install/turtlebot3_gazebo/share/turtlebot3_gazebo//models/turtlebot3_drl_world/obstacle_plugin/build/CMakeFiles/obstacle10.dir/cmake_clean.cmake
[2.675s] -- Symlinking: /home/kangsoonhyuk/drl_ws/install/turtlebot3_gazebo/share/turtlebot3_gazebo//models/turtlebot3_drl_world/obstacle_plugin/build/CMakeFiles/obstacle10.dir/compiler_depend.make
[2.683s] -- Symlinking: /home/kangsoonhyuk/drl_ws/install/turtlebot3_gazebo/share/turtlebot3_gazebo//models/turtlebot3_drl_world/obstacle_plugin/build/CMakeFiles/obstacle10.dir/compiler_depend.ts
[2.692s] -- Symlinking: /home/kangsoonhyuk/drl_ws/install/turtlebot3_gazebo/share/turtlebot3_gazebo//models/turtlebot3_drl_world/obstacle_plugin/build/CMakeFiles/obstacle10.dir/depend.make
[2.700s] -- Symlinking: /home/kangsoonhyuk/drl_ws/install/turtlebot3_gazebo/share/turtlebot3_gazebo//models/turtlebot3_drl_world/obstacle_plugin/build/CMakeFiles/obstacle10.dir/flags.make
[2.709s] -- Symlinking: /home/kangsoonhyuk/drl_ws/install/turtlebot3_gazebo/share/turtlebot3_gazebo//models/turtlebot3_drl_world/obstacle_plugin/build/CMakeFiles/obstacle10.dir/link.txt
[2.717s] -- Symlinking: /home/kangsoonhyuk/drl_ws/install/turtlebot3_gazebo/share/turtlebot3_gazebo//models/turtlebot3_drl_world/obstacle_plugin/build/CMakeFiles/obstacle10.dir/obstacle10.cc.o
[2.726s] -- Symlinking: /home/kangsoonhyuk/drl_ws/install/turtlebot3_gazebo/share/turtlebot3_gazebo//models/turtlebot3_drl_world/obstacle_plugin/build/CMakeFiles/obstacle10.dir/obstacle10.cc.o.d
[2.734s] -- Symlinking: /home/kangsoonhyuk/drl_ws/install/turtlebot3_gazebo/share/turtlebot3_gazebo//models/turtlebot3_drl_world/obstacle_plugin/build/CMakeFiles/obstacle10.dir/progress.make
[2.743s] -- Symlinking: /home/kangsoonhyuk/drl_ws/install/turtlebot3_gazebo/share/turtlebot3_gazebo//models/turtlebot3_drl_world/obstacle_plugin/build/CMakeFiles/obstacle11.dir/DependInfo.cmake
[2.751s] -- Symlinking: /home/kangsoonhyuk/drl_ws/install/turtlebot3_gazebo/share/turtlebot3_gazebo//models/turtlebot3_drl_world/obstacle_plugin/build/CMakeFiles/obstacle11.dir/build.make
[2.759s] -- Symlinking: /home/kangsoonhyuk/drl_ws/install/turtlebot3_gazebo/share/turtlebot3_gazebo//models/turtlebot3_drl_world/obstacle_plugin/build/CMakeFiles/obstacle11.dir/cmake_clean.cmake
[2.767s] -- Symlinking: /home/kangsoonhyuk/drl_ws/install/turtlebot3_gazebo/share/turtlebot3_gazebo//models/turtlebot3_drl_world/obstacle_plugin/build/CMakeFiles/obstacle11.dir/compiler_depend.make
[2.776s] -- Symlinking: /home/kangsoonhyuk/drl_ws/install/turtlebot3_gazebo/share/turtlebot3_gazebo//models/turtlebot3_drl_world/obstacle_plugin/build/CMakeFiles/obstacle11.dir/compiler_depend.ts
[2.784s] -- Symlinking: /home/kangsoonhyuk/drl_ws/install/turtlebot3_gazebo/share/turtlebot3_gazebo//models/turtlebot3_drl_world/obstacle_plugin/build/CMakeFiles/obstacle11.dir/depend.make
[2.792s] -- Symlinking: /home/kangsoonhyuk/drl_ws/install/turtlebot3_gazebo/share/turtlebot3_gazebo//models/turtlebot3_drl_world/obstacle_plugin/build/CMakeFiles/obstacle11.dir/flags.make
[2.800s] -- Symlinking: /home/kangsoonhyuk/drl_ws/install/turtlebot3_gazebo/share/turtlebot3_gazebo//models/turtlebot3_drl_world/obstacle_plugin/build/CMakeFiles/obstacle11.dir/link.txt
[2.808s] -- Symlinking: /home/kangsoonhyuk/drl_ws/install/turtlebot3_gazebo/share/turtlebot3_gazebo//models/turtlebot3_drl_world/obstacle_plugin/build/CMakeFiles/obstacle11.dir/obstacle11.cc.o
[2.817s] -- Symlinking: /home/kangsoonhyuk/drl_ws/install/turtlebot3_gazebo/share/turtlebot3_gazebo//models/turtlebot3_drl_world/obstacle_plugin/build/CMakeFiles/obstacle11.dir/obstacle11.cc.o.d
[2.825s] -- Symlinking: /home/kangsoonhyuk/drl_ws/install/turtlebot3_gazebo/share/turtlebot3_gazebo//models/turtlebot3_drl_world/obstacle_plugin/build/CMakeFiles/obstacle11.dir/progress.make
[2.833s] -- Symlinking: /home/kangsoonhyuk/drl_ws/install/turtlebot3_gazebo/share/turtlebot3_gazebo//models/turtlebot3_drl_world/obstacle_plugin/build/CMakeFiles/obstacle12.dir/DependInfo.cmake
[2.842s] -- Symlinking: /home/kangsoonhyuk/drl_ws/install/turtlebot3_gazebo/share/turtlebot3_gazebo//models/turtlebot3_drl_world/obstacle_plugin/build/CMakeFiles/obstacle12.dir/build.make
[2.850s] -- Symlinking: /home/kangsoonhyuk/drl_ws/install/turtlebot3_gazebo/share/turtlebot3_gazebo//models/turtlebot3_drl_world/obstacle_plugin/build/CMakeFiles/obstacle12.dir/cmake_clean.cmake
[2.858s] -- Symlinking: /home/kangsoonhyuk/drl_ws/install/turtlebot3_gazebo/share/turtlebot3_gazebo//models/turtlebot3_drl_world/obstacle_plugin/build/CMakeFiles/obstacle12.dir/compiler_depend.make
[2.866s] -- Symlinking: /home/kangsoonhyuk/drl_ws/install/turtlebot3_gazebo/share/turtlebot3_gazebo//models/turtlebot3_drl_world/obstacle_plugin/build/CMakeFiles/obstacle12.dir/compiler_depend.ts
[2.874s] -- Symlinking: /home/kangsoonhyuk/drl_ws/install/turtlebot3_gazebo/share/turtlebot3_gazebo//models/turtlebot3_drl_world/obstacle_plugin/build/CMakeFiles/obstacle12.dir/depend.make
[2.882s] -- Symlinking: /home/kangsoonhyuk/drl_ws/install/turtlebot3_gazebo/share/turtlebot3_gazebo//models/turtlebot3_drl_world/obstacle_plugin/build/CMakeFiles/obstacle12.dir/flags.make
[2.890s] -- Symlinking: /home/kangsoonhyuk/drl_ws/install/turtlebot3_gazebo/share/turtlebot3_gazebo//models/turtlebot3_drl_world/obstacle_plugin/build/CMakeFiles/obstacle12.dir/link.txt
[2.898s] -- Symlinking: /home/kangsoonhyuk/drl_ws/install/turtlebot3_gazebo/share/turtlebot3_gazebo//models/turtlebot3_drl_world/obstacle_plugin/build/CMakeFiles/obstacle12.dir/obstacle12.cc.o
[2.907s] -- Symlinking: /home/kangsoonhyuk/drl_ws/install/turtlebot3_gazebo/share/turtlebot3_gazebo//models/turtlebot3_drl_world/obstacle_plugin/build/CMakeFiles/obstacle12.dir/obstacle12.cc.o.d
[2.915s] -- Symlinking: /home/kangsoonhyuk/drl_ws/install/turtlebot3_gazebo/share/turtlebot3_gazebo//models/turtlebot3_drl_world/obstacle_plugin/build/CMakeFiles/obstacle12.dir/progress.make
[2.923s] -- Symlinking: /home/kangsoonhyuk/drl_ws/install/turtlebot3_gazebo/share/turtlebot3_gazebo//models/turtlebot3_drl_world/obstacle_plugin/build/CMakeFiles/obstacle2.dir/DependInfo.cmake
[2.931s] -- Symlinking: /home/kangsoonhyuk/drl_ws/install/turtlebot3_gazebo/share/turtlebot3_gazebo//models/turtlebot3_drl_world/obstacle_plugin/build/CMakeFiles/obstacle2.dir/build.make
[2.939s] -- Symlinking: /home/kangsoonhyuk/drl_ws/install/turtlebot3_gazebo/share/turtlebot3_gazebo//models/turtlebot3_drl_world/obstacle_plugin/build/CMakeFiles/obstacle2.dir/cmake_clean.cmake
[2.947s] -- Symlinking: /home/kangsoonhyuk/drl_ws/install/turtlebot3_gazebo/share/turtlebot3_gazebo//models/turtlebot3_drl_world/obstacle_plugin/build/CMakeFiles/obstacle2.dir/compiler_depend.make
[2.956s] -- Symlinking: /home/kangsoonhyuk/drl_ws/install/turtlebot3_gazebo/share/turtlebot3_gazebo//models/turtlebot3_drl_world/obstacle_plugin/build/CMakeFiles/obstacle2.dir/compiler_depend.ts
[2.964s] -- Symlinking: /home/kangsoonhyuk/drl_ws/install/turtlebot3_gazebo/share/turtlebot3_gazebo//models/turtlebot3_drl_world/obstacle_plugin/build/CMakeFiles/obstacle2.dir/depend.make
[2.972s] -- Symlinking: /home/kangsoonhyuk/drl_ws/install/turtlebot3_gazebo/share/turtlebot3_gazebo//models/turtlebot3_drl_world/obstacle_plugin/build/CMakeFiles/obstacle2.dir/flags.make
[2.981s] -- Symlinking: /home/kangsoonhyuk/drl_ws/install/turtlebot3_gazebo/share/turtlebot3_gazebo//models/turtlebot3_drl_world/obstacle_plugin/build/CMakeFiles/obstacle2.dir/link.txt
[2.989s] -- Symlinking: /home/kangsoonhyuk/drl_ws/install/turtlebot3_gazebo/share/turtlebot3_gazebo//models/turtlebot3_drl_world/obstacle_plugin/build/CMakeFiles/obstacle2.dir/obstacle2.cc.o
[2.998s] -- Symlinking: /home/kangsoonhyuk/drl_ws/install/turtlebot3_gazebo/share/turtlebot3_gazebo//models/turtlebot3_drl_world/obstacle_plugin/build/CMakeFiles/obstacle2.dir/obstacle2.cc.o.d
[3.006s] -- Symlinking: /home/kangsoonhyuk/drl_ws/install/turtlebot3_gazebo/share/turtlebot3_gazebo//models/turtlebot3_drl_world/obstacle_plugin/build/CMakeFiles/obstacle2.dir/progress.make
[3.014s] -- Symlinking: /home/kangsoonhyuk/drl_ws/install/turtlebot3_gazebo/share/turtlebot3_gazebo//models/turtlebot3_drl_world/obstacle_plugin/build/CMakeFiles/obstacle3.dir/DependInfo.cmake
[3.022s] -- Symlinking: /home/kangsoonhyuk/drl_ws/install/turtlebot3_gazebo/share/turtlebot3_gazebo//models/turtlebot3_drl_world/obstacle_plugin/build/CMakeFiles/obstacle3.dir/build.make
[3.031s] -- Symlinking: /home/kangsoonhyuk/drl_ws/install/turtlebot3_gazebo/share/turtlebot3_gazebo//models/turtlebot3_drl_world/obstacle_plugin/build/CMakeFiles/obstacle3.dir/cmake_clean.cmake
[3.039s] -- Symlinking: /home/kangsoonhyuk/drl_ws/install/turtlebot3_gazebo/share/turtlebot3_gazebo//models/turtlebot3_drl_world/obstacle_plugin/build/CMakeFiles/obstacle3.dir/compiler_depend.make
[3.047s] -- Symlinking: /home/kangsoonhyuk/drl_ws/install/turtlebot3_gazebo/share/turtlebot3_gazebo//models/turtlebot3_drl_world/obstacle_plugin/build/CMakeFiles/obstacle3.dir/compiler_depend.ts
[3.055s] -- Symlinking: /home/kangsoonhyuk/drl_ws/install/turtlebot3_gazebo/share/turtlebot3_gazebo//models/turtlebot3_drl_world/obstacle_plugin/build/CMakeFiles/obstacle3.dir/depend.make
[3.064s] -- Symlinking: /home/kangsoonhyuk/drl_ws/install/turtlebot3_gazebo/share/turtlebot3_gazebo//models/turtlebot3_drl_world/obstacle_plugin/build/CMakeFiles/obstacle3.dir/flags.make
[3.072s] -- Symlinking: /home/kangsoonhyuk/drl_ws/install/turtlebot3_gazebo/share/turtlebot3_gazebo//models/turtlebot3_drl_world/obstacle_plugin/build/CMakeFiles/obstacle3.dir/link.txt
[3.080s] -- Symlinking: /home/kangsoonhyuk/drl_ws/install/turtlebot3_gazebo/share/turtlebot3_gazebo//models/turtlebot3_drl_world/obstacle_plugin/build/CMakeFiles/obstacle3.dir/obstacle3.cc.o
[3.090s] -- Symlinking: /home/kangsoonhyuk/drl_ws/install/turtlebot3_gazebo/share/turtlebot3_gazebo//models/turtlebot3_drl_world/obstacle_plugin/build/CMakeFiles/obstacle3.dir/obstacle3.cc.o.d
[3.099s] -- Symlinking: /home/kangsoonhyuk/drl_ws/install/turtlebot3_gazebo/share/turtlebot3_gazebo//models/turtlebot3_drl_world/obstacle_plugin/build/CMakeFiles/obstacle3.dir/progress.make
[3.107s] -- Symlinking: /home/kangsoonhyuk/drl_ws/install/turtlebot3_gazebo/share/turtlebot3_gazebo//models/turtlebot3_drl_world/obstacle_plugin/build/CMakeFiles/obstacle4.dir/DependInfo.cmake
[3.117s] -- Symlinking: /home/kangsoonhyuk/drl_ws/install/turtlebot3_gazebo/share/turtlebot3_gazebo//models/turtlebot3_drl_world/obstacle_plugin/build/CMakeFiles/obstacle4.dir/build.make
[3.125s] -- Symlinking: /home/kangsoonhyuk/drl_ws/install/turtlebot3_gazebo/share/turtlebot3_gazebo//models/turtlebot3_drl_world/obstacle_plugin/build/CMakeFiles/obstacle4.dir/cmake_clean.cmake
[3.133s] -- Symlinking: /home/kangsoonhyuk/drl_ws/install/turtlebot3_gazebo/share/turtlebot3_gazebo//models/turtlebot3_drl_world/obstacle_plugin/build/CMakeFiles/obstacle4.dir/compiler_depend.make
[3.142s] -- Symlinking: /home/kangsoonhyuk/drl_ws/install/turtlebot3_gazebo/share/turtlebot3_gazebo//models/turtlebot3_drl_world/obstacle_plugin/build/CMakeFiles/obstacle4.dir/compiler_depend.ts
[3.150s] -- Symlinking: /home/kangsoonhyuk/drl_ws/install/turtlebot3_gazebo/share/turtlebot3_gazebo//models/turtlebot3_drl_world/obstacle_plugin/build/CMakeFiles/obstacle4.dir/depend.make
[3.158s] -- Symlinking: /home/kangsoonhyuk/drl_ws/install/turtlebot3_gazebo/share/turtlebot3_gazebo//models/turtlebot3_drl_world/obstacle_plugin/build/CMakeFiles/obstacle4.dir/flags.make
[3.166s] -- Symlinking: /home/kangsoonhyuk/drl_ws/install/turtlebot3_gazebo/share/turtlebot3_gazebo//models/turtlebot3_drl_world/obstacle_plugin/build/CMakeFiles/obstacle4.dir/link.txt
[3.175s] -- Symlinking: /home/kangsoonhyuk/drl_ws/install/turtlebot3_gazebo/share/turtlebot3_gazebo//models/turtlebot3_drl_world/obstacle_plugin/build/CMakeFiles/obstacle4.dir/obstacle4.cc.o
[3.185s] -- Symlinking: /home/kangsoonhyuk/drl_ws/install/turtlebot3_gazebo/share/turtlebot3_gazebo//models/turtlebot3_drl_world/obstacle_plugin/build/CMakeFiles/obstacle4.dir/obstacle4.cc.o.d
[3.195s] -- Symlinking: /home/kangsoonhyuk/drl_ws/install/turtlebot3_gazebo/share/turtlebot3_gazebo//models/turtlebot3_drl_world/obstacle_plugin/build/CMakeFiles/obstacle4.dir/progress.make
[3.205s] -- Symlinking: /home/kangsoonhyuk/drl_ws/install/turtlebot3_gazebo/share/turtlebot3_gazebo//models/turtlebot3_drl_world/obstacle_plugin/build/CMakeFiles/obstacle5.dir/DependInfo.cmake
[3.214s] -- Symlinking: /home/kangsoonhyuk/drl_ws/install/turtlebot3_gazebo/share/turtlebot3_gazebo//models/turtlebot3_drl_world/obstacle_plugin/build/CMakeFiles/obstacle5.dir/build.make
[3.222s] -- Symlinking: /home/kangsoonhyuk/drl_ws/install/turtlebot3_gazebo/share/turtlebot3_gazebo//models/turtlebot3_drl_world/obstacle_plugin/build/CMakeFiles/obstacle5.dir/cmake_clean.cmake
[3.231s] -- Symlinking: /home/kangsoonhyuk/drl_ws/install/turtlebot3_gazebo/share/turtlebot3_gazebo//models/turtlebot3_drl_world/obstacle_plugin/build/CMakeFiles/obstacle5.dir/compiler_depend.make
[3.239s] -- Symlinking: /home/kangsoonhyuk/drl_ws/install/turtlebot3_gazebo/share/turtlebot3_gazebo//models/turtlebot3_drl_world/obstacle_plugin/build/CMakeFiles/obstacle5.dir/compiler_depend.ts
[3.247s] -- Symlinking: /home/kangsoonhyuk/drl_ws/install/turtlebot3_gazebo/share/turtlebot3_gazebo//models/turtlebot3_drl_world/obstacle_plugin/build/CMakeFiles/obstacle5.dir/depend.make
[3.255s] -- Symlinking: /home/kangsoonhyuk/drl_ws/install/turtlebot3_gazebo/share/turtlebot3_gazebo//models/turtlebot3_drl_world/obstacle_plugin/build/CMakeFiles/obstacle5.dir/flags.make
[3.264s] -- Symlinking: /home/kangsoonhyuk/drl_ws/install/turtlebot3_gazebo/share/turtlebot3_gazebo//models/turtlebot3_drl_world/obstacle_plugin/build/CMakeFiles/obstacle5.dir/link.txt
[3.273s] -- Symlinking: /home/kangsoonhyuk/drl_ws/install/turtlebot3_gazebo/share/turtlebot3_gazebo//models/turtlebot3_drl_world/obstacle_plugin/build/CMakeFiles/obstacle5.dir/obstacle5.cc.o
[3.281s] -- Symlinking: /home/kangsoonhyuk/drl_ws/install/turtlebot3_gazebo/share/turtlebot3_gazebo//models/turtlebot3_drl_world/obstacle_plugin/build/CMakeFiles/obstacle5.dir/obstacle5.cc.o.d
[3.289s] -- Symlinking: /home/kangsoonhyuk/drl_ws/install/turtlebot3_gazebo/share/turtlebot3_gazebo//models/turtlebot3_drl_world/obstacle_plugin/build/CMakeFiles/obstacle5.dir/progress.make
[3.297s] -- Symlinking: /home/kangsoonhyuk/drl_ws/install/turtlebot3_gazebo/share/turtlebot3_gazebo//models/turtlebot3_drl_world/obstacle_plugin/build/CMakeFiles/obstacle6.dir/DependInfo.cmake
[3.305s] -- Symlinking: /home/kangsoonhyuk/drl_ws/install/turtlebot3_gazebo/share/turtlebot3_gazebo//models/turtlebot3_drl_world/obstacle_plugin/build/CMakeFiles/obstacle6.dir/build.make
[3.314s] -- Symlinking: /home/kangsoonhyuk/drl_ws/install/turtlebot3_gazebo/share/turtlebot3_gazebo//models/turtlebot3_drl_world/obstacle_plugin/build/CMakeFiles/obstacle6.dir/cmake_clean.cmake
[3.322s] -- Symlinking: /home/kangsoonhyuk/drl_ws/install/turtlebot3_gazebo/share/turtlebot3_gazebo//models/turtlebot3_drl_world/obstacle_plugin/build/CMakeFiles/obstacle6.dir/compiler_depend.make
[3.330s] -- Symlinking: /home/kangsoonhyuk/drl_ws/install/turtlebot3_gazebo/share/turtlebot3_gazebo//models/turtlebot3_drl_world/obstacle_plugin/build/CMakeFiles/obstacle6.dir/compiler_depend.ts
[3.339s] -- Symlinking: /home/kangsoonhyuk/drl_ws/install/turtlebot3_gazebo/share/turtlebot3_gazebo//models/turtlebot3_drl_world/obstacle_plugin/build/CMakeFiles/obstacle6.dir/depend.make
[3.347s] -- Symlinking: /home/kangsoonhyuk/drl_ws/install/turtlebot3_gazebo/share/turtlebot3_gazebo//models/turtlebot3_drl_world/obstacle_plugin/build/CMakeFiles/obstacle6.dir/flags.make
[3.356s] -- Symlinking: /home/kangsoonhyuk/drl_ws/install/turtlebot3_gazebo/share/turtlebot3_gazebo//models/turtlebot3_drl_world/obstacle_plugin/build/CMakeFiles/obstacle6.dir/link.txt
[3.364s] -- Symlinking: /home/kangsoonhyuk/drl_ws/install/turtlebot3_gazebo/share/turtlebot3_gazebo//models/turtlebot3_drl_world/obstacle_plugin/build/CMakeFiles/obstacle6.dir/obstacle6.cc.o
[3.372s] -- Symlinking: /home/kangsoonhyuk/drl_ws/install/turtlebot3_gazebo/share/turtlebot3_gazebo//models/turtlebot3_drl_world/obstacle_plugin/build/CMakeFiles/obstacle6.dir/obstacle6.cc.o.d
[3.380s] -- Symlinking: /home/kangsoonhyuk/drl_ws/install/turtlebot3_gazebo/share/turtlebot3_gazebo//models/turtlebot3_drl_world/obstacle_plugin/build/CMakeFiles/obstacle6.dir/progress.make
[3.389s] -- Symlinking: /home/kangsoonhyuk/drl_ws/install/turtlebot3_gazebo/share/turtlebot3_gazebo//models/turtlebot3_drl_world/obstacle_plugin/build/CMakeFiles/obstacle7.dir/DependInfo.cmake
[3.397s] -- Symlinking: /home/kangsoonhyuk/drl_ws/install/turtlebot3_gazebo/share/turtlebot3_gazebo//models/turtlebot3_drl_world/obstacle_plugin/build/CMakeFiles/obstacle7.dir/build.make
[3.406s] -- Symlinking: /home/kangsoonhyuk/drl_ws/install/turtlebot3_gazebo/share/turtlebot3_gazebo//models/turtlebot3_drl_world/obstacle_plugin/build/CMakeFiles/obstacle7.dir/cmake_clean.cmake
[3.414s] -- Symlinking: /home/kangsoonhyuk/drl_ws/install/turtlebot3_gazebo/share/turtlebot3_gazebo//models/turtlebot3_drl_world/obstacle_plugin/build/CMakeFiles/obstacle7.dir/compiler_depend.make
[3.422s] -- Symlinking: /home/kangsoonhyuk/drl_ws/install/turtlebot3_gazebo/share/turtlebot3_gazebo//models/turtlebot3_drl_world/obstacle_plugin/build/CMakeFiles/obstacle7.dir/compiler_depend.ts
[3.431s] -- Symlinking: /home/kangsoonhyuk/drl_ws/install/turtlebot3_gazebo/share/turtlebot3_gazebo//models/turtlebot3_drl_world/obstacle_plugin/build/CMakeFiles/obstacle7.dir/depend.make
[3.439s] -- Symlinking: /home/kangsoonhyuk/drl_ws/install/turtlebot3_gazebo/share/turtlebot3_gazebo//models/turtlebot3_drl_world/obstacle_plugin/build/CMakeFiles/obstacle7.dir/flags.make
[3.448s] -- Symlinking: /home/kangsoonhyuk/drl_ws/install/turtlebot3_gazebo/share/turtlebot3_gazebo//models/turtlebot3_drl_world/obstacle_plugin/build/CMakeFiles/obstacle7.dir/link.txt
[3.456s] -- Symlinking: /home/kangsoonhyuk/drl_ws/install/turtlebot3_gazebo/share/turtlebot3_gazebo//models/turtlebot3_drl_world/obstacle_plugin/build/CMakeFiles/obstacle7.dir/obstacle7.cc.o
[3.464s] -- Symlinking: /home/kangsoonhyuk/drl_ws/install/turtlebot3_gazebo/share/turtlebot3_gazebo//models/turtlebot3_drl_world/obstacle_plugin/build/CMakeFiles/obstacle7.dir/obstacle7.cc.o.d
[3.473s] -- Symlinking: /home/kangsoonhyuk/drl_ws/install/turtlebot3_gazebo/share/turtlebot3_gazebo//models/turtlebot3_drl_world/obstacle_plugin/build/CMakeFiles/obstacle7.dir/progress.make
[3.481s] -- Symlinking: /home/kangsoonhyuk/drl_ws/install/turtlebot3_gazebo/share/turtlebot3_gazebo//models/turtlebot3_drl_world/obstacle_plugin/build/CMakeFiles/obstacle8.dir/DependInfo.cmake
[3.489s] -- Symlinking: /home/kangsoonhyuk/drl_ws/install/turtlebot3_gazebo/share/turtlebot3_gazebo//models/turtlebot3_drl_world/obstacle_plugin/build/CMakeFiles/obstacle8.dir/build.make
[3.498s] -- Symlinking: /home/kangsoonhyuk/drl_ws/install/turtlebot3_gazebo/share/turtlebot3_gazebo//models/turtlebot3_drl_world/obstacle_plugin/build/CMakeFiles/obstacle8.dir/cmake_clean.cmake
[3.506s] -- Symlinking: /home/kangsoonhyuk/drl_ws/install/turtlebot3_gazebo/share/turtlebot3_gazebo//models/turtlebot3_drl_world/obstacle_plugin/build/CMakeFiles/obstacle8.dir/compiler_depend.make
[3.514s] -- Symlinking: /home/kangsoonhyuk/drl_ws/install/turtlebot3_gazebo/share/turtlebot3_gazebo//models/turtlebot3_drl_world/obstacle_plugin/build/CMakeFiles/obstacle8.dir/compiler_depend.ts
[3.523s] -- Symlinking: /home/kangsoonhyuk/drl_ws/install/turtlebot3_gazebo/share/turtlebot3_gazebo//models/turtlebot3_drl_world/obstacle_plugin/build/CMakeFiles/obstacle8.dir/depend.make
[3.531s] -- Symlinking: /home/kangsoonhyuk/drl_ws/install/turtlebot3_gazebo/share/turtlebot3_gazebo//models/turtlebot3_drl_world/obstacle_plugin/build/CMakeFiles/obstacle8.dir/flags.make
[3.539s] -- Symlinking: /home/kangsoonhyuk/drl_ws/install/turtlebot3_gazebo/share/turtlebot3_gazebo//models/turtlebot3_drl_world/obstacle_plugin/build/CMakeFiles/obstacle8.dir/link.txt
[3.548s] -- Symlinking: /home/kangsoonhyuk/drl_ws/install/turtlebot3_gazebo/share/turtlebot3_gazebo//models/turtlebot3_drl_world/obstacle_plugin/build/CMakeFiles/obstacle8.dir/obstacle8.cc.o
[3.556s] -- Symlinking: /home/kangsoonhyuk/drl_ws/install/turtlebot3_gazebo/share/turtlebot3_gazebo//models/turtlebot3_drl_world/obstacle_plugin/build/CMakeFiles/obstacle8.dir/obstacle8.cc.o.d
[3.564s] -- Symlinking: /home/kangsoonhyuk/drl_ws/install/turtlebot3_gazebo/share/turtlebot3_gazebo//models/turtlebot3_drl_world/obstacle_plugin/build/CMakeFiles/obstacle8.dir/progress.make
[3.572s] -- Symlinking: /home/kangsoonhyuk/drl_ws/install/turtlebot3_gazebo/share/turtlebot3_gazebo//models/turtlebot3_drl_world/obstacle_plugin/build/CMakeFiles/obstacle9.dir/DependInfo.cmake
[3.580s] -- Symlinking: /home/kangsoonhyuk/drl_ws/install/turtlebot3_gazebo/share/turtlebot3_gazebo//models/turtlebot3_drl_world/obstacle_plugin/build/CMakeFiles/obstacle9.dir/build.make
[3.589s] -- Symlinking: /home/kangsoonhyuk/drl_ws/install/turtlebot3_gazebo/share/turtlebot3_gazebo//models/turtlebot3_drl_world/obstacle_plugin/build/CMakeFiles/obstacle9.dir/cmake_clean.cmake
[3.598s] -- Symlinking: /home/kangsoonhyuk/drl_ws/install/turtlebot3_gazebo/share/turtlebot3_gazebo//models/turtlebot3_drl_world/obstacle_plugin/build/CMakeFiles/obstacle9.dir/compiler_depend.make
[3.607s] -- Symlinking: /home/kangsoonhyuk/drl_ws/install/turtlebot3_gazebo/share/turtlebot3_gazebo//models/turtlebot3_drl_world/obstacle_plugin/build/CMakeFiles/obstacle9.dir/compiler_depend.ts
[3.615s] -- Symlinking: /home/kangsoonhyuk/drl_ws/install/turtlebot3_gazebo/share/turtlebot3_gazebo//models/turtlebot3_drl_world/obstacle_plugin/build/CMakeFiles/obstacle9.dir/depend.make
[3.623s] -- Symlinking: /home/kangsoonhyuk/drl_ws/install/turtlebot3_gazebo/share/turtlebot3_gazebo//models/turtlebot3_drl_world/obstacle_plugin/build/CMakeFiles/obstacle9.dir/flags.make
[3.631s] -- Symlinking: /home/kangsoonhyuk/drl_ws/install/turtlebot3_gazebo/share/turtlebot3_gazebo//models/turtlebot3_drl_world/obstacle_plugin/build/CMakeFiles/obstacle9.dir/link.txt
[3.640s] -- Symlinking: /home/kangsoonhyuk/drl_ws/install/turtlebot3_gazebo/share/turtlebot3_gazebo//models/turtlebot3_drl_world/obstacle_plugin/build/CMakeFiles/obstacle9.dir/obstacle9.cc.o
[3.648s] -- Symlinking: /home/kangsoonhyuk/drl_ws/install/turtlebot3_gazebo/share/turtlebot3_gazebo//models/turtlebot3_drl_world/obstacle_plugin/build/CMakeFiles/obstacle9.dir/obstacle9.cc.o.d
[3.656s] -- Symlinking: /home/kangsoonhyuk/drl_ws/install/turtlebot3_gazebo/share/turtlebot3_gazebo//models/turtlebot3_drl_world/obstacle_plugin/build/CMakeFiles/obstacle9.dir/progress.make
[3.664s] -- Symlinking: /home/kangsoonhyuk/drl_ws/install/turtlebot3_gazebo/share/turtlebot3_gazebo//models/turtlebot3_drl_world/obstacle_plugin/build/CMakeFiles/obstacles.dir/DependInfo.cmake
[3.673s] -- Symlinking: /home/kangsoonhyuk/drl_ws/install/turtlebot3_gazebo/share/turtlebot3_gazebo//models/turtlebot3_drl_world/obstacle_plugin/build/CMakeFiles/obstacles.dir/build.make
[3.681s] -- Symlinking: /home/kangsoonhyuk/drl_ws/install/turtlebot3_gazebo/share/turtlebot3_gazebo//models/turtlebot3_drl_world/obstacle_plugin/build/CMakeFiles/obstacles.dir/cmake_clean.cmake
[3.689s] -- Symlinking: /home/kangsoonhyuk/drl_ws/install/turtlebot3_gazebo/share/turtlebot3_gazebo//models/turtlebot3_drl_world/obstacle_plugin/build/CMakeFiles/obstacles.dir/compiler_depend.make
[3.697s] -- Symlinking: /home/kangsoonhyuk/drl_ws/install/turtlebot3_gazebo/share/turtlebot3_gazebo//models/turtlebot3_drl_world/obstacle_plugin/build/CMakeFiles/obstacles.dir/compiler_depend.ts
[3.706s] -- Symlinking: /home/kangsoonhyuk/drl_ws/install/turtlebot3_gazebo/share/turtlebot3_gazebo//models/turtlebot3_drl_world/obstacle_plugin/build/CMakeFiles/obstacles.dir/depend.make
[3.716s] -- Symlinking: /home/kangsoonhyuk/drl_ws/install/turtlebot3_gazebo/share/turtlebot3_gazebo//models/turtlebot3_drl_world/obstacle_plugin/build/CMakeFiles/obstacles.dir/flags.make
[3.724s] -- Symlinking: /home/kangsoonhyuk/drl_ws/install/turtlebot3_gazebo/share/turtlebot3_gazebo//models/turtlebot3_drl_world/obstacle_plugin/build/CMakeFiles/obstacles.dir/link.txt
[3.733s] -- Symlinking: /home/kangsoonhyuk/drl_ws/install/turtlebot3_gazebo/share/turtlebot3_gazebo//models/turtlebot3_drl_world/obstacle_plugin/build/CMakeFiles/obstacles.dir/obstacles.cc.o
[3.741s] -- Symlinking: /home/kangsoonhyuk/drl_ws/install/turtlebot3_gazebo/share/turtlebot3_gazebo//models/turtlebot3_drl_world/obstacle_plugin/build/CMakeFiles/obstacles.dir/obstacles.cc.o.d
[3.750s] -- Symlinking: /home/kangsoonhyuk/drl_ws/install/turtlebot3_gazebo/share/turtlebot3_gazebo//models/turtlebot3_drl_world/obstacle_plugin/build/CMakeFiles/obstacles.dir/progress.make
[3.758s] -- Symlinking: /home/kangsoonhyuk/drl_ws/install/turtlebot3_gazebo/share/turtlebot3_gazebo//models/turtlebot3_drl_world/obstacle_plugin/build/CMakeFiles/progress.marks
[3.767s] -- Symlinking: /home/kangsoonhyuk/drl_ws/install/turtlebot3_gazebo/share/turtlebot3_gazebo//models/turtlebot3_drl_world/obstacle_plugin/build/Makefile
[3.775s] -- Symlinking: /home/kangsoonhyuk/drl_ws/install/turtlebot3_gazebo/share/turtlebot3_gazebo//models/turtlebot3_drl_world/obstacle_plugin/build/cmake_install.cmake
[3.783s] -- Symlinking: /home/kangsoonhyuk/drl_ws/install/turtlebot3_gazebo/share/turtlebot3_gazebo//models/turtlebot3_drl_world/obstacle_plugin/build/libobstacle1.so
[3.791s] -- Symlinking: /home/kangsoonhyuk/drl_ws/install/turtlebot3_gazebo/share/turtlebot3_gazebo//models/turtlebot3_drl_world/obstacle_plugin/build/libobstacle10.so
[3.800s] -- Symlinking: /home/kangsoonhyuk/drl_ws/install/turtlebot3_gazebo/share/turtlebot3_gazebo//models/turtlebot3_drl_world/obstacle_plugin/build/libobstacle11.so
[3.808s] -- Symlinking: /home/kangsoonhyuk/drl_ws/install/turtlebot3_gazebo/share/turtlebot3_gazebo//models/turtlebot3_drl_world/obstacle_plugin/build/libobstacle12.so
[3.816s] -- Symlinking: /home/kangsoonhyuk/drl_ws/install/turtlebot3_gazebo/share/turtlebot3_gazebo//models/turtlebot3_drl_world/obstacle_plugin/build/libobstacle2.so
[3.825s] -- Symlinking: /home/kangsoonhyuk/drl_ws/install/turtlebot3_gazebo/share/turtlebot3_gazebo//models/turtlebot3_drl_world/obstacle_plugin/build/libobstacle3.so
[3.833s] -- Symlinking: /home/kangsoonhyuk/drl_ws/install/turtlebot3_gazebo/share/turtlebot3_gazebo//models/turtlebot3_drl_world/obstacle_plugin/build/libobstacle4.so
[3.843s] -- Symlinking: /home/kangsoonhyuk/drl_ws/install/turtlebot3_gazebo/share/turtlebot3_gazebo//models/turtlebot3_drl_world/obstacle_plugin/build/libobstacle5.so
[3.851s] -- Symlinking: /home/kangsoonhyuk/drl_ws/install/turtlebot3_gazebo/share/turtlebot3_gazebo//models/turtlebot3_drl_world/obstacle_plugin/build/libobstacle6.so
[3.859s] -- Symlinking: /home/kangsoonhyuk/drl_ws/install/turtlebot3_gazebo/share/turtlebot3_gazebo//models/turtlebot3_drl_world/obstacle_plugin/build/libobstacle7.so
[3.868s] -- Symlinking: /home/kangsoonhyuk/drl_ws/install/turtlebot3_gazebo/share/turtlebot3_gazebo//models/turtlebot3_drl_world/obstacle_plugin/build/libobstacle8.so
[3.876s] -- Symlinking: /home/kangsoonhyuk/drl_ws/install/turtlebot3_gazebo/share/turtlebot3_gazebo//models/turtlebot3_drl_world/obstacle_plugin/build/libobstacle9.so
[3.885s] -- Symlinking: /home/kangsoonhyuk/drl_ws/install/turtlebot3_gazebo/share/turtlebot3_gazebo//models/turtlebot3_drl_world/obstacle_plugin/build/libobstacles.so
[3.893s] -- Symlinking: /home/kangsoonhyuk/drl_ws/install/turtlebot3_gazebo/share/turtlebot3_gazebo//models/turtlebot3_drl_world/obstacle_plugin/lib/CMakeCache.txt
[3.901s] -- Symlinking: /home/kangsoonhyuk/drl_ws/install/turtlebot3_gazebo/share/turtlebot3_gazebo//models/turtlebot3_drl_world/obstacle_plugin/lib/CMakeFiles/3.16.3/CMakeCCompiler.cmake
[3.909s] -- Symlinking: /home/kangsoonhyuk/drl_ws/install/turtlebot3_gazebo/share/turtlebot3_gazebo//models/turtlebot3_drl_world/obstacle_plugin/lib/CMakeFiles/3.16.3/CMakeCXXCompiler.cmake
[3.918s] -- Symlinking: /home/kangsoonhyuk/drl_ws/install/turtlebot3_gazebo/share/turtlebot3_gazebo//models/turtlebot3_drl_world/obstacle_plugin/lib/CMakeFiles/3.16.3/CMakeDetermineCompilerABI_C.bin
[3.926s] -- Symlinking: /home/kangsoonhyuk/drl_ws/install/turtlebot3_gazebo/share/turtlebot3_gazebo//models/turtlebot3_drl_world/obstacle_plugin/lib/CMakeFiles/3.16.3/CMakeDetermineCompilerABI_CXX.bin
[3.933s] -- Symlinking: /home/kangsoonhyuk/drl_ws/install/turtlebot3_gazebo/share/turtlebot3_gazebo//models/turtlebot3_drl_world/obstacle_plugin/lib/CMakeFiles/3.16.3/CMakeSystem.cmake
[3.941s] -- Symlinking: /home/kangsoonhyuk/drl_ws/install/turtlebot3_gazebo/share/turtlebot3_gazebo//models/turtlebot3_drl_world/obstacle_plugin/lib/CMakeFiles/3.16.3/CompilerIdC/CMakeCCompilerId.c
[3.949s] -- Symlinking: /home/kangsoonhyuk/drl_ws/install/turtlebot3_gazebo/share/turtlebot3_gazebo//models/turtlebot3_drl_world/obstacle_plugin/lib/CMakeFiles/3.16.3/CompilerIdC/a.out
[3.957s] -- Symlinking: /home/kangsoonhyuk/drl_ws/install/turtlebot3_gazebo/share/turtlebot3_gazebo//models/turtlebot3_drl_world/obstacle_plugin/lib/CMakeFiles/3.16.3/CompilerIdCXX/CMakeCXXCompilerId.cpp
[3.964s] -- Symlinking: /home/kangsoonhyuk/drl_ws/install/turtlebot3_gazebo/share/turtlebot3_gazebo//models/turtlebot3_drl_world/obstacle_plugin/lib/CMakeFiles/3.16.3/CompilerIdCXX/a.out
[3.971s] -- Symlinking: /home/kangsoonhyuk/drl_ws/install/turtlebot3_gazebo/share/turtlebot3_gazebo//models/turtlebot3_drl_world/obstacle_plugin/lib/CMakeFiles/CMakeDirectoryInformation.cmake
[3.978s] -- Symlinking: /home/kangsoonhyuk/drl_ws/install/turtlebot3_gazebo/share/turtlebot3_gazebo//models/turtlebot3_drl_world/obstacle_plugin/lib/CMakeFiles/CMakeError.log
[3.986s] -- Symlinking: /home/kangsoonhyuk/drl_ws/install/turtlebot3_gazebo/share/turtlebot3_gazebo//models/turtlebot3_drl_world/obstacle_plugin/lib/CMakeFiles/CMakeOutput.log
[3.993s] -- Symlinking: /home/kangsoonhyuk/drl_ws/install/turtlebot3_gazebo/share/turtlebot3_gazebo//models/turtlebot3_drl_world/obstacle_plugin/lib/CMakeFiles/Makefile.cmake
[4.000s] -- Symlinking: /home/kangsoonhyuk/drl_ws/install/turtlebot3_gazebo/share/turtlebot3_gazebo//models/turtlebot3_drl_world/obstacle_plugin/lib/CMakeFiles/Makefile2
[4.007s] -- Symlinking: /home/kangsoonhyuk/drl_ws/install/turtlebot3_gazebo/share/turtlebot3_gazebo//models/turtlebot3_drl_world/obstacle_plugin/lib/CMakeFiles/TargetDirectories.txt
[4.015s] -- Symlinking: /home/kangsoonhyuk/drl_ws/install/turtlebot3_gazebo/share/turtlebot3_gazebo//models/turtlebot3_drl_world/obstacle_plugin/lib/CMakeFiles/cmake.check_cache
[4.022s] -- Symlinking: /home/kangsoonhyuk/drl_ws/install/turtlebot3_gazebo/share/turtlebot3_gazebo//models/turtlebot3_drl_world/obstacle_plugin/lib/CMakeFiles/obstacle1.dir/CXX.includecache
[4.030s] -- Symlinking: /home/kangsoonhyuk/drl_ws/install/turtlebot3_gazebo/share/turtlebot3_gazebo//models/turtlebot3_drl_world/obstacle_plugin/lib/CMakeFiles/obstacle1.dir/DependInfo.cmake
[4.037s] -- Symlinking: /home/kangsoonhyuk/drl_ws/install/turtlebot3_gazebo/share/turtlebot3_gazebo//models/turtlebot3_drl_world/obstacle_plugin/lib/CMakeFiles/obstacle1.dir/build.make
[4.045s] -- Symlinking: /home/kangsoonhyuk/drl_ws/install/turtlebot3_gazebo/share/turtlebot3_gazebo//models/turtlebot3_drl_world/obstacle_plugin/lib/CMakeFiles/obstacle1.dir/cmake_clean.cmake
[4.052s] -- Symlinking: /home/kangsoonhyuk/drl_ws/install/turtlebot3_gazebo/share/turtlebot3_gazebo//models/turtlebot3_drl_world/obstacle_plugin/lib/CMakeFiles/obstacle1.dir/depend.internal
[4.059s] -- Symlinking: /home/kangsoonhyuk/drl_ws/install/turtlebot3_gazebo/share/turtlebot3_gazebo//models/turtlebot3_drl_world/obstacle_plugin/lib/CMakeFiles/obstacle1.dir/depend.make
[4.067s] -- Symlinking: /home/kangsoonhyuk/drl_ws/install/turtlebot3_gazebo/share/turtlebot3_gazebo//models/turtlebot3_drl_world/obstacle_plugin/lib/CMakeFiles/obstacle1.dir/flags.make
[4.075s] -- Symlinking: /home/kangsoonhyuk/drl_ws/install/turtlebot3_gazebo/share/turtlebot3_gazebo//models/turtlebot3_drl_world/obstacle_plugin/lib/CMakeFiles/obstacle1.dir/link.txt
[4.082s] -- Symlinking: /home/kangsoonhyuk/drl_ws/install/turtlebot3_gazebo/share/turtlebot3_gazebo//models/turtlebot3_drl_world/obstacle_plugin/lib/CMakeFiles/obstacle1.dir/obstacle1.cc.o
[4.090s] -- Symlinking: /home/kangsoonhyuk/drl_ws/install/turtlebot3_gazebo/share/turtlebot3_gazebo//models/turtlebot3_drl_world/obstacle_plugin/lib/CMakeFiles/obstacle1.dir/progress.make
[4.098s] -- Symlinking: /home/kangsoonhyuk/drl_ws/install/turtlebot3_gazebo/share/turtlebot3_gazebo//models/turtlebot3_drl_world/obstacle_plugin/lib/CMakeFiles/obstacle10.dir/CXX.includecache
[4.107s] -- Symlinking: /home/kangsoonhyuk/drl_ws/install/turtlebot3_gazebo/share/turtlebot3_gazebo//models/turtlebot3_drl_world/obstacle_plugin/lib/CMakeFiles/obstacle10.dir/DependInfo.cmake
[4.114s] -- Symlinking: /home/kangsoonhyuk/drl_ws/install/turtlebot3_gazebo/share/turtlebot3_gazebo//models/turtlebot3_drl_world/obstacle_plugin/lib/CMakeFiles/obstacle10.dir/build.make
[4.121s] -- Symlinking: /home/kangsoonhyuk/drl_ws/install/turtlebot3_gazebo/share/turtlebot3_gazebo//models/turtlebot3_drl_world/obstacle_plugin/lib/CMakeFiles/obstacle10.dir/cmake_clean.cmake
[4.129s] -- Symlinking: /home/kangsoonhyuk/drl_ws/install/turtlebot3_gazebo/share/turtlebot3_gazebo//models/turtlebot3_drl_world/obstacle_plugin/lib/CMakeFiles/obstacle10.dir/depend.internal
[4.136s] -- Symlinking: /home/kangsoonhyuk/drl_ws/install/turtlebot3_gazebo/share/turtlebot3_gazebo//models/turtlebot3_drl_world/obstacle_plugin/lib/CMakeFiles/obstacle10.dir/depend.make
[4.144s] -- Symlinking: /home/kangsoonhyuk/drl_ws/install/turtlebot3_gazebo/share/turtlebot3_gazebo//models/turtlebot3_drl_world/obstacle_plugin/lib/CMakeFiles/obstacle10.dir/flags.make
[4.151s] -- Symlinking: /home/kangsoonhyuk/drl_ws/install/turtlebot3_gazebo/share/turtlebot3_gazebo//models/turtlebot3_drl_world/obstacle_plugin/lib/CMakeFiles/obstacle10.dir/link.txt
[4.159s] -- Symlinking: /home/kangsoonhyuk/drl_ws/install/turtlebot3_gazebo/share/turtlebot3_gazebo//models/turtlebot3_drl_world/obstacle_plugin/lib/CMakeFiles/obstacle10.dir/obstacle10.cc.o
[4.166s] -- Symlinking: /home/kangsoonhyuk/drl_ws/install/turtlebot3_gazebo/share/turtlebot3_gazebo//models/turtlebot3_drl_world/obstacle_plugin/lib/CMakeFiles/obstacle10.dir/progress.make
[4.174s] -- Symlinking: /home/kangsoonhyuk/drl_ws/install/turtlebot3_gazebo/share/turtlebot3_gazebo//models/turtlebot3_drl_world/obstacle_plugin/lib/CMakeFiles/obstacle11.dir/CXX.includecache
[4.181s] -- Symlinking: /home/kangsoonhyuk/drl_ws/install/turtlebot3_gazebo/share/turtlebot3_gazebo//models/turtlebot3_drl_world/obstacle_plugin/lib/CMakeFiles/obstacle11.dir/DependInfo.cmake
[4.188s] -- Symlinking: /home/kangsoonhyuk/drl_ws/install/turtlebot3_gazebo/share/turtlebot3_gazebo//models/turtlebot3_drl_world/obstacle_plugin/lib/CMakeFiles/obstacle11.dir/build.make
[4.196s] -- Symlinking: /home/kangsoonhyuk/drl_ws/install/turtlebot3_gazebo/share/turtlebot3_gazebo//models/turtlebot3_drl_world/obstacle_plugin/lib/CMakeFiles/obstacle11.dir/cmake_clean.cmake
[4.203s] -- Symlinking: /home/kangsoonhyuk/drl_ws/install/turtlebot3_gazebo/share/turtlebot3_gazebo//models/turtlebot3_drl_world/obstacle_plugin/lib/CMakeFiles/obstacle11.dir/depend.internal
[4.211s] -- Symlinking: /home/kangsoonhyuk/drl_ws/install/turtlebot3_gazebo/share/turtlebot3_gazebo//models/turtlebot3_drl_world/obstacle_plugin/lib/CMakeFiles/obstacle11.dir/depend.make
[4.218s] -- Symlinking: /home/kangsoonhyuk/drl_ws/install/turtlebot3_gazebo/share/turtlebot3_gazebo//models/turtlebot3_drl_world/obstacle_plugin/lib/CMakeFiles/obstacle11.dir/flags.make
[4.226s] -- Symlinking: /home/kangsoonhyuk/drl_ws/install/turtlebot3_gazebo/share/turtlebot3_gazebo//models/turtlebot3_drl_world/obstacle_plugin/lib/CMakeFiles/obstacle11.dir/link.txt
[4.234s] -- Symlinking: /home/kangsoonhyuk/drl_ws/install/turtlebot3_gazebo/share/turtlebot3_gazebo//models/turtlebot3_drl_world/obstacle_plugin/lib/CMakeFiles/obstacle11.dir/obstacle11.cc.o
[4.242s] -- Symlinking: /home/kangsoonhyuk/drl_ws/install/turtlebot3_gazebo/share/turtlebot3_gazebo//models/turtlebot3_drl_world/obstacle_plugin/lib/CMakeFiles/obstacle11.dir/progress.make
[4.249s] -- Symlinking: /home/kangsoonhyuk/drl_ws/install/turtlebot3_gazebo/share/turtlebot3_gazebo//models/turtlebot3_drl_world/obstacle_plugin/lib/CMakeFiles/obstacle12.dir/CXX.includecache
[4.257s] -- Symlinking: /home/kangsoonhyuk/drl_ws/install/turtlebot3_gazebo/share/turtlebot3_gazebo//models/turtlebot3_drl_world/obstacle_plugin/lib/CMakeFiles/obstacle12.dir/DependInfo.cmake
[4.264s] -- Symlinking: /home/kangsoonhyuk/drl_ws/install/turtlebot3_gazebo/share/turtlebot3_gazebo//models/turtlebot3_drl_world/obstacle_plugin/lib/CMakeFiles/obstacle12.dir/build.make
[4.272s] -- Symlinking: /home/kangsoonhyuk/drl_ws/install/turtlebot3_gazebo/share/turtlebot3_gazebo//models/turtlebot3_drl_world/obstacle_plugin/lib/CMakeFiles/obstacle12.dir/cmake_clean.cmake
[4.280s] -- Symlinking: /home/kangsoonhyuk/drl_ws/install/turtlebot3_gazebo/share/turtlebot3_gazebo//models/turtlebot3_drl_world/obstacle_plugin/lib/CMakeFiles/obstacle12.dir/depend.internal
[4.287s] -- Symlinking: /home/kangsoonhyuk/drl_ws/install/turtlebot3_gazebo/share/turtlebot3_gazebo//models/turtlebot3_drl_world/obstacle_plugin/lib/CMakeFiles/obstacle12.dir/depend.make
[4.294s] -- Symlinking: /home/kangsoonhyuk/drl_ws/install/turtlebot3_gazebo/share/turtlebot3_gazebo//models/turtlebot3_drl_world/obstacle_plugin/lib/CMakeFiles/obstacle12.dir/flags.make
[4.301s] -- Symlinking: /home/kangsoonhyuk/drl_ws/install/turtlebot3_gazebo/share/turtlebot3_gazebo//models/turtlebot3_drl_world/obstacle_plugin/lib/CMakeFiles/obstacle12.dir/link.txt
[4.309s] -- Symlinking: /home/kangsoonhyuk/drl_ws/install/turtlebot3_gazebo/share/turtlebot3_gazebo//models/turtlebot3_drl_world/obstacle_plugin/lib/CMakeFiles/obstacle12.dir/obstacle12.cc.o
[4.317s] -- Symlinking: /home/kangsoonhyuk/drl_ws/install/turtlebot3_gazebo/share/turtlebot3_gazebo//models/turtlebot3_drl_world/obstacle_plugin/lib/CMakeFiles/obstacle12.dir/progress.make
[4.324s] -- Symlinking: /home/kangsoonhyuk/drl_ws/install/turtlebot3_gazebo/share/turtlebot3_gazebo//models/turtlebot3_drl_world/obstacle_plugin/lib/CMakeFiles/obstacle2.dir/CXX.includecache
[4.332s] -- Symlinking: /home/kangsoonhyuk/drl_ws/install/turtlebot3_gazebo/share/turtlebot3_gazebo//models/turtlebot3_drl_world/obstacle_plugin/lib/CMakeFiles/obstacle2.dir/DependInfo.cmake
[4.339s] -- Symlinking: /home/kangsoonhyuk/drl_ws/install/turtlebot3_gazebo/share/turtlebot3_gazebo//models/turtlebot3_drl_world/obstacle_plugin/lib/CMakeFiles/obstacle2.dir/build.make
[4.348s] -- Symlinking: /home/kangsoonhyuk/drl_ws/install/turtlebot3_gazebo/share/turtlebot3_gazebo//models/turtlebot3_drl_world/obstacle_plugin/lib/CMakeFiles/obstacle2.dir/cmake_clean.cmake
[4.356s] -- Symlinking: /home/kangsoonhyuk/drl_ws/install/turtlebot3_gazebo/share/turtlebot3_gazebo//models/turtlebot3_drl_world/obstacle_plugin/lib/CMakeFiles/obstacle2.dir/depend.internal
[4.363s] -- Symlinking: /home/kangsoonhyuk/drl_ws/install/turtlebot3_gazebo/share/turtlebot3_gazebo//models/turtlebot3_drl_world/obstacle_plugin/lib/CMakeFiles/obstacle2.dir/depend.make
[4.371s] -- Symlinking: /home/kangsoonhyuk/drl_ws/install/turtlebot3_gazebo/share/turtlebot3_gazebo//models/turtlebot3_drl_world/obstacle_plugin/lib/CMakeFiles/obstacle2.dir/flags.make
[4.378s] -- Symlinking: /home/kangsoonhyuk/drl_ws/install/turtlebot3_gazebo/share/turtlebot3_gazebo//models/turtlebot3_drl_world/obstacle_plugin/lib/CMakeFiles/obstacle2.dir/link.txt
[4.385s] -- Symlinking: /home/kangsoonhyuk/drl_ws/install/turtlebot3_gazebo/share/turtlebot3_gazebo//models/turtlebot3_drl_world/obstacle_plugin/lib/CMakeFiles/obstacle2.dir/obstacle2.cc.o
[4.393s] -- Symlinking: /home/kangsoonhyuk/drl_ws/install/turtlebot3_gazebo/share/turtlebot3_gazebo//models/turtlebot3_drl_world/obstacle_plugin/lib/CMakeFiles/obstacle2.dir/progress.make
[4.401s] -- Symlinking: /home/kangsoonhyuk/drl_ws/install/turtlebot3_gazebo/share/turtlebot3_gazebo//models/turtlebot3_drl_world/obstacle_plugin/lib/CMakeFiles/obstacle3.dir/CXX.includecache
[4.408s] -- Symlinking: /home/kangsoonhyuk/drl_ws/install/turtlebot3_gazebo/share/turtlebot3_gazebo//models/turtlebot3_drl_world/obstacle_plugin/lib/CMakeFiles/obstacle3.dir/DependInfo.cmake
[4.415s] -- Symlinking: /home/kangsoonhyuk/drl_ws/install/turtlebot3_gazebo/share/turtlebot3_gazebo//models/turtlebot3_drl_world/obstacle_plugin/lib/CMakeFiles/obstacle3.dir/build.make
[4.423s] -- Symlinking: /home/kangsoonhyuk/drl_ws/install/turtlebot3_gazebo/share/turtlebot3_gazebo//models/turtlebot3_drl_world/obstacle_plugin/lib/CMakeFiles/obstacle3.dir/cmake_clean.cmake
[4.431s] -- Symlinking: /home/kangsoonhyuk/drl_ws/install/turtlebot3_gazebo/share/turtlebot3_gazebo//models/turtlebot3_drl_world/obstacle_plugin/lib/CMakeFiles/obstacle3.dir/depend.internal
[4.439s] -- Symlinking: /home/kangsoonhyuk/drl_ws/install/turtlebot3_gazebo/share/turtlebot3_gazebo//models/turtlebot3_drl_world/obstacle_plugin/lib/CMakeFiles/obstacle3.dir/depend.make
[4.446s] -- Symlinking: /home/kangsoonhyuk/drl_ws/install/turtlebot3_gazebo/share/turtlebot3_gazebo//models/turtlebot3_drl_world/obstacle_plugin/lib/CMakeFiles/obstacle3.dir/flags.make
[4.454s] -- Symlinking: /home/kangsoonhyuk/drl_ws/install/turtlebot3_gazebo/share/turtlebot3_gazebo//models/turtlebot3_drl_world/obstacle_plugin/lib/CMakeFiles/obstacle3.dir/link.txt
[4.461s] -- Symlinking: /home/kangsoonhyuk/drl_ws/install/turtlebot3_gazebo/share/turtlebot3_gazebo//models/turtlebot3_drl_world/obstacle_plugin/lib/CMakeFiles/obstacle3.dir/obstacle3.cc.o
[4.469s] -- Symlinking: /home/kangsoonhyuk/drl_ws/install/turtlebot3_gazebo/share/turtlebot3_gazebo//models/turtlebot3_drl_world/obstacle_plugin/lib/CMakeFiles/obstacle3.dir/progress.make
[4.477s] -- Symlinking: /home/kangsoonhyuk/drl_ws/install/turtlebot3_gazebo/share/turtlebot3_gazebo//models/turtlebot3_drl_world/obstacle_plugin/lib/CMakeFiles/obstacle4.dir/CXX.includecache
[4.484s] -- Symlinking: /home/kangsoonhyuk/drl_ws/install/turtlebot3_gazebo/share/turtlebot3_gazebo//models/turtlebot3_drl_world/obstacle_plugin/lib/CMakeFiles/obstacle4.dir/DependInfo.cmake
[4.491s] -- Symlinking: /home/kangsoonhyuk/drl_ws/install/turtlebot3_gazebo/share/turtlebot3_gazebo//models/turtlebot3_drl_world/obstacle_plugin/lib/CMakeFiles/obstacle4.dir/build.make
[4.498s] -- Symlinking: /home/kangsoonhyuk/drl_ws/install/turtlebot3_gazebo/share/turtlebot3_gazebo//models/turtlebot3_drl_world/obstacle_plugin/lib/CMakeFiles/obstacle4.dir/cmake_clean.cmake
[4.505s] -- Symlinking: /home/kangsoonhyuk/drl_ws/install/turtlebot3_gazebo/share/turtlebot3_gazebo//models/turtlebot3_drl_world/obstacle_plugin/lib/CMakeFiles/obstacle4.dir/depend.internal
[4.513s] -- Symlinking: /home/kangsoonhyuk/drl_ws/install/turtlebot3_gazebo/share/turtlebot3_gazebo//models/turtlebot3_drl_world/obstacle_plugin/lib/CMakeFiles/obstacle4.dir/depend.make
[4.520s] -- Symlinking: /home/kangsoonhyuk/drl_ws/install/turtlebot3_gazebo/share/turtlebot3_gazebo//models/turtlebot3_drl_world/obstacle_plugin/lib/CMakeFiles/obstacle4.dir/flags.make
[4.528s] -- Symlinking: /home/kangsoonhyuk/drl_ws/install/turtlebot3_gazebo/share/turtlebot3_gazebo//models/turtlebot3_drl_world/obstacle_plugin/lib/CMakeFiles/obstacle4.dir/link.txt
[4.535s] -- Symlinking: /home/kangsoonhyuk/drl_ws/install/turtlebot3_gazebo/share/turtlebot3_gazebo//models/turtlebot3_drl_world/obstacle_plugin/lib/CMakeFiles/obstacle4.dir/obstacle4.cc.o
[4.543s] -- Symlinking: /home/kangsoonhyuk/drl_ws/install/turtlebot3_gazebo/share/turtlebot3_gazebo//models/turtlebot3_drl_world/obstacle_plugin/lib/CMakeFiles/obstacle4.dir/progress.make
[4.551s] -- Symlinking: /home/kangsoonhyuk/drl_ws/install/turtlebot3_gazebo/share/turtlebot3_gazebo//models/turtlebot3_drl_world/obstacle_plugin/lib/CMakeFiles/obstacle5.dir/CXX.includecache
[4.558s] -- Symlinking: /home/kangsoonhyuk/drl_ws/install/turtlebot3_gazebo/share/turtlebot3_gazebo//models/turtlebot3_drl_world/obstacle_plugin/lib/CMakeFiles/obstacle5.dir/DependInfo.cmake
[4.566s] -- Symlinking: /home/kangsoonhyuk/drl_ws/install/turtlebot3_gazebo/share/turtlebot3_gazebo//models/turtlebot3_drl_world/obstacle_plugin/lib/CMakeFiles/obstacle5.dir/build.make
[4.573s] -- Symlinking: /home/kangsoonhyuk/drl_ws/install/turtlebot3_gazebo/share/turtlebot3_gazebo//models/turtlebot3_drl_world/obstacle_plugin/lib/CMakeFiles/obstacle5.dir/cmake_clean.cmake
[4.580s] -- Symlinking: /home/kangsoonhyuk/drl_ws/install/turtlebot3_gazebo/share/turtlebot3_gazebo//models/turtlebot3_drl_world/obstacle_plugin/lib/CMakeFiles/obstacle5.dir/depend.internal
[4.587s] -- Symlinking: /home/kangsoonhyuk/drl_ws/install/turtlebot3_gazebo/share/turtlebot3_gazebo//models/turtlebot3_drl_world/obstacle_plugin/lib/CMakeFiles/obstacle5.dir/depend.make
[4.596s] -- Symlinking: /home/kangsoonhyuk/drl_ws/install/turtlebot3_gazebo/share/turtlebot3_gazebo//models/turtlebot3_drl_world/obstacle_plugin/lib/CMakeFiles/obstacle5.dir/flags.make
[4.604s] -- Symlinking: /home/kangsoonhyuk/drl_ws/install/turtlebot3_gazebo/share/turtlebot3_gazebo//models/turtlebot3_drl_world/obstacle_plugin/lib/CMakeFiles/obstacle5.dir/link.txt
[4.612s] -- Symlinking: /home/kangsoonhyuk/drl_ws/install/turtlebot3_gazebo/share/turtlebot3_gazebo//models/turtlebot3_drl_world/obstacle_plugin/lib/CMakeFiles/obstacle5.dir/obstacle5.cc.o
[4.619s] -- Symlinking: /home/kangsoonhyuk/drl_ws/install/turtlebot3_gazebo/share/turtlebot3_gazebo//models/turtlebot3_drl_world/obstacle_plugin/lib/CMakeFiles/obstacle5.dir/progress.make
[4.626s] -- Symlinking: /home/kangsoonhyuk/drl_ws/install/turtlebot3_gazebo/share/turtlebot3_gazebo//models/turtlebot3_drl_world/obstacle_plugin/lib/CMakeFiles/obstacle6.dir/CXX.includecache
[4.634s] -- Symlinking: /home/kangsoonhyuk/drl_ws/install/turtlebot3_gazebo/share/turtlebot3_gazebo//models/turtlebot3_drl_world/obstacle_plugin/lib/CMakeFiles/obstacle6.dir/DependInfo.cmake
[4.641s] -- Symlinking: /home/kangsoonhyuk/drl_ws/install/turtlebot3_gazebo/share/turtlebot3_gazebo//models/turtlebot3_drl_world/obstacle_plugin/lib/CMakeFiles/obstacle6.dir/build.make
[4.649s] -- Symlinking: /home/kangsoonhyuk/drl_ws/install/turtlebot3_gazebo/share/turtlebot3_gazebo//models/turtlebot3_drl_world/obstacle_plugin/lib/CMakeFiles/obstacle6.dir/cmake_clean.cmake
[4.656s] -- Symlinking: /home/kangsoonhyuk/drl_ws/install/turtlebot3_gazebo/share/turtlebot3_gazebo//models/turtlebot3_drl_world/obstacle_plugin/lib/CMakeFiles/obstacle6.dir/depend.internal
[4.663s] -- Symlinking: /home/kangsoonhyuk/drl_ws/install/turtlebot3_gazebo/share/turtlebot3_gazebo//models/turtlebot3_drl_world/obstacle_plugin/lib/CMakeFiles/obstacle6.dir/depend.make
[4.671s] -- Symlinking: /home/kangsoonhyuk/drl_ws/install/turtlebot3_gazebo/share/turtlebot3_gazebo//models/turtlebot3_drl_world/obstacle_plugin/lib/CMakeFiles/obstacle6.dir/flags.make
[4.678s] -- Symlinking: /home/kangsoonhyuk/drl_ws/install/turtlebot3_gazebo/share/turtlebot3_gazebo//models/turtlebot3_drl_world/obstacle_plugin/lib/CMakeFiles/obstacle6.dir/link.txt
[4.686s] -- Symlinking: /home/kangsoonhyuk/drl_ws/install/turtlebot3_gazebo/share/turtlebot3_gazebo//models/turtlebot3_drl_world/obstacle_plugin/lib/CMakeFiles/obstacle6.dir/obstacle6.cc.o
[4.693s] -- Symlinking: /home/kangsoonhyuk/drl_ws/install/turtlebot3_gazebo/share/turtlebot3_gazebo//models/turtlebot3_drl_world/obstacle_plugin/lib/CMakeFiles/obstacle6.dir/progress.make
[4.700s] -- Symlinking: /home/kangsoonhyuk/drl_ws/install/turtlebot3_gazebo/share/turtlebot3_gazebo//models/turtlebot3_drl_world/obstacle_plugin/lib/CMakeFiles/obstacle7.dir/CXX.includecache
[4.708s] -- Symlinking: /home/kangsoonhyuk/drl_ws/install/turtlebot3_gazebo/share/turtlebot3_gazebo//models/turtlebot3_drl_world/obstacle_plugin/lib/CMakeFiles/obstacle7.dir/DependInfo.cmake
[4.715s] -- Symlinking: /home/kangsoonhyuk/drl_ws/install/turtlebot3_gazebo/share/turtlebot3_gazebo//models/turtlebot3_drl_world/obstacle_plugin/lib/CMakeFiles/obstacle7.dir/build.make
[4.722s] -- Symlinking: /home/kangsoonhyuk/drl_ws/install/turtlebot3_gazebo/share/turtlebot3_gazebo//models/turtlebot3_drl_world/obstacle_plugin/lib/CMakeFiles/obstacle7.dir/cmake_clean.cmake
[4.729s] -- Symlinking: /home/kangsoonhyuk/drl_ws/install/turtlebot3_gazebo/share/turtlebot3_gazebo//models/turtlebot3_drl_world/obstacle_plugin/lib/CMakeFiles/obstacle7.dir/depend.internal
[4.737s] -- Symlinking: /home/kangsoonhyuk/drl_ws/install/turtlebot3_gazebo/share/turtlebot3_gazebo//models/turtlebot3_drl_world/obstacle_plugin/lib/CMakeFiles/obstacle7.dir/depend.make
[4.744s] -- Symlinking: /home/kangsoonhyuk/drl_ws/install/turtlebot3_gazebo/share/turtlebot3_gazebo//models/turtlebot3_drl_world/obstacle_plugin/lib/CMakeFiles/obstacle7.dir/flags.make
[4.752s] -- Symlinking: /home/kangsoonhyuk/drl_ws/install/turtlebot3_gazebo/share/turtlebot3_gazebo//models/turtlebot3_drl_world/obstacle_plugin/lib/CMakeFiles/obstacle7.dir/link.txt
[4.760s] -- Symlinking: /home/kangsoonhyuk/drl_ws/install/turtlebot3_gazebo/share/turtlebot3_gazebo//models/turtlebot3_drl_world/obstacle_plugin/lib/CMakeFiles/obstacle7.dir/obstacle7.cc.o
[4.767s] -- Symlinking: /home/kangsoonhyuk/drl_ws/install/turtlebot3_gazebo/share/turtlebot3_gazebo//models/turtlebot3_drl_world/obstacle_plugin/lib/CMakeFiles/obstacle7.dir/progress.make
[4.775s] -- Symlinking: /home/kangsoonhyuk/drl_ws/install/turtlebot3_gazebo/share/turtlebot3_gazebo//models/turtlebot3_drl_world/obstacle_plugin/lib/CMakeFiles/obstacle8.dir/CXX.includecache
[4.782s] -- Symlinking: /home/kangsoonhyuk/drl_ws/install/turtlebot3_gazebo/share/turtlebot3_gazebo//models/turtlebot3_drl_world/obstacle_plugin/lib/CMakeFiles/obstacle8.dir/DependInfo.cmake
[4.790s] -- Symlinking: /home/kangsoonhyuk/drl_ws/install/turtlebot3_gazebo/share/turtlebot3_gazebo//models/turtlebot3_drl_world/obstacle_plugin/lib/CMakeFiles/obstacle8.dir/build.make
[4.797s] -- Symlinking: /home/kangsoonhyuk/drl_ws/install/turtlebot3_gazebo/share/turtlebot3_gazebo//models/turtlebot3_drl_world/obstacle_plugin/lib/CMakeFiles/obstacle8.dir/cmake_clean.cmake
[4.805s] -- Symlinking: /home/kangsoonhyuk/drl_ws/install/turtlebot3_gazebo/share/turtlebot3_gazebo//models/turtlebot3_drl_world/obstacle_plugin/lib/CMakeFiles/obstacle8.dir/depend.internal
[4.812s] -- Symlinking: /home/kangsoonhyuk/drl_ws/install/turtlebot3_gazebo/share/turtlebot3_gazebo//models/turtlebot3_drl_world/obstacle_plugin/lib/CMakeFiles/obstacle8.dir/depend.make
[4.820s] -- Symlinking: /home/kangsoonhyuk/drl_ws/install/turtlebot3_gazebo/share/turtlebot3_gazebo//models/turtlebot3_drl_world/obstacle_plugin/lib/CMakeFiles/obstacle8.dir/flags.make
[4.828s] -- Symlinking: /home/kangsoonhyuk/drl_ws/install/turtlebot3_gazebo/share/turtlebot3_gazebo//models/turtlebot3_drl_world/obstacle_plugin/lib/CMakeFiles/obstacle8.dir/link.txt
[4.836s] -- Symlinking: /home/kangsoonhyuk/drl_ws/install/turtlebot3_gazebo/share/turtlebot3_gazebo//models/turtlebot3_drl_world/obstacle_plugin/lib/CMakeFiles/obstacle8.dir/obstacle8.cc.o
[4.844s] -- Symlinking: /home/kangsoonhyuk/drl_ws/install/turtlebot3_gazebo/share/turtlebot3_gazebo//models/turtlebot3_drl_world/obstacle_plugin/lib/CMakeFiles/obstacle8.dir/progress.make
[4.853s] -- Symlinking: /home/kangsoonhyuk/drl_ws/install/turtlebot3_gazebo/share/turtlebot3_gazebo//models/turtlebot3_drl_world/obstacle_plugin/lib/CMakeFiles/obstacle9.dir/CXX.includecache
[4.860s] -- Symlinking: /home/kangsoonhyuk/drl_ws/install/turtlebot3_gazebo/share/turtlebot3_gazebo//models/turtlebot3_drl_world/obstacle_plugin/lib/CMakeFiles/obstacle9.dir/DependInfo.cmake
[4.868s] -- Symlinking: /home/kangsoonhyuk/drl_ws/install/turtlebot3_gazebo/share/turtlebot3_gazebo//models/turtlebot3_drl_world/obstacle_plugin/lib/CMakeFiles/obstacle9.dir/build.make
[4.876s] -- Symlinking: /home/kangsoonhyuk/drl_ws/install/turtlebot3_gazebo/share/turtlebot3_gazebo//models/turtlebot3_drl_world/obstacle_plugin/lib/CMakeFiles/obstacle9.dir/cmake_clean.cmake
[4.883s] -- Symlinking: /home/kangsoonhyuk/drl_ws/install/turtlebot3_gazebo/share/turtlebot3_gazebo//models/turtlebot3_drl_world/obstacle_plugin/lib/CMakeFiles/obstacle9.dir/depend.internal
[4.890s] -- Symlinking: /home/kangsoonhyuk/drl_ws/install/turtlebot3_gazebo/share/turtlebot3_gazebo//models/turtlebot3_drl_world/obstacle_plugin/lib/CMakeFiles/obstacle9.dir/depend.make
[4.897s] -- Symlinking: /home/kangsoonhyuk/drl_ws/install/turtlebot3_gazebo/share/turtlebot3_gazebo//models/turtlebot3_drl_world/obstacle_plugin/lib/CMakeFiles/obstacle9.dir/flags.make
[4.905s] -- Symlinking: /home/kangsoonhyuk/drl_ws/install/turtlebot3_gazebo/share/turtlebot3_gazebo//models/turtlebot3_drl_world/obstacle_plugin/lib/CMakeFiles/obstacle9.dir/link.txt
[4.912s] -- Symlinking: /home/kangsoonhyuk/drl_ws/install/turtlebot3_gazebo/share/turtlebot3_gazebo//models/turtlebot3_drl_world/obstacle_plugin/lib/CMakeFiles/obstacle9.dir/obstacle9.cc.o
[4.920s] -- Symlinking: /home/kangsoonhyuk/drl_ws/install/turtlebot3_gazebo/share/turtlebot3_gazebo//models/turtlebot3_drl_world/obstacle_plugin/lib/CMakeFiles/obstacle9.dir/progress.make
[4.927s] -- Symlinking: /home/kangsoonhyuk/drl_ws/install/turtlebot3_gazebo/share/turtlebot3_gazebo//models/turtlebot3_drl_world/obstacle_plugin/lib/CMakeFiles/obstacles.dir/CXX.includecache
[4.934s] -- Symlinking: /home/kangsoonhyuk/drl_ws/install/turtlebot3_gazebo/share/turtlebot3_gazebo//models/turtlebot3_drl_world/obstacle_plugin/lib/CMakeFiles/obstacles.dir/DependInfo.cmake
[4.942s] -- Symlinking: /home/kangsoonhyuk/drl_ws/install/turtlebot3_gazebo/share/turtlebot3_gazebo//models/turtlebot3_drl_world/obstacle_plugin/lib/CMakeFiles/obstacles.dir/build.make
[4.950s] -- Symlinking: /home/kangsoonhyuk/drl_ws/install/turtlebot3_gazebo/share/turtlebot3_gazebo//models/turtlebot3_drl_world/obstacle_plugin/lib/CMakeFiles/obstacles.dir/cmake_clean.cmake
[4.958s] -- Symlinking: /home/kangsoonhyuk/drl_ws/install/turtlebot3_gazebo/share/turtlebot3_gazebo//models/turtlebot3_drl_world/obstacle_plugin/lib/CMakeFiles/obstacles.dir/depend.internal
[4.965s] -- Symlinking: /home/kangsoonhyuk/drl_ws/install/turtlebot3_gazebo/share/turtlebot3_gazebo//models/turtlebot3_drl_world/obstacle_plugin/lib/CMakeFiles/obstacles.dir/depend.make
[4.972s] -- Symlinking: /home/kangsoonhyuk/drl_ws/install/turtlebot3_gazebo/share/turtlebot3_gazebo//models/turtlebot3_drl_world/obstacle_plugin/lib/CMakeFiles/obstacles.dir/flags.make
[4.980s] -- Symlinking: /home/kangsoonhyuk/drl_ws/install/turtlebot3_gazebo/share/turtlebot3_gazebo//models/turtlebot3_drl_world/obstacle_plugin/lib/CMakeFiles/obstacles.dir/link.txt
[4.987s] -- Symlinking: /home/kangsoonhyuk/drl_ws/install/turtlebot3_gazebo/share/turtlebot3_gazebo//models/turtlebot3_drl_world/obstacle_plugin/lib/CMakeFiles/obstacles.dir/obstacles.cc.o
[4.995s] -- Symlinking: /home/kangsoonhyuk/drl_ws/install/turtlebot3_gazebo/share/turtlebot3_gazebo//models/turtlebot3_drl_world/obstacle_plugin/lib/CMakeFiles/obstacles.dir/progress.make
[5.002s] -- Symlinking: /home/kangsoonhyuk/drl_ws/install/turtlebot3_gazebo/share/turtlebot3_gazebo//models/turtlebot3_drl_world/obstacle_plugin/lib/CMakeFiles/progress.marks
[5.010s] -- Symlinking: /home/kangsoonhyuk/drl_ws/install/turtlebot3_gazebo/share/turtlebot3_gazebo//models/turtlebot3_drl_world/obstacle_plugin/lib/Makefile
[5.017s] -- Symlinking: /home/kangsoonhyuk/drl_ws/install/turtlebot3_gazebo/share/turtlebot3_gazebo//models/turtlebot3_drl_world/obstacle_plugin/lib/cmake_install.cmake
[5.025s] -- Symlinking: /home/kangsoonhyuk/drl_ws/install/turtlebot3_gazebo/share/turtlebot3_gazebo//models/turtlebot3_drl_world/obstacle_plugin/lib/libobstacle1.so
[5.033s] -- Symlinking: /home/kangsoonhyuk/drl_ws/install/turtlebot3_gazebo/share/turtlebot3_gazebo//models/turtlebot3_drl_world/obstacle_plugin/lib/libobstacle10.so
[5.041s] -- Symlinking: /home/kangsoonhyuk/drl_ws/install/turtlebot3_gazebo/share/turtlebot3_gazebo//models/turtlebot3_drl_world/obstacle_plugin/lib/libobstacle11.so
[5.048s] -- Symlinking: /home/kangsoonhyuk/drl_ws/install/turtlebot3_gazebo/share/turtlebot3_gazebo//models/turtlebot3_drl_world/obstacle_plugin/lib/libobstacle12.so
[5.055s] -- Symlinking: /home/kangsoonhyuk/drl_ws/install/turtlebot3_gazebo/share/turtlebot3_gazebo//models/turtlebot3_drl_world/obstacle_plugin/lib/libobstacle2.so
[5.063s] -- Symlinking: /home/kangsoonhyuk/drl_ws/install/turtlebot3_gazebo/share/turtlebot3_gazebo//models/turtlebot3_drl_world/obstacle_plugin/lib/libobstacle3.so
[5.070s] -- Symlinking: /home/kangsoonhyuk/drl_ws/install/turtlebot3_gazebo/share/turtlebot3_gazebo//models/turtlebot3_drl_world/obstacle_plugin/lib/libobstacle4.so
[5.078s] -- Symlinking: /home/kangsoonhyuk/drl_ws/install/turtlebot3_gazebo/share/turtlebot3_gazebo//models/turtlebot3_drl_world/obstacle_plugin/lib/libobstacle5.so
[5.085s] -- Symlinking: /home/kangsoonhyuk/drl_ws/install/turtlebot3_gazebo/share/turtlebot3_gazebo//models/turtlebot3_drl_world/obstacle_plugin/lib/libobstacle6.so
[5.093s] -- Symlinking: /home/kangsoonhyuk/drl_ws/install/turtlebot3_gazebo/share/turtlebot3_gazebo//models/turtlebot3_drl_world/obstacle_plugin/lib/libobstacle7.so
[5.100s] -- Symlinking: /home/kangsoonhyuk/drl_ws/install/turtlebot3_gazebo/share/turtlebot3_gazebo//models/turtlebot3_drl_world/obstacle_plugin/lib/libobstacle8.so
[5.108s] -- Symlinking: /home/kangsoonhyuk/drl_ws/install/turtlebot3_gazebo/share/turtlebot3_gazebo//models/turtlebot3_drl_world/obstacle_plugin/lib/libobstacle9.so
[5.116s] -- Symlinking: /home/kangsoonhyuk/drl_ws/install/turtlebot3_gazebo/share/turtlebot3_gazebo//models/turtlebot3_drl_world/obstacle_plugin/lib/libobstacles.so
[5.124s] -- Symlinking: /home/kangsoonhyuk/drl_ws/install/turtlebot3_gazebo/share/turtlebot3_gazebo//models/turtlebot3_drl_world/obstacle_plugin/obstacle1.cc
[5.132s] -- Symlinking: /home/kangsoonhyuk/drl_ws/install/turtlebot3_gazebo/share/turtlebot3_gazebo//models/turtlebot3_drl_world/obstacle_plugin/obstacle10.cc
[5.139s] -- Symlinking: /home/kangsoonhyuk/drl_ws/install/turtlebot3_gazebo/share/turtlebot3_gazebo//models/turtlebot3_drl_world/obstacle_plugin/obstacle11.cc
[5.147s] -- Symlinking: /home/kangsoonhyuk/drl_ws/install/turtlebot3_gazebo/share/turtlebot3_gazebo//models/turtlebot3_drl_world/obstacle_plugin/obstacle12.cc
[5.155s] -- Symlinking: /home/kangsoonhyuk/drl_ws/install/turtlebot3_gazebo/share/turtlebot3_gazebo//models/turtlebot3_drl_world/obstacle_plugin/obstacle13.cc
[5.162s] -- Symlinking: /home/kangsoonhyuk/drl_ws/install/turtlebot3_gazebo/share/turtlebot3_gazebo//models/turtlebot3_drl_world/obstacle_plugin/obstacle2.cc
[5.169s] -- Symlinking: /home/kangsoonhyuk/drl_ws/install/turtlebot3_gazebo/share/turtlebot3_gazebo//models/turtlebot3_drl_world/obstacle_plugin/obstacle3.cc
[5.177s] -- Symlinking: /home/kangsoonhyuk/drl_ws/install/turtlebot3_gazebo/share/turtlebot3_gazebo//models/turtlebot3_drl_world/obstacle_plugin/obstacle4.cc
[5.184s] -- Symlinking: /home/kangsoonhyuk/drl_ws/install/turtlebot3_gazebo/share/turtlebot3_gazebo//models/turtlebot3_drl_world/obstacle_plugin/obstacle5.cc
[5.192s] -- Symlinking: /home/kangsoonhyuk/drl_ws/install/turtlebot3_gazebo/share/turtlebot3_gazebo//models/turtlebot3_drl_world/obstacle_plugin/obstacle6.cc
[5.200s] -- Symlinking: /home/kangsoonhyuk/drl_ws/install/turtlebot3_gazebo/share/turtlebot3_gazebo//models/turtlebot3_drl_world/obstacle_plugin/obstacle7.cc
[5.209s] -- Symlinking: /home/kangsoonhyuk/drl_ws/install/turtlebot3_gazebo/share/turtlebot3_gazebo//models/turtlebot3_drl_world/obstacle_plugin/obstacle8.cc
[5.217s] -- Symlinking: /home/kangsoonhyuk/drl_ws/install/turtlebot3_gazebo/share/turtlebot3_gazebo//models/turtlebot3_drl_world/obstacle_plugin/obstacle9.cc
[5.226s] -- Symlinking: /home/kangsoonhyuk/drl_ws/install/turtlebot3_gazebo/share/turtlebot3_gazebo//models/turtlebot3_drl_world/obstacle_plugin/obstacles.cc
[5.234s] -- Symlinking: /home/kangsoonhyuk/drl_ws/install/turtlebot3_gazebo/share/turtlebot3_gazebo//models/turtlebot3_drl_world/obstacles/model.config
[5.241s] -- Symlinking: /home/kangsoonhyuk/drl_ws/install/turtlebot3_gazebo/share/turtlebot3_gazebo//models/turtlebot3_drl_world/obstacles/model.sdf
[5.249s] -- Symlinking: /home/kangsoonhyuk/drl_ws/install/turtlebot3_gazebo/share/turtlebot3_gazebo//models/turtlebot3_drl_world/outer_walls/model.config
[5.256s] -- Symlinking: /home/kangsoonhyuk/drl_ws/install/turtlebot3_gazebo/share/turtlebot3_gazebo//models/turtlebot3_drl_world/outer_walls/model.sdf
[5.264s] -- Symlinking: /home/kangsoonhyuk/drl_ws/install/turtlebot3_gazebo/share/turtlebot3_gazebo//models/turtlebot3_drl_world/outer_walls_large/model.config
[5.272s] -- Symlinking: /home/kangsoonhyuk/drl_ws/install/turtlebot3_gazebo/share/turtlebot3_gazebo//models/turtlebot3_drl_world/outer_walls_large/model.sdf
[5.279s] -- Symlinking: /home/kangsoonhyuk/drl_ws/install/turtlebot3_gazebo/share/turtlebot3_gazebo//models/turtlebot3_drl_world/triangle/model.config
[5.287s] -- Symlinking: /home/kangsoonhyuk/drl_ws/install/turtlebot3_gazebo/share/turtlebot3_gazebo//models/turtlebot3_drl_world/triangle/model.sdf
[5.294s] -- Symlinking: /home/kangsoonhyuk/drl_ws/install/turtlebot3_gazebo/share/turtlebot3_gazebo//models/turtlebot3_drl_world/turtlebot3_house_tomas/model.config
[5.301s] -- Symlinking: /home/kangsoonhyuk/drl_ws/install/turtlebot3_gazebo/share/turtlebot3_gazebo//models/turtlebot3_drl_world/turtlebot3_house_tomas/model.sdf
[5.309s] -- Symlinking: /home/kangsoonhyuk/drl_ws/install/turtlebot3_gazebo/share/turtlebot3_gazebo//models/turtlebot3_house/model.config
[5.316s] -- Symlinking: /home/kangsoonhyuk/drl_ws/install/turtlebot3_gazebo/share/turtlebot3_gazebo//models/turtlebot3_house/model.sdf
[5.324s] -- Symlinking: /home/kangsoonhyuk/drl_ws/install/turtlebot3_gazebo/share/turtlebot3_gazebo//models/turtlebot3_waffle/meshes/lds.dae
[5.331s] -- Symlinking: /home/kangsoonhyuk/drl_ws/install/turtlebot3_gazebo/share/turtlebot3_gazebo//models/turtlebot3_waffle/meshes/r200.dae
[5.339s] -- Symlinking: /home/kangsoonhyuk/drl_ws/install/turtlebot3_gazebo/share/turtlebot3_gazebo//models/turtlebot3_waffle/meshes/tire.dae
[5.347s] -- Symlinking: /home/kangsoonhyuk/drl_ws/install/turtlebot3_gazebo/share/turtlebot3_gazebo//models/turtlebot3_waffle/meshes/waffle_base.dae
[5.356s] -- Symlinking: /home/kangsoonhyuk/drl_ws/install/turtlebot3_gazebo/share/turtlebot3_gazebo//models/turtlebot3_waffle/model-1_4.sdf
[5.363s] -- Symlinking: /home/kangsoonhyuk/drl_ws/install/turtlebot3_gazebo/share/turtlebot3_gazebo//models/turtlebot3_waffle/model.config
[5.371s] -- Symlinking: /home/kangsoonhyuk/drl_ws/install/turtlebot3_gazebo/share/turtlebot3_gazebo//models/turtlebot3_waffle/model.sdf
[5.378s] -- Symlinking: /home/kangsoonhyuk/drl_ws/install/turtlebot3_gazebo/share/turtlebot3_gazebo//models/turtlebot3_waffle_pi/meshes/lds.dae
[5.385s] -- Symlinking: /home/kangsoonhyuk/drl_ws/install/turtlebot3_gazebo/share/turtlebot3_gazebo//models/turtlebot3_waffle_pi/meshes/tire.dae
[5.392s] -- Symlinking: /home/kangsoonhyuk/drl_ws/install/turtlebot3_gazebo/share/turtlebot3_gazebo//models/turtlebot3_waffle_pi/meshes/waffle_pi_base.dae
[5.400s] -- Symlinking: /home/kangsoonhyuk/drl_ws/install/turtlebot3_gazebo/share/turtlebot3_gazebo//models/turtlebot3_waffle_pi/model-1_4_.sdf
[5.408s] -- Symlinking: /home/kangsoonhyuk/drl_ws/install/turtlebot3_gazebo/share/turtlebot3_gazebo//models/turtlebot3_waffle_pi/model.config
[5.415s] -- Symlinking: /home/kangsoonhyuk/drl_ws/install/turtlebot3_gazebo/share/turtlebot3_gazebo//models/turtlebot3_waffle_pi/model.sdf
[5.423s] -- Symlinking: /home/kangsoonhyuk/drl_ws/install/turtlebot3_gazebo/share/turtlebot3_gazebo//models/turtlebot3_world/meshes/hexagon.dae
[5.431s] -- Symlinking: /home/kangsoonhyuk/drl_ws/install/turtlebot3_gazebo/share/turtlebot3_gazebo//models/turtlebot3_world/meshes/wall.dae
[5.438s] -- Symlinking: /home/kangsoonhyuk/drl_ws/install/turtlebot3_gazebo/share/turtlebot3_gazebo//models/turtlebot3_world/model-1_4.sdf
[5.446s] -- Symlinking: /home/kangsoonhyuk/drl_ws/install/turtlebot3_gazebo/share/turtlebot3_gazebo//models/turtlebot3_world/model.config
[5.453s] -- Symlinking: /home/kangsoonhyuk/drl_ws/install/turtlebot3_gazebo/share/turtlebot3_gazebo//models/turtlebot3_world/model.sdf
[5.460s] -- Symlinking: /home/kangsoonhyuk/drl_ws/install/turtlebot3_gazebo/share/turtlebot3_gazebo//rviz/tb3_gazebo.rviz
[5.468s] -- Symlinking: /home/kangsoonhyuk/drl_ws/install/turtlebot3_gazebo/share/turtlebot3_gazebo//worlds/empty_worlds/burger.model
[5.476s] -- Symlinking: /home/kangsoonhyuk/drl_ws/install/turtlebot3_gazebo/share/turtlebot3_gazebo//worlds/empty_worlds/waffle.model
[5.483s] -- Symlinking: /home/kangsoonhyuk/drl_ws/install/turtlebot3_gazebo/share/turtlebot3_gazebo//worlds/empty_worlds/waffle_pi.model
[5.490s] -- Symlinking: /home/kangsoonhyuk/drl_ws/install/turtlebot3_gazebo/share/turtlebot3_gazebo//worlds/turtlebot3_drl_stage1/burger.model
[5.498s] -- Symlinking: /home/kangsoonhyuk/drl_ws/install/turtlebot3_gazebo/share/turtlebot3_gazebo//worlds/turtlebot3_drl_stage1/waffle.model
[5.505s] -- Symlinking: /home/kangsoonhyuk/drl_ws/install/turtlebot3_gazebo/share/turtlebot3_gazebo//worlds/turtlebot3_drl_stage1/waffle_pi.model
[5.513s] -- Symlinking: /home/kangsoonhyuk/drl_ws/install/turtlebot3_gazebo/share/turtlebot3_gazebo//worlds/turtlebot3_drl_stage10/burger.model
[5.520s] -- Symlinking: /home/kangsoonhyuk/drl_ws/install/turtlebot3_gazebo/share/turtlebot3_gazebo//worlds/turtlebot3_drl_stage10/waffle.model
[5.527s] -- Symlinking: /home/kangsoonhyuk/drl_ws/install/turtlebot3_gazebo/share/turtlebot3_gazebo//worlds/turtlebot3_drl_stage10/waffle_pi.model
[5.534s] -- Symlinking: /home/kangsoonhyuk/drl_ws/install/turtlebot3_gazebo/share/turtlebot3_gazebo//worlds/turtlebot3_drl_stage2/burger.model
[5.542s] -- Symlinking: /home/kangsoonhyuk/drl_ws/install/turtlebot3_gazebo/share/turtlebot3_gazebo//worlds/turtlebot3_drl_stage2/waffle.model
[5.550s] -- Symlinking: /home/kangsoonhyuk/drl_ws/install/turtlebot3_gazebo/share/turtlebot3_gazebo//worlds/turtlebot3_drl_stage2/waffle_pi.model
[5.558s] -- Symlinking: /home/kangsoonhyuk/drl_ws/install/turtlebot3_gazebo/share/turtlebot3_gazebo//worlds/turtlebot3_drl_stage3/burger.model
[5.565s] -- Symlinking: /home/kangsoonhyuk/drl_ws/install/turtlebot3_gazebo/share/turtlebot3_gazebo//worlds/turtlebot3_drl_stage3/waffle.model
[5.573s] -- Symlinking: /home/kangsoonhyuk/drl_ws/install/turtlebot3_gazebo/share/turtlebot3_gazebo//worlds/turtlebot3_drl_stage3/waffle_pi.model
[5.580s] -- Symlinking: /home/kangsoonhyuk/drl_ws/install/turtlebot3_gazebo/share/turtlebot3_gazebo//worlds/turtlebot3_drl_stage4/burger.model
[5.587s] -- Symlinking: /home/kangsoonhyuk/drl_ws/install/turtlebot3_gazebo/share/turtlebot3_gazebo//worlds/turtlebot3_drl_stage4/waffle.model
[5.595s] -- Symlinking: /home/kangsoonhyuk/drl_ws/install/turtlebot3_gazebo/share/turtlebot3_gazebo//worlds/turtlebot3_drl_stage4/waffle_pi.model
[5.603s] -- Symlinking: /home/kangsoonhyuk/drl_ws/install/turtlebot3_gazebo/share/turtlebot3_gazebo//worlds/turtlebot3_drl_stage5/burger.model
[5.611s] -- Symlinking: /home/kangsoonhyuk/drl_ws/install/turtlebot3_gazebo/share/turtlebot3_gazebo//worlds/turtlebot3_drl_stage5/waffle.model
[5.620s] -- Symlinking: /home/kangsoonhyuk/drl_ws/install/turtlebot3_gazebo/share/turtlebot3_gazebo//worlds/turtlebot3_drl_stage5/waffle_pi.model
[5.628s] -- Symlinking: /home/kangsoonhyuk/drl_ws/install/turtlebot3_gazebo/share/turtlebot3_gazebo//worlds/turtlebot3_drl_stage6/burger.model
[5.636s] -- Symlinking: /home/kangsoonhyuk/drl_ws/install/turtlebot3_gazebo/share/turtlebot3_gazebo//worlds/turtlebot3_drl_stage6/waffle.model
[5.643s] -- Symlinking: /home/kangsoonhyuk/drl_ws/install/turtlebot3_gazebo/share/turtlebot3_gazebo//worlds/turtlebot3_drl_stage6/waffle_pi.model
[5.651s] -- Symlinking: /home/kangsoonhyuk/drl_ws/install/turtlebot3_gazebo/share/turtlebot3_gazebo//worlds/turtlebot3_drl_stage7/burger.model
[5.658s] -- Symlinking: /home/kangsoonhyuk/drl_ws/install/turtlebot3_gazebo/share/turtlebot3_gazebo//worlds/turtlebot3_drl_stage7/waffle.model
[5.666s] -- Symlinking: /home/kangsoonhyuk/drl_ws/install/turtlebot3_gazebo/share/turtlebot3_gazebo//worlds/turtlebot3_drl_stage7/waffle_pi.model
[5.674s] -- Symlinking: /home/kangsoonhyuk/drl_ws/install/turtlebot3_gazebo/share/turtlebot3_gazebo//worlds/turtlebot3_drl_stage8/burger.model
[5.681s] -- Symlinking: /home/kangsoonhyuk/drl_ws/install/turtlebot3_gazebo/share/turtlebot3_gazebo//worlds/turtlebot3_drl_stage8/waffle.model
[5.688s] -- Symlinking: /home/kangsoonhyuk/drl_ws/install/turtlebot3_gazebo/share/turtlebot3_gazebo//worlds/turtlebot3_drl_stage8/waffle_pi.model
[5.695s] -- Symlinking: /home/kangsoonhyuk/drl_ws/install/turtlebot3_gazebo/share/turtlebot3_gazebo//worlds/turtlebot3_drl_stage9/burger.model
[5.703s] -- Symlinking: /home/kangsoonhyuk/drl_ws/install/turtlebot3_gazebo/share/turtlebot3_gazebo//worlds/turtlebot3_drl_stage9/waffle.model
[5.711s] -- Symlinking: /home/kangsoonhyuk/drl_ws/install/turtlebot3_gazebo/share/turtlebot3_gazebo//worlds/turtlebot3_drl_stage9/waffle_pi.model
[5.718s] -- Symlinking: /home/kangsoonhyuk/drl_ws/install/turtlebot3_gazebo/share/turtlebot3_gazebo//worlds/turtlebot3_houses/burger.model
[5.726s] -- Symlinking: /home/kangsoonhyuk/drl_ws/install/turtlebot3_gazebo/share/turtlebot3_gazebo//worlds/turtlebot3_houses/waffle.model
[5.733s] -- Symlinking: /home/kangsoonhyuk/drl_ws/install/turtlebot3_gazebo/share/turtlebot3_gazebo//worlds/turtlebot3_houses/waffle_pi.model
[5.741s] -- Symlinking: /home/kangsoonhyuk/drl_ws/install/turtlebot3_gazebo/share/turtlebot3_gazebo//worlds/turtlebot3_worlds/burger.model
[5.749s] -- Symlinking: /home/kangsoonhyuk/drl_ws/install/turtlebot3_gazebo/share/turtlebot3_gazebo//worlds/turtlebot3_worlds/waffle.model
[5.757s] -- Symlinking: /home/kangsoonhyuk/drl_ws/install/turtlebot3_gazebo/share/turtlebot3_gazebo//worlds/turtlebot3_worlds/waffle_pi.model
[5.764s] -- Symlinking: /home/kangsoonhyuk/drl_ws/install/turtlebot3_gazebo/share/turtlebot3_gazebo//worlds/world_test
[5.772s] -- Symlinking: /home/kangsoonhyuk/drl_ws/install/turtlebot3_gazebo/include//turtlebot3_gazebo/turtlebot3_drive.hpp
[5.779s] -- Symlinking: /home/kangsoonhyuk/drl_ws/install/turtlebot3_gazebo/share/ament_index/resource_index/package_run_dependencies/turtlebot3_gazebo
[5.787s] -- Symlinking: /home/kangsoonhyuk/drl_ws/install/turtlebot3_gazebo/share/ament_index/resource_index/parent_prefix_path/turtlebot3_gazebo
[5.795s] -- Symlinking: /home/kangsoonhyuk/drl_ws/install/turtlebot3_gazebo/share/turtlebot3_gazebo/environment/ament_prefix_path.sh
[5.802s] -- Symlinking: /home/kangsoonhyuk/drl_ws/install/turtlebot3_gazebo/share/turtlebot3_gazebo/environment/ament_prefix_path.dsv
[5.810s] -- Symlinking: /home/kangsoonhyuk/drl_ws/install/turtlebot3_gazebo/share/turtlebot3_gazebo/environment/path.sh
[5.818s] -- Symlinking: /home/kangsoonhyuk/drl_ws/install/turtlebot3_gazebo/share/turtlebot3_gazebo/environment/path.dsv
[5.826s] -- Symlinking: /home/kangsoonhyuk/drl_ws/install/turtlebot3_gazebo/share/turtlebot3_gazebo/local_setup.bash
[5.834s] -- Symlinking: /home/kangsoonhyuk/drl_ws/install/turtlebot3_gazebo/share/turtlebot3_gazebo/local_setup.sh
[5.841s] -- Symlinking: /home/kangsoonhyuk/drl_ws/install/turtlebot3_gazebo/share/turtlebot3_gazebo/local_setup.zsh
[5.849s] -- Symlinking: /home/kangsoonhyuk/drl_ws/install/turtlebot3_gazebo/share/turtlebot3_gazebo/local_setup.dsv
[5.857s] -- Symlinking: /home/kangsoonhyuk/drl_ws/install/turtlebot3_gazebo/share/turtlebot3_gazebo/package.dsv
[5.865s] -- Symlinking: /home/kangsoonhyuk/drl_ws/install/turtlebot3_gazebo/share/ament_index/resource_index/packages/turtlebot3_gazebo
[5.873s] -- Symlinking: /home/kangsoonhyuk/drl_ws/install/turtlebot3_gazebo/share/turtlebot3_gazebo/cmake/ament_cmake_export_include_directories-extras.cmake
[5.880s] -- Symlinking: /home/kangsoonhyuk/drl_ws/install/turtlebot3_gazebo/share/turtlebot3_gazebo/cmake/ament_cmake_export_dependencies-extras.cmake
[5.887s] -- Symlinking: /home/kangsoonhyuk/drl_ws/install/turtlebot3_gazebo/share/turtlebot3_gazebo/cmake/turtlebot3_gazeboConfig.cmake
[5.894s] -- Symlinking: /home/kangsoonhyuk/drl_ws/install/turtlebot3_gazebo/share/turtlebot3_gazebo/cmake/turtlebot3_gazeboConfig-version.cmake
[5.901s] -- Symlinking: /home/kangsoonhyuk/drl_ws/install/turtlebot3_gazebo/share/turtlebot3_gazebo/package.xml
[5.911s] Invoked command in '/home/kangsoonhyuk/drl_ws/build/turtlebot3_gazebo' returned '0': CMAKE_PREFIX_PATH=${CMAKE_PREFIX_PATH}:/opt/ros/humble /usr/bin/cmake --install /home/kangsoonhyuk/drl_ws/build/turtlebot3_gazebo
