[0.014s] Invoking command in '/home/kangsoonhyuk/drl_ws/build/turtlebot3_gazebo': CMAKE_PREFIX_PATH=${CMAKE_PREFIX_PATH}:/opt/ros/humble /usr/bin/cmake --build /home/kangsoonhyuk/drl_ws/build/turtlebot3_gazebo -- -j12 -l12
[0.111s] [ 25%] Built target turtlebot3_drive
[0.134s] [100%] Built target obstacle2
[0.134s] [100%] Built target obstacles
[0.134s] [100%] Built target obstacle1
[0.146s] Invoked command in '/home/kangsoonhyuk/drl_ws/build/turtlebot3_gazebo' returned '0': CMAKE_PREFIX_PATH=${CMAKE_PREFIX_PATH}:/opt/ros/humble /usr/bin/cmake --build /home/kangsoonhyuk/drl_ws/build/turtlebot3_gazebo -- -j12 -l12
[0.154s] Invoking command in '/home/kangsoonhyuk/drl_ws/build/turtlebot3_gazebo': CMAKE_PREFIX_PATH=${CMAKE_PREFIX_PATH}:/opt/ros/humble /usr/bin/cmake --install /home/kangsoonhyuk/drl_ws/build/turtlebot3_gazebo
[0.162s] -- Install configuration: ""
[0.163s] -- Execute custom install script
[0.163s] -- Up-to-date symlink: /home/kangsoonhyuk/drl_ws/install/turtlebot3_gazebo/lib/turtlebot3_gazebo/turtlebot3_drive
[0.164s] -- Up-to-date symlink: /home/kangsoonhyuk/drl_ws/install/turtlebot3_gazebo/share/turtlebot3_gazebo//launch/robot_state_publisher.launch.py
[0.165s] -- Up-to-date symlink: /home/kangsoonhyuk/drl_ws/install/turtlebot3_gazebo/share/turtlebot3_gazebo//launch/turtlebot3_drl_stage1.launch.py
[0.165s] -- Up-to-date symlink: /home/kangsoonhyuk/drl_ws/install/turtlebot3_gazebo/share/turtlebot3_gazebo//launch/turtlebot3_drl_stage10.launch.py
[0.165s] -- Up-to-date symlink: /home/kangsoonhyuk/drl_ws/install/turtlebot3_gazebo/share/turtlebot3_gazebo//launch/turtlebot3_drl_stage2.launch.py
[0.165s] -- Up-to-date symlink: /home/kangsoonhyuk/drl_ws/install/turtlebot3_gazebo/share/turtlebot3_gazebo//launch/turtlebot3_drl_stage3.launch.py
[0.166s] -- Up-to-date symlink: /home/kangsoonhyuk/drl_ws/install/turtlebot3_gazebo/share/turtlebot3_gazebo//launch/turtlebot3_drl_stage4.launch.py
[0.166s] -- Up-to-date symlink: /home/kangsoonhyuk/drl_ws/install/turtlebot3_gazebo/share/turtlebot3_gazebo//launch/turtlebot3_drl_stage5.launch.py
[0.166s] -- Up-to-date symlink: /home/kangsoonhyuk/drl_ws/install/turtlebot3_gazebo/share/turtlebot3_gazebo//launch/turtlebot3_drl_stage5_up.launch.py
[0.167s] -- Up-to-date symlink: /home/kangsoonhyuk/drl_ws/install/turtlebot3_gazebo/share/turtlebot3_gazebo//launch/turtlebot3_drl_stage6.launch.py
[0.167s] -- Up-to-date symlink: /home/kangsoonhyuk/drl_ws/install/turtlebot3_gazebo/share/turtlebot3_gazebo//launch/turtlebot3_drl_stage7.launch.py
[0.167s] -- Up-to-date symlink: /home/kangsoonhyuk/drl_ws/install/turtlebot3_gazebo/share/turtlebot3_gazebo//launch/turtlebot3_drl_stage8.launch.py
[0.168s] -- Up-to-date symlink: /home/kangsoonhyuk/drl_ws/install/turtlebot3_gazebo/share/turtlebot3_gazebo//launch/turtlebot3_drl_stage9.launch.py
[0.168s] -- Up-to-date symlink: /home/kangsoonhyuk/drl_ws/install/turtlebot3_gazebo/share/turtlebot3_gazebo//launch/turtlebot3_house.launch.py
[0.168s] -- Up-to-date symlink: /home/kangsoonhyuk/drl_ws/install/turtlebot3_gazebo/share/turtlebot3_gazebo//launch/turtlebot3_world.launch.py
[0.182s] -- Up-to-date symlink: /home/kangsoonhyuk/drl_ws/install/turtlebot3_gazebo/share/turtlebot3_gazebo//models/turtlebot3_burger/meshes/burger_base.dae
[0.183s] -- Up-to-date symlink: /home/kangsoonhyuk/drl_ws/install/turtlebot3_gazebo/share/turtlebot3_gazebo//models/turtlebot3_burger/meshes/lds.dae
[0.183s] -- Up-to-date symlink: /home/kangsoonhyuk/drl_ws/install/turtlebot3_gazebo/share/turtlebot3_gazebo//models/turtlebot3_burger/meshes/tire.dae
[0.183s] -- Up-to-date symlink: /home/kangsoonhyuk/drl_ws/install/turtlebot3_gazebo/share/turtlebot3_gazebo//models/turtlebot3_burger/model-1_4.sdf
[0.184s] -- Up-to-date symlink: /home/kangsoonhyuk/drl_ws/install/turtlebot3_gazebo/share/turtlebot3_gazebo//models/turtlebot3_burger/model.config
[0.184s] -- Up-to-date symlink: /home/kangsoonhyuk/drl_ws/install/turtlebot3_gazebo/share/turtlebot3_gazebo//models/turtlebot3_burger/model.sdf
[0.184s] -- Up-to-date symlink: /home/kangsoonhyuk/drl_ws/install/turtlebot3_gazebo/share/turtlebot3_gazebo//models/turtlebot3_drl_world/goal_box/model.config
[0.184s] -- Up-to-date symlink: /home/kangsoonhyuk/drl_ws/install/turtlebot3_gazebo/share/turtlebot3_gazebo//models/turtlebot3_drl_world/goal_box/model.sdf
[0.184s] -- Up-to-date symlink: /home/kangsoonhyuk/drl_ws/install/turtlebot3_gazebo/share/turtlebot3_gazebo//models/turtlebot3_drl_world/inner_obstacles/model.config
[0.185s] -- Up-to-date symlink: /home/kangsoonhyuk/drl_ws/install/turtlebot3_gazebo/share/turtlebot3_gazebo//models/turtlebot3_drl_world/inner_obstacles/model.sdf
[0.186s] -- Up-to-date symlink: /home/kangsoonhyuk/drl_ws/install/turtlebot3_gazebo/share/turtlebot3_gazebo//models/turtlebot3_drl_world/inner_walls/model.config
[0.186s] -- Up-to-date symlink: /home/kangsoonhyuk/drl_ws/install/turtlebot3_gazebo/share/turtlebot3_gazebo//models/turtlebot3_drl_world/inner_walls/model.sdf
[0.186s] -- Up-to-date symlink: /home/kangsoonhyuk/drl_ws/install/turtlebot3_gazebo/share/turtlebot3_gazebo//models/turtlebot3_drl_world/inner_walls_large/model.config
[0.186s] -- Up-to-date symlink: /home/kangsoonhyuk/drl_ws/install/turtlebot3_gazebo/share/turtlebot3_gazebo//models/turtlebot3_drl_world/inner_walls_large/model.sdf
[0.187s] -- Up-to-date symlink: /home/kangsoonhyuk/drl_ws/install/turtlebot3_gazebo/share/turtlebot3_gazebo//models/turtlebot3_drl_world/long_wall/model.config
[0.187s] -- Up-to-date symlink: /home/kangsoonhyuk/drl_ws/install/turtlebot3_gazebo/share/turtlebot3_gazebo//models/turtlebot3_drl_world/long_wall/model.sdf
[0.187s] -- Up-to-date symlink: /home/kangsoonhyuk/drl_ws/install/turtlebot3_gazebo/share/turtlebot3_gazebo//models/turtlebot3_drl_world/model.config
[0.188s] -- Up-to-date symlink: /home/kangsoonhyuk/drl_ws/install/turtlebot3_gazebo/share/turtlebot3_gazebo//models/turtlebot3_drl_world/model.sdf
[0.188s] -- Up-to-date symlink: /home/kangsoonhyuk/drl_ws/install/turtlebot3_gazebo/share/turtlebot3_gazebo//models/turtlebot3_drl_world/obstacle1/model.config
[0.188s] -- Up-to-date symlink: /home/kangsoonhyuk/drl_ws/install/turtlebot3_gazebo/share/turtlebot3_gazebo//models/turtlebot3_drl_world/obstacle1/model.sdf
[0.188s] -- Up-to-date symlink: /home/kangsoonhyuk/drl_ws/install/turtlebot3_gazebo/share/turtlebot3_gazebo//models/turtlebot3_drl_world/obstacle10/model.config
[0.189s] -- Up-to-date symlink: /home/kangsoonhyuk/drl_ws/install/turtlebot3_gazebo/share/turtlebot3_gazebo//models/turtlebot3_drl_world/obstacle10/model.sdf
[0.189s] -- Up-to-date symlink: /home/kangsoonhyuk/drl_ws/install/turtlebot3_gazebo/share/turtlebot3_gazebo//models/turtlebot3_drl_world/obstacle11/model.config
[0.189s] -- Up-to-date symlink: /home/kangsoonhyuk/drl_ws/install/turtlebot3_gazebo/share/turtlebot3_gazebo//models/turtlebot3_drl_world/obstacle11/model.sdf
[0.189s] -- Up-to-date symlink: /home/kangsoonhyuk/drl_ws/install/turtlebot3_gazebo/share/turtlebot3_gazebo//models/turtlebot3_drl_world/obstacle12/model.config
[0.190s] -- Up-to-date symlink: /home/kangsoonhyuk/drl_ws/install/turtlebot3_gazebo/share/turtlebot3_gazebo//models/turtlebot3_drl_world/obstacle12/model.sdf
[0.191s] -- Up-to-date symlink: /home/kangsoonhyuk/drl_ws/install/turtlebot3_gazebo/share/turtlebot3_gazebo//models/turtlebot3_drl_world/obstacle2/model.config
[0.191s] -- Up-to-date symlink: /home/kangsoonhyuk/drl_ws/install/turtlebot3_gazebo/share/turtlebot3_gazebo//models/turtlebot3_drl_world/obstacle2/model.sdf
[0.191s] -- Up-to-date symlink: /home/kangsoonhyuk/drl_ws/install/turtlebot3_gazebo/share/turtlebot3_gazebo//models/turtlebot3_drl_world/obstacle3/model.config
[0.192s] -- Up-to-date symlink: /home/kangsoonhyuk/drl_ws/install/turtlebot3_gazebo/share/turtlebot3_gazebo//models/turtlebot3_drl_world/obstacle3/model.sdf
[0.192s] -- Up-to-date symlink: /home/kangsoonhyuk/drl_ws/install/turtlebot3_gazebo/share/turtlebot3_gazebo//models/turtlebot3_drl_world/obstacle4/model.config
[0.192s] -- Up-to-date symlink: /home/kangsoonhyuk/drl_ws/install/turtlebot3_gazebo/share/turtlebot3_gazebo//models/turtlebot3_drl_world/obstacle4/model.sdf
[0.192s] -- Up-to-date symlink: /home/kangsoonhyuk/drl_ws/install/turtlebot3_gazebo/share/turtlebot3_gazebo//models/turtlebot3_drl_world/obstacle5/model.config
[0.192s] -- Up-to-date symlink: /home/kangsoonhyuk/drl_ws/install/turtlebot3_gazebo/share/turtlebot3_gazebo//models/turtlebot3_drl_world/obstacle5/model.sdf
[0.192s] -- Up-to-date symlink: /home/kangsoonhyuk/drl_ws/install/turtlebot3_gazebo/share/turtlebot3_gazebo//models/turtlebot3_drl_world/obstacle6/model.config
[0.193s] -- Up-to-date symlink: /home/kangsoonhyuk/drl_ws/install/turtlebot3_gazebo/share/turtlebot3_gazebo//models/turtlebot3_drl_world/obstacle6/model.sdf
[0.193s] -- Up-to-date symlink: /home/kangsoonhyuk/drl_ws/install/turtlebot3_gazebo/share/turtlebot3_gazebo//models/turtlebot3_drl_world/obstacle7/model.config
[0.193s] -- Up-to-date symlink: /home/kangsoonhyuk/drl_ws/install/turtlebot3_gazebo/share/turtlebot3_gazebo//models/turtlebot3_drl_world/obstacle7/model.sdf
[0.194s] -- Up-to-date symlink: /home/kangsoonhyuk/drl_ws/install/turtlebot3_gazebo/share/turtlebot3_gazebo//models/turtlebot3_drl_world/obstacle8/model.config
[0.194s] -- Up-to-date symlink: /home/kangsoonhyuk/drl_ws/install/turtlebot3_gazebo/share/turtlebot3_gazebo//models/turtlebot3_drl_world/obstacle8/model.sdf
[0.194s] -- Up-to-date symlink: /home/kangsoonhyuk/drl_ws/install/turtlebot3_gazebo/share/turtlebot3_gazebo//models/turtlebot3_drl_world/obstacle9/model.config
[0.194s] -- Up-to-date symlink: /home/kangsoonhyuk/drl_ws/install/turtlebot3_gazebo/share/turtlebot3_gazebo//models/turtlebot3_drl_world/obstacle9/model.sdf
[0.195s] -- Up-to-date symlink: /home/kangsoonhyuk/drl_ws/install/turtlebot3_gazebo/share/turtlebot3_gazebo//models/turtlebot3_drl_world/obstacle_plugin/CMakeLists.txt
[0.196s] -- Up-to-date symlink: /home/kangsoonhyuk/drl_ws/install/turtlebot3_gazebo/share/turtlebot3_gazebo//models/turtlebot3_drl_world/obstacle_plugin/build/CMakeCache.txt
[0.196s] -- Up-to-date symlink: /home/kangsoonhyuk/drl_ws/install/turtlebot3_gazebo/share/turtlebot3_gazebo//models/turtlebot3_drl_world/obstacle_plugin/build/CMakeFiles/3.22.1/CMakeCCompiler.cmake
[0.196s] -- Up-to-date symlink: /home/kangsoonhyuk/drl_ws/install/turtlebot3_gazebo/share/turtlebot3_gazebo//models/turtlebot3_drl_world/obstacle_plugin/build/CMakeFiles/3.22.1/CMakeCXXCompiler.cmake
[0.196s] -- Up-to-date symlink: /home/kangsoonhyuk/drl_ws/install/turtlebot3_gazebo/share/turtlebot3_gazebo//models/turtlebot3_drl_world/obstacle_plugin/build/CMakeFiles/3.22.1/CMakeDetermineCompilerABI_C.bin
[0.197s] -- Up-to-date symlink: /home/kangsoonhyuk/drl_ws/install/turtlebot3_gazebo/share/turtlebot3_gazebo//models/turtlebot3_drl_world/obstacle_plugin/build/CMakeFiles/3.22.1/CMakeDetermineCompilerABI_CXX.bin
[0.198s] -- Up-to-date symlink: /home/kangsoonhyuk/drl_ws/install/turtlebot3_gazebo/share/turtlebot3_gazebo//models/turtlebot3_drl_world/obstacle_plugin/build/CMakeFiles/3.22.1/CMakeSystem.cmake
[0.198s] -- Up-to-date symlink: /home/kangsoonhyuk/drl_ws/install/turtlebot3_gazebo/share/turtlebot3_gazebo//models/turtlebot3_drl_world/obstacle_plugin/build/CMakeFiles/3.22.1/CompilerIdC/CMakeCCompilerId.c
[0.198s] -- Up-to-date symlink: /home/kangsoonhyuk/drl_ws/install/turtlebot3_gazebo/share/turtlebot3_gazebo//models/turtlebot3_drl_world/obstacle_plugin/build/CMakeFiles/3.22.1/CompilerIdC/a.out
[0.198s] -- Up-to-date symlink: /home/kangsoonhyuk/drl_ws/install/turtlebot3_gazebo/share/turtlebot3_gazebo//models/turtlebot3_drl_world/obstacle_plugin/build/CMakeFiles/3.22.1/CompilerIdCXX/CMakeCXXCompilerId.cpp
[0.198s] -- Up-to-date symlink: /home/kangsoonhyuk/drl_ws/install/turtlebot3_gazebo/share/turtlebot3_gazebo//models/turtlebot3_drl_world/obstacle_plugin/build/CMakeFiles/3.22.1/CompilerIdCXX/a.out
[0.199s] -- Up-to-date symlink: /home/kangsoonhyuk/drl_ws/install/turtlebot3_gazebo/share/turtlebot3_gazebo//models/turtlebot3_drl_world/obstacle_plugin/build/CMakeFiles/CMakeDirectoryInformation.cmake
[0.199s] -- Up-to-date symlink: /home/kangsoonhyuk/drl_ws/install/turtlebot3_gazebo/share/turtlebot3_gazebo//models/turtlebot3_drl_world/obstacle_plugin/build/CMakeFiles/CMakeOutput.log
[0.200s] -- Up-to-date symlink: /home/kangsoonhyuk/drl_ws/install/turtlebot3_gazebo/share/turtlebot3_gazebo//models/turtlebot3_drl_world/obstacle_plugin/build/CMakeFiles/Makefile.cmake
[0.200s] -- Up-to-date symlink: /home/kangsoonhyuk/drl_ws/install/turtlebot3_gazebo/share/turtlebot3_gazebo//models/turtlebot3_drl_world/obstacle_plugin/build/CMakeFiles/Makefile2
[0.200s] -- Up-to-date symlink: /home/kangsoonhyuk/drl_ws/install/turtlebot3_gazebo/share/turtlebot3_gazebo//models/turtlebot3_drl_world/obstacle_plugin/build/CMakeFiles/TargetDirectories.txt
[0.200s] -- Up-to-date symlink: /home/kangsoonhyuk/drl_ws/install/turtlebot3_gazebo/share/turtlebot3_gazebo//models/turtlebot3_drl_world/obstacle_plugin/build/CMakeFiles/cmake.check_cache
[0.200s] -- Up-to-date symlink: /home/kangsoonhyuk/drl_ws/install/turtlebot3_gazebo/share/turtlebot3_gazebo//models/turtlebot3_drl_world/obstacle_plugin/build/CMakeFiles/obstacle1.dir/DependInfo.cmake
[0.200s] -- Up-to-date symlink: /home/kangsoonhyuk/drl_ws/install/turtlebot3_gazebo/share/turtlebot3_gazebo//models/turtlebot3_drl_world/obstacle_plugin/build/CMakeFiles/obstacle1.dir/build.make
[0.200s] -- Up-to-date symlink: /home/kangsoonhyuk/drl_ws/install/turtlebot3_gazebo/share/turtlebot3_gazebo//models/turtlebot3_drl_world/obstacle_plugin/build/CMakeFiles/obstacle1.dir/cmake_clean.cmake
[0.200s] -- Up-to-date symlink: /home/kangsoonhyuk/drl_ws/install/turtlebot3_gazebo/share/turtlebot3_gazebo//models/turtlebot3_drl_world/obstacle_plugin/build/CMakeFiles/obstacle1.dir/compiler_depend.make
[0.201s] -- Up-to-date symlink: /home/kangsoonhyuk/drl_ws/install/turtlebot3_gazebo/share/turtlebot3_gazebo//models/turtlebot3_drl_world/obstacle_plugin/build/CMakeFiles/obstacle1.dir/compiler_depend.ts
[0.201s] -- Up-to-date symlink: /home/kangsoonhyuk/drl_ws/install/turtlebot3_gazebo/share/turtlebot3_gazebo//models/turtlebot3_drl_world/obstacle_plugin/build/CMakeFiles/obstacle1.dir/depend.make
[0.201s] -- Up-to-date symlink: /home/kangsoonhyuk/drl_ws/install/turtlebot3_gazebo/share/turtlebot3_gazebo//models/turtlebot3_drl_world/obstacle_plugin/build/CMakeFiles/obstacle1.dir/flags.make
[0.201s] -- Up-to-date symlink: /home/kangsoonhyuk/drl_ws/install/turtlebot3_gazebo/share/turtlebot3_gazebo//models/turtlebot3_drl_world/obstacle_plugin/build/CMakeFiles/obstacle1.dir/link.txt
[0.202s] -- Up-to-date symlink: /home/kangsoonhyuk/drl_ws/install/turtlebot3_gazebo/share/turtlebot3_gazebo//models/turtlebot3_drl_world/obstacle_plugin/build/CMakeFiles/obstacle1.dir/obstacle1.cc.o
[0.202s] -- Up-to-date symlink: /home/kangsoonhyuk/drl_ws/install/turtlebot3_gazebo/share/turtlebot3_gazebo//models/turtlebot3_drl_world/obstacle_plugin/build/CMakeFiles/obstacle1.dir/obstacle1.cc.o.d
[0.202s] -- Up-to-date symlink: /home/kangsoonhyuk/drl_ws/install/turtlebot3_gazebo/share/turtlebot3_gazebo//models/turtlebot3_drl_world/obstacle_plugin/build/CMakeFiles/obstacle1.dir/progress.make
[0.203s] -- Up-to-date symlink: /home/kangsoonhyuk/drl_ws/install/turtlebot3_gazebo/share/turtlebot3_gazebo//models/turtlebot3_drl_world/obstacle_plugin/build/CMakeFiles/obstacle10.dir/DependInfo.cmake
[0.203s] -- Up-to-date symlink: /home/kangsoonhyuk/drl_ws/install/turtlebot3_gazebo/share/turtlebot3_gazebo//models/turtlebot3_drl_world/obstacle_plugin/build/CMakeFiles/obstacle10.dir/build.make
[0.203s] -- Up-to-date symlink: /home/kangsoonhyuk/drl_ws/install/turtlebot3_gazebo/share/turtlebot3_gazebo//models/turtlebot3_drl_world/obstacle_plugin/build/CMakeFiles/obstacle10.dir/cmake_clean.cmake
[0.203s] -- Up-to-date symlink: /home/kangsoonhyuk/drl_ws/install/turtlebot3_gazebo/share/turtlebot3_gazebo//models/turtlebot3_drl_world/obstacle_plugin/build/CMakeFiles/obstacle10.dir/compiler_depend.make
[0.203s] -- Up-to-date symlink: /home/kangsoonhyuk/drl_ws/install/turtlebot3_gazebo/share/turtlebot3_gazebo//models/turtlebot3_drl_world/obstacle_plugin/build/CMakeFiles/obstacle10.dir/compiler_depend.ts
[0.204s] -- Up-to-date symlink: /home/kangsoonhyuk/drl_ws/install/turtlebot3_gazebo/share/turtlebot3_gazebo//models/turtlebot3_drl_world/obstacle_plugin/build/CMakeFiles/obstacle10.dir/depend.make
[0.204s] -- Up-to-date symlink: /home/kangsoonhyuk/drl_ws/install/turtlebot3_gazebo/share/turtlebot3_gazebo//models/turtlebot3_drl_world/obstacle_plugin/build/CMakeFiles/obstacle10.dir/flags.make
[0.204s] -- Up-to-date symlink: /home/kangsoonhyuk/drl_ws/install/turtlebot3_gazebo/share/turtlebot3_gazebo//models/turtlebot3_drl_world/obstacle_plugin/build/CMakeFiles/obstacle10.dir/link.txt
[0.205s] -- Up-to-date symlink: /home/kangsoonhyuk/drl_ws/install/turtlebot3_gazebo/share/turtlebot3_gazebo//models/turtlebot3_drl_world/obstacle_plugin/build/CMakeFiles/obstacle10.dir/obstacle10.cc.o
[0.205s] -- Up-to-date symlink: /home/kangsoonhyuk/drl_ws/install/turtlebot3_gazebo/share/turtlebot3_gazebo//models/turtlebot3_drl_world/obstacle_plugin/build/CMakeFiles/obstacle10.dir/obstacle10.cc.o.d
[0.205s] -- Up-to-date symlink: /home/kangsoonhyuk/drl_ws/install/turtlebot3_gazebo/share/turtlebot3_gazebo//models/turtlebot3_drl_world/obstacle_plugin/build/CMakeFiles/obstacle10.dir/progress.make
[0.205s] -- Up-to-date symlink: /home/kangsoonhyuk/drl_ws/install/turtlebot3_gazebo/share/turtlebot3_gazebo//models/turtlebot3_drl_world/obstacle_plugin/build/CMakeFiles/obstacle11.dir/DependInfo.cmake
[0.205s] -- Up-to-date symlink: /home/kangsoonhyuk/drl_ws/install/turtlebot3_gazebo/share/turtlebot3_gazebo//models/turtlebot3_drl_world/obstacle_plugin/build/CMakeFiles/obstacle11.dir/build.make
[0.206s] -- Up-to-date symlink: /home/kangsoonhyuk/drl_ws/install/turtlebot3_gazebo/share/turtlebot3_gazebo//models/turtlebot3_drl_world/obstacle_plugin/build/CMakeFiles/obstacle11.dir/cmake_clean.cmake
[0.206s] -- Up-to-date symlink: /home/kangsoonhyuk/drl_ws/install/turtlebot3_gazebo/share/turtlebot3_gazebo//models/turtlebot3_drl_world/obstacle_plugin/build/CMakeFiles/obstacle11.dir/compiler_depend.make
[0.206s] -- Up-to-date symlink: /home/kangsoonhyuk/drl_ws/install/turtlebot3_gazebo/share/turtlebot3_gazebo//models/turtlebot3_drl_world/obstacle_plugin/build/CMakeFiles/obstacle11.dir/compiler_depend.ts
[0.206s] -- Up-to-date symlink: /home/kangsoonhyuk/drl_ws/install/turtlebot3_gazebo/share/turtlebot3_gazebo//models/turtlebot3_drl_world/obstacle_plugin/build/CMakeFiles/obstacle11.dir/depend.make
[0.206s] -- Up-to-date symlink: /home/kangsoonhyuk/drl_ws/install/turtlebot3_gazebo/share/turtlebot3_gazebo//models/turtlebot3_drl_world/obstacle_plugin/build/CMakeFiles/obstacle11.dir/flags.make
[0.208s] -- Up-to-date symlink: /home/kangsoonhyuk/drl_ws/install/turtlebot3_gazebo/share/turtlebot3_gazebo//models/turtlebot3_drl_world/obstacle_plugin/build/CMakeFiles/obstacle11.dir/link.txt
[0.208s] -- Up-to-date symlink: /home/kangsoonhyuk/drl_ws/install/turtlebot3_gazebo/share/turtlebot3_gazebo//models/turtlebot3_drl_world/obstacle_plugin/build/CMakeFiles/obstacle11.dir/obstacle11.cc.o
[0.208s] -- Up-to-date symlink: /home/kangsoonhyuk/drl_ws/install/turtlebot3_gazebo/share/turtlebot3_gazebo//models/turtlebot3_drl_world/obstacle_plugin/build/CMakeFiles/obstacle11.dir/obstacle11.cc.o.d
[0.208s] -- Up-to-date symlink: /home/kangsoonhyuk/drl_ws/install/turtlebot3_gazebo/share/turtlebot3_gazebo//models/turtlebot3_drl_world/obstacle_plugin/build/CMakeFiles/obstacle11.dir/progress.make
[0.208s] -- Up-to-date symlink: /home/kangsoonhyuk/drl_ws/install/turtlebot3_gazebo/share/turtlebot3_gazebo//models/turtlebot3_drl_world/obstacle_plugin/build/CMakeFiles/obstacle12.dir/DependInfo.cmake
[0.208s] -- Up-to-date symlink: /home/kangsoonhyuk/drl_ws/install/turtlebot3_gazebo/share/turtlebot3_gazebo//models/turtlebot3_drl_world/obstacle_plugin/build/CMakeFiles/obstacle12.dir/build.make
[0.208s] -- Up-to-date symlink: /home/kangsoonhyuk/drl_ws/install/turtlebot3_gazebo/share/turtlebot3_gazebo//models/turtlebot3_drl_world/obstacle_plugin/build/CMakeFiles/obstacle12.dir/cmake_clean.cmake
[0.208s] -- Up-to-date symlink: /home/kangsoonhyuk/drl_ws/install/turtlebot3_gazebo/share/turtlebot3_gazebo//models/turtlebot3_drl_world/obstacle_plugin/build/CMakeFiles/obstacle12.dir/compiler_depend.make
[0.208s] -- Up-to-date symlink: /home/kangsoonhyuk/drl_ws/install/turtlebot3_gazebo/share/turtlebot3_gazebo//models/turtlebot3_drl_world/obstacle_plugin/build/CMakeFiles/obstacle12.dir/compiler_depend.ts
[0.209s] -- Up-to-date symlink: /home/kangsoonhyuk/drl_ws/install/turtlebot3_gazebo/share/turtlebot3_gazebo//models/turtlebot3_drl_world/obstacle_plugin/build/CMakeFiles/obstacle12.dir/depend.make
[0.209s] -- Up-to-date symlink: /home/kangsoonhyuk/drl_ws/install/turtlebot3_gazebo/share/turtlebot3_gazebo//models/turtlebot3_drl_world/obstacle_plugin/build/CMakeFiles/obstacle12.dir/flags.make
[0.209s] -- Up-to-date symlink: /home/kangsoonhyuk/drl_ws/install/turtlebot3_gazebo/share/turtlebot3_gazebo//models/turtlebot3_drl_world/obstacle_plugin/build/CMakeFiles/obstacle12.dir/link.txt
[0.209s] -- Up-to-date symlink: /home/kangsoonhyuk/drl_ws/install/turtlebot3_gazebo/share/turtlebot3_gazebo//models/turtlebot3_drl_world/obstacle_plugin/build/CMakeFiles/obstacle12.dir/obstacle12.cc.o
[0.209s] -- Up-to-date symlink: /home/kangsoonhyuk/drl_ws/install/turtlebot3_gazebo/share/turtlebot3_gazebo//models/turtlebot3_drl_world/obstacle_plugin/build/CMakeFiles/obstacle12.dir/obstacle12.cc.o.d
[0.209s] -- Up-to-date symlink: /home/kangsoonhyuk/drl_ws/install/turtlebot3_gazebo/share/turtlebot3_gazebo//models/turtlebot3_drl_world/obstacle_plugin/build/CMakeFiles/obstacle12.dir/progress.make
[0.210s] -- Up-to-date symlink: /home/kangsoonhyuk/drl_ws/install/turtlebot3_gazebo/share/turtlebot3_gazebo//models/turtlebot3_drl_world/obstacle_plugin/build/CMakeFiles/obstacle2.dir/DependInfo.cmake
[0.210s] -- Up-to-date symlink: /home/kangsoonhyuk/drl_ws/install/turtlebot3_gazebo/share/turtlebot3_gazebo//models/turtlebot3_drl_world/obstacle_plugin/build/CMakeFiles/obstacle2.dir/build.make
[0.210s] -- Up-to-date symlink: /home/kangsoonhyuk/drl_ws/install/turtlebot3_gazebo/share/turtlebot3_gazebo//models/turtlebot3_drl_world/obstacle_plugin/build/CMakeFiles/obstacle2.dir/cmake_clean.cmake
[0.211s] -- Up-to-date symlink: /home/kangsoonhyuk/drl_ws/install/turtlebot3_gazebo/share/turtlebot3_gazebo//models/turtlebot3_drl_world/obstacle_plugin/build/CMakeFiles/obstacle2.dir/compiler_depend.make
[0.211s] -- Up-to-date symlink: /home/kangsoonhyuk/drl_ws/install/turtlebot3_gazebo/share/turtlebot3_gazebo//models/turtlebot3_drl_world/obstacle_plugin/build/CMakeFiles/obstacle2.dir/compiler_depend.ts
[0.211s] -- Up-to-date symlink: /home/kangsoonhyuk/drl_ws/install/turtlebot3_gazebo/share/turtlebot3_gazebo//models/turtlebot3_drl_world/obstacle_plugin/build/CMakeFiles/obstacle2.dir/depend.make
[0.212s] -- Up-to-date symlink: /home/kangsoonhyuk/drl_ws/install/turtlebot3_gazebo/share/turtlebot3_gazebo//models/turtlebot3_drl_world/obstacle_plugin/build/CMakeFiles/obstacle2.dir/flags.make
[0.212s] -- Up-to-date symlink: /home/kangsoonhyuk/drl_ws/install/turtlebot3_gazebo/share/turtlebot3_gazebo//models/turtlebot3_drl_world/obstacle_plugin/build/CMakeFiles/obstacle2.dir/link.txt
[0.213s] -- Up-to-date symlink: /home/kangsoonhyuk/drl_ws/install/turtlebot3_gazebo/share/turtlebot3_gazebo//models/turtlebot3_drl_world/obstacle_plugin/build/CMakeFiles/obstacle2.dir/obstacle2.cc.o
[0.213s] -- Up-to-date symlink: /home/kangsoonhyuk/drl_ws/install/turtlebot3_gazebo/share/turtlebot3_gazebo//models/turtlebot3_drl_world/obstacle_plugin/build/CMakeFiles/obstacle2.dir/obstacle2.cc.o.d
[0.213s] -- Up-to-date symlink: /home/kangsoonhyuk/drl_ws/install/turtlebot3_gazebo/share/turtlebot3_gazebo//models/turtlebot3_drl_world/obstacle_plugin/build/CMakeFiles/obstacle2.dir/progress.make
[0.213s] -- Up-to-date symlink: /home/kangsoonhyuk/drl_ws/install/turtlebot3_gazebo/share/turtlebot3_gazebo//models/turtlebot3_drl_world/obstacle_plugin/build/CMakeFiles/obstacle3.dir/DependInfo.cmake
[0.213s] -- Up-to-date symlink: /home/kangsoonhyuk/drl_ws/install/turtlebot3_gazebo/share/turtlebot3_gazebo//models/turtlebot3_drl_world/obstacle_plugin/build/CMakeFiles/obstacle3.dir/build.make
[0.213s] -- Up-to-date symlink: /home/kangsoonhyuk/drl_ws/install/turtlebot3_gazebo/share/turtlebot3_gazebo//models/turtlebot3_drl_world/obstacle_plugin/build/CMakeFiles/obstacle3.dir/cmake_clean.cmake
[0.213s] -- Up-to-date symlink: /home/kangsoonhyuk/drl_ws/install/turtlebot3_gazebo/share/turtlebot3_gazebo//models/turtlebot3_drl_world/obstacle_plugin/build/CMakeFiles/obstacle3.dir/compiler_depend.make
[0.214s] -- Up-to-date symlink: /home/kangsoonhyuk/drl_ws/install/turtlebot3_gazebo/share/turtlebot3_gazebo//models/turtlebot3_drl_world/obstacle_plugin/build/CMakeFiles/obstacle3.dir/compiler_depend.ts
[0.215s] -- Up-to-date symlink: /home/kangsoonhyuk/drl_ws/install/turtlebot3_gazebo/share/turtlebot3_gazebo//models/turtlebot3_drl_world/obstacle_plugin/build/CMakeFiles/obstacle3.dir/depend.make
[0.215s] -- Up-to-date symlink: /home/kangsoonhyuk/drl_ws/install/turtlebot3_gazebo/share/turtlebot3_gazebo//models/turtlebot3_drl_world/obstacle_plugin/build/CMakeFiles/obstacle3.dir/flags.make
[0.215s] -- Up-to-date symlink: /home/kangsoonhyuk/drl_ws/install/turtlebot3_gazebo/share/turtlebot3_gazebo//models/turtlebot3_drl_world/obstacle_plugin/build/CMakeFiles/obstacle3.dir/link.txt
[0.216s] -- Up-to-date symlink: /home/kangsoonhyuk/drl_ws/install/turtlebot3_gazebo/share/turtlebot3_gazebo//models/turtlebot3_drl_world/obstacle_plugin/build/CMakeFiles/obstacle3.dir/obstacle3.cc.o
[0.216s] -- Up-to-date symlink: /home/kangsoonhyuk/drl_ws/install/turtlebot3_gazebo/share/turtlebot3_gazebo//models/turtlebot3_drl_world/obstacle_plugin/build/CMakeFiles/obstacle3.dir/obstacle3.cc.o.d
[0.216s] -- Up-to-date symlink: /home/kangsoonhyuk/drl_ws/install/turtlebot3_gazebo/share/turtlebot3_gazebo//models/turtlebot3_drl_world/obstacle_plugin/build/CMakeFiles/obstacle3.dir/progress.make
[0.216s] -- Up-to-date symlink: /home/kangsoonhyuk/drl_ws/install/turtlebot3_gazebo/share/turtlebot3_gazebo//models/turtlebot3_drl_world/obstacle_plugin/build/CMakeFiles/obstacle4.dir/DependInfo.cmake
[0.216s] -- Up-to-date symlink: /home/kangsoonhyuk/drl_ws/install/turtlebot3_gazebo/share/turtlebot3_gazebo//models/turtlebot3_drl_world/obstacle_plugin/build/CMakeFiles/obstacle4.dir/build.make
[0.216s] -- Up-to-date symlink: /home/kangsoonhyuk/drl_ws/install/turtlebot3_gazebo/share/turtlebot3_gazebo//models/turtlebot3_drl_world/obstacle_plugin/build/CMakeFiles/obstacle4.dir/cmake_clean.cmake
[0.217s] -- Up-to-date symlink: /home/kangsoonhyuk/drl_ws/install/turtlebot3_gazebo/share/turtlebot3_gazebo//models/turtlebot3_drl_world/obstacle_plugin/build/CMakeFiles/obstacle4.dir/compiler_depend.make
[0.217s] -- Up-to-date symlink: /home/kangsoonhyuk/drl_ws/install/turtlebot3_gazebo/share/turtlebot3_gazebo//models/turtlebot3_drl_world/obstacle_plugin/build/CMakeFiles/obstacle4.dir/compiler_depend.ts
[0.217s] -- Up-to-date symlink: /home/kangsoonhyuk/drl_ws/install/turtlebot3_gazebo/share/turtlebot3_gazebo//models/turtlebot3_drl_world/obstacle_plugin/build/CMakeFiles/obstacle4.dir/depend.make
[0.217s] -- Up-to-date symlink: /home/kangsoonhyuk/drl_ws/install/turtlebot3_gazebo/share/turtlebot3_gazebo//models/turtlebot3_drl_world/obstacle_plugin/build/CMakeFiles/obstacle4.dir/flags.make
[0.217s] -- Up-to-date symlink: /home/kangsoonhyuk/drl_ws/install/turtlebot3_gazebo/share/turtlebot3_gazebo//models/turtlebot3_drl_world/obstacle_plugin/build/CMakeFiles/obstacle4.dir/link.txt
[0.217s] -- Up-to-date symlink: /home/kangsoonhyuk/drl_ws/install/turtlebot3_gazebo/share/turtlebot3_gazebo//models/turtlebot3_drl_world/obstacle_plugin/build/CMakeFiles/obstacle4.dir/obstacle4.cc.o
[0.218s] -- Up-to-date symlink: /home/kangsoonhyuk/drl_ws/install/turtlebot3_gazebo/share/turtlebot3_gazebo//models/turtlebot3_drl_world/obstacle_plugin/build/CMakeFiles/obstacle4.dir/obstacle4.cc.o.d
[0.218s] -- Up-to-date symlink: /home/kangsoonhyuk/drl_ws/install/turtlebot3_gazebo/share/turtlebot3_gazebo//models/turtlebot3_drl_world/obstacle_plugin/build/CMakeFiles/obstacle4.dir/progress.make
[0.218s] -- Up-to-date symlink: /home/kangsoonhyuk/drl_ws/install/turtlebot3_gazebo/share/turtlebot3_gazebo//models/turtlebot3_drl_world/obstacle_plugin/build/CMakeFiles/obstacle5.dir/DependInfo.cmake
[0.218s] -- Up-to-date symlink: /home/kangsoonhyuk/drl_ws/install/turtlebot3_gazebo/share/turtlebot3_gazebo//models/turtlebot3_drl_world/obstacle_plugin/build/CMakeFiles/obstacle5.dir/build.make
[0.219s] -- Up-to-date symlink: /home/kangsoonhyuk/drl_ws/install/turtlebot3_gazebo/share/turtlebot3_gazebo//models/turtlebot3_drl_world/obstacle_plugin/build/CMakeFiles/obstacle5.dir/cmake_clean.cmake
[0.219s] -- Up-to-date symlink: /home/kangsoonhyuk/drl_ws/install/turtlebot3_gazebo/share/turtlebot3_gazebo//models/turtlebot3_drl_world/obstacle_plugin/build/CMakeFiles/obstacle5.dir/compiler_depend.make
[0.219s] -- Up-to-date symlink: /home/kangsoonhyuk/drl_ws/install/turtlebot3_gazebo/share/turtlebot3_gazebo//models/turtlebot3_drl_world/obstacle_plugin/build/CMakeFiles/obstacle5.dir/compiler_depend.ts
[0.219s] -- Up-to-date symlink: /home/kangsoonhyuk/drl_ws/install/turtlebot3_gazebo/share/turtlebot3_gazebo//models/turtlebot3_drl_world/obstacle_plugin/build/CMakeFiles/obstacle5.dir/depend.make
[0.220s] -- Up-to-date symlink: /home/kangsoonhyuk/drl_ws/install/turtlebot3_gazebo/share/turtlebot3_gazebo//models/turtlebot3_drl_world/obstacle_plugin/build/CMakeFiles/obstacle5.dir/flags.make
[0.220s] -- Up-to-date symlink: /home/kangsoonhyuk/drl_ws/install/turtlebot3_gazebo/share/turtlebot3_gazebo//models/turtlebot3_drl_world/obstacle_plugin/build/CMakeFiles/obstacle5.dir/link.txt
[0.220s] -- Up-to-date symlink: /home/kangsoonhyuk/drl_ws/install/turtlebot3_gazebo/share/turtlebot3_gazebo//models/turtlebot3_drl_world/obstacle_plugin/build/CMakeFiles/obstacle5.dir/obstacle5.cc.o
[0.220s] -- Up-to-date symlink: /home/kangsoonhyuk/drl_ws/install/turtlebot3_gazebo/share/turtlebot3_gazebo//models/turtlebot3_drl_world/obstacle_plugin/build/CMakeFiles/obstacle5.dir/obstacle5.cc.o.d
[0.220s] -- Up-to-date symlink: /home/kangsoonhyuk/drl_ws/install/turtlebot3_gazebo/share/turtlebot3_gazebo//models/turtlebot3_drl_world/obstacle_plugin/build/CMakeFiles/obstacle5.dir/progress.make
[0.221s] -- Up-to-date symlink: /home/kangsoonhyuk/drl_ws/install/turtlebot3_gazebo/share/turtlebot3_gazebo//models/turtlebot3_drl_world/obstacle_plugin/build/CMakeFiles/obstacle6.dir/DependInfo.cmake
[0.221s] -- Up-to-date symlink: /home/kangsoonhyuk/drl_ws/install/turtlebot3_gazebo/share/turtlebot3_gazebo//models/turtlebot3_drl_world/obstacle_plugin/build/CMakeFiles/obstacle6.dir/build.make
[0.221s] -- Up-to-date symlink: /home/kangsoonhyuk/drl_ws/install/turtlebot3_gazebo/share/turtlebot3_gazebo//models/turtlebot3_drl_world/obstacle_plugin/build/CMakeFiles/obstacle6.dir/cmake_clean.cmake
[0.221s] -- Up-to-date symlink: /home/kangsoonhyuk/drl_ws/install/turtlebot3_gazebo/share/turtlebot3_gazebo//models/turtlebot3_drl_world/obstacle_plugin/build/CMakeFiles/obstacle6.dir/compiler_depend.make
[0.221s] -- Up-to-date symlink: /home/kangsoonhyuk/drl_ws/install/turtlebot3_gazebo/share/turtlebot3_gazebo//models/turtlebot3_drl_world/obstacle_plugin/build/CMakeFiles/obstacle6.dir/compiler_depend.ts
[0.222s] -- Up-to-date symlink: /home/kangsoonhyuk/drl_ws/install/turtlebot3_gazebo/share/turtlebot3_gazebo//models/turtlebot3_drl_world/obstacle_plugin/build/CMakeFiles/obstacle6.dir/depend.make
[0.222s] -- Up-to-date symlink: /home/kangsoonhyuk/drl_ws/install/turtlebot3_gazebo/share/turtlebot3_gazebo//models/turtlebot3_drl_world/obstacle_plugin/build/CMakeFiles/obstacle6.dir/flags.make
[0.222s] -- Up-to-date symlink: /home/kangsoonhyuk/drl_ws/install/turtlebot3_gazebo/share/turtlebot3_gazebo//models/turtlebot3_drl_world/obstacle_plugin/build/CMakeFiles/obstacle6.dir/link.txt
[0.222s] -- Up-to-date symlink: /home/kangsoonhyuk/drl_ws/install/turtlebot3_gazebo/share/turtlebot3_gazebo//models/turtlebot3_drl_world/obstacle_plugin/build/CMakeFiles/obstacle6.dir/obstacle6.cc.o
[0.222s] -- Up-to-date symlink: /home/kangsoonhyuk/drl_ws/install/turtlebot3_gazebo/share/turtlebot3_gazebo//models/turtlebot3_drl_world/obstacle_plugin/build/CMakeFiles/obstacle6.dir/obstacle6.cc.o.d
[0.223s] -- Up-to-date symlink: /home/kangsoonhyuk/drl_ws/install/turtlebot3_gazebo/share/turtlebot3_gazebo//models/turtlebot3_drl_world/obstacle_plugin/build/CMakeFiles/obstacle6.dir/progress.make
[0.224s] -- Up-to-date symlink: /home/kangsoonhyuk/drl_ws/install/turtlebot3_gazebo/share/turtlebot3_gazebo//models/turtlebot3_drl_world/obstacle_plugin/build/CMakeFiles/obstacle7.dir/DependInfo.cmake
[0.224s] -- Up-to-date symlink: /home/kangsoonhyuk/drl_ws/install/turtlebot3_gazebo/share/turtlebot3_gazebo//models/turtlebot3_drl_world/obstacle_plugin/build/CMakeFiles/obstacle7.dir/build.make
[0.224s] -- Up-to-date symlink: /home/kangsoonhyuk/drl_ws/install/turtlebot3_gazebo/share/turtlebot3_gazebo//models/turtlebot3_drl_world/obstacle_plugin/build/CMakeFiles/obstacle7.dir/cmake_clean.cmake
[0.224s] -- Up-to-date symlink: /home/kangsoonhyuk/drl_ws/install/turtlebot3_gazebo/share/turtlebot3_gazebo//models/turtlebot3_drl_world/obstacle_plugin/build/CMakeFiles/obstacle7.dir/compiler_depend.make
[0.224s] -- Up-to-date symlink: /home/kangsoonhyuk/drl_ws/install/turtlebot3_gazebo/share/turtlebot3_gazebo//models/turtlebot3_drl_world/obstacle_plugin/build/CMakeFiles/obstacle7.dir/compiler_depend.ts
[0.225s] -- Up-to-date symlink: /home/kangsoonhyuk/drl_ws/install/turtlebot3_gazebo/share/turtlebot3_gazebo//models/turtlebot3_drl_world/obstacle_plugin/build/CMakeFiles/obstacle7.dir/depend.make
[0.225s] -- Up-to-date symlink: /home/kangsoonhyuk/drl_ws/install/turtlebot3_gazebo/share/turtlebot3_gazebo//models/turtlebot3_drl_world/obstacle_plugin/build/CMakeFiles/obstacle7.dir/flags.make
[0.225s] -- Up-to-date symlink: /home/kangsoonhyuk/drl_ws/install/turtlebot3_gazebo/share/turtlebot3_gazebo//models/turtlebot3_drl_world/obstacle_plugin/build/CMakeFiles/obstacle7.dir/link.txt
[0.225s] -- Up-to-date symlink: /home/kangsoonhyuk/drl_ws/install/turtlebot3_gazebo/share/turtlebot3_gazebo//models/turtlebot3_drl_world/obstacle_plugin/build/CMakeFiles/obstacle7.dir/obstacle7.cc.o
[0.225s] -- Up-to-date symlink: /home/kangsoonhyuk/drl_ws/install/turtlebot3_gazebo/share/turtlebot3_gazebo//models/turtlebot3_drl_world/obstacle_plugin/build/CMakeFiles/obstacle7.dir/obstacle7.cc.o.d
[0.225s] -- Up-to-date symlink: /home/kangsoonhyuk/drl_ws/install/turtlebot3_gazebo/share/turtlebot3_gazebo//models/turtlebot3_drl_world/obstacle_plugin/build/CMakeFiles/obstacle7.dir/progress.make
[0.225s] -- Up-to-date symlink: /home/kangsoonhyuk/drl_ws/install/turtlebot3_gazebo/share/turtlebot3_gazebo//models/turtlebot3_drl_world/obstacle_plugin/build/CMakeFiles/obstacle8.dir/DependInfo.cmake
[0.226s] -- Up-to-date symlink: /home/kangsoonhyuk/drl_ws/install/turtlebot3_gazebo/share/turtlebot3_gazebo//models/turtlebot3_drl_world/obstacle_plugin/build/CMakeFiles/obstacle8.dir/build.make
[0.226s] -- Up-to-date symlink: /home/kangsoonhyuk/drl_ws/install/turtlebot3_gazebo/share/turtlebot3_gazebo//models/turtlebot3_drl_world/obstacle_plugin/build/CMakeFiles/obstacle8.dir/cmake_clean.cmake
[0.226s] -- Up-to-date symlink: /home/kangsoonhyuk/drl_ws/install/turtlebot3_gazebo/share/turtlebot3_gazebo//models/turtlebot3_drl_world/obstacle_plugin/build/CMakeFiles/obstacle8.dir/compiler_depend.make
[0.226s] -- Up-to-date symlink: /home/kangsoonhyuk/drl_ws/install/turtlebot3_gazebo/share/turtlebot3_gazebo//models/turtlebot3_drl_world/obstacle_plugin/build/CMakeFiles/obstacle8.dir/compiler_depend.ts
[0.226s] -- Up-to-date symlink: /home/kangsoonhyuk/drl_ws/install/turtlebot3_gazebo/share/turtlebot3_gazebo//models/turtlebot3_drl_world/obstacle_plugin/build/CMakeFiles/obstacle8.dir/depend.make
[0.227s] -- Up-to-date symlink: /home/kangsoonhyuk/drl_ws/install/turtlebot3_gazebo/share/turtlebot3_gazebo//models/turtlebot3_drl_world/obstacle_plugin/build/CMakeFiles/obstacle8.dir/flags.make
[0.227s] -- Up-to-date symlink: /home/kangsoonhyuk/drl_ws/install/turtlebot3_gazebo/share/turtlebot3_gazebo//models/turtlebot3_drl_world/obstacle_plugin/build/CMakeFiles/obstacle8.dir/link.txt
[0.227s] -- Up-to-date symlink: /home/kangsoonhyuk/drl_ws/install/turtlebot3_gazebo/share/turtlebot3_gazebo//models/turtlebot3_drl_world/obstacle_plugin/build/CMakeFiles/obstacle8.dir/obstacle8.cc.o
[0.228s] -- Up-to-date symlink: /home/kangsoonhyuk/drl_ws/install/turtlebot3_gazebo/share/turtlebot3_gazebo//models/turtlebot3_drl_world/obstacle_plugin/build/CMakeFiles/obstacle8.dir/obstacle8.cc.o.d
[0.228s] -- Up-to-date symlink: /home/kangsoonhyuk/drl_ws/install/turtlebot3_gazebo/share/turtlebot3_gazebo//models/turtlebot3_drl_world/obstacle_plugin/build/CMakeFiles/obstacle8.dir/progress.make
[0.228s] -- Up-to-date symlink: /home/kangsoonhyuk/drl_ws/install/turtlebot3_gazebo/share/turtlebot3_gazebo//models/turtlebot3_drl_world/obstacle_plugin/build/CMakeFiles/obstacle9.dir/DependInfo.cmake
[0.229s] -- Up-to-date symlink: /home/kangsoonhyuk/drl_ws/install/turtlebot3_gazebo/share/turtlebot3_gazebo//models/turtlebot3_drl_world/obstacle_plugin/build/CMakeFiles/obstacle9.dir/build.make
[0.229s] -- Up-to-date symlink: /home/kangsoonhyuk/drl_ws/install/turtlebot3_gazebo/share/turtlebot3_gazebo//models/turtlebot3_drl_world/obstacle_plugin/build/CMakeFiles/obstacle9.dir/cmake_clean.cmake
[0.229s] -- Up-to-date symlink: /home/kangsoonhyuk/drl_ws/install/turtlebot3_gazebo/share/turtlebot3_gazebo//models/turtlebot3_drl_world/obstacle_plugin/build/CMakeFiles/obstacle9.dir/compiler_depend.make
[0.230s] -- Up-to-date symlink: /home/kangsoonhyuk/drl_ws/install/turtlebot3_gazebo/share/turtlebot3_gazebo//models/turtlebot3_drl_world/obstacle_plugin/build/CMakeFiles/obstacle9.dir/compiler_depend.ts
[0.230s] -- Up-to-date symlink: /home/kangsoonhyuk/drl_ws/install/turtlebot3_gazebo/share/turtlebot3_gazebo//models/turtlebot3_drl_world/obstacle_plugin/build/CMakeFiles/obstacle9.dir/depend.make
[0.230s] -- Up-to-date symlink: /home/kangsoonhyuk/drl_ws/install/turtlebot3_gazebo/share/turtlebot3_gazebo//models/turtlebot3_drl_world/obstacle_plugin/build/CMakeFiles/obstacle9.dir/flags.make
[0.230s] -- Up-to-date symlink: /home/kangsoonhyuk/drl_ws/install/turtlebot3_gazebo/share/turtlebot3_gazebo//models/turtlebot3_drl_world/obstacle_plugin/build/CMakeFiles/obstacle9.dir/link.txt
[0.231s] -- Up-to-date symlink: /home/kangsoonhyuk/drl_ws/install/turtlebot3_gazebo/share/turtlebot3_gazebo//models/turtlebot3_drl_world/obstacle_plugin/build/CMakeFiles/obstacle9.dir/obstacle9.cc.o
[0.231s] -- Up-to-date symlink: /home/kangsoonhyuk/drl_ws/install/turtlebot3_gazebo/share/turtlebot3_gazebo//models/turtlebot3_drl_world/obstacle_plugin/build/CMakeFiles/obstacle9.dir/obstacle9.cc.o.d
[0.231s] -- Up-to-date symlink: /home/kangsoonhyuk/drl_ws/install/turtlebot3_gazebo/share/turtlebot3_gazebo//models/turtlebot3_drl_world/obstacle_plugin/build/CMakeFiles/obstacle9.dir/progress.make
[0.231s] -- Up-to-date symlink: /home/kangsoonhyuk/drl_ws/install/turtlebot3_gazebo/share/turtlebot3_gazebo//models/turtlebot3_drl_world/obstacle_plugin/build/CMakeFiles/obstacles.dir/DependInfo.cmake
[0.232s] -- Up-to-date symlink: /home/kangsoonhyuk/drl_ws/install/turtlebot3_gazebo/share/turtlebot3_gazebo//models/turtlebot3_drl_world/obstacle_plugin/build/CMakeFiles/obstacles.dir/build.make
[0.232s] -- Up-to-date symlink: /home/kangsoonhyuk/drl_ws/install/turtlebot3_gazebo/share/turtlebot3_gazebo//models/turtlebot3_drl_world/obstacle_plugin/build/CMakeFiles/obstacles.dir/cmake_clean.cmake
[0.232s] -- Up-to-date symlink: /home/kangsoonhyuk/drl_ws/install/turtlebot3_gazebo/share/turtlebot3_gazebo//models/turtlebot3_drl_world/obstacle_plugin/build/CMakeFiles/obstacles.dir/compiler_depend.make
[0.232s] -- Up-to-date symlink: /home/kangsoonhyuk/drl_ws/install/turtlebot3_gazebo/share/turtlebot3_gazebo//models/turtlebot3_drl_world/obstacle_plugin/build/CMakeFiles/obstacles.dir/compiler_depend.ts
[0.233s] -- Up-to-date symlink: /home/kangsoonhyuk/drl_ws/install/turtlebot3_gazebo/share/turtlebot3_gazebo//models/turtlebot3_drl_world/obstacle_plugin/build/CMakeFiles/obstacles.dir/depend.make
[0.233s] -- Up-to-date symlink: /home/kangsoonhyuk/drl_ws/install/turtlebot3_gazebo/share/turtlebot3_gazebo//models/turtlebot3_drl_world/obstacle_plugin/build/CMakeFiles/obstacles.dir/flags.make
[0.233s] -- Up-to-date symlink: /home/kangsoonhyuk/drl_ws/install/turtlebot3_gazebo/share/turtlebot3_gazebo//models/turtlebot3_drl_world/obstacle_plugin/build/CMakeFiles/obstacles.dir/link.txt
[0.233s] -- Up-to-date symlink: /home/kangsoonhyuk/drl_ws/install/turtlebot3_gazebo/share/turtlebot3_gazebo//models/turtlebot3_drl_world/obstacle_plugin/build/CMakeFiles/obstacles.dir/obstacles.cc.o
[0.233s] -- Up-to-date symlink: /home/kangsoonhyuk/drl_ws/install/turtlebot3_gazebo/share/turtlebot3_gazebo//models/turtlebot3_drl_world/obstacle_plugin/build/CMakeFiles/obstacles.dir/obstacles.cc.o.d
[0.234s] -- Up-to-date symlink: /home/kangsoonhyuk/drl_ws/install/turtlebot3_gazebo/share/turtlebot3_gazebo//models/turtlebot3_drl_world/obstacle_plugin/build/CMakeFiles/obstacles.dir/progress.make
[0.234s] -- Up-to-date symlink: /home/kangsoonhyuk/drl_ws/install/turtlebot3_gazebo/share/turtlebot3_gazebo//models/turtlebot3_drl_world/obstacle_plugin/build/CMakeFiles/progress.marks
[0.234s] -- Up-to-date symlink: /home/kangsoonhyuk/drl_ws/install/turtlebot3_gazebo/share/turtlebot3_gazebo//models/turtlebot3_drl_world/obstacle_plugin/build/Makefile
[0.234s] -- Up-to-date symlink: /home/kangsoonhyuk/drl_ws/install/turtlebot3_gazebo/share/turtlebot3_gazebo//models/turtlebot3_drl_world/obstacle_plugin/build/cmake_install.cmake
[0.235s] -- Up-to-date symlink: /home/kangsoonhyuk/drl_ws/install/turtlebot3_gazebo/share/turtlebot3_gazebo//models/turtlebot3_drl_world/obstacle_plugin/build/libobstacle1.so
[0.235s] -- Up-to-date symlink: /home/kangsoonhyuk/drl_ws/install/turtlebot3_gazebo/share/turtlebot3_gazebo//models/turtlebot3_drl_world/obstacle_plugin/build/libobstacle10.so
[0.235s] -- Up-to-date symlink: /home/kangsoonhyuk/drl_ws/install/turtlebot3_gazebo/share/turtlebot3_gazebo//models/turtlebot3_drl_world/obstacle_plugin/build/libobstacle11.so
[0.235s] -- Up-to-date symlink: /home/kangsoonhyuk/drl_ws/install/turtlebot3_gazebo/share/turtlebot3_gazebo//models/turtlebot3_drl_world/obstacle_plugin/build/libobstacle12.so
[0.236s] -- Up-to-date symlink: /home/kangsoonhyuk/drl_ws/install/turtlebot3_gazebo/share/turtlebot3_gazebo//models/turtlebot3_drl_world/obstacle_plugin/build/libobstacle2.so
[0.236s] -- Up-to-date symlink: /home/kangsoonhyuk/drl_ws/install/turtlebot3_gazebo/share/turtlebot3_gazebo//models/turtlebot3_drl_world/obstacle_plugin/build/libobstacle3.so
[0.237s] -- Up-to-date symlink: /home/kangsoonhyuk/drl_ws/install/turtlebot3_gazebo/share/turtlebot3_gazebo//models/turtlebot3_drl_world/obstacle_plugin/build/libobstacle4.so
[0.237s] -- Up-to-date symlink: /home/kangsoonhyuk/drl_ws/install/turtlebot3_gazebo/share/turtlebot3_gazebo//models/turtlebot3_drl_world/obstacle_plugin/build/libobstacle5.so
[0.237s] -- Up-to-date symlink: /home/kangsoonhyuk/drl_ws/install/turtlebot3_gazebo/share/turtlebot3_gazebo//models/turtlebot3_drl_world/obstacle_plugin/build/libobstacle6.so
[0.237s] -- Up-to-date symlink: /home/kangsoonhyuk/drl_ws/install/turtlebot3_gazebo/share/turtlebot3_gazebo//models/turtlebot3_drl_world/obstacle_plugin/build/libobstacle7.so
[0.237s] -- Up-to-date symlink: /home/kangsoonhyuk/drl_ws/install/turtlebot3_gazebo/share/turtlebot3_gazebo//models/turtlebot3_drl_world/obstacle_plugin/build/libobstacle8.so
[0.237s] -- Up-to-date symlink: /home/kangsoonhyuk/drl_ws/install/turtlebot3_gazebo/share/turtlebot3_gazebo//models/turtlebot3_drl_world/obstacle_plugin/build/libobstacle9.so
[0.238s] -- Up-to-date symlink: /home/kangsoonhyuk/drl_ws/install/turtlebot3_gazebo/share/turtlebot3_gazebo//models/turtlebot3_drl_world/obstacle_plugin/build/libobstacles.so
[0.238s] -- Up-to-date symlink: /home/kangsoonhyuk/drl_ws/install/turtlebot3_gazebo/share/turtlebot3_gazebo//models/turtlebot3_drl_world/obstacle_plugin/lib/CMakeCache.txt
[0.241s] -- Up-to-date symlink: /home/kangsoonhyuk/drl_ws/install/turtlebot3_gazebo/share/turtlebot3_gazebo//models/turtlebot3_drl_world/obstacle_plugin/lib/CMakeFiles/3.16.3/CMakeCCompiler.cmake
[0.241s] -- Up-to-date symlink: /home/kangsoonhyuk/drl_ws/install/turtlebot3_gazebo/share/turtlebot3_gazebo//models/turtlebot3_drl_world/obstacle_plugin/lib/CMakeFiles/3.16.3/CMakeCXXCompiler.cmake
[0.242s] -- Up-to-date symlink: /home/kangsoonhyuk/drl_ws/install/turtlebot3_gazebo/share/turtlebot3_gazebo//models/turtlebot3_drl_world/obstacle_plugin/lib/CMakeFiles/3.16.3/CMakeDetermineCompilerABI_C.bin
[0.242s] -- Up-to-date symlink: /home/kangsoonhyuk/drl_ws/install/turtlebot3_gazebo/share/turtlebot3_gazebo//models/turtlebot3_drl_world/obstacle_plugin/lib/CMakeFiles/3.16.3/CMakeDetermineCompilerABI_CXX.bin
[0.242s] -- Up-to-date symlink: /home/kangsoonhyuk/drl_ws/install/turtlebot3_gazebo/share/turtlebot3_gazebo//models/turtlebot3_drl_world/obstacle_plugin/lib/CMakeFiles/3.16.3/CMakeSystem.cmake
[0.242s] -- Up-to-date symlink: /home/kangsoonhyuk/drl_ws/install/turtlebot3_gazebo/share/turtlebot3_gazebo//models/turtlebot3_drl_world/obstacle_plugin/lib/CMakeFiles/3.16.3/CompilerIdC/CMakeCCompilerId.c
[0.242s] -- Up-to-date symlink: /home/kangsoonhyuk/drl_ws/install/turtlebot3_gazebo/share/turtlebot3_gazebo//models/turtlebot3_drl_world/obstacle_plugin/lib/CMakeFiles/3.16.3/CompilerIdC/a.out
[0.243s] -- Up-to-date symlink: /home/kangsoonhyuk/drl_ws/install/turtlebot3_gazebo/share/turtlebot3_gazebo//models/turtlebot3_drl_world/obstacle_plugin/lib/CMakeFiles/3.16.3/CompilerIdCXX/CMakeCXXCompilerId.cpp
[0.243s] -- Up-to-date symlink: /home/kangsoonhyuk/drl_ws/install/turtlebot3_gazebo/share/turtlebot3_gazebo//models/turtlebot3_drl_world/obstacle_plugin/lib/CMakeFiles/3.16.3/CompilerIdCXX/a.out
[0.243s] -- Up-to-date symlink: /home/kangsoonhyuk/drl_ws/install/turtlebot3_gazebo/share/turtlebot3_gazebo//models/turtlebot3_drl_world/obstacle_plugin/lib/CMakeFiles/CMakeDirectoryInformation.cmake
[0.243s] -- Up-to-date symlink: /home/kangsoonhyuk/drl_ws/install/turtlebot3_gazebo/share/turtlebot3_gazebo//models/turtlebot3_drl_world/obstacle_plugin/lib/CMakeFiles/CMakeError.log
[0.243s] -- Up-to-date symlink: /home/kangsoonhyuk/drl_ws/install/turtlebot3_gazebo/share/turtlebot3_gazebo//models/turtlebot3_drl_world/obstacle_plugin/lib/CMakeFiles/CMakeOutput.log
[0.243s] -- Up-to-date symlink: /home/kangsoonhyuk/drl_ws/install/turtlebot3_gazebo/share/turtlebot3_gazebo//models/turtlebot3_drl_world/obstacle_plugin/lib/CMakeFiles/Makefile.cmake
[0.243s] -- Up-to-date symlink: /home/kangsoonhyuk/drl_ws/install/turtlebot3_gazebo/share/turtlebot3_gazebo//models/turtlebot3_drl_world/obstacle_plugin/lib/CMakeFiles/Makefile2
[0.243s] -- Up-to-date symlink: /home/kangsoonhyuk/drl_ws/install/turtlebot3_gazebo/share/turtlebot3_gazebo//models/turtlebot3_drl_world/obstacle_plugin/lib/CMakeFiles/TargetDirectories.txt
[0.243s] -- Up-to-date symlink: /home/kangsoonhyuk/drl_ws/install/turtlebot3_gazebo/share/turtlebot3_gazebo//models/turtlebot3_drl_world/obstacle_plugin/lib/CMakeFiles/cmake.check_cache
[0.244s] -- Up-to-date symlink: /home/kangsoonhyuk/drl_ws/install/turtlebot3_gazebo/share/turtlebot3_gazebo//models/turtlebot3_drl_world/obstacle_plugin/lib/CMakeFiles/obstacle1.dir/CXX.includecache
[0.246s] -- Up-to-date symlink: /home/kangsoonhyuk/drl_ws/install/turtlebot3_gazebo/share/turtlebot3_gazebo//models/turtlebot3_drl_world/obstacle_plugin/lib/CMakeFiles/obstacle1.dir/DependInfo.cmake
[0.247s] -- Up-to-date symlink: /home/kangsoonhyuk/drl_ws/install/turtlebot3_gazebo/share/turtlebot3_gazebo//models/turtlebot3_drl_world/obstacle_plugin/lib/CMakeFiles/obstacle1.dir/build.make
[0.247s] -- Up-to-date symlink: /home/kangsoonhyuk/drl_ws/install/turtlebot3_gazebo/share/turtlebot3_gazebo//models/turtlebot3_drl_world/obstacle_plugin/lib/CMakeFiles/obstacle1.dir/cmake_clean.cmake
[0.247s] -- Up-to-date symlink: /home/kangsoonhyuk/drl_ws/install/turtlebot3_gazebo/share/turtlebot3_gazebo//models/turtlebot3_drl_world/obstacle_plugin/lib/CMakeFiles/obstacle1.dir/depend.internal
[0.247s] -- Up-to-date symlink: /home/kangsoonhyuk/drl_ws/install/turtlebot3_gazebo/share/turtlebot3_gazebo//models/turtlebot3_drl_world/obstacle_plugin/lib/CMakeFiles/obstacle1.dir/depend.make
[0.247s] -- Up-to-date symlink: /home/kangsoonhyuk/drl_ws/install/turtlebot3_gazebo/share/turtlebot3_gazebo//models/turtlebot3_drl_world/obstacle_plugin/lib/CMakeFiles/obstacle1.dir/flags.make
[0.247s] -- Up-to-date symlink: /home/kangsoonhyuk/drl_ws/install/turtlebot3_gazebo/share/turtlebot3_gazebo//models/turtlebot3_drl_world/obstacle_plugin/lib/CMakeFiles/obstacle1.dir/link.txt
[0.247s] -- Up-to-date symlink: /home/kangsoonhyuk/drl_ws/install/turtlebot3_gazebo/share/turtlebot3_gazebo//models/turtlebot3_drl_world/obstacle_plugin/lib/CMakeFiles/obstacle1.dir/obstacle1.cc.o
[0.248s] -- Up-to-date symlink: /home/kangsoonhyuk/drl_ws/install/turtlebot3_gazebo/share/turtlebot3_gazebo//models/turtlebot3_drl_world/obstacle_plugin/lib/CMakeFiles/obstacle1.dir/progress.make
[0.248s] -- Up-to-date symlink: /home/kangsoonhyuk/drl_ws/install/turtlebot3_gazebo/share/turtlebot3_gazebo//models/turtlebot3_drl_world/obstacle_plugin/lib/CMakeFiles/obstacle10.dir/CXX.includecache
[0.248s] -- Up-to-date symlink: /home/kangsoonhyuk/drl_ws/install/turtlebot3_gazebo/share/turtlebot3_gazebo//models/turtlebot3_drl_world/obstacle_plugin/lib/CMakeFiles/obstacle10.dir/DependInfo.cmake
[0.248s] -- Up-to-date symlink: /home/kangsoonhyuk/drl_ws/install/turtlebot3_gazebo/share/turtlebot3_gazebo//models/turtlebot3_drl_world/obstacle_plugin/lib/CMakeFiles/obstacle10.dir/build.make
[0.248s] -- Up-to-date symlink: /home/kangsoonhyuk/drl_ws/install/turtlebot3_gazebo/share/turtlebot3_gazebo//models/turtlebot3_drl_world/obstacle_plugin/lib/CMakeFiles/obstacle10.dir/cmake_clean.cmake
[0.248s] -- Up-to-date symlink: /home/kangsoonhyuk/drl_ws/install/turtlebot3_gazebo/share/turtlebot3_gazebo//models/turtlebot3_drl_world/obstacle_plugin/lib/CMakeFiles/obstacle10.dir/depend.internal
[0.248s] -- Up-to-date symlink: /home/kangsoonhyuk/drl_ws/install/turtlebot3_gazebo/share/turtlebot3_gazebo//models/turtlebot3_drl_world/obstacle_plugin/lib/CMakeFiles/obstacle10.dir/depend.make
[0.248s] -- Up-to-date symlink: /home/kangsoonhyuk/drl_ws/install/turtlebot3_gazebo/share/turtlebot3_gazebo//models/turtlebot3_drl_world/obstacle_plugin/lib/CMakeFiles/obstacle10.dir/flags.make
[0.249s] -- Up-to-date symlink: /home/kangsoonhyuk/drl_ws/install/turtlebot3_gazebo/share/turtlebot3_gazebo//models/turtlebot3_drl_world/obstacle_plugin/lib/CMakeFiles/obstacle10.dir/link.txt
[0.249s] -- Up-to-date symlink: /home/kangsoonhyuk/drl_ws/install/turtlebot3_gazebo/share/turtlebot3_gazebo//models/turtlebot3_drl_world/obstacle_plugin/lib/CMakeFiles/obstacle10.dir/obstacle10.cc.o
[0.249s] -- Up-to-date symlink: /home/kangsoonhyuk/drl_ws/install/turtlebot3_gazebo/share/turtlebot3_gazebo//models/turtlebot3_drl_world/obstacle_plugin/lib/CMakeFiles/obstacle10.dir/progress.make
[0.249s] -- Up-to-date symlink: /home/kangsoonhyuk/drl_ws/install/turtlebot3_gazebo/share/turtlebot3_gazebo//models/turtlebot3_drl_world/obstacle_plugin/lib/CMakeFiles/obstacle11.dir/CXX.includecache
[0.250s] -- Up-to-date symlink: /home/kangsoonhyuk/drl_ws/install/turtlebot3_gazebo/share/turtlebot3_gazebo//models/turtlebot3_drl_world/obstacle_plugin/lib/CMakeFiles/obstacle11.dir/DependInfo.cmake
[0.250s] -- Up-to-date symlink: /home/kangsoonhyuk/drl_ws/install/turtlebot3_gazebo/share/turtlebot3_gazebo//models/turtlebot3_drl_world/obstacle_plugin/lib/CMakeFiles/obstacle11.dir/build.make
[0.250s] -- Up-to-date symlink: /home/kangsoonhyuk/drl_ws/install/turtlebot3_gazebo/share/turtlebot3_gazebo//models/turtlebot3_drl_world/obstacle_plugin/lib/CMakeFiles/obstacle11.dir/cmake_clean.cmake
[0.250s] -- Up-to-date symlink: /home/kangsoonhyuk/drl_ws/install/turtlebot3_gazebo/share/turtlebot3_gazebo//models/turtlebot3_drl_world/obstacle_plugin/lib/CMakeFiles/obstacle11.dir/depend.internal
[0.251s] -- Up-to-date symlink: /home/kangsoonhyuk/drl_ws/install/turtlebot3_gazebo/share/turtlebot3_gazebo//models/turtlebot3_drl_world/obstacle_plugin/lib/CMakeFiles/obstacle11.dir/depend.make
[0.251s] -- Up-to-date symlink: /home/kangsoonhyuk/drl_ws/install/turtlebot3_gazebo/share/turtlebot3_gazebo//models/turtlebot3_drl_world/obstacle_plugin/lib/CMakeFiles/obstacle11.dir/flags.make
[0.251s] -- Up-to-date symlink: /home/kangsoonhyuk/drl_ws/install/turtlebot3_gazebo/share/turtlebot3_gazebo//models/turtlebot3_drl_world/obstacle_plugin/lib/CMakeFiles/obstacle11.dir/link.txt
[0.252s] -- Up-to-date symlink: /home/kangsoonhyuk/drl_ws/install/turtlebot3_gazebo/share/turtlebot3_gazebo//models/turtlebot3_drl_world/obstacle_plugin/lib/CMakeFiles/obstacle11.dir/obstacle11.cc.o
[0.252s] -- Up-to-date symlink: /home/kangsoonhyuk/drl_ws/install/turtlebot3_gazebo/share/turtlebot3_gazebo//models/turtlebot3_drl_world/obstacle_plugin/lib/CMakeFiles/obstacle11.dir/progress.make
[0.252s] -- Up-to-date symlink: /home/kangsoonhyuk/drl_ws/install/turtlebot3_gazebo/share/turtlebot3_gazebo//models/turtlebot3_drl_world/obstacle_plugin/lib/CMakeFiles/obstacle12.dir/CXX.includecache
[0.253s] -- Up-to-date symlink: /home/kangsoonhyuk/drl_ws/install/turtlebot3_gazebo/share/turtlebot3_gazebo//models/turtlebot3_drl_world/obstacle_plugin/lib/CMakeFiles/obstacle12.dir/DependInfo.cmake
[0.253s] -- Up-to-date symlink: /home/kangsoonhyuk/drl_ws/install/turtlebot3_gazebo/share/turtlebot3_gazebo//models/turtlebot3_drl_world/obstacle_plugin/lib/CMakeFiles/obstacle12.dir/build.make
[0.253s] -- Up-to-date symlink: /home/kangsoonhyuk/drl_ws/install/turtlebot3_gazebo/share/turtlebot3_gazebo//models/turtlebot3_drl_world/obstacle_plugin/lib/CMakeFiles/obstacle12.dir/cmake_clean.cmake
[0.254s] -- Up-to-date symlink: /home/kangsoonhyuk/drl_ws/install/turtlebot3_gazebo/share/turtlebot3_gazebo//models/turtlebot3_drl_world/obstacle_plugin/lib/CMakeFiles/obstacle12.dir/depend.internal
[0.254s] -- Up-to-date symlink: /home/kangsoonhyuk/drl_ws/install/turtlebot3_gazebo/share/turtlebot3_gazebo//models/turtlebot3_drl_world/obstacle_plugin/lib/CMakeFiles/obstacle12.dir/depend.make
[0.254s] -- Up-to-date symlink: /home/kangsoonhyuk/drl_ws/install/turtlebot3_gazebo/share/turtlebot3_gazebo//models/turtlebot3_drl_world/obstacle_plugin/lib/CMakeFiles/obstacle12.dir/flags.make
[0.254s] -- Up-to-date symlink: /home/kangsoonhyuk/drl_ws/install/turtlebot3_gazebo/share/turtlebot3_gazebo//models/turtlebot3_drl_world/obstacle_plugin/lib/CMakeFiles/obstacle12.dir/link.txt
[0.255s] -- Up-to-date symlink: /home/kangsoonhyuk/drl_ws/install/turtlebot3_gazebo/share/turtlebot3_gazebo//models/turtlebot3_drl_world/obstacle_plugin/lib/CMakeFiles/obstacle12.dir/obstacle12.cc.o
[0.255s] -- Up-to-date symlink: /home/kangsoonhyuk/drl_ws/install/turtlebot3_gazebo/share/turtlebot3_gazebo//models/turtlebot3_drl_world/obstacle_plugin/lib/CMakeFiles/obstacle12.dir/progress.make
[0.255s] -- Up-to-date symlink: /home/kangsoonhyuk/drl_ws/install/turtlebot3_gazebo/share/turtlebot3_gazebo//models/turtlebot3_drl_world/obstacle_plugin/lib/CMakeFiles/obstacle2.dir/CXX.includecache
[0.256s] -- Up-to-date symlink: /home/kangsoonhyuk/drl_ws/install/turtlebot3_gazebo/share/turtlebot3_gazebo//models/turtlebot3_drl_world/obstacle_plugin/lib/CMakeFiles/obstacle2.dir/DependInfo.cmake
[0.256s] -- Up-to-date symlink: /home/kangsoonhyuk/drl_ws/install/turtlebot3_gazebo/share/turtlebot3_gazebo//models/turtlebot3_drl_world/obstacle_plugin/lib/CMakeFiles/obstacle2.dir/build.make
[0.256s] -- Up-to-date symlink: /home/kangsoonhyuk/drl_ws/install/turtlebot3_gazebo/share/turtlebot3_gazebo//models/turtlebot3_drl_world/obstacle_plugin/lib/CMakeFiles/obstacle2.dir/cmake_clean.cmake
[0.256s] -- Up-to-date symlink: /home/kangsoonhyuk/drl_ws/install/turtlebot3_gazebo/share/turtlebot3_gazebo//models/turtlebot3_drl_world/obstacle_plugin/lib/CMakeFiles/obstacle2.dir/depend.internal
[0.257s] -- Up-to-date symlink: /home/kangsoonhyuk/drl_ws/install/turtlebot3_gazebo/share/turtlebot3_gazebo//models/turtlebot3_drl_world/obstacle_plugin/lib/CMakeFiles/obstacle2.dir/depend.make
[0.257s] -- Up-to-date symlink: /home/kangsoonhyuk/drl_ws/install/turtlebot3_gazebo/share/turtlebot3_gazebo//models/turtlebot3_drl_world/obstacle_plugin/lib/CMakeFiles/obstacle2.dir/flags.make
[0.257s] -- Up-to-date symlink: /home/kangsoonhyuk/drl_ws/install/turtlebot3_gazebo/share/turtlebot3_gazebo//models/turtlebot3_drl_world/obstacle_plugin/lib/CMakeFiles/obstacle2.dir/link.txt
[0.257s] -- Up-to-date symlink: /home/kangsoonhyuk/drl_ws/install/turtlebot3_gazebo/share/turtlebot3_gazebo//models/turtlebot3_drl_world/obstacle_plugin/lib/CMakeFiles/obstacle2.dir/obstacle2.cc.o
[0.257s] -- Up-to-date symlink: /home/kangsoonhyuk/drl_ws/install/turtlebot3_gazebo/share/turtlebot3_gazebo//models/turtlebot3_drl_world/obstacle_plugin/lib/CMakeFiles/obstacle2.dir/progress.make
[0.258s] -- Up-to-date symlink: /home/kangsoonhyuk/drl_ws/install/turtlebot3_gazebo/share/turtlebot3_gazebo//models/turtlebot3_drl_world/obstacle_plugin/lib/CMakeFiles/obstacle3.dir/CXX.includecache
[0.258s] -- Up-to-date symlink: /home/kangsoonhyuk/drl_ws/install/turtlebot3_gazebo/share/turtlebot3_gazebo//models/turtlebot3_drl_world/obstacle_plugin/lib/CMakeFiles/obstacle3.dir/DependInfo.cmake
[0.258s] -- Up-to-date symlink: /home/kangsoonhyuk/drl_ws/install/turtlebot3_gazebo/share/turtlebot3_gazebo//models/turtlebot3_drl_world/obstacle_plugin/lib/CMakeFiles/obstacle3.dir/build.make
[0.259s] -- Up-to-date symlink: /home/kangsoonhyuk/drl_ws/install/turtlebot3_gazebo/share/turtlebot3_gazebo//models/turtlebot3_drl_world/obstacle_plugin/lib/CMakeFiles/obstacle3.dir/cmake_clean.cmake
[0.259s] -- Up-to-date symlink: /home/kangsoonhyuk/drl_ws/install/turtlebot3_gazebo/share/turtlebot3_gazebo//models/turtlebot3_drl_world/obstacle_plugin/lib/CMakeFiles/obstacle3.dir/depend.internal
[0.259s] -- Up-to-date symlink: /home/kangsoonhyuk/drl_ws/install/turtlebot3_gazebo/share/turtlebot3_gazebo//models/turtlebot3_drl_world/obstacle_plugin/lib/CMakeFiles/obstacle3.dir/depend.make
[0.259s] -- Up-to-date symlink: /home/kangsoonhyuk/drl_ws/install/turtlebot3_gazebo/share/turtlebot3_gazebo//models/turtlebot3_drl_world/obstacle_plugin/lib/CMakeFiles/obstacle3.dir/flags.make
[0.259s] -- Up-to-date symlink: /home/kangsoonhyuk/drl_ws/install/turtlebot3_gazebo/share/turtlebot3_gazebo//models/turtlebot3_drl_world/obstacle_plugin/lib/CMakeFiles/obstacle3.dir/link.txt
[0.260s] -- Up-to-date symlink: /home/kangsoonhyuk/drl_ws/install/turtlebot3_gazebo/share/turtlebot3_gazebo//models/turtlebot3_drl_world/obstacle_plugin/lib/CMakeFiles/obstacle3.dir/obstacle3.cc.o
[0.260s] -- Up-to-date symlink: /home/kangsoonhyuk/drl_ws/install/turtlebot3_gazebo/share/turtlebot3_gazebo//models/turtlebot3_drl_world/obstacle_plugin/lib/CMakeFiles/obstacle3.dir/progress.make
[0.261s] -- Up-to-date symlink: /home/kangsoonhyuk/drl_ws/install/turtlebot3_gazebo/share/turtlebot3_gazebo//models/turtlebot3_drl_world/obstacle_plugin/lib/CMakeFiles/obstacle4.dir/CXX.includecache
[0.261s] -- Up-to-date symlink: /home/kangsoonhyuk/drl_ws/install/turtlebot3_gazebo/share/turtlebot3_gazebo//models/turtlebot3_drl_world/obstacle_plugin/lib/CMakeFiles/obstacle4.dir/DependInfo.cmake
[0.261s] -- Up-to-date symlink: /home/kangsoonhyuk/drl_ws/install/turtlebot3_gazebo/share/turtlebot3_gazebo//models/turtlebot3_drl_world/obstacle_plugin/lib/CMakeFiles/obstacle4.dir/build.make
[0.261s] -- Up-to-date symlink: /home/kangsoonhyuk/drl_ws/install/turtlebot3_gazebo/share/turtlebot3_gazebo//models/turtlebot3_drl_world/obstacle_plugin/lib/CMakeFiles/obstacle4.dir/cmake_clean.cmake
[0.262s] -- Up-to-date symlink: /home/kangsoonhyuk/drl_ws/install/turtlebot3_gazebo/share/turtlebot3_gazebo//models/turtlebot3_drl_world/obstacle_plugin/lib/CMakeFiles/obstacle4.dir/depend.internal
[0.262s] -- Up-to-date symlink: /home/kangsoonhyuk/drl_ws/install/turtlebot3_gazebo/share/turtlebot3_gazebo//models/turtlebot3_drl_world/obstacle_plugin/lib/CMakeFiles/obstacle4.dir/depend.make
[0.262s] -- Up-to-date symlink: /home/kangsoonhyuk/drl_ws/install/turtlebot3_gazebo/share/turtlebot3_gazebo//models/turtlebot3_drl_world/obstacle_plugin/lib/CMakeFiles/obstacle4.dir/flags.make
[0.263s] -- Up-to-date symlink: /home/kangsoonhyuk/drl_ws/install/turtlebot3_gazebo/share/turtlebot3_gazebo//models/turtlebot3_drl_world/obstacle_plugin/lib/CMakeFiles/obstacle4.dir/link.txt
[0.263s] -- Up-to-date symlink: /home/kangsoonhyuk/drl_ws/install/turtlebot3_gazebo/share/turtlebot3_gazebo//models/turtlebot3_drl_world/obstacle_plugin/lib/CMakeFiles/obstacle4.dir/obstacle4.cc.o
[0.263s] -- Up-to-date symlink: /home/kangsoonhyuk/drl_ws/install/turtlebot3_gazebo/share/turtlebot3_gazebo//models/turtlebot3_drl_world/obstacle_plugin/lib/CMakeFiles/obstacle4.dir/progress.make
[0.264s] -- Up-to-date symlink: /home/kangsoonhyuk/drl_ws/install/turtlebot3_gazebo/share/turtlebot3_gazebo//models/turtlebot3_drl_world/obstacle_plugin/lib/CMakeFiles/obstacle5.dir/CXX.includecache
[0.264s] -- Up-to-date symlink: /home/kangsoonhyuk/drl_ws/install/turtlebot3_gazebo/share/turtlebot3_gazebo//models/turtlebot3_drl_world/obstacle_plugin/lib/CMakeFiles/obstacle5.dir/DependInfo.cmake
[0.264s] -- Up-to-date symlink: /home/kangsoonhyuk/drl_ws/install/turtlebot3_gazebo/share/turtlebot3_gazebo//models/turtlebot3_drl_world/obstacle_plugin/lib/CMakeFiles/obstacle5.dir/build.make
[0.264s] -- Up-to-date symlink: /home/kangsoonhyuk/drl_ws/install/turtlebot3_gazebo/share/turtlebot3_gazebo//models/turtlebot3_drl_world/obstacle_plugin/lib/CMakeFiles/obstacle5.dir/cmake_clean.cmake
[0.265s] -- Up-to-date symlink: /home/kangsoonhyuk/drl_ws/install/turtlebot3_gazebo/share/turtlebot3_gazebo//models/turtlebot3_drl_world/obstacle_plugin/lib/CMakeFiles/obstacle5.dir/depend.internal
[0.265s] -- Up-to-date symlink: /home/kangsoonhyuk/drl_ws/install/turtlebot3_gazebo/share/turtlebot3_gazebo//models/turtlebot3_drl_world/obstacle_plugin/lib/CMakeFiles/obstacle5.dir/depend.make
[0.265s] -- Up-to-date symlink: /home/kangsoonhyuk/drl_ws/install/turtlebot3_gazebo/share/turtlebot3_gazebo//models/turtlebot3_drl_world/obstacle_plugin/lib/CMakeFiles/obstacle5.dir/flags.make
[0.266s] -- Up-to-date symlink: /home/kangsoonhyuk/drl_ws/install/turtlebot3_gazebo/share/turtlebot3_gazebo//models/turtlebot3_drl_world/obstacle_plugin/lib/CMakeFiles/obstacle5.dir/link.txt
[0.266s] -- Up-to-date symlink: /home/kangsoonhyuk/drl_ws/install/turtlebot3_gazebo/share/turtlebot3_gazebo//models/turtlebot3_drl_world/obstacle_plugin/lib/CMakeFiles/obstacle5.dir/obstacle5.cc.o
[0.266s] -- Up-to-date symlink: /home/kangsoonhyuk/drl_ws/install/turtlebot3_gazebo/share/turtlebot3_gazebo//models/turtlebot3_drl_world/obstacle_plugin/lib/CMakeFiles/obstacle5.dir/progress.make
[0.267s] -- Up-to-date symlink: /home/kangsoonhyuk/drl_ws/install/turtlebot3_gazebo/share/turtlebot3_gazebo//models/turtlebot3_drl_world/obstacle_plugin/lib/CMakeFiles/obstacle6.dir/CXX.includecache
[0.267s] -- Up-to-date symlink: /home/kangsoonhyuk/drl_ws/install/turtlebot3_gazebo/share/turtlebot3_gazebo//models/turtlebot3_drl_world/obstacle_plugin/lib/CMakeFiles/obstacle6.dir/DependInfo.cmake
[0.267s] -- Up-to-date symlink: /home/kangsoonhyuk/drl_ws/install/turtlebot3_gazebo/share/turtlebot3_gazebo//models/turtlebot3_drl_world/obstacle_plugin/lib/CMakeFiles/obstacle6.dir/build.make
[0.267s] -- Up-to-date symlink: /home/kangsoonhyuk/drl_ws/install/turtlebot3_gazebo/share/turtlebot3_gazebo//models/turtlebot3_drl_world/obstacle_plugin/lib/CMakeFiles/obstacle6.dir/cmake_clean.cmake
[0.268s] -- Up-to-date symlink: /home/kangsoonhyuk/drl_ws/install/turtlebot3_gazebo/share/turtlebot3_gazebo//models/turtlebot3_drl_world/obstacle_plugin/lib/CMakeFiles/obstacle6.dir/depend.internal
[0.268s] -- Up-to-date symlink: /home/kangsoonhyuk/drl_ws/install/turtlebot3_gazebo/share/turtlebot3_gazebo//models/turtlebot3_drl_world/obstacle_plugin/lib/CMakeFiles/obstacle6.dir/depend.make
[0.268s] -- Up-to-date symlink: /home/kangsoonhyuk/drl_ws/install/turtlebot3_gazebo/share/turtlebot3_gazebo//models/turtlebot3_drl_world/obstacle_plugin/lib/CMakeFiles/obstacle6.dir/flags.make
[0.269s] -- Up-to-date symlink: /home/kangsoonhyuk/drl_ws/install/turtlebot3_gazebo/share/turtlebot3_gazebo//models/turtlebot3_drl_world/obstacle_plugin/lib/CMakeFiles/obstacle6.dir/link.txt
[0.269s] -- Up-to-date symlink: /home/kangsoonhyuk/drl_ws/install/turtlebot3_gazebo/share/turtlebot3_gazebo//models/turtlebot3_drl_world/obstacle_plugin/lib/CMakeFiles/obstacle6.dir/obstacle6.cc.o
[0.269s] -- Up-to-date symlink: /home/kangsoonhyuk/drl_ws/install/turtlebot3_gazebo/share/turtlebot3_gazebo//models/turtlebot3_drl_world/obstacle_plugin/lib/CMakeFiles/obstacle6.dir/progress.make
[0.270s] -- Up-to-date symlink: /home/kangsoonhyuk/drl_ws/install/turtlebot3_gazebo/share/turtlebot3_gazebo//models/turtlebot3_drl_world/obstacle_plugin/lib/CMakeFiles/obstacle7.dir/CXX.includecache
[0.270s] -- Up-to-date symlink: /home/kangsoonhyuk/drl_ws/install/turtlebot3_gazebo/share/turtlebot3_gazebo//models/turtlebot3_drl_world/obstacle_plugin/lib/CMakeFiles/obstacle7.dir/DependInfo.cmake
[0.270s] -- Up-to-date symlink: /home/kangsoonhyuk/drl_ws/install/turtlebot3_gazebo/share/turtlebot3_gazebo//models/turtlebot3_drl_world/obstacle_plugin/lib/CMakeFiles/obstacle7.dir/build.make
[0.270s] -- Up-to-date symlink: /home/kangsoonhyuk/drl_ws/install/turtlebot3_gazebo/share/turtlebot3_gazebo//models/turtlebot3_drl_world/obstacle_plugin/lib/CMakeFiles/obstacle7.dir/cmake_clean.cmake
[0.271s] -- Up-to-date symlink: /home/kangsoonhyuk/drl_ws/install/turtlebot3_gazebo/share/turtlebot3_gazebo//models/turtlebot3_drl_world/obstacle_plugin/lib/CMakeFiles/obstacle7.dir/depend.internal
[0.271s] -- Up-to-date symlink: /home/kangsoonhyuk/drl_ws/install/turtlebot3_gazebo/share/turtlebot3_gazebo//models/turtlebot3_drl_world/obstacle_plugin/lib/CMakeFiles/obstacle7.dir/depend.make
[0.271s] -- Up-to-date symlink: /home/kangsoonhyuk/drl_ws/install/turtlebot3_gazebo/share/turtlebot3_gazebo//models/turtlebot3_drl_world/obstacle_plugin/lib/CMakeFiles/obstacle7.dir/flags.make
[0.272s] -- Up-to-date symlink: /home/kangsoonhyuk/drl_ws/install/turtlebot3_gazebo/share/turtlebot3_gazebo//models/turtlebot3_drl_world/obstacle_plugin/lib/CMakeFiles/obstacle7.dir/link.txt
[0.272s] -- Up-to-date symlink: /home/kangsoonhyuk/drl_ws/install/turtlebot3_gazebo/share/turtlebot3_gazebo//models/turtlebot3_drl_world/obstacle_plugin/lib/CMakeFiles/obstacle7.dir/obstacle7.cc.o
[0.272s] -- Up-to-date symlink: /home/kangsoonhyuk/drl_ws/install/turtlebot3_gazebo/share/turtlebot3_gazebo//models/turtlebot3_drl_world/obstacle_plugin/lib/CMakeFiles/obstacle7.dir/progress.make
[0.272s] -- Up-to-date symlink: /home/kangsoonhyuk/drl_ws/install/turtlebot3_gazebo/share/turtlebot3_gazebo//models/turtlebot3_drl_world/obstacle_plugin/lib/CMakeFiles/obstacle8.dir/CXX.includecache
[0.273s] -- Up-to-date symlink: /home/kangsoonhyuk/drl_ws/install/turtlebot3_gazebo/share/turtlebot3_gazebo//models/turtlebot3_drl_world/obstacle_plugin/lib/CMakeFiles/obstacle8.dir/DependInfo.cmake
[0.273s] -- Up-to-date symlink: /home/kangsoonhyuk/drl_ws/install/turtlebot3_gazebo/share/turtlebot3_gazebo//models/turtlebot3_drl_world/obstacle_plugin/lib/CMakeFiles/obstacle8.dir/build.make
[0.273s] -- Up-to-date symlink: /home/kangsoonhyuk/drl_ws/install/turtlebot3_gazebo/share/turtlebot3_gazebo//models/turtlebot3_drl_world/obstacle_plugin/lib/CMakeFiles/obstacle8.dir/cmake_clean.cmake
[0.274s] -- Up-to-date symlink: /home/kangsoonhyuk/drl_ws/install/turtlebot3_gazebo/share/turtlebot3_gazebo//models/turtlebot3_drl_world/obstacle_plugin/lib/CMakeFiles/obstacle8.dir/depend.internal
[0.274s] -- Up-to-date symlink: /home/kangsoonhyuk/drl_ws/install/turtlebot3_gazebo/share/turtlebot3_gazebo//models/turtlebot3_drl_world/obstacle_plugin/lib/CMakeFiles/obstacle8.dir/depend.make
[0.274s] -- Up-to-date symlink: /home/kangsoonhyuk/drl_ws/install/turtlebot3_gazebo/share/turtlebot3_gazebo//models/turtlebot3_drl_world/obstacle_plugin/lib/CMakeFiles/obstacle8.dir/flags.make
[0.274s] -- Up-to-date symlink: /home/kangsoonhyuk/drl_ws/install/turtlebot3_gazebo/share/turtlebot3_gazebo//models/turtlebot3_drl_world/obstacle_plugin/lib/CMakeFiles/obstacle8.dir/link.txt
[0.274s] -- Up-to-date symlink: /home/kangsoonhyuk/drl_ws/install/turtlebot3_gazebo/share/turtlebot3_gazebo//models/turtlebot3_drl_world/obstacle_plugin/lib/CMakeFiles/obstacle8.dir/obstacle8.cc.o
[0.275s] -- Up-to-date symlink: /home/kangsoonhyuk/drl_ws/install/turtlebot3_gazebo/share/turtlebot3_gazebo//models/turtlebot3_drl_world/obstacle_plugin/lib/CMakeFiles/obstacle8.dir/progress.make
[0.275s] -- Up-to-date symlink: /home/kangsoonhyuk/drl_ws/install/turtlebot3_gazebo/share/turtlebot3_gazebo//models/turtlebot3_drl_world/obstacle_plugin/lib/CMakeFiles/obstacle9.dir/CXX.includecache
[0.275s] -- Up-to-date symlink: /home/kangsoonhyuk/drl_ws/install/turtlebot3_gazebo/share/turtlebot3_gazebo//models/turtlebot3_drl_world/obstacle_plugin/lib/CMakeFiles/obstacle9.dir/DependInfo.cmake
[0.275s] -- Up-to-date symlink: /home/kangsoonhyuk/drl_ws/install/turtlebot3_gazebo/share/turtlebot3_gazebo//models/turtlebot3_drl_world/obstacle_plugin/lib/CMakeFiles/obstacle9.dir/build.make
[0.276s] -- Up-to-date symlink: /home/kangsoonhyuk/drl_ws/install/turtlebot3_gazebo/share/turtlebot3_gazebo//models/turtlebot3_drl_world/obstacle_plugin/lib/CMakeFiles/obstacle9.dir/cmake_clean.cmake
[0.276s] -- Up-to-date symlink: /home/kangsoonhyuk/drl_ws/install/turtlebot3_gazebo/share/turtlebot3_gazebo//models/turtlebot3_drl_world/obstacle_plugin/lib/CMakeFiles/obstacle9.dir/depend.internal
[0.276s] -- Up-to-date symlink: /home/kangsoonhyuk/drl_ws/install/turtlebot3_gazebo/share/turtlebot3_gazebo//models/turtlebot3_drl_world/obstacle_plugin/lib/CMakeFiles/obstacle9.dir/depend.make
[0.276s] -- Up-to-date symlink: /home/kangsoonhyuk/drl_ws/install/turtlebot3_gazebo/share/turtlebot3_gazebo//models/turtlebot3_drl_world/obstacle_plugin/lib/CMakeFiles/obstacle9.dir/flags.make
[0.276s] -- Up-to-date symlink: /home/kangsoonhyuk/drl_ws/install/turtlebot3_gazebo/share/turtlebot3_gazebo//models/turtlebot3_drl_world/obstacle_plugin/lib/CMakeFiles/obstacle9.dir/link.txt
[0.277s] -- Up-to-date symlink: /home/kangsoonhyuk/drl_ws/install/turtlebot3_gazebo/share/turtlebot3_gazebo//models/turtlebot3_drl_world/obstacle_plugin/lib/CMakeFiles/obstacle9.dir/obstacle9.cc.o
[0.277s] -- Up-to-date symlink: /home/kangsoonhyuk/drl_ws/install/turtlebot3_gazebo/share/turtlebot3_gazebo//models/turtlebot3_drl_world/obstacle_plugin/lib/CMakeFiles/obstacle9.dir/progress.make
[0.277s] -- Up-to-date symlink: /home/kangsoonhyuk/drl_ws/install/turtlebot3_gazebo/share/turtlebot3_gazebo//models/turtlebot3_drl_world/obstacle_plugin/lib/CMakeFiles/obstacles.dir/CXX.includecache
[0.278s] -- Up-to-date symlink: /home/kangsoonhyuk/drl_ws/install/turtlebot3_gazebo/share/turtlebot3_gazebo//models/turtlebot3_drl_world/obstacle_plugin/lib/CMakeFiles/obstacles.dir/DependInfo.cmake
[0.278s] -- Up-to-date symlink: /home/kangsoonhyuk/drl_ws/install/turtlebot3_gazebo/share/turtlebot3_gazebo//models/turtlebot3_drl_world/obstacle_plugin/lib/CMakeFiles/obstacles.dir/build.make
[0.278s] -- Up-to-date symlink: /home/kangsoonhyuk/drl_ws/install/turtlebot3_gazebo/share/turtlebot3_gazebo//models/turtlebot3_drl_world/obstacle_plugin/lib/CMakeFiles/obstacles.dir/cmake_clean.cmake
[0.279s] -- Up-to-date symlink: /home/kangsoonhyuk/drl_ws/install/turtlebot3_gazebo/share/turtlebot3_gazebo//models/turtlebot3_drl_world/obstacle_plugin/lib/CMakeFiles/obstacles.dir/depend.internal
[0.279s] -- Up-to-date symlink: /home/kangsoonhyuk/drl_ws/install/turtlebot3_gazebo/share/turtlebot3_gazebo//models/turtlebot3_drl_world/obstacle_plugin/lib/CMakeFiles/obstacles.dir/depend.make
[0.279s] -- Up-to-date symlink: /home/kangsoonhyuk/drl_ws/install/turtlebot3_gazebo/share/turtlebot3_gazebo//models/turtlebot3_drl_world/obstacle_plugin/lib/CMakeFiles/obstacles.dir/flags.make
[0.279s] -- Up-to-date symlink: /home/kangsoonhyuk/drl_ws/install/turtlebot3_gazebo/share/turtlebot3_gazebo//models/turtlebot3_drl_world/obstacle_plugin/lib/CMakeFiles/obstacles.dir/link.txt
[0.280s] -- Up-to-date symlink: /home/kangsoonhyuk/drl_ws/install/turtlebot3_gazebo/share/turtlebot3_gazebo//models/turtlebot3_drl_world/obstacle_plugin/lib/CMakeFiles/obstacles.dir/obstacles.cc.o
[0.280s] -- Up-to-date symlink: /home/kangsoonhyuk/drl_ws/install/turtlebot3_gazebo/share/turtlebot3_gazebo//models/turtlebot3_drl_world/obstacle_plugin/lib/CMakeFiles/obstacles.dir/progress.make
[0.280s] -- Up-to-date symlink: /home/kangsoonhyuk/drl_ws/install/turtlebot3_gazebo/share/turtlebot3_gazebo//models/turtlebot3_drl_world/obstacle_plugin/lib/CMakeFiles/progress.marks
[0.281s] -- Up-to-date symlink: /home/kangsoonhyuk/drl_ws/install/turtlebot3_gazebo/share/turtlebot3_gazebo//models/turtlebot3_drl_world/obstacle_plugin/lib/Makefile
[0.281s] -- Up-to-date symlink: /home/kangsoonhyuk/drl_ws/install/turtlebot3_gazebo/share/turtlebot3_gazebo//models/turtlebot3_drl_world/obstacle_plugin/lib/cmake_install.cmake
[0.281s] -- Up-to-date symlink: /home/kangsoonhyuk/drl_ws/install/turtlebot3_gazebo/share/turtlebot3_gazebo//models/turtlebot3_drl_world/obstacle_plugin/lib/libobstacle1.so
[0.281s] -- Up-to-date symlink: /home/kangsoonhyuk/drl_ws/install/turtlebot3_gazebo/share/turtlebot3_gazebo//models/turtlebot3_drl_world/obstacle_plugin/lib/libobstacle10.so
[0.282s] -- Up-to-date symlink: /home/kangsoonhyuk/drl_ws/install/turtlebot3_gazebo/share/turtlebot3_gazebo//models/turtlebot3_drl_world/obstacle_plugin/lib/libobstacle11.so
[0.282s] -- Up-to-date symlink: /home/kangsoonhyuk/drl_ws/install/turtlebot3_gazebo/share/turtlebot3_gazebo//models/turtlebot3_drl_world/obstacle_plugin/lib/libobstacle12.so
[0.282s] -- Up-to-date symlink: /home/kangsoonhyuk/drl_ws/install/turtlebot3_gazebo/share/turtlebot3_gazebo//models/turtlebot3_drl_world/obstacle_plugin/lib/libobstacle2.so
[0.282s] -- Up-to-date symlink: /home/kangsoonhyuk/drl_ws/install/turtlebot3_gazebo/share/turtlebot3_gazebo//models/turtlebot3_drl_world/obstacle_plugin/lib/libobstacle3.so
[0.283s] -- Up-to-date symlink: /home/kangsoonhyuk/drl_ws/install/turtlebot3_gazebo/share/turtlebot3_gazebo//models/turtlebot3_drl_world/obstacle_plugin/lib/libobstacle4.so
[0.283s] -- Up-to-date symlink: /home/kangsoonhyuk/drl_ws/install/turtlebot3_gazebo/share/turtlebot3_gazebo//models/turtlebot3_drl_world/obstacle_plugin/lib/libobstacle5.so
[0.283s] -- Up-to-date symlink: /home/kangsoonhyuk/drl_ws/install/turtlebot3_gazebo/share/turtlebot3_gazebo//models/turtlebot3_drl_world/obstacle_plugin/lib/libobstacle6.so
[0.283s] -- Up-to-date symlink: /home/kangsoonhyuk/drl_ws/install/turtlebot3_gazebo/share/turtlebot3_gazebo//models/turtlebot3_drl_world/obstacle_plugin/lib/libobstacle7.so
[0.284s] -- Up-to-date symlink: /home/kangsoonhyuk/drl_ws/install/turtlebot3_gazebo/share/turtlebot3_gazebo//models/turtlebot3_drl_world/obstacle_plugin/lib/libobstacle8.so
[0.284s] -- Up-to-date symlink: /home/kangsoonhyuk/drl_ws/install/turtlebot3_gazebo/share/turtlebot3_gazebo//models/turtlebot3_drl_world/obstacle_plugin/lib/libobstacle9.so
[0.284s] -- Up-to-date symlink: /home/kangsoonhyuk/drl_ws/install/turtlebot3_gazebo/share/turtlebot3_gazebo//models/turtlebot3_drl_world/obstacle_plugin/lib/libobstacles.so
[0.284s] -- Up-to-date symlink: /home/kangsoonhyuk/drl_ws/install/turtlebot3_gazebo/share/turtlebot3_gazebo//models/turtlebot3_drl_world/obstacle_plugin/obstacle1.cc
[0.285s] -- Up-to-date symlink: /home/kangsoonhyuk/drl_ws/install/turtlebot3_gazebo/share/turtlebot3_gazebo//models/turtlebot3_drl_world/obstacle_plugin/obstacle10.cc
[0.285s] -- Up-to-date symlink: /home/kangsoonhyuk/drl_ws/install/turtlebot3_gazebo/share/turtlebot3_gazebo//models/turtlebot3_drl_world/obstacle_plugin/obstacle11.cc
[0.285s] -- Up-to-date symlink: /home/kangsoonhyuk/drl_ws/install/turtlebot3_gazebo/share/turtlebot3_gazebo//models/turtlebot3_drl_world/obstacle_plugin/obstacle12.cc
[0.285s] -- Up-to-date symlink: /home/kangsoonhyuk/drl_ws/install/turtlebot3_gazebo/share/turtlebot3_gazebo//models/turtlebot3_drl_world/obstacle_plugin/obstacle13.cc
[0.286s] -- Up-to-date symlink: /home/kangsoonhyuk/drl_ws/install/turtlebot3_gazebo/share/turtlebot3_gazebo//models/turtlebot3_drl_world/obstacle_plugin/obstacle2.cc
[0.286s] -- Up-to-date symlink: /home/kangsoonhyuk/drl_ws/install/turtlebot3_gazebo/share/turtlebot3_gazebo//models/turtlebot3_drl_world/obstacle_plugin/obstacle3.cc
[0.286s] -- Up-to-date symlink: /home/kangsoonhyuk/drl_ws/install/turtlebot3_gazebo/share/turtlebot3_gazebo//models/turtlebot3_drl_world/obstacle_plugin/obstacle4.cc
[0.286s] -- Up-to-date symlink: /home/kangsoonhyuk/drl_ws/install/turtlebot3_gazebo/share/turtlebot3_gazebo//models/turtlebot3_drl_world/obstacle_plugin/obstacle5.cc
[0.287s] -- Up-to-date symlink: /home/kangsoonhyuk/drl_ws/install/turtlebot3_gazebo/share/turtlebot3_gazebo//models/turtlebot3_drl_world/obstacle_plugin/obstacle6.cc
[0.287s] -- Up-to-date symlink: /home/kangsoonhyuk/drl_ws/install/turtlebot3_gazebo/share/turtlebot3_gazebo//models/turtlebot3_drl_world/obstacle_plugin/obstacle7.cc
[0.287s] -- Up-to-date symlink: /home/kangsoonhyuk/drl_ws/install/turtlebot3_gazebo/share/turtlebot3_gazebo//models/turtlebot3_drl_world/obstacle_plugin/obstacle8.cc
[0.287s] -- Up-to-date symlink: /home/kangsoonhyuk/drl_ws/install/turtlebot3_gazebo/share/turtlebot3_gazebo//models/turtlebot3_drl_world/obstacle_plugin/obstacle9.cc
[0.288s] -- Up-to-date symlink: /home/kangsoonhyuk/drl_ws/install/turtlebot3_gazebo/share/turtlebot3_gazebo//models/turtlebot3_drl_world/obstacle_plugin/obstacles.cc
[0.288s] -- Up-to-date symlink: /home/kangsoonhyuk/drl_ws/install/turtlebot3_gazebo/share/turtlebot3_gazebo//models/turtlebot3_drl_world/obstacles/model.config
[0.288s] -- Up-to-date symlink: /home/kangsoonhyuk/drl_ws/install/turtlebot3_gazebo/share/turtlebot3_gazebo//models/turtlebot3_drl_world/obstacles/model.sdf
[0.289s] -- Up-to-date symlink: /home/kangsoonhyuk/drl_ws/install/turtlebot3_gazebo/share/turtlebot3_gazebo//models/turtlebot3_drl_world/outer_walls/model.config
[0.289s] -- Up-to-date symlink: /home/kangsoonhyuk/drl_ws/install/turtlebot3_gazebo/share/turtlebot3_gazebo//models/turtlebot3_drl_world/outer_walls/model.sdf
[0.289s] -- Up-to-date symlink: /home/kangsoonhyuk/drl_ws/install/turtlebot3_gazebo/share/turtlebot3_gazebo//models/turtlebot3_drl_world/outer_walls_large/model.config
[0.290s] -- Up-to-date symlink: /home/kangsoonhyuk/drl_ws/install/turtlebot3_gazebo/share/turtlebot3_gazebo//models/turtlebot3_drl_world/outer_walls_large/model.sdf
[0.291s] -- Up-to-date symlink: /home/kangsoonhyuk/drl_ws/install/turtlebot3_gazebo/share/turtlebot3_gazebo//models/turtlebot3_drl_world/triangle/model.config
[0.291s] -- Up-to-date symlink: /home/kangsoonhyuk/drl_ws/install/turtlebot3_gazebo/share/turtlebot3_gazebo//models/turtlebot3_drl_world/triangle/model.sdf
[0.291s] -- Up-to-date symlink: /home/kangsoonhyuk/drl_ws/install/turtlebot3_gazebo/share/turtlebot3_gazebo//models/turtlebot3_drl_world/turtlebot3_house_tomas/model.config
[0.292s] -- Up-to-date symlink: /home/kangsoonhyuk/drl_ws/install/turtlebot3_gazebo/share/turtlebot3_gazebo//models/turtlebot3_drl_world/turtlebot3_house_tomas/model.sdf
[0.292s] -- Up-to-date symlink: /home/kangsoonhyuk/drl_ws/install/turtlebot3_gazebo/share/turtlebot3_gazebo//models/turtlebot3_house/model.config
[0.292s] -- Up-to-date symlink: /home/kangsoonhyuk/drl_ws/install/turtlebot3_gazebo/share/turtlebot3_gazebo//models/turtlebot3_house/model.sdf
[0.296s] -- Up-to-date symlink: /home/kangsoonhyuk/drl_ws/install/turtlebot3_gazebo/share/turtlebot3_gazebo//models/turtlebot3_waffle/meshes/lds.dae
[0.296s] -- Up-to-date symlink: /home/kangsoonhyuk/drl_ws/install/turtlebot3_gazebo/share/turtlebot3_gazebo//models/turtlebot3_waffle/meshes/r200.dae
[0.296s] -- Up-to-date symlink: /home/kangsoonhyuk/drl_ws/install/turtlebot3_gazebo/share/turtlebot3_gazebo//models/turtlebot3_waffle/meshes/tire.dae
[0.296s] -- Up-to-date symlink: /home/kangsoonhyuk/drl_ws/install/turtlebot3_gazebo/share/turtlebot3_gazebo//models/turtlebot3_waffle/meshes/waffle_base.dae
[0.296s] -- Up-to-date symlink: /home/kangsoonhyuk/drl_ws/install/turtlebot3_gazebo/share/turtlebot3_gazebo//models/turtlebot3_waffle/model-1_4.sdf
[0.296s] -- Up-to-date symlink: /home/kangsoonhyuk/drl_ws/install/turtlebot3_gazebo/share/turtlebot3_gazebo//models/turtlebot3_waffle/model.config
[0.296s] -- Up-to-date symlink: /home/kangsoonhyuk/drl_ws/install/turtlebot3_gazebo/share/turtlebot3_gazebo//models/turtlebot3_waffle/model.sdf
[0.297s] -- Up-to-date symlink: /home/kangsoonhyuk/drl_ws/install/turtlebot3_gazebo/share/turtlebot3_gazebo//models/turtlebot3_waffle_pi/meshes/lds.dae
[0.297s] -- Up-to-date symlink: /home/kangsoonhyuk/drl_ws/install/turtlebot3_gazebo/share/turtlebot3_gazebo//models/turtlebot3_waffle_pi/meshes/tire.dae
[0.297s] -- Up-to-date symlink: /home/kangsoonhyuk/drl_ws/install/turtlebot3_gazebo/share/turtlebot3_gazebo//models/turtlebot3_waffle_pi/meshes/waffle_pi_base.dae
[0.297s] -- Up-to-date symlink: /home/kangsoonhyuk/drl_ws/install/turtlebot3_gazebo/share/turtlebot3_gazebo//models/turtlebot3_waffle_pi/model-1_4_.sdf
[0.297s] -- Up-to-date symlink: /home/kangsoonhyuk/drl_ws/install/turtlebot3_gazebo/share/turtlebot3_gazebo//models/turtlebot3_waffle_pi/model.config
[0.297s] -- Up-to-date symlink: /home/kangsoonhyuk/drl_ws/install/turtlebot3_gazebo/share/turtlebot3_gazebo//models/turtlebot3_waffle_pi/model.sdf
[0.297s] -- Up-to-date symlink: /home/kangsoonhyuk/drl_ws/install/turtlebot3_gazebo/share/turtlebot3_gazebo//models/turtlebot3_world/meshes/hexagon.dae
[0.298s] -- Up-to-date symlink: /home/kangsoonhyuk/drl_ws/install/turtlebot3_gazebo/share/turtlebot3_gazebo//models/turtlebot3_world/meshes/wall.dae
[0.298s] -- Up-to-date symlink: /home/kangsoonhyuk/drl_ws/install/turtlebot3_gazebo/share/turtlebot3_gazebo//models/turtlebot3_world/model-1_4.sdf
[0.298s] -- Up-to-date symlink: /home/kangsoonhyuk/drl_ws/install/turtlebot3_gazebo/share/turtlebot3_gazebo//models/turtlebot3_world/model.config
[0.298s] -- Up-to-date symlink: /home/kangsoonhyuk/drl_ws/install/turtlebot3_gazebo/share/turtlebot3_gazebo//models/turtlebot3_world/model.sdf
[0.299s] -- Up-to-date symlink: /home/kangsoonhyuk/drl_ws/install/turtlebot3_gazebo/share/turtlebot3_gazebo//rviz/tb3_gazebo.rviz
[0.306s] -- Up-to-date symlink: /home/kangsoonhyuk/drl_ws/install/turtlebot3_gazebo/share/turtlebot3_gazebo//worlds/empty_worlds/burger.model
[0.306s] -- Up-to-date symlink: /home/kangsoonhyuk/drl_ws/install/turtlebot3_gazebo/share/turtlebot3_gazebo//worlds/empty_worlds/waffle.model
[0.306s] -- Up-to-date symlink: /home/kangsoonhyuk/drl_ws/install/turtlebot3_gazebo/share/turtlebot3_gazebo//worlds/empty_worlds/waffle_pi.model
[0.306s] -- Up-to-date symlink: /home/kangsoonhyuk/drl_ws/install/turtlebot3_gazebo/share/turtlebot3_gazebo//worlds/turtlebot3_drl_stage1/burger.model
[0.306s] -- Up-to-date symlink: /home/kangsoonhyuk/drl_ws/install/turtlebot3_gazebo/share/turtlebot3_gazebo//worlds/turtlebot3_drl_stage1/waffle.model
[0.307s] -- Up-to-date symlink: /home/kangsoonhyuk/drl_ws/install/turtlebot3_gazebo/share/turtlebot3_gazebo//worlds/turtlebot3_drl_stage1/waffle_pi.model
[0.307s] -- Up-to-date symlink: /home/kangsoonhyuk/drl_ws/install/turtlebot3_gazebo/share/turtlebot3_gazebo//worlds/turtlebot3_drl_stage10/burger.model
[0.308s] -- Up-to-date symlink: /home/kangsoonhyuk/drl_ws/install/turtlebot3_gazebo/share/turtlebot3_gazebo//worlds/turtlebot3_drl_stage10/waffle.model
[0.312s] -- Up-to-date symlink: /home/kangsoonhyuk/drl_ws/install/turtlebot3_gazebo/share/turtlebot3_gazebo//worlds/turtlebot3_drl_stage10/waffle_pi.model
[0.312s] -- Up-to-date symlink: /home/kangsoonhyuk/drl_ws/install/turtlebot3_gazebo/share/turtlebot3_gazebo//worlds/turtlebot3_drl_stage2/burger.model
[0.312s] -- Up-to-date symlink: /home/kangsoonhyuk/drl_ws/install/turtlebot3_gazebo/share/turtlebot3_gazebo//worlds/turtlebot3_drl_stage2/waffle.model
[0.312s] -- Up-to-date symlink: /home/kangsoonhyuk/drl_ws/install/turtlebot3_gazebo/share/turtlebot3_gazebo//worlds/turtlebot3_drl_stage2/waffle_pi.model
[0.312s] -- Up-to-date symlink: /home/kangsoonhyuk/drl_ws/install/turtlebot3_gazebo/share/turtlebot3_gazebo//worlds/turtlebot3_drl_stage3/burger.model
[0.312s] -- Up-to-date symlink: /home/kangsoonhyuk/drl_ws/install/turtlebot3_gazebo/share/turtlebot3_gazebo//worlds/turtlebot3_drl_stage3/waffle.model
[0.312s] -- Up-to-date symlink: /home/kangsoonhyuk/drl_ws/install/turtlebot3_gazebo/share/turtlebot3_gazebo//worlds/turtlebot3_drl_stage3/waffle_pi.model
[0.312s] -- Up-to-date symlink: /home/kangsoonhyuk/drl_ws/install/turtlebot3_gazebo/share/turtlebot3_gazebo//worlds/turtlebot3_drl_stage4/burger.model
[0.313s] -- Up-to-date symlink: /home/kangsoonhyuk/drl_ws/install/turtlebot3_gazebo/share/turtlebot3_gazebo//worlds/turtlebot3_drl_stage4/waffle.model
[0.313s] -- Up-to-date symlink: /home/kangsoonhyuk/drl_ws/install/turtlebot3_gazebo/share/turtlebot3_gazebo//worlds/turtlebot3_drl_stage4/waffle_pi.model
[0.313s] -- Up-to-date symlink: /home/kangsoonhyuk/drl_ws/install/turtlebot3_gazebo/share/turtlebot3_gazebo//worlds/turtlebot3_drl_stage5/burger.model
[0.313s] -- Up-to-date symlink: /home/kangsoonhyuk/drl_ws/install/turtlebot3_gazebo/share/turtlebot3_gazebo//worlds/turtlebot3_drl_stage5/waffle.model
[0.313s] -- Up-to-date symlink: /home/kangsoonhyuk/drl_ws/install/turtlebot3_gazebo/share/turtlebot3_gazebo//worlds/turtlebot3_drl_stage5/waffle_pi.model
[0.314s] -- Up-to-date symlink: /home/kangsoonhyuk/drl_ws/install/turtlebot3_gazebo/share/turtlebot3_gazebo//worlds/turtlebot3_drl_stage5_up/waffle.model
[0.314s] -- Up-to-date symlink: /home/kangsoonhyuk/drl_ws/install/turtlebot3_gazebo/share/turtlebot3_gazebo//worlds/turtlebot3_drl_stage6/burger.model
[0.314s] -- Up-to-date symlink: /home/kangsoonhyuk/drl_ws/install/turtlebot3_gazebo/share/turtlebot3_gazebo//worlds/turtlebot3_drl_stage6/waffle.model
[0.314s] -- Up-to-date symlink: /home/kangsoonhyuk/drl_ws/install/turtlebot3_gazebo/share/turtlebot3_gazebo//worlds/turtlebot3_drl_stage6/waffle_pi.model
[0.315s] -- Up-to-date symlink: /home/kangsoonhyuk/drl_ws/install/turtlebot3_gazebo/share/turtlebot3_gazebo//worlds/turtlebot3_drl_stage7/burger.model
[0.315s] -- Up-to-date symlink: /home/kangsoonhyuk/drl_ws/install/turtlebot3_gazebo/share/turtlebot3_gazebo//worlds/turtlebot3_drl_stage7/waffle.model
[0.318s] -- Up-to-date symlink: /home/kangsoonhyuk/drl_ws/install/turtlebot3_gazebo/share/turtlebot3_gazebo//worlds/turtlebot3_drl_stage7/waffle_pi.model
[0.318s] -- Up-to-date symlink: /home/kangsoonhyuk/drl_ws/install/turtlebot3_gazebo/share/turtlebot3_gazebo//worlds/turtlebot3_drl_stage8/burger.model
[0.318s] -- Up-to-date symlink: /home/kangsoonhyuk/drl_ws/install/turtlebot3_gazebo/share/turtlebot3_gazebo//worlds/turtlebot3_drl_stage8/waffle.model
[0.318s] -- Up-to-date symlink: /home/kangsoonhyuk/drl_ws/install/turtlebot3_gazebo/share/turtlebot3_gazebo//worlds/turtlebot3_drl_stage8/waffle_pi.model
[0.319s] -- Up-to-date symlink: /home/kangsoonhyuk/drl_ws/install/turtlebot3_gazebo/share/turtlebot3_gazebo//worlds/turtlebot3_drl_stage9/burger.model
[0.319s] -- Up-to-date symlink: /home/kangsoonhyuk/drl_ws/install/turtlebot3_gazebo/share/turtlebot3_gazebo//worlds/turtlebot3_drl_stage9/waffle.model
[0.320s] -- Up-to-date symlink: /home/kangsoonhyuk/drl_ws/install/turtlebot3_gazebo/share/turtlebot3_gazebo//worlds/turtlebot3_drl_stage9/waffle_pi.model
[0.320s] -- Up-to-date symlink: /home/kangsoonhyuk/drl_ws/install/turtlebot3_gazebo/share/turtlebot3_gazebo//worlds/turtlebot3_houses/burger.model
[0.320s] -- Up-to-date symlink: /home/kangsoonhyuk/drl_ws/install/turtlebot3_gazebo/share/turtlebot3_gazebo//worlds/turtlebot3_houses/waffle.model
[0.320s] -- Up-to-date symlink: /home/kangsoonhyuk/drl_ws/install/turtlebot3_gazebo/share/turtlebot3_gazebo//worlds/turtlebot3_houses/waffle_pi.model
[0.320s] -- Up-to-date symlink: /home/kangsoonhyuk/drl_ws/install/turtlebot3_gazebo/share/turtlebot3_gazebo//worlds/turtlebot3_worlds/burger.model
[0.320s] -- Up-to-date symlink: /home/kangsoonhyuk/drl_ws/install/turtlebot3_gazebo/share/turtlebot3_gazebo//worlds/turtlebot3_worlds/waffle.model
[0.320s] -- Up-to-date symlink: /home/kangsoonhyuk/drl_ws/install/turtlebot3_gazebo/share/turtlebot3_gazebo//worlds/turtlebot3_worlds/waffle_pi.model
[0.321s] -- Up-to-date symlink: /home/kangsoonhyuk/drl_ws/install/turtlebot3_gazebo/share/turtlebot3_gazebo//worlds/world_test
[0.321s] -- Up-to-date symlink: /home/kangsoonhyuk/drl_ws/install/turtlebot3_gazebo/include//turtlebot3_gazebo/turtlebot3_drive.hpp
[0.321s] -- Up-to-date symlink: /home/kangsoonhyuk/drl_ws/install/turtlebot3_gazebo/share/ament_index/resource_index/package_run_dependencies/turtlebot3_gazebo
[0.322s] -- Up-to-date symlink: /home/kangsoonhyuk/drl_ws/install/turtlebot3_gazebo/share/ament_index/resource_index/parent_prefix_path/turtlebot3_gazebo
[0.322s] -- Up-to-date symlink: /home/kangsoonhyuk/drl_ws/install/turtlebot3_gazebo/share/turtlebot3_gazebo/environment/ament_prefix_path.sh
[0.323s] -- Up-to-date symlink: /home/kangsoonhyuk/drl_ws/install/turtlebot3_gazebo/share/turtlebot3_gazebo/environment/ament_prefix_path.dsv
[0.323s] -- Up-to-date symlink: /home/kangsoonhyuk/drl_ws/install/turtlebot3_gazebo/share/turtlebot3_gazebo/environment/path.sh
[0.323s] -- Up-to-date symlink: /home/kangsoonhyuk/drl_ws/install/turtlebot3_gazebo/share/turtlebot3_gazebo/environment/path.dsv
[0.324s] -- Up-to-date symlink: /home/kangsoonhyuk/drl_ws/install/turtlebot3_gazebo/share/turtlebot3_gazebo/local_setup.bash
[0.324s] -- Up-to-date symlink: /home/kangsoonhyuk/drl_ws/install/turtlebot3_gazebo/share/turtlebot3_gazebo/local_setup.sh
[0.324s] -- Up-to-date symlink: /home/kangsoonhyuk/drl_ws/install/turtlebot3_gazebo/share/turtlebot3_gazebo/local_setup.zsh
[0.324s] -- Up-to-date symlink: /home/kangsoonhyuk/drl_ws/install/turtlebot3_gazebo/share/turtlebot3_gazebo/local_setup.dsv
[0.325s] -- Symlinking: /home/kangsoonhyuk/drl_ws/install/turtlebot3_gazebo/share/turtlebot3_gazebo/package.dsv
[0.335s] -- Up-to-date symlink: /home/kangsoonhyuk/drl_ws/install/turtlebot3_gazebo/share/ament_index/resource_index/packages/turtlebot3_gazebo
[0.335s] -- Up-to-date symlink: /home/kangsoonhyuk/drl_ws/install/turtlebot3_gazebo/share/turtlebot3_gazebo/cmake/ament_cmake_export_include_directories-extras.cmake
[0.335s] -- Up-to-date symlink: /home/kangsoonhyuk/drl_ws/install/turtlebot3_gazebo/share/turtlebot3_gazebo/cmake/ament_cmake_export_dependencies-extras.cmake
[0.335s] -- Up-to-date symlink: /home/kangsoonhyuk/drl_ws/install/turtlebot3_gazebo/share/turtlebot3_gazebo/cmake/turtlebot3_gazeboConfig.cmake
[0.335s] -- Up-to-date symlink: /home/kangsoonhyuk/drl_ws/install/turtlebot3_gazebo/share/turtlebot3_gazebo/cmake/turtlebot3_gazeboConfig-version.cmake
[0.336s] -- Up-to-date symlink: /home/kangsoonhyuk/drl_ws/install/turtlebot3_gazebo/share/turtlebot3_gazebo/package.xml
[0.337s] Invoked command in '/home/kangsoonhyuk/drl_ws/build/turtlebot3_gazebo' returned '0': CMAKE_PREFIX_PATH=${CMAKE_PREFIX_PATH}:/opt/ros/humble /usr/bin/cmake --install /home/kangsoonhyuk/drl_ws/build/turtlebot3_gazebo
