[0.009s] Invoking command in '/home/kangsoonhyuk/drl_ws/build/gazebo_ros2_control_demos': CMAKE_PREFIX_PATH=${CMAKE_PREFIX_PATH}:/opt/ros/humble /usr/bin/cmake /home/kangsoonhyuk/drl_ws/src/gazebo_ros2_control/gazebo_ros2_control_demos -DROS_EDITION=ROS2 -DHUMBLE_ROS=humble -DAMENT_CMAKE_SYMLINK_INSTALL=1 -DCMAKE_INSTALL_PREFIX=/home/kangsoonhyuk/drl_ws/install/gazebo_ros2_control_demos
[0.058s] -- The C compiler identification is GNU 11.4.0
[0.111s] -- The CXX compiler identification is GNU 11.4.0
[0.118s] -- Detecting C compiler ABI info
[0.178s] -- Detecting C compiler ABI info - done
[0.186s] -- Check for working C compiler: /usr/bin/cc - skipped
[0.187s] -- Detecting C compile features
[0.187s] -- Detecting C compile features - done
[0.190s] -- Detecting CXX compiler ABI info
[0.263s] -- Detecting CXX compiler ABI info - done
[0.270s] -- Check for working CXX compiler: /usr/bin/c++ - skipped
[0.270s] -- Detecting CXX compile features
[0.270s] -- Detecting CXX compile features - done
[0.275s] -- Found ament_cmake: 1.3.12 (/opt/ros/humble/share/ament_cmake/cmake)
[0.411s] -- Found Python3: /usr/bin/python3 (found version "3.10.12") found components: Interpreter 
[0.469s] -- Override CMake install command with custom implementation using symlinks instead of copying resources
[0.504s] -- Found control_msgs: 4.8.0 (/opt/ros/humble/share/control_msgs/cmake)
[0.546s] -- Found rosidl_generator_c: 3.1.7 (/opt/ros/humble/share/rosidl_generator_c/cmake)
[0.552s] -- Found rosidl_adapter: 3.1.7 (/opt/ros/humble/share/rosidl_adapter/cmake)
[0.561s] -- Found rosidl_generator_cpp: 3.1.7 (/opt/ros/humble/share/rosidl_generator_cpp/cmake)
[0.573s] -- Using all available rosidl_typesupport_c: rosidl_typesupport_fastrtps_c;rosidl_typesupport_introspection_c
[0.590s] -- Using all available rosidl_typesupport_cpp: rosidl_typesupport_fastrtps_cpp;rosidl_typesupport_introspection_cpp
[0.711s] -- Found rclcpp: 16.0.16 (/opt/ros/humble/share/rclcpp/cmake)
[0.751s] -- Found rmw_implementation_cmake: 6.1.2 (/opt/ros/humble/share/rmw_implementation_cmake/cmake)
[0.754s] -- Found rmw_fastrtps_cpp: 6.2.9 (/opt/ros/humble/share/rmw_fastrtps_cpp/cmake)
[0.833s] -- Found OpenSSL: /usr/lib/x86_64-linux-gnu/libcrypto.so (found version "3.0.2")  
[0.858s] -- Found FastRTPS: /opt/ros/humble/include  
[0.897s] -- Using RMW implementation 'rmw_fastrtps_cpp' as default
[0.907s] -- Looking for pthread.h
[0.969s] -- Looking for pthread.h - found
[0.970s] -- Performing Test CMAKE_HAVE_LIBC_PTHREAD
[1.033s] -- Performing Test CMAKE_HAVE_LIBC_PTHREAD - Success
[1.034s] -- Found Threads: TRUE  
[1.075s] -- Found rclcpp_action: 16.0.16 (/opt/ros/humble/share/rclcpp_action/cmake)
[1.091s] -- Found ament_cmake_gtest: 1.3.12 (/opt/ros/humble/share/ament_cmake_gtest/cmake)
[1.094s] -- Found ament_lint_auto: 0.12.14 (/opt/ros/humble/share/ament_lint_auto/cmake)
[1.198s] -- Added test 'copyright' to check source files copyright and LICENSE
[1.200s] -- Added test 'cppcheck' to perform static code analysis on C / C++ code
[1.200s] -- Configured cppcheck include dirs: 
[1.200s] -- Configured cppcheck exclude dirs and/or files: 
[1.202s] -- Added test 'cpplint' to check C / C++ code against the Google style
[1.202s] -- Configured cpplint exclude dirs and/or files: 
[1.203s] -- Added test 'flake8' to check Python code syntax and style conventions
[1.204s] -- Added test 'lint_cmake' to check CMake code style
[1.204s] -- Added test 'pep257' to check Python code against some of the docstring style conventions in PEP 257
[1.206s] -- Added test 'uncrustify' to check C / C++ code style
[1.206s] -- Configured uncrustify additional arguments: 
[1.207s] -- Added test 'xmllint' to check XML markup files
[1.208s] -- Configuring done
[1.233s] -- Generating done
[1.234s] [33mCMake Warning:
[1.234s]   Manually-specified variables were not used by the project:
[1.234s] 
[1.234s]     HUMBLE_ROS
[1.234s]     ROS_EDITION
[1.234s] 
[1.234s] [0m
[1.242s] -- Build files have been written to: /home/kangsoonhyuk/drl_ws/build/gazebo_ros2_control_demos
[1.251s] Invoked command in '/home/kangsoonhyuk/drl_ws/build/gazebo_ros2_control_demos' returned '0': CMAKE_PREFIX_PATH=${CMAKE_PREFIX_PATH}:/opt/ros/humble /usr/bin/cmake /home/kangsoonhyuk/drl_ws/src/gazebo_ros2_control/gazebo_ros2_control_demos -DROS_EDITION=ROS2 -DHUMBLE_ROS=humble -DAMENT_CMAKE_SYMLINK_INSTALL=1 -DCMAKE_INSTALL_PREFIX=/home/kangsoonhyuk/drl_ws/install/gazebo_ros2_control_demos
[1.253s] Invoking command in '/home/kangsoonhyuk/drl_ws/build/gazebo_ros2_control_demos': CMAKE_PREFIX_PATH=${CMAKE_PREFIX_PATH}:/opt/ros/humble /usr/bin/cmake --build /home/kangsoonhyuk/drl_ws/build/gazebo_ros2_control_demos -- -j12 -l12
[1.299s] [ 21%] [32mBuilding CXX object CMakeFiles/example_position.dir/examples/example_position.cpp.o[0m
[1.299s] [ 21%] [32mBuilding CXX object CMakeFiles/example_effort.dir/examples/example_effort.cpp.o[0m
[1.299s] [ 21%] [32mBuilding CXX object CMakeFiles/example_tricycle_drive.dir/examples/example_tricycle_drive.cpp.o[0m
[1.300s] [ 28%] [32mBuilding CXX object CMakeFiles/example_position_pid.dir/examples/example_position_pid.cpp.o[0m
[1.301s] [ 35%] [32mBuilding CXX object CMakeFiles/example_diff_drive.dir/examples/example_diff_drive.cpp.o[0m
[1.303s] [ 42%] [32mBuilding CXX object CMakeFiles/example_velocity.dir/examples/example_velocity.cpp.o[0m
[1.305s] [ 50%] [32mBuilding CXX object CMakeFiles/example_gripper.dir/examples/example_gripper.cpp.o[0m
[8.447s] [ 57%] [32m[1mLinking CXX executable example_velocity[0m
[8.460s] [ 64%] [32m[1mLinking CXX executable example_gripper[0m
[8.765s] [ 64%] Built target example_velocity
[8.804s] [ 71%] [32m[1mLinking CXX executable example_effort[0m
[8.820s] [ 71%] Built target example_gripper
[8.830s] [ 78%] [32m[1mLinking CXX executable example_diff_drive[0m
[9.022s] [ 78%] Built target example_effort
[9.049s] [ 78%] Built target example_diff_drive
[9.247s] [ 85%] [32m[1mLinking CXX executable example_position_pid[0m
[9.279s] [ 92%] [32m[1mLinking CXX executable example_position[0m
[9.287s] [100%] [32m[1mLinking CXX executable example_tricycle_drive[0m
[9.447s] [100%] Built target example_position_pid
[9.479s] [100%] Built target example_tricycle_drive
[9.515s] [100%] Built target example_position
[9.526s] Invoked command in '/home/kangsoonhyuk/drl_ws/build/gazebo_ros2_control_demos' returned '0': CMAKE_PREFIX_PATH=${CMAKE_PREFIX_PATH}:/opt/ros/humble /usr/bin/cmake --build /home/kangsoonhyuk/drl_ws/build/gazebo_ros2_control_demos -- -j12 -l12
[9.528s] Invoking command in '/home/kangsoonhyuk/drl_ws/build/gazebo_ros2_control_demos': CMAKE_PREFIX_PATH=${CMAKE_PREFIX_PATH}:/opt/ros/humble /usr/bin/cmake --install /home/kangsoonhyuk/drl_ws/build/gazebo_ros2_control_demos
[9.534s] -- Install configuration: ""
[9.535s] -- Execute custom install script
[9.536s] -- Symlinking: /home/kangsoonhyuk/drl_ws/install/gazebo_ros2_control_demos/share/gazebo_ros2_control_demos//launch/cart_example_effort.launch.py
[9.544s] -- Symlinking: /home/kangsoonhyuk/drl_ws/install/gazebo_ros2_control_demos/share/gazebo_ros2_control_demos//launch/cart_example_position.launch.py
[9.551s] -- Symlinking: /home/kangsoonhyuk/drl_ws/install/gazebo_ros2_control_demos/share/gazebo_ros2_control_demos//launch/cart_example_velocity.launch.py
[9.559s] -- Symlinking: /home/kangsoonhyuk/drl_ws/install/gazebo_ros2_control_demos/share/gazebo_ros2_control_demos//launch/diff_drive.launch.py
[9.567s] -- Symlinking: /home/kangsoonhyuk/drl_ws/install/gazebo_ros2_control_demos/share/gazebo_ros2_control_demos//launch/diff_drive_namespaced.launch.py
[9.574s] -- Symlinking: /home/kangsoonhyuk/drl_ws/install/gazebo_ros2_control_demos/share/gazebo_ros2_control_demos//launch/diff_drive_pair_namespaced.launch.py
[9.582s] -- Symlinking: /home/kangsoonhyuk/drl_ws/install/gazebo_ros2_control_demos/share/gazebo_ros2_control_demos//launch/gripper_mimic_joint_example.launch.py
[9.589s] -- Symlinking: /home/kangsoonhyuk/drl_ws/install/gazebo_ros2_control_demos/share/gazebo_ros2_control_demos//launch/pendulum_example_effort.launch.py
[9.596s] -- Symlinking: /home/kangsoonhyuk/drl_ws/install/gazebo_ros2_control_demos/share/gazebo_ros2_control_demos//launch/pendulum_example_position.launch.py
[9.603s] -- Symlinking: /home/kangsoonhyuk/drl_ws/install/gazebo_ros2_control_demos/share/gazebo_ros2_control_demos//launch/tricycle_drive.launch.py
[9.610s] -- Symlinking: /home/kangsoonhyuk/drl_ws/install/gazebo_ros2_control_demos/share/gazebo_ros2_control_demos//launch/vertical_cart_example_position_pid.launch.py
[9.617s] -- Symlinking: /home/kangsoonhyuk/drl_ws/install/gazebo_ros2_control_demos/share/gazebo_ros2_control_demos//launch/vertical_cart_example_position_pids_in_yaml.launch.py
[9.625s] -- Symlinking: /home/kangsoonhyuk/drl_ws/install/gazebo_ros2_control_demos/share/gazebo_ros2_control_demos//launch/vertical_cart_example_velocity_pid.launch.py
[9.633s] -- Symlinking: /home/kangsoonhyuk/drl_ws/install/gazebo_ros2_control_demos/share/gazebo_ros2_control_demos//config/cart_controller.yaml
[9.640s] -- Symlinking: /home/kangsoonhyuk/drl_ws/install/gazebo_ros2_control_demos/share/gazebo_ros2_control_demos//config/cart_controller_effort.yaml
[9.647s] -- Symlinking: /home/kangsoonhyuk/drl_ws/install/gazebo_ros2_control_demos/share/gazebo_ros2_control_demos//config/cart_controller_position.yaml
[9.654s] -- Symlinking: /home/kangsoonhyuk/drl_ws/install/gazebo_ros2_control_demos/share/gazebo_ros2_control_demos//config/cart_controller_position_with_pids.yaml
[9.661s] -- Symlinking: /home/kangsoonhyuk/drl_ws/install/gazebo_ros2_control_demos/share/gazebo_ros2_control_demos//config/cart_controller_velocity.yaml
[9.668s] -- Symlinking: /home/kangsoonhyuk/drl_ws/install/gazebo_ros2_control_demos/share/gazebo_ros2_control_demos//config/config.rviz
[9.676s] -- Symlinking: /home/kangsoonhyuk/drl_ws/install/gazebo_ros2_control_demos/share/gazebo_ros2_control_demos//config/diff_drive_controller.yaml
[9.684s] -- Symlinking: /home/kangsoonhyuk/drl_ws/install/gazebo_ros2_control_demos/share/gazebo_ros2_control_demos//config/diff_drive_controller_namespaced.yaml
[9.692s] -- Symlinking: /home/kangsoonhyuk/drl_ws/install/gazebo_ros2_control_demos/share/gazebo_ros2_control_demos//config/gripper_controller.yaml
[9.700s] -- Symlinking: /home/kangsoonhyuk/drl_ws/install/gazebo_ros2_control_demos/share/gazebo_ros2_control_demos//config/tricycle_drive_controller.yaml
[9.708s] -- Symlinking: /home/kangsoonhyuk/drl_ws/install/gazebo_ros2_control_demos/share/gazebo_ros2_control_demos//urdf/test_cart_effort.xacro.urdf
[9.715s] -- Symlinking: /home/kangsoonhyuk/drl_ws/install/gazebo_ros2_control_demos/share/gazebo_ros2_control_demos//urdf/test_cart_position.xacro.urdf
[9.722s] -- Symlinking: /home/kangsoonhyuk/drl_ws/install/gazebo_ros2_control_demos/share/gazebo_ros2_control_demos//urdf/test_cart_velocity.xacro.urdf
[9.730s] -- Symlinking: /home/kangsoonhyuk/drl_ws/install/gazebo_ros2_control_demos/share/gazebo_ros2_control_demos//urdf/test_diff_drive.xacro.urdf
[9.738s] -- Symlinking: /home/kangsoonhyuk/drl_ws/install/gazebo_ros2_control_demos/share/gazebo_ros2_control_demos//urdf/test_diff_drive_namespaced.xacro.urdf
[9.745s] -- Symlinking: /home/kangsoonhyuk/drl_ws/install/gazebo_ros2_control_demos/share/gazebo_ros2_control_demos//urdf/test_gripper_mimic_joint.xacro.urdf
[9.752s] -- Symlinking: /home/kangsoonhyuk/drl_ws/install/gazebo_ros2_control_demos/share/gazebo_ros2_control_demos//urdf/test_pendulum_effort.xacro.urdf
[9.759s] -- Symlinking: /home/kangsoonhyuk/drl_ws/install/gazebo_ros2_control_demos/share/gazebo_ros2_control_demos//urdf/test_pendulum_position.xacro.urdf
[9.766s] -- Symlinking: /home/kangsoonhyuk/drl_ws/install/gazebo_ros2_control_demos/share/gazebo_ros2_control_demos//urdf/test_tricycle_drive.xacro.urdf
[9.773s] -- Symlinking: /home/kangsoonhyuk/drl_ws/install/gazebo_ros2_control_demos/share/gazebo_ros2_control_demos//urdf/test_vertical_cart_position_pid.xacro.urdf
[9.781s] -- Symlinking: /home/kangsoonhyuk/drl_ws/install/gazebo_ros2_control_demos/share/gazebo_ros2_control_demos//urdf/test_vertical_cart_position_pids_in_yaml.xacro.urdf
[9.788s] -- Symlinking: /home/kangsoonhyuk/drl_ws/install/gazebo_ros2_control_demos/share/gazebo_ros2_control_demos//urdf/test_vertical_cart_velocity_pid.xacro.urdf
[9.796s] -- Symlinking: /home/kangsoonhyuk/drl_ws/install/gazebo_ros2_control_demos/lib/gazebo_ros2_control_demos/example_position
[9.803s] -- Symlinking: /home/kangsoonhyuk/drl_ws/install/gazebo_ros2_control_demos/lib/gazebo_ros2_control_demos/example_position_pid
[9.811s] -- Symlinking: /home/kangsoonhyuk/drl_ws/install/gazebo_ros2_control_demos/lib/gazebo_ros2_control_demos/example_velocity
[9.818s] -- Symlinking: /home/kangsoonhyuk/drl_ws/install/gazebo_ros2_control_demos/lib/gazebo_ros2_control_demos/example_effort
[9.826s] -- Symlinking: /home/kangsoonhyuk/drl_ws/install/gazebo_ros2_control_demos/lib/gazebo_ros2_control_demos/example_diff_drive
[9.833s] -- Symlinking: /home/kangsoonhyuk/drl_ws/install/gazebo_ros2_control_demos/lib/gazebo_ros2_control_demos/example_tricycle_drive
[9.840s] -- Symlinking: /home/kangsoonhyuk/drl_ws/install/gazebo_ros2_control_demos/lib/gazebo_ros2_control_demos/example_gripper
[9.848s] -- Symlinking: /home/kangsoonhyuk/drl_ws/install/gazebo_ros2_control_demos/share/ament_index/resource_index/package_run_dependencies/gazebo_ros2_control_demos
[9.855s] -- Symlinking: /home/kangsoonhyuk/drl_ws/install/gazebo_ros2_control_demos/share/ament_index/resource_index/parent_prefix_path/gazebo_ros2_control_demos
[9.862s] -- Symlinking: /home/kangsoonhyuk/drl_ws/install/gazebo_ros2_control_demos/share/gazebo_ros2_control_demos/environment/ament_prefix_path.sh
[9.870s] -- Symlinking: /home/kangsoonhyuk/drl_ws/install/gazebo_ros2_control_demos/share/gazebo_ros2_control_demos/environment/ament_prefix_path.dsv
[9.878s] -- Symlinking: /home/kangsoonhyuk/drl_ws/install/gazebo_ros2_control_demos/share/gazebo_ros2_control_demos/environment/path.sh
[9.885s] -- Symlinking: /home/kangsoonhyuk/drl_ws/install/gazebo_ros2_control_demos/share/gazebo_ros2_control_demos/environment/path.dsv
[9.893s] -- Symlinking: /home/kangsoonhyuk/drl_ws/install/gazebo_ros2_control_demos/share/gazebo_ros2_control_demos/local_setup.bash
[9.900s] -- Symlinking: /home/kangsoonhyuk/drl_ws/install/gazebo_ros2_control_demos/share/gazebo_ros2_control_demos/local_setup.sh
[9.908s] -- Symlinking: /home/kangsoonhyuk/drl_ws/install/gazebo_ros2_control_demos/share/gazebo_ros2_control_demos/local_setup.zsh
[9.915s] -- Symlinking: /home/kangsoonhyuk/drl_ws/install/gazebo_ros2_control_demos/share/gazebo_ros2_control_demos/local_setup.dsv
[9.922s] -- Symlinking: /home/kangsoonhyuk/drl_ws/install/gazebo_ros2_control_demos/share/gazebo_ros2_control_demos/package.dsv
[9.929s] -- Symlinking: /home/kangsoonhyuk/drl_ws/install/gazebo_ros2_control_demos/share/ament_index/resource_index/packages/gazebo_ros2_control_demos
[9.937s] -- Symlinking: /home/kangsoonhyuk/drl_ws/install/gazebo_ros2_control_demos/share/gazebo_ros2_control_demos/cmake/gazebo_ros2_control_demosConfig.cmake
[9.944s] -- Symlinking: /home/kangsoonhyuk/drl_ws/install/gazebo_ros2_control_demos/share/gazebo_ros2_control_demos/cmake/gazebo_ros2_control_demosConfig-version.cmake
[9.951s] -- Symlinking: /home/kangsoonhyuk/drl_ws/install/gazebo_ros2_control_demos/share/gazebo_ros2_control_demos/package.xml
[9.961s] Invoked command in '/home/kangsoonhyuk/drl_ws/build/gazebo_ros2_control_demos' returned '0': CMAKE_PREFIX_PATH=${CMAKE_PREFIX_PATH}:/opt/ros/humble /usr/bin/cmake --install /home/kangsoonhyuk/drl_ws/build/gazebo_ros2_control_demos
