[0.237s] DEBUG:colcon:Command line arguments: ['/usr/bin/colcon', 'build', '--packages-select', 'turtlebot3_gazebo']
[0.237s] DEBUG:colcon:Parsed command line arguments: Namespace(log_base=None, log_level=None, verb_name='build', build_base='build', install_base='install', merge_install=False, symlink_install=False, test_result_base=None, continue_on_error=False, executor='parallel', parallel_workers=12, event_handlers=None, ignore_user_meta=False, metas=['./colcon.meta'], base_paths=['.'], packages_ignore=None, packages_ignore_regex=None, paths=None, packages_up_to=None, packages_up_to_regex=None, packages_above=None, packages_above_and_dependencies=None, packages_above_depth=None, packages_select_by_dep=None, packages_skip_by_dep=None, packages_skip_up_to=None, packages_select_build_failed=False, packages_skip_build_finished=False, packages_select_test_failures=False, packages_skip_test_passed=False, packages_select=['turtlebot3_gazebo'], packages_skip=None, packages_select_regex=None, packages_skip_regex=None, packages_start=None, packages_end=None, allow_overriding=[], cmake_args=None, cmake_target=None, cmake_target_skip_unavailable=False, cmake_clean_cache=False, cmake_clean_first=False, cmake_force_configure=False, ament_cmake_args=None, catkin_cmake_args=None, catkin_skip_building_tests=False, mixin_files=None, mixin=None, verb_parser=<colcon_mixin.mixin.mixin_argument.MixinArgumentDecorator object at 0x72ea38fb99f0>, verb_extension=<colcon_core.verb.build.BuildVerb object at 0x72ea3909b010>, main=<bound method BuildVerb.main of <colcon_core.verb.build.BuildVerb object at 0x72ea3909b010>>, mixin_verb=('build',))
[0.487s] Level 1:colcon.colcon_core.package_discovery:discover_packages(colcon_meta) check parameters
[0.487s] Level 1:colcon.colcon_core.package_discovery:discover_packages(recursive) check parameters
[0.487s] Level 1:colcon.colcon_core.package_discovery:discover_packages(ignore) check parameters
[0.487s] Level 1:colcon.colcon_core.package_discovery:discover_packages(path) check parameters
[0.487s] Level 1:colcon.colcon_core.package_discovery:discover_packages(colcon_meta) discover
[0.487s] Level 1:colcon.colcon_core.package_discovery:discover_packages(recursive) discover
[0.487s] INFO:colcon.colcon_core.package_discovery:Crawling recursively for packages in '/home/kangsoonhyuk/drl_ws'
[0.487s] Level 1:colcon.colcon_core.package_identification:_identify(.) by extensions ['ignore', 'ignore_ament_install']
[0.487s] Level 1:colcon.colcon_core.package_identification:_identify(.) by extension 'ignore'
[0.487s] Level 1:colcon.colcon_core.package_identification:_identify(.) by extension 'ignore_ament_install'
[0.487s] Level 1:colcon.colcon_core.package_identification:_identify(.) by extensions ['colcon_pkg']
[0.487s] Level 1:colcon.colcon_core.package_identification:_identify(.) by extension 'colcon_pkg'
[0.487s] Level 1:colcon.colcon_core.package_identification:_identify(.) by extensions ['colcon_meta']
[0.488s] Level 1:colcon.colcon_core.package_identification:_identify(.) by extension 'colcon_meta'
[0.488s] Level 1:colcon.colcon_core.package_identification:_identify(.) by extensions ['ros']
[0.488s] Level 1:colcon.colcon_core.package_identification:_identify(.) by extension 'ros'
[0.514s] Level 1:colcon.colcon_core.package_identification:_identify(.) by extensions ['cmake', 'python']
[0.514s] Level 1:colcon.colcon_core.package_identification:_identify(.) by extension 'cmake'
[0.514s] Level 1:colcon.colcon_core.package_identification:_identify(.) by extension 'python'
[0.514s] Level 1:colcon.colcon_core.package_identification:_identify(.) by extensions ['python_setup_py']
[0.514s] Level 1:colcon.colcon_core.package_identification:_identify(.) by extension 'python_setup_py'
[0.515s] Level 1:colcon.colcon_core.package_identification:_identify(build) by extensions ['ignore', 'ignore_ament_install']
[0.515s] Level 1:colcon.colcon_core.package_identification:_identify(build) by extension 'ignore'
[0.515s] Level 1:colcon.colcon_core.package_identification:_identify(build) ignored
[0.515s] Level 1:colcon.colcon_core.package_identification:_identify(install) by extensions ['ignore', 'ignore_ament_install']
[0.515s] Level 1:colcon.colcon_core.package_identification:_identify(install) by extension 'ignore'
[0.515s] Level 1:colcon.colcon_core.package_identification:_identify(install) ignored
[0.515s] Level 1:colcon.colcon_core.package_identification:_identify(log) by extensions ['ignore', 'ignore_ament_install']
[0.515s] Level 1:colcon.colcon_core.package_identification:_identify(log) by extension 'ignore'
[0.515s] Level 1:colcon.colcon_core.package_identification:_identify(log) ignored
[0.515s] Level 1:colcon.colcon_core.package_identification:_identify(src) by extensions ['ignore', 'ignore_ament_install']
[0.515s] Level 1:colcon.colcon_core.package_identification:_identify(src) by extension 'ignore'
[0.515s] Level 1:colcon.colcon_core.package_identification:_identify(src) by extension 'ignore_ament_install'
[0.515s] Level 1:colcon.colcon_core.package_identification:_identify(src) by extensions ['colcon_pkg']
[0.515s] Level 1:colcon.colcon_core.package_identification:_identify(src) by extension 'colcon_pkg'
[0.515s] Level 1:colcon.colcon_core.package_identification:_identify(src) by extensions ['colcon_meta']
[0.515s] Level 1:colcon.colcon_core.package_identification:_identify(src) by extension 'colcon_meta'
[0.515s] Level 1:colcon.colcon_core.package_identification:_identify(src) by extensions ['ros']
[0.515s] Level 1:colcon.colcon_core.package_identification:_identify(src) by extension 'ros'
[0.516s] Level 1:colcon.colcon_core.package_identification:_identify(src) by extensions ['cmake', 'python']
[0.516s] Level 1:colcon.colcon_core.package_identification:_identify(src) by extension 'cmake'
[0.516s] Level 1:colcon.colcon_core.package_identification:_identify(src) by extension 'python'
[0.516s] Level 1:colcon.colcon_core.package_identification:_identify(src) by extensions ['python_setup_py']
[0.516s] Level 1:colcon.colcon_core.package_identification:_identify(src) by extension 'python_setup_py'
[0.516s] Level 1:colcon.colcon_core.package_identification:_identify(src/turtlebot3_drlnav) by extensions ['ignore', 'ignore_ament_install']
[0.516s] Level 1:colcon.colcon_core.package_identification:_identify(src/turtlebot3_drlnav) by extension 'ignore'
[0.516s] Level 1:colcon.colcon_core.package_identification:_identify(src/turtlebot3_drlnav) by extension 'ignore_ament_install'
[0.516s] Level 1:colcon.colcon_core.package_identification:_identify(src/turtlebot3_drlnav) by extensions ['colcon_pkg']
[0.516s] Level 1:colcon.colcon_core.package_identification:_identify(src/turtlebot3_drlnav) by extension 'colcon_pkg'
[0.516s] Level 1:colcon.colcon_core.package_identification:_identify(src/turtlebot3_drlnav) by extensions ['colcon_meta']
[0.516s] Level 1:colcon.colcon_core.package_identification:_identify(src/turtlebot3_drlnav) by extension 'colcon_meta'
[0.516s] Level 1:colcon.colcon_core.package_identification:_identify(src/turtlebot3_drlnav) by extensions ['ros']
[0.516s] Level 1:colcon.colcon_core.package_identification:_identify(src/turtlebot3_drlnav) by extension 'ros'
[0.516s] Level 1:colcon.colcon_core.package_identification:_identify(src/turtlebot3_drlnav) by extensions ['cmake', 'python']
[0.516s] Level 1:colcon.colcon_core.package_identification:_identify(src/turtlebot3_drlnav) by extension 'cmake'
[0.516s] Level 1:colcon.colcon_core.package_identification:_identify(src/turtlebot3_drlnav) by extension 'python'
[0.516s] Level 1:colcon.colcon_core.package_identification:_identify(src/turtlebot3_drlnav) by extensions ['python_setup_py']
[0.516s] Level 1:colcon.colcon_core.package_identification:_identify(src/turtlebot3_drlnav) by extension 'python_setup_py'
[0.516s] Level 1:colcon.colcon_core.package_identification:_identify(src/turtlebot3_drlnav/src) by extensions ['ignore', 'ignore_ament_install']
[0.516s] Level 1:colcon.colcon_core.package_identification:_identify(src/turtlebot3_drlnav/src) by extension 'ignore'
[0.517s] Level 1:colcon.colcon_core.package_identification:_identify(src/turtlebot3_drlnav/src) by extension 'ignore_ament_install'
[0.517s] Level 1:colcon.colcon_core.package_identification:_identify(src/turtlebot3_drlnav/src) by extensions ['colcon_pkg']
[0.517s] Level 1:colcon.colcon_core.package_identification:_identify(src/turtlebot3_drlnav/src) by extension 'colcon_pkg'
[0.517s] Level 1:colcon.colcon_core.package_identification:_identify(src/turtlebot3_drlnav/src) by extensions ['colcon_meta']
[0.517s] Level 1:colcon.colcon_core.package_identification:_identify(src/turtlebot3_drlnav/src) by extension 'colcon_meta'
[0.517s] Level 1:colcon.colcon_core.package_identification:_identify(src/turtlebot3_drlnav/src) by extensions ['ros']
[0.517s] Level 1:colcon.colcon_core.package_identification:_identify(src/turtlebot3_drlnav/src) by extension 'ros'
[0.517s] Level 1:colcon.colcon_core.package_identification:_identify(src/turtlebot3_drlnav/src) by extensions ['cmake', 'python']
[0.517s] Level 1:colcon.colcon_core.package_identification:_identify(src/turtlebot3_drlnav/src) by extension 'cmake'
[0.517s] Level 1:colcon.colcon_core.package_identification:_identify(src/turtlebot3_drlnav/src) by extension 'python'
[0.517s] Level 1:colcon.colcon_core.package_identification:_identify(src/turtlebot3_drlnav/src) by extensions ['python_setup_py']
[0.517s] Level 1:colcon.colcon_core.package_identification:_identify(src/turtlebot3_drlnav/src) by extension 'python_setup_py'
[0.517s] Level 1:colcon.colcon_core.package_identification:_identify(src/turtlebot3_drlnav/src/turtlebot3_simulations) by extensions ['ignore', 'ignore_ament_install']
[0.517s] Level 1:colcon.colcon_core.package_identification:_identify(src/turtlebot3_drlnav/src/turtlebot3_simulations) by extension 'ignore'
[0.517s] Level 1:colcon.colcon_core.package_identification:_identify(src/turtlebot3_drlnav/src/turtlebot3_simulations) by extension 'ignore_ament_install'
[0.517s] Level 1:colcon.colcon_core.package_identification:_identify(src/turtlebot3_drlnav/src/turtlebot3_simulations) by extensions ['colcon_pkg']
[0.517s] Level 1:colcon.colcon_core.package_identification:_identify(src/turtlebot3_drlnav/src/turtlebot3_simulations) by extension 'colcon_pkg'
[0.517s] Level 1:colcon.colcon_core.package_identification:_identify(src/turtlebot3_drlnav/src/turtlebot3_simulations) by extensions ['colcon_meta']
[0.517s] Level 1:colcon.colcon_core.package_identification:_identify(src/turtlebot3_drlnav/src/turtlebot3_simulations) by extension 'colcon_meta'
[0.517s] Level 1:colcon.colcon_core.package_identification:_identify(src/turtlebot3_drlnav/src/turtlebot3_simulations) by extensions ['ros']
[0.517s] Level 1:colcon.colcon_core.package_identification:_identify(src/turtlebot3_drlnav/src/turtlebot3_simulations) by extension 'ros'
[0.517s] Level 1:colcon.colcon_core.package_identification:_identify(src/turtlebot3_drlnav/src/turtlebot3_simulations) by extensions ['cmake', 'python']
[0.517s] Level 1:colcon.colcon_core.package_identification:_identify(src/turtlebot3_drlnav/src/turtlebot3_simulations) by extension 'cmake'
[0.517s] Level 1:colcon.colcon_core.package_identification:_identify(src/turtlebot3_drlnav/src/turtlebot3_simulations) by extension 'python'
[0.518s] Level 1:colcon.colcon_core.package_identification:_identify(src/turtlebot3_drlnav/src/turtlebot3_simulations) by extensions ['python_setup_py']
[0.518s] Level 1:colcon.colcon_core.package_identification:_identify(src/turtlebot3_drlnav/src/turtlebot3_simulations) by extension 'python_setup_py'
[0.518s] Level 1:colcon.colcon_core.package_identification:_identify(src/turtlebot3_gazebo) by extensions ['ignore', 'ignore_ament_install']
[0.518s] Level 1:colcon.colcon_core.package_identification:_identify(src/turtlebot3_gazebo) by extension 'ignore'
[0.518s] Level 1:colcon.colcon_core.package_identification:_identify(src/turtlebot3_gazebo) by extension 'ignore_ament_install'
[0.518s] Level 1:colcon.colcon_core.package_identification:_identify(src/turtlebot3_gazebo) by extensions ['colcon_pkg']
[0.518s] Level 1:colcon.colcon_core.package_identification:_identify(src/turtlebot3_gazebo) by extension 'colcon_pkg'
[0.518s] Level 1:colcon.colcon_core.package_identification:_identify(src/turtlebot3_gazebo) by extensions ['colcon_meta']
[0.518s] Level 1:colcon.colcon_core.package_identification:_identify(src/turtlebot3_gazebo) by extension 'colcon_meta'
[0.518s] Level 1:colcon.colcon_core.package_identification:_identify(src/turtlebot3_gazebo) by extensions ['ros']
[0.518s] Level 1:colcon.colcon_core.package_identification:_identify(src/turtlebot3_gazebo) by extension 'ros'
[0.521s] DEBUG:colcon.colcon_core.package_identification:Package 'src/turtlebot3_gazebo' with type 'ros.ament_cmake' and name 'turtlebot3_gazebo'
[0.521s] Level 1:colcon.colcon_core.package_discovery:discover_packages(recursive) using defaults
[0.521s] Level 1:colcon.colcon_core.package_discovery:discover_packages(ignore) discover
[0.521s] Level 1:colcon.colcon_core.package_discovery:discover_packages(ignore) using defaults
[0.521s] Level 1:colcon.colcon_core.package_discovery:discover_packages(path) discover
[0.521s] Level 1:colcon.colcon_core.package_discovery:discover_packages(path) using defaults
[0.544s] Level 1:colcon.colcon_core.package_discovery:discover_packages(prefix_path) check parameters
[0.544s] Level 1:colcon.colcon_core.package_discovery:discover_packages(prefix_path) discover
[0.548s] DEBUG:colcon.colcon_installed_package_information.package_discovery:Found 496 installed packages in /opt/ros/humble
[0.550s] Level 1:colcon.colcon_core.package_discovery:discover_packages(prefix_path) using defaults
[0.604s] Level 5:colcon.colcon_core.verb:set package 'turtlebot3_gazebo' build argument 'cmake_args' from command line to 'None'
[0.604s] Level 5:colcon.colcon_core.verb:set package 'turtlebot3_gazebo' build argument 'cmake_target' from command line to 'None'
[0.605s] Level 5:colcon.colcon_core.verb:set package 'turtlebot3_gazebo' build argument 'cmake_target_skip_unavailable' from command line to 'False'
[0.605s] Level 5:colcon.colcon_core.verb:set package 'turtlebot3_gazebo' build argument 'cmake_clean_cache' from command line to 'False'
[0.605s] Level 5:colcon.colcon_core.verb:set package 'turtlebot3_gazebo' build argument 'cmake_clean_first' from command line to 'False'
[0.605s] Level 5:colcon.colcon_core.verb:set package 'turtlebot3_gazebo' build argument 'cmake_force_configure' from command line to 'False'
[0.605s] Level 5:colcon.colcon_core.verb:set package 'turtlebot3_gazebo' build argument 'ament_cmake_args' from command line to 'None'
[0.605s] Level 5:colcon.colcon_core.verb:set package 'turtlebot3_gazebo' build argument 'catkin_cmake_args' from command line to 'None'
[0.605s] Level 5:colcon.colcon_core.verb:set package 'turtlebot3_gazebo' build argument 'catkin_skip_building_tests' from command line to 'False'
[0.605s] DEBUG:colcon.colcon_core.verb:Building package 'turtlebot3_gazebo' with the following arguments: {'ament_cmake_args': None, 'build_base': '/home/kangsoonhyuk/drl_ws/build/turtlebot3_gazebo', 'catkin_cmake_args': None, 'catkin_skip_building_tests': False, 'cmake_args': None, 'cmake_clean_cache': False, 'cmake_clean_first': False, 'cmake_force_configure': False, 'cmake_target': None, 'cmake_target_skip_unavailable': False, 'install_base': '/home/kangsoonhyuk/drl_ws/install/turtlebot3_gazebo', 'merge_install': False, 'path': '/home/kangsoonhyuk/drl_ws/src/turtlebot3_gazebo', 'symlink_install': False, 'test_result_base': None}
[0.605s] INFO:colcon.colcon_core.executor:Executing jobs using 'parallel' executor
[0.606s] DEBUG:colcon.colcon_parallel_executor.executor.parallel:run_until_complete
[0.606s] INFO:colcon.colcon_ros.task.ament_cmake.build:Building ROS package in '/home/kangsoonhyuk/drl_ws/src/turtlebot3_gazebo' with build type 'ament_cmake'
[0.606s] INFO:colcon.colcon_cmake.task.cmake.build:Building CMake package in '/home/kangsoonhyuk/drl_ws/src/turtlebot3_gazebo'
[0.610s] INFO:colcon.colcon_core.plugin_system:Skipping extension 'colcon_core.shell.bat': Not used on non-Windows systems
[0.610s] INFO:colcon.colcon_core.shell:Skip shell extension 'powershell' for command environment: Not usable outside of PowerShell
[0.610s] DEBUG:colcon.colcon_core.shell:Skip shell extension 'dsv' for command environment
[0.618s] DEBUG:colcon.colcon_core.event_handler.log_command:Invoking command in '/home/kangsoonhyuk/drl_ws/build/turtlebot3_gazebo': CMAKE_PREFIX_PATH=/opt/ros/humble /usr/bin/cmake /home/kangsoonhyuk/drl_ws/src/turtlebot3_gazebo -DCMAKE_INSTALL_PREFIX=/home/kangsoonhyuk/drl_ws/install/turtlebot3_gazebo
[2.951s] DEBUG:colcon.colcon_core.event_handler.log_command:Invoked command in '/home/kangsoonhyuk/drl_ws/build/turtlebot3_gazebo' returned '0': CMAKE_PREFIX_PATH=/opt/ros/humble /usr/bin/cmake /home/kangsoonhyuk/drl_ws/src/turtlebot3_gazebo -DCMAKE_INSTALL_PREFIX=/home/kangsoonhyuk/drl_ws/install/turtlebot3_gazebo
[2.953s] DEBUG:colcon.colcon_core.event_handler.log_command:Invoking command in '/home/kangsoonhyuk/drl_ws/build/turtlebot3_gazebo': CMAKE_PREFIX_PATH=/opt/ros/humble /usr/bin/cmake --build /home/kangsoonhyuk/drl_ws/build/turtlebot3_gazebo -- -j12 -l12
[17.566s] DEBUG:colcon.colcon_core.event_handler.log_command:Invoked command in '/home/kangsoonhyuk/drl_ws/build/turtlebot3_gazebo' returned '0': CMAKE_PREFIX_PATH=/opt/ros/humble /usr/bin/cmake --build /home/kangsoonhyuk/drl_ws/build/turtlebot3_gazebo -- -j12 -l12
[17.576s] DEBUG:colcon.colcon_core.event_handler.log_command:Invoking command in '/home/kangsoonhyuk/drl_ws/build/turtlebot3_gazebo': CMAKE_PREFIX_PATH=/opt/ros/humble /usr/bin/cmake --install /home/kangsoonhyuk/drl_ws/build/turtlebot3_gazebo
[17.911s] Level 1:colcon.colcon_core.environment:create_environment_scripts_only(turtlebot3_gazebo)
[17.912s] DEBUG:colcon.colcon_core.event_handler.log_command:Invoked command in '/home/kangsoonhyuk/drl_ws/build/turtlebot3_gazebo' returned '0': CMAKE_PREFIX_PATH=/opt/ros/humble /usr/bin/cmake --install /home/kangsoonhyuk/drl_ws/build/turtlebot3_gazebo
[17.920s] Level 1:colcon.colcon_core.environment:checking '/home/kangsoonhyuk/drl_ws/install/turtlebot3_gazebo' for CMake module files
[17.920s] Level 1:colcon.colcon_core.environment:checking '/home/kangsoonhyuk/drl_ws/install/turtlebot3_gazebo' for CMake config files
[17.920s] Level 1:colcon.colcon_core.shell:create_environment_hook('turtlebot3_gazebo', 'cmake_prefix_path')
[17.920s] INFO:colcon.colcon_core.shell:Creating environment hook '/home/kangsoonhyuk/drl_ws/install/turtlebot3_gazebo/share/turtlebot3_gazebo/hook/cmake_prefix_path.ps1'
[17.921s] INFO:colcon.colcon_core.shell:Creating environment descriptor '/home/kangsoonhyuk/drl_ws/install/turtlebot3_gazebo/share/turtlebot3_gazebo/hook/cmake_prefix_path.dsv'
[17.922s] INFO:colcon.colcon_core.shell:Creating environment hook '/home/kangsoonhyuk/drl_ws/install/turtlebot3_gazebo/share/turtlebot3_gazebo/hook/cmake_prefix_path.sh'
[17.923s] Level 1:colcon.colcon_core.environment:checking '/home/kangsoonhyuk/drl_ws/install/turtlebot3_gazebo/lib'
[17.923s] Level 1:colcon.colcon_core.environment:checking '/home/kangsoonhyuk/drl_ws/install/turtlebot3_gazebo/bin'
[17.923s] Level 1:colcon.colcon_core.environment:checking '/home/kangsoonhyuk/drl_ws/install/turtlebot3_gazebo/lib/pkgconfig/turtlebot3_gazebo.pc'
[17.923s] Level 1:colcon.colcon_core.environment:checking '/home/kangsoonhyuk/drl_ws/install/turtlebot3_gazebo/lib/python3.10/site-packages'
[17.924s] Level 1:colcon.colcon_core.environment:checking '/home/kangsoonhyuk/drl_ws/install/turtlebot3_gazebo/bin'
[17.924s] INFO:colcon.colcon_core.shell:Creating package script '/home/kangsoonhyuk/drl_ws/install/turtlebot3_gazebo/share/turtlebot3_gazebo/package.ps1'
[17.925s] INFO:colcon.colcon_core.shell:Creating package descriptor '/home/kangsoonhyuk/drl_ws/install/turtlebot3_gazebo/share/turtlebot3_gazebo/package.dsv'
[17.925s] INFO:colcon.colcon_core.shell:Creating package script '/home/kangsoonhyuk/drl_ws/install/turtlebot3_gazebo/share/turtlebot3_gazebo/package.sh'
[17.926s] INFO:colcon.colcon_core.shell:Creating package script '/home/kangsoonhyuk/drl_ws/install/turtlebot3_gazebo/share/turtlebot3_gazebo/package.bash'
[17.927s] INFO:colcon.colcon_core.shell:Creating package script '/home/kangsoonhyuk/drl_ws/install/turtlebot3_gazebo/share/turtlebot3_gazebo/package.zsh'
[17.928s] Level 1:colcon.colcon_core.environment:create_file_with_runtime_dependencies(/home/kangsoonhyuk/drl_ws/install/turtlebot3_gazebo/share/colcon-core/packages/turtlebot3_gazebo)
[17.928s] Level 1:colcon.colcon_core.environment:create_environment_scripts_only(turtlebot3_gazebo)
[17.928s] Level 1:colcon.colcon_core.environment:checking '/home/kangsoonhyuk/drl_ws/install/turtlebot3_gazebo' for CMake module files
[17.929s] Level 1:colcon.colcon_core.environment:checking '/home/kangsoonhyuk/drl_ws/install/turtlebot3_gazebo' for CMake config files
[17.929s] Level 1:colcon.colcon_core.shell:create_environment_hook('turtlebot3_gazebo', 'cmake_prefix_path')
[17.929s] INFO:colcon.colcon_core.shell:Creating environment hook '/home/kangsoonhyuk/drl_ws/install/turtlebot3_gazebo/share/turtlebot3_gazebo/hook/cmake_prefix_path.ps1'
[17.930s] INFO:colcon.colcon_core.shell:Creating environment descriptor '/home/kangsoonhyuk/drl_ws/install/turtlebot3_gazebo/share/turtlebot3_gazebo/hook/cmake_prefix_path.dsv'
[17.930s] INFO:colcon.colcon_core.shell:Creating environment hook '/home/kangsoonhyuk/drl_ws/install/turtlebot3_gazebo/share/turtlebot3_gazebo/hook/cmake_prefix_path.sh'
[17.930s] Level 1:colcon.colcon_core.environment:checking '/home/kangsoonhyuk/drl_ws/install/turtlebot3_gazebo/lib'
[17.930s] Level 1:colcon.colcon_core.environment:checking '/home/kangsoonhyuk/drl_ws/install/turtlebot3_gazebo/bin'
[17.930s] Level 1:colcon.colcon_core.environment:checking '/home/kangsoonhyuk/drl_ws/install/turtlebot3_gazebo/lib/pkgconfig/turtlebot3_gazebo.pc'
[17.931s] Level 1:colcon.colcon_core.environment:checking '/home/kangsoonhyuk/drl_ws/install/turtlebot3_gazebo/lib/python3.10/site-packages'
[17.931s] Level 1:colcon.colcon_core.environment:checking '/home/kangsoonhyuk/drl_ws/install/turtlebot3_gazebo/bin'
[17.931s] INFO:colcon.colcon_core.shell:Creating package script '/home/kangsoonhyuk/drl_ws/install/turtlebot3_gazebo/share/turtlebot3_gazebo/package.ps1'
[17.932s] INFO:colcon.colcon_core.shell:Creating package descriptor '/home/kangsoonhyuk/drl_ws/install/turtlebot3_gazebo/share/turtlebot3_gazebo/package.dsv'
[17.932s] INFO:colcon.colcon_core.shell:Creating package script '/home/kangsoonhyuk/drl_ws/install/turtlebot3_gazebo/share/turtlebot3_gazebo/package.sh'
[17.932s] INFO:colcon.colcon_core.shell:Creating package script '/home/kangsoonhyuk/drl_ws/install/turtlebot3_gazebo/share/turtlebot3_gazebo/package.bash'
[17.933s] INFO:colcon.colcon_core.shell:Creating package script '/home/kangsoonhyuk/drl_ws/install/turtlebot3_gazebo/share/turtlebot3_gazebo/package.zsh'
[17.933s] Level 1:colcon.colcon_core.environment:create_file_with_runtime_dependencies(/home/kangsoonhyuk/drl_ws/install/turtlebot3_gazebo/share/colcon-core/packages/turtlebot3_gazebo)
[17.933s] DEBUG:colcon.colcon_parallel_executor.executor.parallel:closing loop
[17.933s] DEBUG:colcon.colcon_parallel_executor.executor.parallel:loop closed
[17.933s] DEBUG:colcon.colcon_parallel_executor.executor.parallel:run_until_complete finished with '0'
[17.933s] DEBUG:colcon.colcon_core.event_reactor:joining thread
[17.949s] INFO:colcon.colcon_core.plugin_system:Skipping extension 'colcon_notification.desktop_notification.terminal_notifier': Not used on non-Darwin systems
[17.949s] INFO:colcon.colcon_core.plugin_system:Skipping extension 'colcon_notification.desktop_notification.win32': Not used on non-Windows systems
[17.949s] INFO:colcon.colcon_notification.desktop_notification:Sending desktop notification using 'notify2'
[18.046s] DEBUG:colcon.colcon_core.event_reactor:joined thread
[18.046s] INFO:colcon.colcon_core.shell:Creating prefix script '/home/kangsoonhyuk/drl_ws/install/local_setup.ps1'
[18.047s] INFO:colcon.colcon_core.shell:Creating prefix util module '/home/kangsoonhyuk/drl_ws/install/_local_setup_util_ps1.py'
[18.049s] INFO:colcon.colcon_core.shell:Creating prefix chain script '/home/kangsoonhyuk/drl_ws/install/setup.ps1'
[18.050s] INFO:colcon.colcon_core.shell:Creating prefix script '/home/kangsoonhyuk/drl_ws/install/local_setup.sh'
[18.051s] INFO:colcon.colcon_core.shell:Creating prefix util module '/home/kangsoonhyuk/drl_ws/install/_local_setup_util_sh.py'
[18.051s] INFO:colcon.colcon_core.shell:Creating prefix chain script '/home/kangsoonhyuk/drl_ws/install/setup.sh'
[18.053s] INFO:colcon.colcon_core.shell:Creating prefix script '/home/kangsoonhyuk/drl_ws/install/local_setup.bash'
[18.053s] INFO:colcon.colcon_core.shell:Creating prefix chain script '/home/kangsoonhyuk/drl_ws/install/setup.bash'
[18.054s] INFO:colcon.colcon_core.shell:Creating prefix script '/home/kangsoonhyuk/drl_ws/install/local_setup.zsh'
[18.055s] INFO:colcon.colcon_core.shell:Creating prefix chain script '/home/kangsoonhyuk/drl_ws/install/setup.zsh'
