[0.169s] DEBUG:colcon:Command line arguments: ['/usr/bin/colcon', 'build', '--parallel-workers', '8', '--symlink-install', '--cmake-args', '-DROS_EDITION=ROS2', '-DHUMBLE_ROS=humble']
[0.169s] DEBUG:colcon:Parsed command line arguments: Namespace(log_base=None, log_level=None, verb_name='build', build_base='build', install_base='install', merge_install=False, symlink_install=True, test_result_base=None, continue_on_error=False, executor='parallel', parallel_workers=8, event_handlers=None, ignore_user_meta=False, metas=['./colcon.meta'], base_paths=['.'], packages_ignore=None, packages_ignore_regex=None, paths=None, packages_up_to=None, packages_up_to_regex=None, packages_above=None, packages_above_and_dependencies=None, packages_above_depth=None, packages_select_by_dep=None, packages_skip_by_dep=None, packages_skip_up_to=None, packages_select_build_failed=False, packages_skip_build_finished=False, packages_select_test_failures=False, packages_skip_test_passed=False, packages_select=None, packages_skip=None, packages_select_regex=None, packages_skip_regex=None, packages_start=None, packages_end=None, allow_overriding=[], cmake_args=['-DROS_EDITION=ROS2', '-DHUMBLE_ROS=humble'], cmake_target=None, cmake_target_skip_unavailable=False, cmake_clean_cache=False, cmake_clean_first=False, cmake_force_configure=False, ament_cmake_args=None, catkin_cmake_args=None, catkin_skip_building_tests=False, mixin_files=None, mixin=None, verb_parser=<colcon_mixin.mixin.mixin_argument.MixinArgumentDecorator object at 0x78db837a5900>, verb_extension=<colcon_core.verb.build.BuildVerb object at 0x78db83886f20>, main=<bound method BuildVerb.main of <colcon_core.verb.build.BuildVerb object at 0x78db83886f20>>, mixin_verb=('build',))
[0.429s] Level 1:colcon.colcon_core.package_discovery:discover_packages(colcon_meta) check parameters
[0.429s] Level 1:colcon.colcon_core.package_discovery:discover_packages(recursive) check parameters
[0.429s] Level 1:colcon.colcon_core.package_discovery:discover_packages(ignore) check parameters
[0.429s] Level 1:colcon.colcon_core.package_discovery:discover_packages(path) check parameters
[0.429s] Level 1:colcon.colcon_core.package_discovery:discover_packages(colcon_meta) discover
[0.430s] Level 1:colcon.colcon_core.package_discovery:discover_packages(recursive) discover
[0.430s] INFO:colcon.colcon_core.package_discovery:Crawling recursively for packages in '/home/kangsoonhyuk/drl_ws'
[0.430s] Level 1:colcon.colcon_core.package_identification:_identify(.) by extensions ['ignore', 'ignore_ament_install']
[0.430s] Level 1:colcon.colcon_core.package_identification:_identify(.) by extension 'ignore'
[0.430s] Level 1:colcon.colcon_core.package_identification:_identify(.) by extension 'ignore_ament_install'
[0.430s] Level 1:colcon.colcon_core.package_identification:_identify(.) by extensions ['colcon_pkg']
[0.430s] Level 1:colcon.colcon_core.package_identification:_identify(.) by extension 'colcon_pkg'
[0.430s] Level 1:colcon.colcon_core.package_identification:_identify(.) by extensions ['colcon_meta']
[0.430s] Level 1:colcon.colcon_core.package_identification:_identify(.) by extension 'colcon_meta'
[0.430s] Level 1:colcon.colcon_core.package_identification:_identify(.) by extensions ['ros']
[0.430s] Level 1:colcon.colcon_core.package_identification:_identify(.) by extension 'ros'
[0.459s] Level 1:colcon.colcon_core.package_identification:_identify(.) by extensions ['cmake', 'python']
[0.459s] Level 1:colcon.colcon_core.package_identification:_identify(.) by extension 'cmake'
[0.459s] Level 1:colcon.colcon_core.package_identification:_identify(.) by extension 'python'
[0.459s] Level 1:colcon.colcon_core.package_identification:_identify(.) by extensions ['python_setup_py']
[0.459s] Level 1:colcon.colcon_core.package_identification:_identify(.) by extension 'python_setup_py'
[0.459s] Level 1:colcon.colcon_core.package_identification:_identify(build) by extensions ['ignore', 'ignore_ament_install']
[0.459s] Level 1:colcon.colcon_core.package_identification:_identify(build) by extension 'ignore'
[0.460s] Level 1:colcon.colcon_core.package_identification:_identify(build) ignored
[0.460s] Level 1:colcon.colcon_core.package_identification:_identify(install) by extensions ['ignore', 'ignore_ament_install']
[0.460s] Level 1:colcon.colcon_core.package_identification:_identify(install) by extension 'ignore'
[0.460s] Level 1:colcon.colcon_core.package_identification:_identify(install) ignored
[0.460s] Level 1:colcon.colcon_core.package_identification:_identify(log) by extensions ['ignore', 'ignore_ament_install']
[0.460s] Level 1:colcon.colcon_core.package_identification:_identify(log) by extension 'ignore'
[0.460s] Level 1:colcon.colcon_core.package_identification:_identify(log) ignored
[0.460s] Level 1:colcon.colcon_core.package_identification:_identify(src) by extensions ['ignore', 'ignore_ament_install']
[0.460s] Level 1:colcon.colcon_core.package_identification:_identify(src) by extension 'ignore'
[0.460s] Level 1:colcon.colcon_core.package_identification:_identify(src) by extension 'ignore_ament_install'
[0.460s] Level 1:colcon.colcon_core.package_identification:_identify(src) by extensions ['colcon_pkg']
[0.460s] Level 1:colcon.colcon_core.package_identification:_identify(src) by extension 'colcon_pkg'
[0.460s] Level 1:colcon.colcon_core.package_identification:_identify(src) by extensions ['colcon_meta']
[0.460s] Level 1:colcon.colcon_core.package_identification:_identify(src) by extension 'colcon_meta'
[0.460s] Level 1:colcon.colcon_core.package_identification:_identify(src) by extensions ['ros']
[0.460s] Level 1:colcon.colcon_core.package_identification:_identify(src) by extension 'ros'
[0.460s] Level 1:colcon.colcon_core.package_identification:_identify(src) by extensions ['cmake', 'python']
[0.460s] Level 1:colcon.colcon_core.package_identification:_identify(src) by extension 'cmake'
[0.461s] Level 1:colcon.colcon_core.package_identification:_identify(src) by extension 'python'
[0.461s] Level 1:colcon.colcon_core.package_identification:_identify(src) by extensions ['python_setup_py']
[0.461s] Level 1:colcon.colcon_core.package_identification:_identify(src) by extension 'python_setup_py'
[0.461s] Level 1:colcon.colcon_core.package_identification:_identify(src/turtlebot3_drlnav) by extensions ['ignore', 'ignore_ament_install']
[0.461s] Level 1:colcon.colcon_core.package_identification:_identify(src/turtlebot3_drlnav) by extension 'ignore'
[0.461s] Level 1:colcon.colcon_core.package_identification:_identify(src/turtlebot3_drlnav) by extension 'ignore_ament_install'
[0.461s] Level 1:colcon.colcon_core.package_identification:_identify(src/turtlebot3_drlnav) by extensions ['colcon_pkg']
[0.461s] Level 1:colcon.colcon_core.package_identification:_identify(src/turtlebot3_drlnav) by extension 'colcon_pkg'
[0.461s] Level 1:colcon.colcon_core.package_identification:_identify(src/turtlebot3_drlnav) by extensions ['colcon_meta']
[0.461s] Level 1:colcon.colcon_core.package_identification:_identify(src/turtlebot3_drlnav) by extension 'colcon_meta'
[0.461s] Level 1:colcon.colcon_core.package_identification:_identify(src/turtlebot3_drlnav) by extensions ['ros']
[0.461s] Level 1:colcon.colcon_core.package_identification:_identify(src/turtlebot3_drlnav) by extension 'ros'
[0.461s] Level 1:colcon.colcon_core.package_identification:_identify(src/turtlebot3_drlnav) by extensions ['cmake', 'python']
[0.461s] Level 1:colcon.colcon_core.package_identification:_identify(src/turtlebot3_drlnav) by extension 'cmake'
[0.461s] Level 1:colcon.colcon_core.package_identification:_identify(src/turtlebot3_drlnav) by extension 'python'
[0.461s] Level 1:colcon.colcon_core.package_identification:_identify(src/turtlebot3_drlnav) by extensions ['python_setup_py']
[0.461s] Level 1:colcon.colcon_core.package_identification:_identify(src/turtlebot3_drlnav) by extension 'python_setup_py'
[0.461s] Level 1:colcon.colcon_core.package_identification:_identify(src/turtlebot3_drlnav/src) by extensions ['ignore', 'ignore_ament_install']
[0.461s] Level 1:colcon.colcon_core.package_identification:_identify(src/turtlebot3_drlnav/src) by extension 'ignore'
[0.461s] Level 1:colcon.colcon_core.package_identification:_identify(src/turtlebot3_drlnav/src) by extension 'ignore_ament_install'
[0.461s] Level 1:colcon.colcon_core.package_identification:_identify(src/turtlebot3_drlnav/src) by extensions ['colcon_pkg']
[0.462s] Level 1:colcon.colcon_core.package_identification:_identify(src/turtlebot3_drlnav/src) by extension 'colcon_pkg'
[0.462s] Level 1:colcon.colcon_core.package_identification:_identify(src/turtlebot3_drlnav/src) by extensions ['colcon_meta']
[0.462s] Level 1:colcon.colcon_core.package_identification:_identify(src/turtlebot3_drlnav/src) by extension 'colcon_meta'
[0.462s] Level 1:colcon.colcon_core.package_identification:_identify(src/turtlebot3_drlnav/src) by extensions ['ros']
[0.462s] Level 1:colcon.colcon_core.package_identification:_identify(src/turtlebot3_drlnav/src) by extension 'ros'
[0.462s] Level 1:colcon.colcon_core.package_identification:_identify(src/turtlebot3_drlnav/src) by extensions ['cmake', 'python']
[0.462s] Level 1:colcon.colcon_core.package_identification:_identify(src/turtlebot3_drlnav/src) by extension 'cmake'
[0.462s] Level 1:colcon.colcon_core.package_identification:_identify(src/turtlebot3_drlnav/src) by extension 'python'
[0.462s] Level 1:colcon.colcon_core.package_identification:_identify(src/turtlebot3_drlnav/src) by extensions ['python_setup_py']
[0.462s] Level 1:colcon.colcon_core.package_identification:_identify(src/turtlebot3_drlnav/src) by extension 'python_setup_py'
[0.462s] Level 1:colcon.colcon_core.package_identification:_identify(src/turtlebot3_drlnav/src/turtlebot3_simulations) by extensions ['ignore', 'ignore_ament_install']
[0.462s] Level 1:colcon.colcon_core.package_identification:_identify(src/turtlebot3_drlnav/src/turtlebot3_simulations) by extension 'ignore'
[0.462s] Level 1:colcon.colcon_core.package_identification:_identify(src/turtlebot3_drlnav/src/turtlebot3_simulations) by extension 'ignore_ament_install'
[0.462s] Level 1:colcon.colcon_core.package_identification:_identify(src/turtlebot3_drlnav/src/turtlebot3_simulations) by extensions ['colcon_pkg']
[0.462s] Level 1:colcon.colcon_core.package_identification:_identify(src/turtlebot3_drlnav/src/turtlebot3_simulations) by extension 'colcon_pkg'
[0.462s] Level 1:colcon.colcon_core.package_identification:_identify(src/turtlebot3_drlnav/src/turtlebot3_simulations) by extensions ['colcon_meta']
[0.462s] Level 1:colcon.colcon_core.package_identification:_identify(src/turtlebot3_drlnav/src/turtlebot3_simulations) by extension 'colcon_meta'
[0.462s] Level 1:colcon.colcon_core.package_identification:_identify(src/turtlebot3_drlnav/src/turtlebot3_simulations) by extensions ['ros']
[0.462s] Level 1:colcon.colcon_core.package_identification:_identify(src/turtlebot3_drlnav/src/turtlebot3_simulations) by extension 'ros'
[0.462s] Level 1:colcon.colcon_core.package_identification:_identify(src/turtlebot3_drlnav/src/turtlebot3_simulations) by extensions ['cmake', 'python']
[0.462s] Level 1:colcon.colcon_core.package_identification:_identify(src/turtlebot3_drlnav/src/turtlebot3_simulations) by extension 'cmake'
[0.462s] Level 1:colcon.colcon_core.package_identification:_identify(src/turtlebot3_drlnav/src/turtlebot3_simulations) by extension 'python'
[0.462s] Level 1:colcon.colcon_core.package_identification:_identify(src/turtlebot3_drlnav/src/turtlebot3_simulations) by extensions ['python_setup_py']
[0.462s] Level 1:colcon.colcon_core.package_identification:_identify(src/turtlebot3_drlnav/src/turtlebot3_simulations) by extension 'python_setup_py'
[0.463s] Level 1:colcon.colcon_core.package_identification:_identify(src/turtlebot3_gazebo) by extensions ['ignore', 'ignore_ament_install']
[0.463s] Level 1:colcon.colcon_core.package_identification:_identify(src/turtlebot3_gazebo) by extension 'ignore'
[0.463s] Level 1:colcon.colcon_core.package_identification:_identify(src/turtlebot3_gazebo) by extension 'ignore_ament_install'
[0.463s] Level 1:colcon.colcon_core.package_identification:_identify(src/turtlebot3_gazebo) by extensions ['colcon_pkg']
[0.463s] Level 1:colcon.colcon_core.package_identification:_identify(src/turtlebot3_gazebo) by extension 'colcon_pkg'
[0.463s] Level 1:colcon.colcon_core.package_identification:_identify(src/turtlebot3_gazebo) by extensions ['colcon_meta']
[0.463s] Level 1:colcon.colcon_core.package_identification:_identify(src/turtlebot3_gazebo) by extension 'colcon_meta'
[0.463s] Level 1:colcon.colcon_core.package_identification:_identify(src/turtlebot3_gazebo) by extensions ['ros']
[0.463s] Level 1:colcon.colcon_core.package_identification:_identify(src/turtlebot3_gazebo) by extension 'ros'
[0.467s] DEBUG:colcon.colcon_core.package_identification:Package 'src/turtlebot3_gazebo' with type 'ros.ament_cmake' and name 'turtlebot3_gazebo'
[0.467s] Level 1:colcon.colcon_core.package_discovery:discover_packages(recursive) using defaults
[0.467s] Level 1:colcon.colcon_core.package_discovery:discover_packages(ignore) discover
[0.467s] Level 1:colcon.colcon_core.package_discovery:discover_packages(ignore) using defaults
[0.467s] Level 1:colcon.colcon_core.package_discovery:discover_packages(path) discover
[0.467s] Level 1:colcon.colcon_core.package_discovery:discover_packages(path) using defaults
[0.488s] Level 1:colcon.colcon_core.package_discovery:discover_packages(prefix_path) check parameters
[0.488s] Level 1:colcon.colcon_core.package_discovery:discover_packages(prefix_path) discover
[0.491s] DEBUG:colcon.colcon_installed_package_information.package_discovery:Found 1 installed packages in /home/kangsoonhyuk/drl_ws/install
[0.493s] DEBUG:colcon.colcon_installed_package_information.package_discovery:Found 496 installed packages in /opt/ros/humble
[0.496s] Level 1:colcon.colcon_core.package_discovery:discover_packages(prefix_path) using defaults
[0.550s] Level 5:colcon.colcon_core.verb:set package 'turtlebot3_gazebo' build argument 'cmake_args' from command line to '['-DROS_EDITION=ROS2', '-DHUMBLE_ROS=humble']'
[0.551s] Level 5:colcon.colcon_core.verb:set package 'turtlebot3_gazebo' build argument 'cmake_target' from command line to 'None'
[0.551s] Level 5:colcon.colcon_core.verb:set package 'turtlebot3_gazebo' build argument 'cmake_target_skip_unavailable' from command line to 'False'
[0.551s] Level 5:colcon.colcon_core.verb:set package 'turtlebot3_gazebo' build argument 'cmake_clean_cache' from command line to 'False'
[0.551s] Level 5:colcon.colcon_core.verb:set package 'turtlebot3_gazebo' build argument 'cmake_clean_first' from command line to 'False'
[0.551s] Level 5:colcon.colcon_core.verb:set package 'turtlebot3_gazebo' build argument 'cmake_force_configure' from command line to 'False'
[0.551s] Level 5:colcon.colcon_core.verb:set package 'turtlebot3_gazebo' build argument 'ament_cmake_args' from command line to 'None'
[0.551s] Level 5:colcon.colcon_core.verb:set package 'turtlebot3_gazebo' build argument 'catkin_cmake_args' from command line to 'None'
[0.551s] Level 5:colcon.colcon_core.verb:set package 'turtlebot3_gazebo' build argument 'catkin_skip_building_tests' from command line to 'False'
[0.551s] DEBUG:colcon.colcon_core.verb:Building package 'turtlebot3_gazebo' with the following arguments: {'ament_cmake_args': None, 'build_base': '/home/kangsoonhyuk/drl_ws/build/turtlebot3_gazebo', 'catkin_cmake_args': None, 'catkin_skip_building_tests': False, 'cmake_args': ['-DROS_EDITION=ROS2', '-DHUMBLE_ROS=humble'], 'cmake_clean_cache': False, 'cmake_clean_first': False, 'cmake_force_configure': False, 'cmake_target': None, 'cmake_target_skip_unavailable': False, 'install_base': '/home/kangsoonhyuk/drl_ws/install/turtlebot3_gazebo', 'merge_install': False, 'path': '/home/kangsoonhyuk/drl_ws/src/turtlebot3_gazebo', 'symlink_install': True, 'test_result_base': None}
[0.551s] INFO:colcon.colcon_core.executor:Executing jobs using 'parallel' executor
[0.552s] DEBUG:colcon.colcon_parallel_executor.executor.parallel:run_until_complete
[0.552s] INFO:colcon.colcon_ros.task.ament_cmake.build:Building ROS package in '/home/kangsoonhyuk/drl_ws/src/turtlebot3_gazebo' with build type 'ament_cmake'
[0.552s] INFO:colcon.colcon_cmake.task.cmake.build:Building CMake package in '/home/kangsoonhyuk/drl_ws/src/turtlebot3_gazebo'
[0.555s] INFO:colcon.colcon_core.plugin_system:Skipping extension 'colcon_core.shell.bat': Not used on non-Windows systems
[0.556s] INFO:colcon.colcon_core.shell:Skip shell extension 'powershell' for command environment: Not usable outside of PowerShell
[0.556s] DEBUG:colcon.colcon_core.shell:Skip shell extension 'dsv' for command environment
[0.564s] DEBUG:colcon.colcon_core.event_handler.log_command:Invoking command in '/home/kangsoonhyuk/drl_ws/build/turtlebot3_gazebo': CMAKE_PREFIX_PATH=${CMAKE_PREFIX_PATH}:/opt/ros/humble /usr/bin/cmake /home/kangsoonhyuk/drl_ws/src/turtlebot3_gazebo -DROS_EDITION=ROS2 -DHUMBLE_ROS=humble -DAMENT_CMAKE_SYMLINK_INSTALL=1 -DCMAKE_INSTALL_PREFIX=/home/kangsoonhyuk/drl_ws/install/turtlebot3_gazebo
[1.800s] DEBUG:colcon.colcon_core.event_handler.log_command:Invoked command in '/home/kangsoonhyuk/drl_ws/build/turtlebot3_gazebo' returned '0': CMAKE_PREFIX_PATH=${CMAKE_PREFIX_PATH}:/opt/ros/humble /usr/bin/cmake /home/kangsoonhyuk/drl_ws/src/turtlebot3_gazebo -DROS_EDITION=ROS2 -DHUMBLE_ROS=humble -DAMENT_CMAKE_SYMLINK_INSTALL=1 -DCMAKE_INSTALL_PREFIX=/home/kangsoonhyuk/drl_ws/install/turtlebot3_gazebo
[1.802s] DEBUG:colcon.colcon_core.event_handler.log_command:Invoking command in '/home/kangsoonhyuk/drl_ws/build/turtlebot3_gazebo': CMAKE_PREFIX_PATH=${CMAKE_PREFIX_PATH}:/opt/ros/humble /usr/bin/cmake --build /home/kangsoonhyuk/drl_ws/build/turtlebot3_gazebo -- -j12 -l12
[2.482s] DEBUG:colcon.colcon_core.event_handler.log_command:Invoked command in '/home/kangsoonhyuk/drl_ws/build/turtlebot3_gazebo' returned '0': CMAKE_PREFIX_PATH=${CMAKE_PREFIX_PATH}:/opt/ros/humble /usr/bin/cmake --build /home/kangsoonhyuk/drl_ws/build/turtlebot3_gazebo -- -j12 -l12
[2.492s] DEBUG:colcon.colcon_core.event_handler.log_command:Invoking command in '/home/kangsoonhyuk/drl_ws/build/turtlebot3_gazebo': CMAKE_PREFIX_PATH=${CMAKE_PREFIX_PATH}:/opt/ros/humble /usr/bin/cmake --install /home/kangsoonhyuk/drl_ws/build/turtlebot3_gazebo
[6.463s] Level 1:colcon.colcon_core.environment:create_environment_scripts_only(turtlebot3_gazebo)
[6.463s] DEBUG:colcon.colcon_core.event_handler.log_command:Invoked command in '/home/kangsoonhyuk/drl_ws/build/turtlebot3_gazebo' returned '0': CMAKE_PREFIX_PATH=${CMAKE_PREFIX_PATH}:/opt/ros/humble /usr/bin/cmake --install /home/kangsoonhyuk/drl_ws/build/turtlebot3_gazebo
[6.475s] Level 1:colcon.colcon_core.environment:checking '/home/kangsoonhyuk/drl_ws/install/turtlebot3_gazebo' for CMake module files
[6.475s] Level 1:colcon.colcon_core.environment:checking '/home/kangsoonhyuk/drl_ws/install/turtlebot3_gazebo' for CMake config files
[6.476s] Level 1:colcon.colcon_core.shell:create_environment_hook('turtlebot3_gazebo', 'cmake_prefix_path')
[6.476s] INFO:colcon.colcon_core.shell:Creating environment hook '/home/kangsoonhyuk/drl_ws/install/turtlebot3_gazebo/share/turtlebot3_gazebo/hook/cmake_prefix_path.ps1'
[6.476s] INFO:colcon.colcon_core.shell:Creating environment descriptor '/home/kangsoonhyuk/drl_ws/install/turtlebot3_gazebo/share/turtlebot3_gazebo/hook/cmake_prefix_path.dsv'
[6.477s] INFO:colcon.colcon_core.shell:Creating environment hook '/home/kangsoonhyuk/drl_ws/install/turtlebot3_gazebo/share/turtlebot3_gazebo/hook/cmake_prefix_path.sh'
[6.478s] Level 1:colcon.colcon_core.environment:checking '/home/kangsoonhyuk/drl_ws/install/turtlebot3_gazebo/lib'
[6.478s] Level 1:colcon.colcon_core.environment:checking '/home/kangsoonhyuk/drl_ws/install/turtlebot3_gazebo/bin'
[6.478s] Level 1:colcon.colcon_core.environment:checking '/home/kangsoonhyuk/drl_ws/install/turtlebot3_gazebo/lib/pkgconfig/turtlebot3_gazebo.pc'
[6.478s] Level 1:colcon.colcon_core.environment:checking '/home/kangsoonhyuk/drl_ws/install/turtlebot3_gazebo/lib/python3.10/site-packages'
[6.478s] Level 1:colcon.colcon_core.environment:checking '/home/kangsoonhyuk/drl_ws/install/turtlebot3_gazebo/bin'
[6.479s] INFO:colcon.colcon_core.shell:Creating package script '/home/kangsoonhyuk/drl_ws/install/turtlebot3_gazebo/share/turtlebot3_gazebo/package.ps1'
[6.479s] INFO:colcon.colcon_core.shell:Creating package descriptor '/home/kangsoonhyuk/drl_ws/install/turtlebot3_gazebo/share/turtlebot3_gazebo/package.dsv'
[6.480s] INFO:colcon.colcon_core.shell:Creating package script '/home/kangsoonhyuk/drl_ws/install/turtlebot3_gazebo/share/turtlebot3_gazebo/package.sh'
[6.481s] INFO:colcon.colcon_core.shell:Creating package script '/home/kangsoonhyuk/drl_ws/install/turtlebot3_gazebo/share/turtlebot3_gazebo/package.bash'
[6.482s] INFO:colcon.colcon_core.shell:Creating package script '/home/kangsoonhyuk/drl_ws/install/turtlebot3_gazebo/share/turtlebot3_gazebo/package.zsh'
[6.482s] Level 1:colcon.colcon_core.environment:create_file_with_runtime_dependencies(/home/kangsoonhyuk/drl_ws/install/turtlebot3_gazebo/share/colcon-core/packages/turtlebot3_gazebo)
[6.483s] Level 1:colcon.colcon_core.environment:create_environment_scripts_only(turtlebot3_gazebo)
[6.483s] Level 1:colcon.colcon_core.environment:checking '/home/kangsoonhyuk/drl_ws/install/turtlebot3_gazebo' for CMake module files
[6.483s] Level 1:colcon.colcon_core.environment:checking '/home/kangsoonhyuk/drl_ws/install/turtlebot3_gazebo' for CMake config files
[6.484s] Level 1:colcon.colcon_core.shell:create_environment_hook('turtlebot3_gazebo', 'cmake_prefix_path')
[6.484s] INFO:colcon.colcon_core.shell:Creating environment hook '/home/kangsoonhyuk/drl_ws/install/turtlebot3_gazebo/share/turtlebot3_gazebo/hook/cmake_prefix_path.ps1'
[6.484s] INFO:colcon.colcon_core.shell:Creating environment descriptor '/home/kangsoonhyuk/drl_ws/install/turtlebot3_gazebo/share/turtlebot3_gazebo/hook/cmake_prefix_path.dsv'
[6.485s] INFO:colcon.colcon_core.shell:Creating environment hook '/home/kangsoonhyuk/drl_ws/install/turtlebot3_gazebo/share/turtlebot3_gazebo/hook/cmake_prefix_path.sh'
[6.485s] Level 1:colcon.colcon_core.environment:checking '/home/kangsoonhyuk/drl_ws/install/turtlebot3_gazebo/lib'
[6.485s] Level 1:colcon.colcon_core.environment:checking '/home/kangsoonhyuk/drl_ws/install/turtlebot3_gazebo/bin'
[6.485s] Level 1:colcon.colcon_core.environment:checking '/home/kangsoonhyuk/drl_ws/install/turtlebot3_gazebo/lib/pkgconfig/turtlebot3_gazebo.pc'
[6.485s] Level 1:colcon.colcon_core.environment:checking '/home/kangsoonhyuk/drl_ws/install/turtlebot3_gazebo/lib/python3.10/site-packages'
[6.486s] Level 1:colcon.colcon_core.environment:checking '/home/kangsoonhyuk/drl_ws/install/turtlebot3_gazebo/bin'
[6.486s] INFO:colcon.colcon_core.shell:Creating package script '/home/kangsoonhyuk/drl_ws/install/turtlebot3_gazebo/share/turtlebot3_gazebo/package.ps1'
[6.486s] INFO:colcon.colcon_core.shell:Creating package descriptor '/home/kangsoonhyuk/drl_ws/install/turtlebot3_gazebo/share/turtlebot3_gazebo/package.dsv'
[6.487s] INFO:colcon.colcon_core.shell:Creating package script '/home/kangsoonhyuk/drl_ws/install/turtlebot3_gazebo/share/turtlebot3_gazebo/package.sh'
[6.487s] INFO:colcon.colcon_core.shell:Creating package script '/home/kangsoonhyuk/drl_ws/install/turtlebot3_gazebo/share/turtlebot3_gazebo/package.bash'
[6.487s] INFO:colcon.colcon_core.shell:Creating package script '/home/kangsoonhyuk/drl_ws/install/turtlebot3_gazebo/share/turtlebot3_gazebo/package.zsh'
[6.488s] Level 1:colcon.colcon_core.environment:create_file_with_runtime_dependencies(/home/kangsoonhyuk/drl_ws/install/turtlebot3_gazebo/share/colcon-core/packages/turtlebot3_gazebo)
[6.488s] DEBUG:colcon.colcon_parallel_executor.executor.parallel:closing loop
[6.488s] DEBUG:colcon.colcon_parallel_executor.executor.parallel:loop closed
[6.489s] DEBUG:colcon.colcon_parallel_executor.executor.parallel:run_until_complete finished with '0'
[6.489s] DEBUG:colcon.colcon_core.event_reactor:joining thread
[6.494s] INFO:colcon.colcon_core.plugin_system:Skipping extension 'colcon_notification.desktop_notification.terminal_notifier': Not used on non-Darwin systems
[6.494s] INFO:colcon.colcon_core.plugin_system:Skipping extension 'colcon_notification.desktop_notification.win32': Not used on non-Windows systems
[6.494s] INFO:colcon.colcon_notification.desktop_notification:Sending desktop notification using 'notify2'
[6.504s] DEBUG:colcon.colcon_core.event_reactor:joined thread
[6.505s] INFO:colcon.colcon_core.shell:Creating prefix script '/home/kangsoonhyuk/drl_ws/install/local_setup.ps1'
[6.506s] INFO:colcon.colcon_core.shell:Creating prefix util module '/home/kangsoonhyuk/drl_ws/install/_local_setup_util_ps1.py'
[6.507s] INFO:colcon.colcon_core.shell:Creating prefix chain script '/home/kangsoonhyuk/drl_ws/install/setup.ps1'
[6.509s] INFO:colcon.colcon_core.shell:Creating prefix script '/home/kangsoonhyuk/drl_ws/install/local_setup.sh'
[6.509s] INFO:colcon.colcon_core.shell:Creating prefix util module '/home/kangsoonhyuk/drl_ws/install/_local_setup_util_sh.py'
[6.510s] INFO:colcon.colcon_core.shell:Creating prefix chain script '/home/kangsoonhyuk/drl_ws/install/setup.sh'
[6.511s] INFO:colcon.colcon_core.shell:Creating prefix script '/home/kangsoonhyuk/drl_ws/install/local_setup.bash'
[6.511s] INFO:colcon.colcon_core.shell:Creating prefix chain script '/home/kangsoonhyuk/drl_ws/install/setup.bash'
[6.512s] INFO:colcon.colcon_core.shell:Creating prefix script '/home/kangsoonhyuk/drl_ws/install/local_setup.zsh'
[6.513s] INFO:colcon.colcon_core.shell:Creating prefix chain script '/home/kangsoonhyuk/drl_ws/install/setup.zsh'
