-- Found ament_cmake: 1.3.12 (/opt/ros/humble/share/ament_cmake/cmake)
-- Override CMake install command with custom implementation using symlinks instead of copying resources
-- Configuring done
-- Generating done
-- Build files have been written to: /home/kangsoonhyuk/drl_ws/build/ackermann_car_description
-- Install configuration: ""
-- Execute custom install script
-- Symlinking: /home/kangsoonhyuk/drl_ws/install/ackermann_car_description/share/ackermann_car_description//urdf/ackermann_car.urdf.xacro
-- Symlinking: /home/kangsoonhyuk/drl_ws/install/ackermann_car_description/share/ackermann_car_description//launch/stage5_up_with_car.launch.py
-- Symlinking: /home/kangsoonhyuk/drl_ws/install/ackermann_car_description/share/ament_index/resource_index/package_run_dependencies/ackermann_car_description
-- Symlinking: /home/kangsoonhyuk/drl_ws/install/ackermann_car_description/share/ament_index/resource_index/parent_prefix_path/ackermann_car_description
-- Symlinking: /home/kangsoonhyuk/drl_ws/install/ackermann_car_description/share/ackermann_car_description/environment/ament_prefix_path.sh
-- Symlinking: /home/kangsoonhyuk/drl_ws/install/ackermann_car_description/share/ackermann_car_description/environment/ament_prefix_path.dsv
-- Symlinking: /home/kangsoonhyuk/drl_ws/install/ackermann_car_description/share/ackermann_car_description/environment/path.sh
-- Symlinking: /home/kangsoonhyuk/drl_ws/install/ackermann_car_description/share/ackermann_car_description/environment/path.dsv
-- Symlinking: /home/kangsoonhyuk/drl_ws/install/ackermann_car_description/share/ackermann_car_description/local_setup.bash
-- Symlinking: /home/kangsoonhyuk/drl_ws/install/ackermann_car_description/share/ackermann_car_description/local_setup.sh
-- Symlinking: /home/kangsoonhyuk/drl_ws/install/ackermann_car_description/share/ackermann_car_description/local_setup.zsh
-- Symlinking: /home/kangsoonhyuk/drl_ws/install/ackermann_car_description/share/ackermann_car_description/local_setup.dsv
-- Symlinking: /home/kangsoonhyuk/drl_ws/install/ackermann_car_description/share/ackermann_car_description/package.dsv
-- Symlinking: /home/kangsoonhyuk/drl_ws/install/ackermann_car_description/share/ament_index/resource_index/packages/ackermann_car_description
-- Symlinking: /home/kangsoonhyuk/drl_ws/install/ackermann_car_description/share/ackermann_car_description/cmake/ackermann_car_descriptionConfig.cmake
-- Symlinking: /home/kangsoonhyuk/drl_ws/install/ackermann_car_description/share/ackermann_car_description/cmake/ackermann_car_descriptionConfig-version.cmake
-- Symlinking: /home/kangsoonhyuk/drl_ws/install/ackermann_car_description/share/ackermann_car_description/package.xml
