[0.007s] Invoking command in '/home/kangsoonhyuk/drl_ws/build/ackermann_car_description': CMAKE_PREFIX_PATH=/home/kangsoonhyuk/drl_ws/install/turtlebot3_gazebo:/home/kangsoonhyuk/drl_ws/install/ackermann_car_description:/opt/ros/humble /usr/bin/cmake /home/kangsoonhyuk/drl_ws/src/ackermann_car_description -DROS_EDITION=ROS2 -DHUMBLE_ROS=humble -DAMENT_CMAKE_SYMLINK_INSTALL=1 -DCMAKE_INSTALL_PREFIX=/home/kangsoonhyuk/drl_ws/install/ackermann_car_description
[0.018s] -- Found ament_cmake: 1.3.12 (/opt/ros/humble/share/ament_cmake/cmake)
[0.139s] -- Override CMake install command with custom implementation using symlinks instead of copying resources
[0.232s] -- Configuring done
[0.235s] -- Generating done
[0.235s] [33mCMake Warning:
[0.235s]   Manually-specified variables were not used by the project:
[0.235s] 
[0.235s]     HUMBLE_ROS
[0.235s]     ROS_EDITION
[0.235s] 
[0.236s] [0m
[0.236s] -- Build files have been written to: /home/kangsoonhyuk/drl_ws/build/ackermann_car_description
[0.239s] Invoked command in '/home/kangsoonhyuk/drl_ws/build/ackermann_car_description' returned '0': CMAKE_PREFIX_PATH=/home/kangsoonhyuk/drl_ws/install/turtlebot3_gazebo:/home/kangsoonhyuk/drl_ws/install/ackermann_car_description:/opt/ros/humble /usr/bin/cmake /home/kangsoonhyuk/drl_ws/src/ackermann_car_description -DROS_EDITION=ROS2 -DHUMBLE_ROS=humble -DAMENT_CMAKE_SYMLINK_INSTALL=1 -DCMAKE_INSTALL_PREFIX=/home/kangsoonhyuk/drl_ws/install/ackermann_car_description
[0.240s] Invoking command in '/home/kangsoonhyuk/drl_ws/build/ackermann_car_description': CMAKE_PREFIX_PATH=/home/kangsoonhyuk/drl_ws/install/turtlebot3_gazebo:/home/kangsoonhyuk/drl_ws/install/ackermann_car_description:/opt/ros/humble /usr/bin/cmake --build /home/kangsoonhyuk/drl_ws/build/ackermann_car_description -- -j12 -l12
[0.271s] Invoked command in '/home/kangsoonhyuk/drl_ws/build/ackermann_car_description' returned '0': CMAKE_PREFIX_PATH=/home/kangsoonhyuk/drl_ws/install/turtlebot3_gazebo:/home/kangsoonhyuk/drl_ws/install/ackermann_car_description:/opt/ros/humble /usr/bin/cmake --build /home/kangsoonhyuk/drl_ws/build/ackermann_car_description -- -j12 -l12
[0.273s] Invoking command in '/home/kangsoonhyuk/drl_ws/build/ackermann_car_description': CMAKE_PREFIX_PATH=/home/kangsoonhyuk/drl_ws/install/turtlebot3_gazebo:/home/kangsoonhyuk/drl_ws/install/ackermann_car_description:/opt/ros/humble /usr/bin/cmake --install /home/kangsoonhyuk/drl_ws/build/ackermann_car_description
[0.279s] -- Install configuration: ""
[0.279s] -- Execute custom install script
[0.280s] -- Symlinking: /home/kangsoonhyuk/drl_ws/install/ackermann_car_description/share/ackermann_car_description//urdf/ackermann_car.urdf.xacro
[0.287s] -- Symlinking: /home/kangsoonhyuk/drl_ws/install/ackermann_car_description/share/ackermann_car_description//launch/stage5_up_with_car.launch.py
[0.295s] -- Symlinking: /home/kangsoonhyuk/drl_ws/install/ackermann_car_description/share/ament_index/resource_index/package_run_dependencies/ackermann_car_description
[0.303s] -- Symlinking: /home/kangsoonhyuk/drl_ws/install/ackermann_car_description/share/ament_index/resource_index/parent_prefix_path/ackermann_car_description
[0.311s] -- Symlinking: /home/kangsoonhyuk/drl_ws/install/ackermann_car_description/share/ackermann_car_description/environment/ament_prefix_path.sh
[0.319s] -- Symlinking: /home/kangsoonhyuk/drl_ws/install/ackermann_car_description/share/ackermann_car_description/environment/ament_prefix_path.dsv
[0.327s] -- Symlinking: /home/kangsoonhyuk/drl_ws/install/ackermann_car_description/share/ackermann_car_description/environment/path.sh
[0.335s] -- Symlinking: /home/kangsoonhyuk/drl_ws/install/ackermann_car_description/share/ackermann_car_description/environment/path.dsv
[0.342s] -- Symlinking: /home/kangsoonhyuk/drl_ws/install/ackermann_car_description/share/ackermann_car_description/local_setup.bash
[0.350s] -- Symlinking: /home/kangsoonhyuk/drl_ws/install/ackermann_car_description/share/ackermann_car_description/local_setup.sh
[0.357s] -- Symlinking: /home/kangsoonhyuk/drl_ws/install/ackermann_car_description/share/ackermann_car_description/local_setup.zsh
[0.365s] -- Symlinking: /home/kangsoonhyuk/drl_ws/install/ackermann_car_description/share/ackermann_car_description/local_setup.dsv
[0.372s] -- Symlinking: /home/kangsoonhyuk/drl_ws/install/ackermann_car_description/share/ackermann_car_description/package.dsv
[0.380s] -- Symlinking: /home/kangsoonhyuk/drl_ws/install/ackermann_car_description/share/ament_index/resource_index/packages/ackermann_car_description
[0.389s] -- Symlinking: /home/kangsoonhyuk/drl_ws/install/ackermann_car_description/share/ackermann_car_description/cmake/ackermann_car_descriptionConfig.cmake
[0.397s] -- Symlinking: /home/kangsoonhyuk/drl_ws/install/ackermann_car_description/share/ackermann_car_description/cmake/ackermann_car_descriptionConfig-version.cmake
[0.406s] -- Symlinking: /home/kangsoonhyuk/drl_ws/install/ackermann_car_description/share/ackermann_car_description/package.xml
[0.417s] Invoked command in '/home/kangsoonhyuk/drl_ws/build/ackermann_car_description' returned '0': CMAKE_PREFIX_PATH=/home/kangsoonhyuk/drl_ws/install/turtlebot3_gazebo:/home/kangsoonhyuk/drl_ws/install/ackermann_car_description:/opt/ros/humble /usr/bin/cmake --install /home/kangsoonhyuk/drl_ws/build/ackermann_car_description
