[0.012s] Invoking command in '/home/kangsoonhyuk/drl_ws/build/ackermann_car_description': CMAKE_PREFIX_PATH=${CMAKE_PREFIX_PATH}:/opt/ros/humble /usr/bin/cmake --build /home/kangsoonhyuk/drl_ws/build/ackermann_car_description -- -j12 -l12
[0.047s] Invoked command in '/home/kangsoonhyuk/drl_ws/build/ackermann_car_description' returned '0': CMAKE_PREFIX_PATH=${CMAKE_PREFIX_PATH}:/opt/ros/humble /usr/bin/cmake --build /home/kangsoonhyuk/drl_ws/build/ackermann_car_description -- -j12 -l12
[0.056s] Invoking command in '/home/kangsoonhyuk/drl_ws/build/ackermann_car_description': CMAKE_PREFIX_PATH=${CMAKE_PREFIX_PATH}:/opt/ros/humble /usr/bin/cmake --install /home/kangsoonhyuk/drl_ws/build/ackermann_car_description
[0.063s] -- Install configuration: ""
[0.063s] -- Execute custom install script
[0.063s] -- Up-to-date symlink: /home/kangsoonhyuk/drl_ws/install/ackermann_car_description/share/ackermann_car_description//urdf/ackermann_car.urdf.xacro
[0.064s] -- Up-to-date symlink: /home/kangsoonhyuk/drl_ws/install/ackermann_car_description/share/ackermann_car_description//launch/stage5_up_with_car.launch.py
[0.064s] -- Up-to-date symlink: /home/kangsoonhyuk/drl_ws/install/ackermann_car_description/share/ackermann_car_description//launch/test_car.launch.py
[0.064s] -- Up-to-date symlink: /home/kangsoonhyuk/drl_ws/install/ackermann_car_description/share/ackermann_car_description//launch/test_car.rviz
[0.064s] -- Up-to-date symlink: /home/kangsoonhyuk/drl_ws/install/ackermann_car_description/share/ackermann_car_description//config/controllers.yaml
[0.064s] -- Up-to-date symlink: /home/kangsoonhyuk/drl_ws/install/ackermann_car_description/share/ament_index/resource_index/package_run_dependencies/ackermann_car_description
[0.064s] -- Up-to-date symlink: /home/kangsoonhyuk/drl_ws/install/ackermann_car_description/share/ament_index/resource_index/parent_prefix_path/ackermann_car_description
[0.064s] -- Up-to-date symlink: /home/kangsoonhyuk/drl_ws/install/ackermann_car_description/share/ackermann_car_description/environment/ament_prefix_path.sh
[0.065s] -- Up-to-date symlink: /home/kangsoonhyuk/drl_ws/install/ackermann_car_description/share/ackermann_car_description/environment/ament_prefix_path.dsv
[0.065s] -- Up-to-date symlink: /home/kangsoonhyuk/drl_ws/install/ackermann_car_description/share/ackermann_car_description/environment/path.sh
[0.065s] -- Up-to-date symlink: /home/kangsoonhyuk/drl_ws/install/ackermann_car_description/share/ackermann_car_description/environment/path.dsv
[0.065s] -- Up-to-date symlink: /home/kangsoonhyuk/drl_ws/install/ackermann_car_description/share/ackermann_car_description/local_setup.bash
[0.065s] -- Up-to-date symlink: /home/kangsoonhyuk/drl_ws/install/ackermann_car_description/share/ackermann_car_description/local_setup.sh
[0.066s] -- Up-to-date symlink: /home/kangsoonhyuk/drl_ws/install/ackermann_car_description/share/ackermann_car_description/local_setup.zsh
[0.066s] -- Up-to-date symlink: /home/kangsoonhyuk/drl_ws/install/ackermann_car_description/share/ackermann_car_description/local_setup.dsv
[0.066s] -- Symlinking: /home/kangsoonhyuk/drl_ws/install/ackermann_car_description/share/ackermann_car_description/package.dsv
[0.075s] -- Up-to-date symlink: /home/kangsoonhyuk/drl_ws/install/ackermann_car_description/share/ament_index/resource_index/packages/ackermann_car_description
[0.075s] -- Up-to-date symlink: /home/kangsoonhyuk/drl_ws/install/ackermann_car_description/share/ackermann_car_description/cmake/ackermann_car_descriptionConfig.cmake
[0.075s] -- Up-to-date symlink: /home/kangsoonhyuk/drl_ws/install/ackermann_car_description/share/ackermann_car_description/cmake/ackermann_car_descriptionConfig-version.cmake
[0.075s] -- Up-to-date symlink: /home/kangsoonhyuk/drl_ws/install/ackermann_car_description/share/ackermann_car_description/package.xml
[0.077s] Invoked command in '/home/kangsoonhyuk/drl_ws/build/ackermann_car_description' returned '0': CMAKE_PREFIX_PATH=${CMAKE_PREFIX_PATH}:/opt/ros/humble /usr/bin/cmake --install /home/kangsoonhyuk/drl_ws/build/ackermann_car_description
