[0.031s] Invoking command in '/home/kangsoonhyuk/drl_ws/build/gazebo_ros2_control_demos': CMAKE_PREFIX_PATH=/home/kangsoonhyuk/drl_ws/install/gazebo_ros2_control:/home/kangsoonhyuk/drl_ws/install/gazebo_ros2_control_demos:/home/kangsoonhyuk/drl_ws/install/turtlebot3_gazebo:/home/kangsoonhyuk/drl_ws/install/ackermann_car_description:/opt/ros/humble /usr/bin/cmake --build /home/kangsoonhyuk/drl_ws/build/gazebo_ros2_control_demos -- -j12 -l12
[0.095s] [ 14%] Built target example_velocity
[0.095s] [ 28%] Built target example_gripper
[0.095s] [ 42%] Built target example_effort
[0.095s] [ 57%] Built target example_tricycle_drive
[0.096s] [ 71%] Built target example_position_pid
[0.096s] [ 92%] Built target example_diff_drive
[0.096s] [100%] Built target example_position
[0.108s] Invoked command in '/home/kangsoonhyuk/drl_ws/build/gazebo_ros2_control_demos' returned '0': CMAKE_PREFIX_PATH=/home/kangsoonhyuk/drl_ws/install/gazebo_ros2_control:/home/kangsoonhyuk/drl_ws/install/gazebo_ros2_control_demos:/home/kangsoonhyuk/drl_ws/install/turtlebot3_gazebo:/home/kangsoonhyuk/drl_ws/install/ackermann_car_description:/opt/ros/humble /usr/bin/cmake --build /home/kangsoonhyuk/drl_ws/build/gazebo_ros2_control_demos -- -j12 -l12
[0.110s] Invoking command in '/home/kangsoonhyuk/drl_ws/build/gazebo_ros2_control_demos': CMAKE_PREFIX_PATH=/home/kangsoonhyuk/drl_ws/install/gazebo_ros2_control:/home/kangsoonhyuk/drl_ws/install/gazebo_ros2_control_demos:/home/kangsoonhyuk/drl_ws/install/turtlebot3_gazebo:/home/kangsoonhyuk/drl_ws/install/ackermann_car_description:/opt/ros/humble /usr/bin/cmake --install /home/kangsoonhyuk/drl_ws/build/gazebo_ros2_control_demos
[0.117s] -- Install configuration: ""
[0.117s] -- Execute custom install script
[0.118s] -- Up-to-date symlink: /home/kangsoonhyuk/drl_ws/install/gazebo_ros2_control_demos/share/gazebo_ros2_control_demos//launch/cart_example_effort.launch.py
[0.118s] -- Up-to-date symlink: /home/kangsoonhyuk/drl_ws/install/gazebo_ros2_control_demos/share/gazebo_ros2_control_demos//launch/cart_example_position.launch.py
[0.118s] -- Up-to-date symlink: /home/kangsoonhyuk/drl_ws/install/gazebo_ros2_control_demos/share/gazebo_ros2_control_demos//launch/cart_example_velocity.launch.py
[0.118s] -- Up-to-date symlink: /home/kangsoonhyuk/drl_ws/install/gazebo_ros2_control_demos/share/gazebo_ros2_control_demos//launch/diff_drive.launch.py
[0.118s] -- Up-to-date symlink: /home/kangsoonhyuk/drl_ws/install/gazebo_ros2_control_demos/share/gazebo_ros2_control_demos//launch/diff_drive_namespaced.launch.py
[0.119s] -- Up-to-date symlink: /home/kangsoonhyuk/drl_ws/install/gazebo_ros2_control_demos/share/gazebo_ros2_control_demos//launch/diff_drive_pair_namespaced.launch.py
[0.119s] -- Up-to-date symlink: /home/kangsoonhyuk/drl_ws/install/gazebo_ros2_control_demos/share/gazebo_ros2_control_demos//launch/gripper_mimic_joint_example.launch.py
[0.119s] -- Up-to-date symlink: /home/kangsoonhyuk/drl_ws/install/gazebo_ros2_control_demos/share/gazebo_ros2_control_demos//launch/pendulum_example_effort.launch.py
[0.119s] -- Up-to-date symlink: /home/kangsoonhyuk/drl_ws/install/gazebo_ros2_control_demos/share/gazebo_ros2_control_demos//launch/pendulum_example_position.launch.py
[0.119s] -- Up-to-date symlink: /home/kangsoonhyuk/drl_ws/install/gazebo_ros2_control_demos/share/gazebo_ros2_control_demos//launch/tricycle_drive.launch.py
[0.119s] -- Up-to-date symlink: /home/kangsoonhyuk/drl_ws/install/gazebo_ros2_control_demos/share/gazebo_ros2_control_demos//launch/vertical_cart_example_position_pid.launch.py
[0.119s] -- Up-to-date symlink: /home/kangsoonhyuk/drl_ws/install/gazebo_ros2_control_demos/share/gazebo_ros2_control_demos//launch/vertical_cart_example_position_pids_in_yaml.launch.py
[0.120s] -- Up-to-date symlink: /home/kangsoonhyuk/drl_ws/install/gazebo_ros2_control_demos/share/gazebo_ros2_control_demos//launch/vertical_cart_example_velocity_pid.launch.py
[0.120s] -- Up-to-date symlink: /home/kangsoonhyuk/drl_ws/install/gazebo_ros2_control_demos/share/gazebo_ros2_control_demos//config/cart_controller.yaml
[0.120s] -- Up-to-date symlink: /home/kangsoonhyuk/drl_ws/install/gazebo_ros2_control_demos/share/gazebo_ros2_control_demos//config/cart_controller_effort.yaml
[0.120s] -- Up-to-date symlink: /home/kangsoonhyuk/drl_ws/install/gazebo_ros2_control_demos/share/gazebo_ros2_control_demos//config/cart_controller_position.yaml
[0.120s] -- Up-to-date symlink: /home/kangsoonhyuk/drl_ws/install/gazebo_ros2_control_demos/share/gazebo_ros2_control_demos//config/cart_controller_position_with_pids.yaml
[0.120s] -- Up-to-date symlink: /home/kangsoonhyuk/drl_ws/install/gazebo_ros2_control_demos/share/gazebo_ros2_control_demos//config/cart_controller_velocity.yaml
[0.120s] -- Up-to-date symlink: /home/kangsoonhyuk/drl_ws/install/gazebo_ros2_control_demos/share/gazebo_ros2_control_demos//config/config.rviz
[0.121s] -- Up-to-date symlink: /home/kangsoonhyuk/drl_ws/install/gazebo_ros2_control_demos/share/gazebo_ros2_control_demos//config/diff_drive_controller.yaml
[0.121s] -- Up-to-date symlink: /home/kangsoonhyuk/drl_ws/install/gazebo_ros2_control_demos/share/gazebo_ros2_control_demos//config/diff_drive_controller_namespaced.yaml
[0.121s] -- Up-to-date symlink: /home/kangsoonhyuk/drl_ws/install/gazebo_ros2_control_demos/share/gazebo_ros2_control_demos//config/gripper_controller.yaml
[0.121s] -- Up-to-date symlink: /home/kangsoonhyuk/drl_ws/install/gazebo_ros2_control_demos/share/gazebo_ros2_control_demos//config/tricycle_drive_controller.yaml
[0.121s] -- Up-to-date symlink: /home/kangsoonhyuk/drl_ws/install/gazebo_ros2_control_demos/share/gazebo_ros2_control_demos//urdf/test_cart_effort.xacro.urdf
[0.121s] -- Up-to-date symlink: /home/kangsoonhyuk/drl_ws/install/gazebo_ros2_control_demos/share/gazebo_ros2_control_demos//urdf/test_cart_position.xacro.urdf
[0.121s] -- Up-to-date symlink: /home/kangsoonhyuk/drl_ws/install/gazebo_ros2_control_demos/share/gazebo_ros2_control_demos//urdf/test_cart_velocity.xacro.urdf
[0.122s] -- Up-to-date symlink: /home/kangsoonhyuk/drl_ws/install/gazebo_ros2_control_demos/share/gazebo_ros2_control_demos//urdf/test_diff_drive.xacro.urdf
[0.122s] -- Up-to-date symlink: /home/kangsoonhyuk/drl_ws/install/gazebo_ros2_control_demos/share/gazebo_ros2_control_demos//urdf/test_diff_drive_namespaced.xacro.urdf
[0.122s] -- Up-to-date symlink: /home/kangsoonhyuk/drl_ws/install/gazebo_ros2_control_demos/share/gazebo_ros2_control_demos//urdf/test_gripper_mimic_joint.xacro.urdf
[0.122s] -- Up-to-date symlink: /home/kangsoonhyuk/drl_ws/install/gazebo_ros2_control_demos/share/gazebo_ros2_control_demos//urdf/test_pendulum_effort.xacro.urdf
[0.122s] -- Up-to-date symlink: /home/kangsoonhyuk/drl_ws/install/gazebo_ros2_control_demos/share/gazebo_ros2_control_demos//urdf/test_pendulum_position.xacro.urdf
[0.122s] -- Up-to-date symlink: /home/kangsoonhyuk/drl_ws/install/gazebo_ros2_control_demos/share/gazebo_ros2_control_demos//urdf/test_tricycle_drive.xacro.urdf
[0.122s] -- Up-to-date symlink: /home/kangsoonhyuk/drl_ws/install/gazebo_ros2_control_demos/share/gazebo_ros2_control_demos//urdf/test_vertical_cart_position_pid.xacro.urdf
[0.123s] -- Up-to-date symlink: /home/kangsoonhyuk/drl_ws/install/gazebo_ros2_control_demos/share/gazebo_ros2_control_demos//urdf/test_vertical_cart_position_pids_in_yaml.xacro.urdf
[0.123s] -- Up-to-date symlink: /home/kangsoonhyuk/drl_ws/install/gazebo_ros2_control_demos/share/gazebo_ros2_control_demos//urdf/test_vertical_cart_velocity_pid.xacro.urdf
[0.123s] -- Up-to-date symlink: /home/kangsoonhyuk/drl_ws/install/gazebo_ros2_control_demos/lib/gazebo_ros2_control_demos/example_position
[0.123s] -- Up-to-date symlink: /home/kangsoonhyuk/drl_ws/install/gazebo_ros2_control_demos/lib/gazebo_ros2_control_demos/example_position_pid
[0.123s] -- Up-to-date symlink: /home/kangsoonhyuk/drl_ws/install/gazebo_ros2_control_demos/lib/gazebo_ros2_control_demos/example_velocity
[0.123s] -- Up-to-date symlink: /home/kangsoonhyuk/drl_ws/install/gazebo_ros2_control_demos/lib/gazebo_ros2_control_demos/example_effort
[0.123s] -- Up-to-date symlink: /home/kangsoonhyuk/drl_ws/install/gazebo_ros2_control_demos/lib/gazebo_ros2_control_demos/example_diff_drive
[0.124s] -- Up-to-date symlink: /home/kangsoonhyuk/drl_ws/install/gazebo_ros2_control_demos/lib/gazebo_ros2_control_demos/example_tricycle_drive
[0.124s] -- Up-to-date symlink: /home/kangsoonhyuk/drl_ws/install/gazebo_ros2_control_demos/lib/gazebo_ros2_control_demos/example_gripper
[0.124s] -- Up-to-date symlink: /home/kangsoonhyuk/drl_ws/install/gazebo_ros2_control_demos/share/ament_index/resource_index/package_run_dependencies/gazebo_ros2_control_demos
[0.124s] -- Up-to-date symlink: /home/kangsoonhyuk/drl_ws/install/gazebo_ros2_control_demos/share/ament_index/resource_index/parent_prefix_path/gazebo_ros2_control_demos
[0.124s] -- Up-to-date symlink: /home/kangsoonhyuk/drl_ws/install/gazebo_ros2_control_demos/share/gazebo_ros2_control_demos/environment/ament_prefix_path.sh
[0.124s] -- Up-to-date symlink: /home/kangsoonhyuk/drl_ws/install/gazebo_ros2_control_demos/share/gazebo_ros2_control_demos/environment/ament_prefix_path.dsv
[0.124s] -- Up-to-date symlink: /home/kangsoonhyuk/drl_ws/install/gazebo_ros2_control_demos/share/gazebo_ros2_control_demos/environment/path.sh
[0.125s] -- Up-to-date symlink: /home/kangsoonhyuk/drl_ws/install/gazebo_ros2_control_demos/share/gazebo_ros2_control_demos/environment/path.dsv
[0.125s] -- Up-to-date symlink: /home/kangsoonhyuk/drl_ws/install/gazebo_ros2_control_demos/share/gazebo_ros2_control_demos/local_setup.bash
[0.125s] -- Up-to-date symlink: /home/kangsoonhyuk/drl_ws/install/gazebo_ros2_control_demos/share/gazebo_ros2_control_demos/local_setup.sh
[0.125s] -- Up-to-date symlink: /home/kangsoonhyuk/drl_ws/install/gazebo_ros2_control_demos/share/gazebo_ros2_control_demos/local_setup.zsh
[0.125s] -- Up-to-date symlink: /home/kangsoonhyuk/drl_ws/install/gazebo_ros2_control_demos/share/gazebo_ros2_control_demos/local_setup.dsv
[0.125s] -- Symlinking: /home/kangsoonhyuk/drl_ws/install/gazebo_ros2_control_demos/share/gazebo_ros2_control_demos/package.dsv
[0.135s] -- Up-to-date symlink: /home/kangsoonhyuk/drl_ws/install/gazebo_ros2_control_demos/share/ament_index/resource_index/packages/gazebo_ros2_control_demos
[0.135s] -- Up-to-date symlink: /home/kangsoonhyuk/drl_ws/install/gazebo_ros2_control_demos/share/gazebo_ros2_control_demos/cmake/gazebo_ros2_control_demosConfig.cmake
[0.135s] -- Up-to-date symlink: /home/kangsoonhyuk/drl_ws/install/gazebo_ros2_control_demos/share/gazebo_ros2_control_demos/cmake/gazebo_ros2_control_demosConfig-version.cmake
[0.135s] -- Up-to-date symlink: /home/kangsoonhyuk/drl_ws/install/gazebo_ros2_control_demos/share/gazebo_ros2_control_demos/package.xml
[0.137s] Invoked command in '/home/kangsoonhyuk/drl_ws/build/gazebo_ros2_control_demos' returned '0': CMAKE_PREFIX_PATH=/home/kangsoonhyuk/drl_ws/install/gazebo_ros2_control:/home/kangsoonhyuk/drl_ws/install/gazebo_ros2_control_demos:/home/kangsoonhyuk/drl_ws/install/turtlebot3_gazebo:/home/kangsoonhyuk/drl_ws/install/ackermann_car_description:/opt/ros/humble /usr/bin/cmake --install /home/kangsoonhyuk/drl_ws/build/gazebo_ros2_control_demos
