[0.011s] Invoking command in '/home/kangsoonhyuk/drl_ws/build/gazebo_ros2_control': CMAKE_PREFIX_PATH=${CMAKE_PREFIX_PATH}:/opt/ros/humble /usr/bin/cmake /home/kangsoonhyuk/drl_ws/src/gazebo_ros2_control/gazebo_ros2_control -DCMAKE_INSTALL_PREFIX=/home/kangsoonhyuk/drl_ws/install/gazebo_ros2_control
[0.131s] -- The C compiler identification is GNU 11.4.0
[0.230s] -- The CXX compiler identification is GNU 11.4.0
[0.241s] -- Detecting C compiler ABI info
[0.313s] -- Detecting C compiler ABI info - done
[0.321s] -- Check for working C compiler: /usr/bin/cc - skipped
[0.322s] -- Detecting C compile features
[0.322s] -- Detecting C compile features - done
[0.326s] -- Detecting CXX compiler ABI info
[0.405s] -- Detecting CXX compiler ABI info - done
[0.412s] -- Check for working CXX compiler: /usr/bin/c++ - skipped
[0.412s] -- Detecting CXX compile features
[0.413s] -- Detecting CXX compile features - done
[0.422s] -- Found ament_cmake: 1.3.12 (/opt/ros/humble/share/ament_cmake/cmake)
[0.579s] -- Found Python3: /usr/bin/python3 (found version "3.10.12") found components: Interpreter 
[0.706s] -- Found angles: 1.15.0 (/opt/ros/humble/share/angles/cmake)
[0.713s] -- Found controller_manager: 2.52.2 (/opt/ros/humble/share/controller_manager/cmake)
[0.793s] -- Found rosidl_generator_c: 3.1.7 (/opt/ros/humble/share/rosidl_generator_c/cmake)
[0.801s] -- Found rosidl_adapter: 3.1.7 (/opt/ros/humble/share/rosidl_adapter/cmake)
[0.813s] -- Found rosidl_generator_cpp: 3.1.7 (/opt/ros/humble/share/rosidl_generator_cpp/cmake)
[0.834s] -- Using all available rosidl_typesupport_c: rosidl_typesupport_fastrtps_c;rosidl_typesupport_introspection_c
[0.856s] -- Using all available rosidl_typesupport_cpp: rosidl_typesupport_fastrtps_cpp;rosidl_typesupport_introspection_cpp
[1.140s] -- Found rmw_implementation_cmake: 6.1.2 (/opt/ros/humble/share/rmw_implementation_cmake/cmake)
[1.145s] -- Found rmw_fastrtps_cpp: 6.2.9 (/opt/ros/humble/share/rmw_fastrtps_cpp/cmake)
[1.184s] -- Found TinyXML2 via Config file: TinyXML2_DIR-NOTFOUND
[1.236s] -- Found OpenSSL: /usr/lib/x86_64-linux-gnu/libcrypto.so (found version "3.0.2")  
[1.240s] -- Found TinyXML2 via Config file: TinyXML2_DIR-NOTFOUND
[1.255s] -- Found FastRTPS: /opt/ros/humble/include  
[1.258s] -- Found TinyXML2 via Config file: TinyXML2_DIR-NOTFOUND
[1.266s] -- Found TinyXML2 via Config file: TinyXML2_DIR-NOTFOUND
[1.276s] -- Using RMW implementation 'rmw_fastrtps_cpp' as default
[1.290s] -- Looking for pthread.h
[1.380s] -- Looking for pthread.h - found
[1.380s] -- Performing Test CMAKE_HAVE_LIBC_PTHREAD
[1.452s] -- Performing Test CMAKE_HAVE_LIBC_PTHREAD - Success
[1.453s] -- Found Threads: TRUE  
[1.560s] -- Found control_toolbox: 3.6.3 (/opt/ros/humble/share/control_toolbox/cmake)
[1.629s] -- Found gazebo_dev: 3.9.0 (/opt/ros/humble/share/gazebo_dev/cmake)
[1.638s] -- Found PkgConfig: /usr/bin/pkg-config (found version "0.29.2") 
[1.639s] -- Checking for module 'bullet>=2.82'
[1.650s] --   Found bullet, version 3.05
[1.748s] -- Found fcl: /usr/include (found suitable version "0.7.0", minimum required is "0.5.0") 
[1.794s] -- Found assimp: /usr/include (found version "5.2.0") 
[1.811s] -- Found DART: /usr/include (Required is at least version "6.6") found components: dart 
[1.849s] -- Found Boost: /usr/lib/x86_64-linux-gnu/cmake/Boost-1.74.0/BoostConfig.cmake (found suitable version "1.74.0", minimum required is "1.40.0") found components: thread system filesystem program_options regex iostreams date_time 
[1.871s] -- Found Protobuf: /usr/lib/x86_64-linux-gnu/libprotobuf.so (found version "3.12.4") 
[1.880s] -- Looking for ignition-math6 -- found version 6.15.1
[1.889s] -- Searching for dependencies of ignition-math6
[1.891s] -- Looking for OGRE...
[1.892s] -- OGRE_PREFIX_WATCH changed.
[1.897s] -- Checking for module 'OGRE'
[1.908s] --   Found OGRE, version 1.9.0
[1.938s] -- Found Ogre Ghadamon (1.9.0)
[1.945s] -- Found OGRE: optimized;/usr/lib/x86_64-linux-gnu/libOgreMain.so;debug;/usr/lib/x86_64-linux-gnu/libOgreMain.so
[1.954s] -- Looking for OGRE_Paging...
[1.960s] -- Found OGRE_Paging: optimized;/usr/lib/x86_64-linux-gnu/libOgrePaging.so;debug;/usr/lib/x86_64-linux-gnu/libOgrePaging.so
[1.960s] -- Looking for OGRE_Terrain...
[1.966s] -- Found OGRE_Terrain: optimized;/usr/lib/x86_64-linux-gnu/libOgreTerrain.so;debug;/usr/lib/x86_64-linux-gnu/libOgreTerrain.so
[1.966s] -- Looking for OGRE_Property...
[1.972s] -- Found OGRE_Property: optimized;/usr/lib/x86_64-linux-gnu/libOgreProperty.so;debug;/usr/lib/x86_64-linux-gnu/libOgreProperty.so
[1.972s] -- Looking for OGRE_RTShaderSystem...
[1.976s] -- Found OGRE_RTShaderSystem: optimized;/usr/lib/x86_64-linux-gnu/libOgreRTShaderSystem.so;debug;/usr/lib/x86_64-linux-gnu/libOgreRTShaderSystem.so
[1.977s] -- Looking for OGRE_Volume...
[1.981s] -- Found OGRE_Volume: optimized;/usr/lib/x86_64-linux-gnu/libOgreVolume.so;debug;/usr/lib/x86_64-linux-gnu/libOgreVolume.so
[1.982s] -- Looking for OGRE_Overlay...
[1.987s] -- Found OGRE_Overlay: optimized;/usr/lib/x86_64-linux-gnu/libOgreOverlay.so;debug;/usr/lib/x86_64-linux-gnu/libOgreOverlay.so
[2.104s] -- Looking for ignition-math6 -- found version 6.15.1
[2.108s] -- Looking for ignition-transport8 -- found version 8.2.1
[2.108s] -- Searching for dependencies of ignition-transport8
[2.126s] -- Found Protobuf: /usr/lib/x86_64-linux-gnu/libprotobuf.so (found suitable version "3.12.4", minimum required is "3") 
[2.138s] -- Config-file not installed for ZeroMQ -- checking for pkg-config
[2.142s] -- Checking for module 'libzmq >= 4'
[2.157s] --   Found libzmq , version 4.3.4
[2.189s] -- Found ZeroMQ: TRUE (Required is at least version "4") 
[2.195s] -- Checking for module 'uuid'
[2.206s] --   Found uuid, version 2.37.2
[2.235s] -- Found UUID: TRUE  
[2.238s] -- Looking for ignition-msgs5 -- found version 5.8.1
[2.239s] -- Searching for dependencies of ignition-msgs5
[2.258s] -- Looking for ignition-math6 -- found version 6.15.1
[2.262s] -- Checking for module 'tinyxml2'
[2.275s] --   Found tinyxml2, version 9.0.0
[2.307s] -- Looking for ignition-msgs5 -- found version 5.8.1
[2.311s] -- Looking for ignition-common3 -- found version 3.14.0
[2.312s] -- Searching for dependencies of ignition-common3
[2.312s] -- Looking for dlfcn.h - found
[2.313s] -- Looking for libdl - found
[2.314s] -- Found DL: TRUE  
[2.326s] -- Found tinyobjloader: /usr/lib/x86_64-linux-gnu/cmake/tinyobjloader/tinyobjloader-config.cmake (found version "2.0.0") 
[2.327s] -- Searching for <ignition-common3> component [graphics]
[2.330s] -- Looking for ignition-common3-graphics -- found version 3.14.0
[2.331s] -- Searching for dependencies of ignition-common3-graphics
[2.331s] -- Looking for ignition-math6 -- found version 6.15.1
[2.335s] -- Looking for ignition-fuel_tools4 -- found version 4.4.0
[2.335s] -- Searching for dependencies of ignition-fuel_tools4
[2.409s] -- Found CURL: /usr/lib/x86_64-linux-gnu/libcurl.so (found version "7.81.0")  
[2.419s] -- Checking for module 'jsoncpp'
[2.430s] --   Found jsoncpp, version 1.9.5
[2.460s] -- Found JSONCPP: TRUE  
[2.466s] -- Checking for module 'libzip'
[2.477s] --   Found libzip, version 1.7.3
[2.506s] -- Found ZIP: TRUE  
[2.507s] -- Looking for ignition-common3 -- found version 3.14.0
[2.507s] -- Looking for ignition-math6 -- found version 6.15.1
[2.508s] -- Looking for ignition-msgs5 -- found version 5.8.1
[2.515s] -- Gazebo version: 11.10
[2.515s] -- Checking for module 'tbb'
[2.535s] --   Found tbb, version 2021.5.0
[2.581s] -- Found gazebo_ros: 3.9.0 (/opt/ros/humble/share/gazebo_ros/cmake)
[2.589s] -- Found yaml_cpp_vendor: 8.0.2 (/opt/ros/humble/share/yaml_cpp_vendor/cmake)
[2.606s] -- Found ament_cmake_gtest: 1.3.12 (/opt/ros/humble/share/ament_cmake_gtest/cmake)
[2.609s] -- Found ament_lint_auto: 0.12.14 (/opt/ros/humble/share/ament_lint_auto/cmake)
[2.729s] -- Added test 'copyright' to check source files copyright and LICENSE
[2.730s] -- Added test 'cppcheck' to perform static code analysis on C / C++ code
[2.730s] -- Configured cppcheck include dirs: /home/kangsoonhyuk/drl_ws/src/gazebo_ros2_control/gazebo_ros2_control/include
[2.730s] -- Configured cppcheck exclude dirs and/or files: 
[2.731s] -- Added test 'cpplint' to check C / C++ code against the Google style
[2.731s] -- Configured cpplint exclude dirs and/or files: 
[2.732s] -- Added test 'lint_cmake' to check CMake code style
[2.734s] -- Added test 'uncrustify' to check C / C++ code style
[2.734s] -- Configured uncrustify additional arguments: 
[2.735s] -- Added test 'xmllint' to check XML markup files
[2.738s] -- Configuring done
[2.805s] -- Generating done
[2.814s] -- Build files have been written to: /home/kangsoonhyuk/drl_ws/build/gazebo_ros2_control
[2.828s] Invoked command in '/home/kangsoonhyuk/drl_ws/build/gazebo_ros2_control' returned '0': CMAKE_PREFIX_PATH=${CMAKE_PREFIX_PATH}:/opt/ros/humble /usr/bin/cmake /home/kangsoonhyuk/drl_ws/src/gazebo_ros2_control/gazebo_ros2_control -DCMAKE_INSTALL_PREFIX=/home/kangsoonhyuk/drl_ws/install/gazebo_ros2_control
[2.830s] Invoking command in '/home/kangsoonhyuk/drl_ws/build/gazebo_ros2_control': CMAKE_PREFIX_PATH=${CMAKE_PREFIX_PATH}:/opt/ros/humble /usr/bin/cmake --build /home/kangsoonhyuk/drl_ws/build/gazebo_ros2_control -- -j12 -l12
[2.882s] [ 25%] Building CXX object CMakeFiles/gazebo_hardware_plugins.dir/src/gazebo_system.cpp.o
[2.882s] [ 50%] Building CXX object CMakeFiles/gazebo_ros2_control.dir/src/gazebo_ros2_control_plugin.cpp.o
[17.760s] [ 75%] Linking CXX shared library libgazebo_hardware_plugins.so
[18.274s] [ 75%] Built target gazebo_hardware_plugins
[18.571s] [100%] Linking CXX shared library libgazebo_ros2_control.so
[19.042s] [100%] Built target gazebo_ros2_control
[19.052s] Invoked command in '/home/kangsoonhyuk/drl_ws/build/gazebo_ros2_control' returned '0': CMAKE_PREFIX_PATH=${CMAKE_PREFIX_PATH}:/opt/ros/humble /usr/bin/cmake --build /home/kangsoonhyuk/drl_ws/build/gazebo_ros2_control -- -j12 -l12
[19.061s] Invoking command in '/home/kangsoonhyuk/drl_ws/build/gazebo_ros2_control': CMAKE_PREFIX_PATH=${CMAKE_PREFIX_PATH}:/opt/ros/humble /usr/bin/cmake --install /home/kangsoonhyuk/drl_ws/build/gazebo_ros2_control
[19.068s] -- Install configuration: ""
[19.068s] -- Installing: /home/kangsoonhyuk/drl_ws/install/gazebo_ros2_control/lib/libgazebo_ros2_control.so
[19.071s] -- Set runtime path of "/home/kangsoonhyuk/drl_ws/install/gazebo_ros2_control/lib/libgazebo_ros2_control.so" to ""
[19.071s] -- Installing: /home/kangsoonhyuk/drl_ws/install/gazebo_ros2_control/lib/libgazebo_hardware_plugins.so
[19.073s] -- Set runtime path of "/home/kangsoonhyuk/drl_ws/install/gazebo_ros2_control/lib/libgazebo_hardware_plugins.so" to ""
[19.074s] -- Installing: /home/kangsoonhyuk/drl_ws/install/gazebo_ros2_control/share/gazebo_ros2_control/environment/library_path.sh
[19.074s] -- Installing: /home/kangsoonhyuk/drl_ws/install/gazebo_ros2_control/share/gazebo_ros2_control/environment/library_path.dsv
[19.074s] -- Installing: /home/kangsoonhyuk/drl_ws/install/gazebo_ros2_control/include/gazebo_ros2_control
[19.074s] -- Installing: /home/kangsoonhyuk/drl_ws/install/gazebo_ros2_control/include/gazebo_ros2_control/gazebo_system.hpp
[19.074s] -- Installing: /home/kangsoonhyuk/drl_ws/install/gazebo_ros2_control/include/gazebo_ros2_control/gazebo_ros2_control_plugin.hpp
[19.074s] -- Installing: /home/kangsoonhyuk/drl_ws/install/gazebo_ros2_control/include/gazebo_ros2_control/gazebo_system_interface.hpp
[19.074s] -- Installing: /home/kangsoonhyuk/drl_ws/install/gazebo_ros2_control/share/gazebo_ros2_control/gazebo_hardware_plugins.xml
[19.074s] -- Installing: /home/kangsoonhyuk/drl_ws/install/gazebo_ros2_control/share/ament_index/resource_index/package_run_dependencies/gazebo_ros2_control
[19.075s] -- Installing: /home/kangsoonhyuk/drl_ws/install/gazebo_ros2_control/share/ament_index/resource_index/parent_prefix_path/gazebo_ros2_control
[19.075s] -- Installing: /home/kangsoonhyuk/drl_ws/install/gazebo_ros2_control/share/gazebo_ros2_control/environment/ament_prefix_path.sh
[19.075s] -- Installing: /home/kangsoonhyuk/drl_ws/install/gazebo_ros2_control/share/gazebo_ros2_control/environment/ament_prefix_path.dsv
[19.075s] -- Installing: /home/kangsoonhyuk/drl_ws/install/gazebo_ros2_control/share/gazebo_ros2_control/environment/path.sh
[19.075s] -- Installing: /home/kangsoonhyuk/drl_ws/install/gazebo_ros2_control/share/gazebo_ros2_control/environment/path.dsv
[19.075s] -- Installing: /home/kangsoonhyuk/drl_ws/install/gazebo_ros2_control/share/gazebo_ros2_control/local_setup.bash
[19.075s] -- Installing: /home/kangsoonhyuk/drl_ws/install/gazebo_ros2_control/share/gazebo_ros2_control/local_setup.sh
[19.075s] -- Installing: /home/kangsoonhyuk/drl_ws/install/gazebo_ros2_control/share/gazebo_ros2_control/local_setup.zsh
[19.075s] -- Installing: /home/kangsoonhyuk/drl_ws/install/gazebo_ros2_control/share/gazebo_ros2_control/local_setup.dsv
[19.076s] -- Installing: /home/kangsoonhyuk/drl_ws/install/gazebo_ros2_control/share/gazebo_ros2_control/package.dsv
[19.076s] -- Installing: /home/kangsoonhyuk/drl_ws/install/gazebo_ros2_control/share/ament_index/resource_index/packages/gazebo_ros2_control
[19.076s] -- Installing: /home/kangsoonhyuk/drl_ws/install/gazebo_ros2_control/share/ament_index/resource_index/gazebo_ros2_control__pluginlib__plugin/gazebo_ros2_control
[19.076s] -- Installing: /home/kangsoonhyuk/drl_ws/install/gazebo_ros2_control/share/gazebo_ros2_control/cmake/ament_cmake_export_include_directories-extras.cmake
[19.076s] -- Installing: /home/kangsoonhyuk/drl_ws/install/gazebo_ros2_control/share/gazebo_ros2_control/cmake/ament_cmake_export_dependencies-extras.cmake
[19.076s] -- Installing: /home/kangsoonhyuk/drl_ws/install/gazebo_ros2_control/share/gazebo_ros2_control/cmake/ament_cmake_export_libraries-extras.cmake
[19.077s] -- Installing: /home/kangsoonhyuk/drl_ws/install/gazebo_ros2_control/share/gazebo_ros2_control/cmake/gazebo_ros2_controlConfig.cmake
[19.077s] -- Installing: /home/kangsoonhyuk/drl_ws/install/gazebo_ros2_control/share/gazebo_ros2_control/cmake/gazebo_ros2_controlConfig-version.cmake
[19.077s] -- Installing: /home/kangsoonhyuk/drl_ws/install/gazebo_ros2_control/share/gazebo_ros2_control/package.xml
[19.079s] Invoked command in '/home/kangsoonhyuk/drl_ws/build/gazebo_ros2_control' returned '0': CMAKE_PREFIX_PATH=${CMAKE_PREFIX_PATH}:/opt/ros/humble /usr/bin/cmake --install /home/kangsoonhyuk/drl_ws/build/gazebo_ros2_control
