[0.011s] Invoking command in '/home/kangsoonhyuk/drl_ws/build/ackermann_car_description': AMENT_PREFIX_PATH=/home/kangsoonhyuk/drl_ws/install/gazebo_ros2_control:${AMENT_PREFIX_PATH} CMAKE_PREFIX_PATH=/home/kangsoonhyuk/drl_ws/install/gazebo_ros2_control:/home/kangsoonhyuk/drl_ws/install/turtlebot3_gazebo:/home/kangsoonhyuk/drl_ws/install/ackermann_car_description:/opt/ros/humble LD_LIBRARY_PATH=/home/kangsoonhyuk/drl_ws/install/gazebo_ros2_control/lib:${LD_LIBRARY_PATH} /usr/bin/cmake /home/kangsoonhyuk/drl_ws/src/ackermann_car_description -DCMAKE_INSTALL_PREFIX=/home/kangsoonhyuk/drl_ws/install/ackermann_car_description
[0.022s] -- Found ament_cmake: 1.3.12 (/opt/ros/humble/share/ament_cmake/cmake)
[0.126s] -- Override CMake install command with custom implementation using symlinks instead of copying resources
[0.214s] -- Configuring done
[0.216s] -- Generating done
[0.217s] -- Build files have been written to: /home/kangsoonhyuk/drl_ws/build/ackermann_car_description
[0.220s] Invoked command in '/home/kangsoonhyuk/drl_ws/build/ackermann_car_description' returned '0': AMENT_PREFIX_PATH=/home/kangsoonhyuk/drl_ws/install/gazebo_ros2_control:${AMENT_PREFIX_PATH} CMAKE_PREFIX_PATH=/home/kangsoonhyuk/drl_ws/install/gazebo_ros2_control:/home/kangsoonhyuk/drl_ws/install/turtlebot3_gazebo:/home/kangsoonhyuk/drl_ws/install/ackermann_car_description:/opt/ros/humble LD_LIBRARY_PATH=/home/kangsoonhyuk/drl_ws/install/gazebo_ros2_control/lib:${LD_LIBRARY_PATH} /usr/bin/cmake /home/kangsoonhyuk/drl_ws/src/ackermann_car_description -DCMAKE_INSTALL_PREFIX=/home/kangsoonhyuk/drl_ws/install/ackermann_car_description
[0.220s] Invoking command in '/home/kangsoonhyuk/drl_ws/build/ackermann_car_description': AMENT_PREFIX_PATH=/home/kangsoonhyuk/drl_ws/install/gazebo_ros2_control:${AMENT_PREFIX_PATH} CMAKE_PREFIX_PATH=/home/kangsoonhyuk/drl_ws/install/gazebo_ros2_control:/home/kangsoonhyuk/drl_ws/install/turtlebot3_gazebo:/home/kangsoonhyuk/drl_ws/install/ackermann_car_description:/opt/ros/humble LD_LIBRARY_PATH=/home/kangsoonhyuk/drl_ws/install/gazebo_ros2_control/lib:${LD_LIBRARY_PATH} /usr/bin/cmake --build /home/kangsoonhyuk/drl_ws/build/ackermann_car_description -- -j12 -l12
[0.256s] Invoked command in '/home/kangsoonhyuk/drl_ws/build/ackermann_car_description' returned '0': AMENT_PREFIX_PATH=/home/kangsoonhyuk/drl_ws/install/gazebo_ros2_control:${AMENT_PREFIX_PATH} CMAKE_PREFIX_PATH=/home/kangsoonhyuk/drl_ws/install/gazebo_ros2_control:/home/kangsoonhyuk/drl_ws/install/turtlebot3_gazebo:/home/kangsoonhyuk/drl_ws/install/ackermann_car_description:/opt/ros/humble LD_LIBRARY_PATH=/home/kangsoonhyuk/drl_ws/install/gazebo_ros2_control/lib:${LD_LIBRARY_PATH} /usr/bin/cmake --build /home/kangsoonhyuk/drl_ws/build/ackermann_car_description -- -j12 -l12
[0.265s] Invoking command in '/home/kangsoonhyuk/drl_ws/build/ackermann_car_description': AMENT_PREFIX_PATH=/home/kangsoonhyuk/drl_ws/install/gazebo_ros2_control:${AMENT_PREFIX_PATH} CMAKE_PREFIX_PATH=/home/kangsoonhyuk/drl_ws/install/gazebo_ros2_control:/home/kangsoonhyuk/drl_ws/install/turtlebot3_gazebo:/home/kangsoonhyuk/drl_ws/install/ackermann_car_description:/opt/ros/humble LD_LIBRARY_PATH=/home/kangsoonhyuk/drl_ws/install/gazebo_ros2_control/lib:${LD_LIBRARY_PATH} /usr/bin/cmake --install /home/kangsoonhyuk/drl_ws/build/ackermann_car_description
[0.272s] -- Install configuration: ""
[0.273s] -- Execute custom install script
[0.273s] -- Up-to-date symlink: /home/kangsoonhyuk/drl_ws/install/ackermann_car_description/share/ackermann_car_description//urdf/ackermann_car.urdf.xacro
[0.273s] -- Up-to-date symlink: /home/kangsoonhyuk/drl_ws/install/ackermann_car_description/share/ackermann_car_description//launch/stage5_up_with_car.launch.py
[0.273s] -- Up-to-date symlink: /home/kangsoonhyuk/drl_ws/install/ackermann_car_description/share/ackermann_car_description//launch/test_car.launch.py
[0.273s] -- Up-to-date symlink: /home/kangsoonhyuk/drl_ws/install/ackermann_car_description/share/ackermann_car_description//launch/test_car.rviz
[0.274s] -- Up-to-date symlink: /home/kangsoonhyuk/drl_ws/install/ackermann_car_description/share/ackermann_car_description//config/controllers.yaml
[0.274s] -- Up-to-date symlink: /home/kangsoonhyuk/drl_ws/install/ackermann_car_description/share/ament_index/resource_index/package_run_dependencies/ackermann_car_description
[0.274s] -- Up-to-date symlink: /home/kangsoonhyuk/drl_ws/install/ackermann_car_description/share/ament_index/resource_index/parent_prefix_path/ackermann_car_description
[0.274s] -- Up-to-date symlink: /home/kangsoonhyuk/drl_ws/install/ackermann_car_description/share/ackermann_car_description/environment/ament_prefix_path.sh
[0.275s] -- Up-to-date symlink: /home/kangsoonhyuk/drl_ws/install/ackermann_car_description/share/ackermann_car_description/environment/ament_prefix_path.dsv
[0.275s] -- Up-to-date symlink: /home/kangsoonhyuk/drl_ws/install/ackermann_car_description/share/ackermann_car_description/environment/path.sh
[0.275s] -- Up-to-date symlink: /home/kangsoonhyuk/drl_ws/install/ackermann_car_description/share/ackermann_car_description/environment/path.dsv
[0.275s] -- Up-to-date symlink: /home/kangsoonhyuk/drl_ws/install/ackermann_car_description/share/ackermann_car_description/local_setup.bash
[0.275s] -- Up-to-date symlink: /home/kangsoonhyuk/drl_ws/install/ackermann_car_description/share/ackermann_car_description/local_setup.sh
[0.275s] -- Up-to-date symlink: /home/kangsoonhyuk/drl_ws/install/ackermann_car_description/share/ackermann_car_description/local_setup.zsh
[0.275s] -- Up-to-date symlink: /home/kangsoonhyuk/drl_ws/install/ackermann_car_description/share/ackermann_car_description/local_setup.dsv
[0.275s] -- Symlinking: /home/kangsoonhyuk/drl_ws/install/ackermann_car_description/share/ackermann_car_description/package.dsv
[0.284s] -- Up-to-date symlink: /home/kangsoonhyuk/drl_ws/install/ackermann_car_description/share/ament_index/resource_index/packages/ackermann_car_description
[0.284s] -- Up-to-date symlink: /home/kangsoonhyuk/drl_ws/install/ackermann_car_description/share/ackermann_car_description/cmake/ackermann_car_descriptionConfig.cmake
[0.284s] -- Up-to-date symlink: /home/kangsoonhyuk/drl_ws/install/ackermann_car_description/share/ackermann_car_description/cmake/ackermann_car_descriptionConfig-version.cmake
[0.284s] -- Up-to-date symlink: /home/kangsoonhyuk/drl_ws/install/ackermann_car_description/share/ackermann_car_description/package.xml
[0.286s] Invoked command in '/home/kangsoonhyuk/drl_ws/build/ackermann_car_description' returned '0': AMENT_PREFIX_PATH=/home/kangsoonhyuk/drl_ws/install/gazebo_ros2_control:${AMENT_PREFIX_PATH} CMAKE_PREFIX_PATH=/home/kangsoonhyuk/drl_ws/install/gazebo_ros2_control:/home/kangsoonhyuk/drl_ws/install/turtlebot3_gazebo:/home/kangsoonhyuk/drl_ws/install/ackermann_car_description:/opt/ros/humble LD_LIBRARY_PATH=/home/kangsoonhyuk/drl_ws/install/gazebo_ros2_control/lib:${LD_LIBRARY_PATH} /usr/bin/cmake --install /home/kangsoonhyuk/drl_ws/build/ackermann_car_description
