[0.016s] Invoking command in '/home/kangsoonhyuk/drl_ws/build/ackermann_car_description': CMAKE_PREFIX_PATH=${CMAKE_PREFIX_PATH}:/opt/ros/humble /usr/bin/cmake --build /home/kangsoonhyuk/drl_ws/build/ackermann_car_description -- -j12 -l12
[0.068s] Invoked command in '/home/kangsoonhyuk/drl_ws/build/ackermann_car_description' returned '0': CMAKE_PREFIX_PATH=${CMAKE_PREFIX_PATH}:/opt/ros/humble /usr/bin/cmake --build /home/kangsoonhyuk/drl_ws/build/ackermann_car_description -- -j12 -l12
[0.081s] Invoking command in '/home/kangsoonhyuk/drl_ws/build/ackermann_car_description': CMAKE_PREFIX_PATH=${CMAKE_PREFIX_PATH}:/opt/ros/humble /usr/bin/cmake --install /home/kangsoonhyuk/drl_ws/build/ackermann_car_description
[0.090s] -- Install configuration: ""
[0.091s] -- Execute custom install script
[0.091s] -- Up-to-date symlink: /home/kangsoonhyuk/drl_ws/install/ackermann_car_description/share/ackermann_car_description//urdf/ackermann_car.urdf.xacro
[0.092s] -- Up-to-date symlink: /home/kangsoonhyuk/drl_ws/install/ackermann_car_description/share/ackermann_car_description//launch/stage5_up_with_car.launch.py
[0.092s] -- Up-to-date symlink: /home/kangsoonhyuk/drl_ws/install/ackermann_car_description/share/ackermann_car_description//launch/test_car.launch.py
[0.092s] -- Up-to-date symlink: /home/kangsoonhyuk/drl_ws/install/ackermann_car_description/share/ackermann_car_description//launch/test_car.rviz
[0.092s] -- Up-to-date symlink: /home/kangsoonhyuk/drl_ws/install/ackermann_car_description/share/ackermann_car_description//config/controllers.yaml
[0.093s] -- Up-to-date symlink: /home/kangsoonhyuk/drl_ws/install/ackermann_car_description/share/ament_index/resource_index/package_run_dependencies/ackermann_car_description
[0.093s] -- Up-to-date symlink: /home/kangsoonhyuk/drl_ws/install/ackermann_car_description/share/ament_index/resource_index/parent_prefix_path/ackermann_car_description
[0.093s] -- Up-to-date symlink: /home/kangsoonhyuk/drl_ws/install/ackermann_car_description/share/ackermann_car_description/environment/ament_prefix_path.sh
[0.093s] -- Up-to-date symlink: /home/kangsoonhyuk/drl_ws/install/ackermann_car_description/share/ackermann_car_description/environment/ament_prefix_path.dsv
[0.093s] -- Up-to-date symlink: /home/kangsoonhyuk/drl_ws/install/ackermann_car_description/share/ackermann_car_description/environment/path.sh
[0.094s] -- Up-to-date symlink: /home/kangsoonhyuk/drl_ws/install/ackermann_car_description/share/ackermann_car_description/environment/path.dsv
[0.094s] -- Up-to-date symlink: /home/kangsoonhyuk/drl_ws/install/ackermann_car_description/share/ackermann_car_description/local_setup.bash
[0.094s] -- Up-to-date symlink: /home/kangsoonhyuk/drl_ws/install/ackermann_car_description/share/ackermann_car_description/local_setup.sh
[0.094s] -- Up-to-date symlink: /home/kangsoonhyuk/drl_ws/install/ackermann_car_description/share/ackermann_car_description/local_setup.zsh
[0.095s] -- Up-to-date symlink: /home/kangsoonhyuk/drl_ws/install/ackermann_car_description/share/ackermann_car_description/local_setup.dsv
[0.095s] -- Symlinking: /home/kangsoonhyuk/drl_ws/install/ackermann_car_description/share/ackermann_car_description/package.dsv
[0.104s] Invoked command in '/home/kangsoonhyuk/drl_ws/build/ackermann_car_description' returned '-2': CMAKE_PREFIX_PATH=${CMAKE_PREFIX_PATH}:/opt/ros/humble /usr/bin/cmake --install /home/kangsoonhyuk/drl_ws/build/ackermann_car_description
